
   File /Users/baker02/.Renviron contains invalid line(s)
      p_TpE3coAkixZazRvxL8JA7fTyuhni0Z0Je12X1
   They were ignored

### [bt]: This is batchtools v0.9.15
### [bt]: Starting calculation of 1 jobs
### [bt]: Setting working directory to '/mnt/scratcha/fmlab/baker02/crigen/notebooks'
Loading required package: stringr
Loading required package: dplyr

Attaching package: ‘dplyr’

The following objects are masked from ‘package:stats’:

    filter, lag

The following objects are masked from ‘package:base’:

    intersect, setdiff, setequal, union

Loading required package: future
Loading required package: tibble
Loading required package: tidyr
Loading required package: igraph

Attaching package: ‘igraph’

The following object is masked from ‘package:tidyr’:

    crossing

The following object is masked from ‘package:tibble’:

    as_data_frame

The following objects are masked from ‘package:future’:

    %->%, %<-%

The following objects are masked from ‘package:dplyr’:

    as_data_frame, groups, union

The following objects are masked from ‘package:stats’:

    decompose, spectrum

The following object is masked from ‘package:base’:

    union

Loading required package: purrr

Attaching package: ‘purrr’

The following objects are masked from ‘package:igraph’:

    compose, simplify

Loading required package: GillespieSSA2
### [bt]: Memory measurement disabled
### [bt]: Starting job [batchtools job.id=1]
### [bt]: Setting seed to 29461 ...
TF1-grna.1-sim.1
*** Error in `/home/baker02/miniconda3/envs/perturbverse/lib/R/bin/exec/R': corrupted double-linked list: 0x000055e1fc2a7010 ***
======= Backtrace: =========
/lib64/libc.so.6(+0x7f3e4)[0x7f1613ae83e4]
/lib64/libc.so.6(+0x82ba8)[0x7f1613aebba8]
/lib64/libc.so.6(__libc_malloc+0x4c)[0x7f1613aee6fc]
/home/baker02/miniconda3/envs/perturbverse/lib/R/bin/exec/../../lib/libR.so(Rf_allocVector3+0x7f6)[0x7f1613fcfb06]
/home/baker02/miniconda3/envs/perturbverse/lib/R/bin/exec/../../lib/libR.so(+0x2002a2)[0x7f16140372a2]
/home/baker02/miniconda3/envs/perturbverse/lib/R/bin/exec/../../lib/libR.so(Rf_eval+0x737)[0x7f1613f8ed37]
/home/baker02/miniconda3/envs/perturbverse/lib/R/bin/exec/../../lib/libR.so(+0x15816f)[0x7f1613f8f16f]
/home/baker02/miniconda3/envs/perturbverse/lib/R/bin/exec/../../lib/libR.so(Rf_eval+0x628)[0x7f1613f8ec28]
/home/baker02/miniconda3/envs/perturbverse/lib/R/bin/exec/../../lib/libR.so(+0x11cb7e)[0x7f1613f53b7e]
/home/baker02/miniconda3/envs/perturbverse/lib/R/bin/exec/../../lib/libR.so(+0x1410a1)[0x7f1613f780a1]
/home/baker02/miniconda3/envs/perturbverse/lib/R/bin/exec/../../lib/libR.so(Rf_eval+0x80)[0x7f1613f8e680]
/home/baker02/miniconda3/envs/perturbverse/lib/R/bin/exec/../../lib/libR.so(+0x1595d0)[0x7f1613f905d0]
/home/baker02/miniconda3/envs/perturbverse/lib/R/bin/exec/../../lib/libR.so(Rf_applyClosure+0x1a4)[0x7f1613f914d4]
/home/baker02/miniconda3/envs/perturbverse/lib/R/bin/exec/../../lib/libR.so(+0x145644)[0x7f1613f7c644]
/home/baker02/miniconda3/envs/perturbverse/lib/R/bin/exec/../../lib/libR.so(Rf_eval+0x80)[0x7f1613f8e680]
/home/baker02/miniconda3/envs/perturbverse/lib/R/bin/exec/../../lib/libR.so(+0x1595d0)[0x7f1613f905d0]
/home/baker02/miniconda3/envs/perturbverse/lib/R/bin/exec/../../lib/libR.so(Rf_applyClosure+0x1a4)[0x7f1613f914d4]
/home/baker02/miniconda3/envs/perturbverse/lib/R/bin/exec/../../lib/libR.so(+0x145644)[0x7f1613f7c644]
/home/baker02/miniconda3/envs/perturbverse/lib/R/bin/exec/../../lib/libR.so(Rf_eval+0x80)[0x7f1613f8e680]
/home/baker02/miniconda3/envs/perturbverse/lib/R/bin/exec/../../lib/libR.so(+0x1595d0)[0x7f1613f905d0]
/home/baker02/miniconda3/envs/perturbverse/lib/R/bin/exec/../../lib/libR.so(Rf_applyClosure+0x1a4)[0x7f1613f914d4]
/home/baker02/miniconda3/envs/perturbverse/lib/R/bin/exec/../../lib/libR.so(Rf_eval+0x2a1)[0x7f1613f8e8a1]
/home/baker02/miniconda3/envs/perturbverse/lib/R/bin/exec/../../lib/libR.so(+0x15816f)[0x7f1613f8f16f]
/home/baker02/miniconda3/envs/perturbverse/lib/R/bin/exec/../../lib/libR.so(Rf_eval+0x38f)[0x7f1613f8e98f]
/home/baker02/miniconda3/envs/perturbverse/lib/R/bin/exec/../../lib/libR.so(+0x15816f)[0x7f1613f8f16f]
/home/baker02/miniconda3/envs/perturbverse/lib/R/bin/exec/../../lib/libR.so(+0x158620)[0x7f1613f8f620]
/home/baker02/miniconda3/envs/perturbverse/lib/R/bin/exec/../../lib/libR.so(+0x142d41)[0x7f1613f79d41]
/home/baker02/miniconda3/envs/perturbverse/lib/R/bin/exec/../../lib/libR.so(Rf_eval+0x80)[0x7f1613f8e680]
/home/baker02/miniconda3/envs/perturbverse/lib/R/bin/exec/../../lib/libR.so(+0x1595d0)[0x7f1613f905d0]
/home/baker02/miniconda3/envs/perturbverse/lib/R/bin/exec/../../lib/libR.so(Rf_applyClosure+0x1a4)[0x7f1613f914d4]
/home/baker02/miniconda3/envs/perturbverse/lib/R/bin/exec/../../lib/libR.so(Rf_eval+0x2a1)[0x7f1613f8e8a1]
/home/baker02/miniconda3/envs/perturbverse/lib/R/bin/exec/../../lib/libR.so(+0x15816f)[0x7f1613f8f16f]
/home/baker02/miniconda3/envs/perturbverse/lib/R/bin/exec/../../lib/libR.so(Rf_eval+0x38f)[0x7f1613f8e98f]
/home/baker02/miniconda3/envs/perturbverse/lib/R/bin/exec/../../lib/libR.so(+0x15816f)[0x7f1613f8f16f]
/home/baker02/miniconda3/envs/perturbverse/lib/R/bin/exec/../../lib/libR.so(Rf_eval+0x38f)[0x7f1613f8e98f]
/home/baker02/miniconda3/envs/perturbverse/lib/R/bin/exec/../../lib/libR.so(+0x224880)[0x7f161405b880]
/home/baker02/miniconda3/envs/perturbverse/lib/R/bin/exec/../../lib/libR.so(Rf_eval+0x5a9)[0x7f1613f8eba9]
/home/baker02/miniconda3/envs/perturbverse/lib/R/bin/exec/../../lib/libR.so(+0x15c934)[0x7f1613f93934]
/home/baker02/miniconda3/envs/perturbverse/lib/R/bin/exec/../../lib/libR.so(Rf_eval+0x5a9)[0x7f1613f8eba9]
/home/baker02/miniconda3/envs/perturbverse/lib/R/bin/exec/../../lib/libR.so(+0x15b327)[0x7f1613f92327]
/home/baker02/miniconda3/envs/perturbverse/lib/R/bin/exec/../../lib/libR.so(Rf_eval+0x5a9)[0x7f1613f8eba9]
/home/baker02/miniconda3/envs/perturbverse/lib/R/bin/exec/../../lib/libR.so(+0x1595d0)[0x7f1613f905d0]
/home/baker02/miniconda3/envs/perturbverse/lib/R/bin/exec/../../lib/libR.so(Rf_applyClosure+0x1a4)[0x7f1613f914d4]
/home/baker02/miniconda3/envs/perturbverse/lib/R/bin/exec/../../lib/libR.so(Rf_eval+0x2a1)[0x7f1613f8e8a1]
/home/baker02/miniconda3/envs/perturbverse/lib/R/library/magrittr/libs/magrittr.so(magrittr_pipe+0x3f9)[0x7f160e49a9a9]
/home/baker02/miniconda3/envs/perturbverse/lib/R/bin/exec/../../lib/libR.so(+0xfdb00)[0x7f1613f34b00]
/home/baker02/miniconda3/envs/perturbverse/lib/R/bin/exec/../../lib/libR.so(+0x13d574)[0x7f1613f74574]
/home/baker02/miniconda3/envs/perturbverse/lib/R/bin/exec/../../lib/libR.so(Rf_eval+0x80)[0x7f1613f8e680]
/home/baker02/miniconda3/envs/perturbverse/lib/R/bin/exec/../../lib/libR.so(+0x1595d0)[0x7f1613f905d0]
/home/baker02/miniconda3/envs/perturbverse/lib/R/bin/exec/../../lib/libR.so(Rf_applyClosure+0x1a4)[0x7f1613f914d4]
/home/baker02/miniconda3/envs/perturbverse/lib/R/bin/exec/../../lib/libR.so(+0x145644)[0x7f1613f7c644]
/home/baker02/miniconda3/envs/perturbverse/lib/R/bin/exec/../../lib/libR.so(Rf_eval+0x80)[0x7f1613f8e680]
/home/baker02/miniconda3/envs/perturbverse/lib/R/bin/exec/../../lib/libR.so(+0x1595d0)[0x7f1613f905d0]
/home/baker02/miniconda3/envs/perturbverse/lib/R/bin/exec/../../lib/libR.so(Rf_applyClosure+0x1a4)[0x7f1613f914d4]
/home/baker02/miniconda3/envs/perturbverse/lib/R/bin/exec/../../lib/libR.so(Rf_eval+0x2a1)[0x7f1613f8e8a1]
/home/baker02/miniconda3/envs/perturbverse/lib/R/bin/exec/../../lib/libR.so(+0x15b327)[0x7f1613f92327]
/home/baker02/miniconda3/envs/perturbverse/lib/R/bin/exec/../../lib/libR.so(Rf_eval+0x5a9)[0x7f1613f8eba9]
/home/baker02/miniconda3/envs/perturbverse/lib/R/bin/exec/../../lib/libR.so(+0x1595d0)[0x7f1613f905d0]
/home/baker02/miniconda3/envs/perturbverse/lib/R/bin/exec/../../lib/libR.so(Rf_applyClosure+0x1a4)[0x7f1613f914d4]
/home/baker02/miniconda3/envs/perturbverse/lib/R/bin/exec/../../lib/libR.so(Rf_eval+0x2a1)[0x7f1613f8e8a1]
/home/baker02/miniconda3/envs/perturbverse/lib/R/bin/exec/../../lib/libR.so(+0xc981e)[0x7f1613f0081e]
/home/baker02/miniconda3/envs/perturbverse/lib/R/bin/exec/../../lib/libR.so(+0x13d574)[0x7f1613f74574]
/home/baker02/miniconda3/envs/perturbverse/lib/R/bin/exec/../../lib/libR.so(Rf_eval+0x80)[0x7f1613f8e680]
======= Memory map: ========
55e1ef849000-55e1ef84a000 r--p 00000000 00:29 30542692708                /home/baker02/miniconda3/envs/perturbverse/lib/R/bin/exec/R
55e1ef84a000-55e1ef84b000 r-xp 00001000 00:29 30542692708                /home/baker02/miniconda3/envs/perturbverse/lib/R/bin/exec/R
55e1ef84b000-55e1ef84c000 r--p 00002000 00:29 30542692708                /home/baker02/miniconda3/envs/perturbverse/lib/R/bin/exec/R
55e1ef84c000-55e1ef84d000 r--p 00002000 00:29 30542692708                /home/baker02/miniconda3/envs/perturbverse/lib/R/bin/exec/R
55e1ef84d000-55e1ef84e000 rw-p 00003000 00:29 30542692708                /home/baker02/miniconda3/envs/perturbverse/lib/R/bin/exec/R
55e1f0685000-55e2019c5000 rw-p 00000000 00:00 0                          [heap]
7f14b4000000-7f14b4021000 rw-p 00000000 00:00 0 
7f14b4021000-7f14b8000000 ---p 00000000 00:00 0 
7f14b824c000-7f14bc24c000 rw-p 00000000 00:00 0 
7f14bc24c000-7f14bc250000 r--p 00000000 00:29 68825781696                /home/baker02/miniconda3/envs/perturbverse/lib/R/library/utils/libs/utils.so
7f14bc250000-7f14bc258000 r-xp 00004000 00:29 68825781696                /home/baker02/miniconda3/envs/perturbverse/lib/R/library/utils/libs/utils.so
7f14bc258000-7f14bc25a000 r--p 0000c000 00:29 68825781696                /home/baker02/miniconda3/envs/perturbverse/lib/R/library/utils/libs/utils.so
7f14bc25a000-7f14bc25b000 ---p 0000e000 00:29 68825781696                /home/baker02/miniconda3/envs/perturbverse/lib/R/library/utils/libs/utils.so
7f14bc25b000-7f14bc25c000 r--p 0000e000 00:29 68825781696                /home/baker02/miniconda3/envs/perturbverse/lib/R/library/utils/libs/utils.so
7f14bc25c000-7f14bc25d000 rw-p 0000f000 00:29 68825781696                /home/baker02/miniconda3/envs/perturbverse/lib/R/library/utils/libs/utils.so
7f14bc25d000-7f14bc25e000 rw-p 00000000 00:00 0 
7f14bc634000-7f14bc71b000 rw-p 00000000 00:00 0 
7f14bc7e7000-7f14bc929000 rw-p 00000000 00:00 0 
7f14bc929000-7f14bc92c000 r--p 00000000 00:29 60143874032                /home/baker02/miniconda3/envs/perturbverse/lib/R/library/methods/libs/methods.so
7f14bc92c000-7f14bc931000 r-xp 00003000 00:29 60143874032                /home/baker02/miniconda3/envs/perturbverse/lib/R/library/methods/libs/methods.so
7f14bc931000-7f14bc933000 r--p 00008000 00:29 60143874032                /home/baker02/miniconda3/envs/perturbverse/lib/R/library/methods/libs/methods.so
7f14bc933000-7f14bc934000 ---p 0000a000 00:29 60143874032                /home/baker02/miniconda3/envs/perturbverse/lib/R/library/methods/libs/methods.so
7f14bc934000-7f14bc935000 r--p 0000a000 00:29 60143874032                /home/baker02/miniconda3/envs/perturbverse/lib/R/library/methods/libs/methods.so
7f14bc935000-7f14bc936000 rw-p 0000b000 00:29 60143874032                /home/baker02/miniconda3/envs/perturbverse/lib/R/library/methods/libs/methods.so
7f14bc9e4000-7f14c49e4000 rw-p 00000000 00:00 0 
7f14c49e4000-7f14c4ae8000 rw-p 00000000 00:00 0 
7f14c4ae8000-7f1504ae8000 rw-p 00000000 00:00 0 
7f1504ae8000-7f1504f3c000 rw-p 00000000 00:00 0 
7f1504f3c000-7f150b47f000 r--p 00000000 fd:00 796195                     /usr/lib/locale/locale-archive
7f150b47f000-7f151b47f000 rw-p 00000000 00:00 0 
7f151b47f000-7f151b480000 ---p 00000000 00:00 0 
7f151b480000-7f151bc80000 rw-p 00000000 00:00 0 
7f151bc80000-7f151bc81000 ---p 00000000 00:00 0 
7f151bc81000-7f151c481000 rw-p 00000000 00:00 0 
7f151c481000-7f151c482000 ---p 00000000 00:00 0 
7f151c482000-7f151cc82000 rw-p 00000000 00:00 0 
7f151cc82000-7f151cc83000 ---p 00000000 00:00 0 
7f151cc83000-7f151d483000 rw-p 00000000 00:00 0 
7f151ec82000-7f151f487000 r--s 00000000 fd:02 786466                     /var/lib/sss/mc/passwd
7f151f487000-7f152f487000 rw-p 00000000 00:00 0 
7f152f934000-7f153148b000 r--s 00000000 00:29 73111242962                /home/baker02/miniconda3/envs/perturbverse/lib/R/library/stringi/libs/icudt69l.dat
7f153148b000-7f153948b000 rw-p 00000000 00:00 0 
7f1539c8c000-7f1541c8c000 rw-p 00000000 00:00 0 
7f154248d000-7f154a48d000 rw-p 00000000 00:00 0 
7f154ac8e000-7f1552c8e000 rw-p 00000000 00:00 0 
7f155348f000-7f155b48f000 rw-p 00000000 00:00 0 
7f155bc90000-7f1563c90000 rw-p 00000000 00:00 0 
7f1564491000-7f156c491000 rw-p 00000000 00:00 0 
7f156cc92000-7f1574c92000 rw-p 00000000 00:00 0 
7f1575493000-7f157d493000 rw-p 00000000 00:00 0 
7f157dc94000-7f1585c94000 rw-p 00000000 00:00 0 
7f1586495000-7f158e495000 rw-p 00000000 00:00 0 
7f158ec96000-7f1596c96000 rw-p 00000000 00:00 0 
7f1597497000-7f159f497000 rw-p 00000000 00:00 0 
7f159fc98000-7f15a7c98000 rw-p 00000000 00:00 0 
7f15a8499000-7f15b0499000 rw-p 00000000 00:00 0 
7f15b0c9a000-7f15b8c9a000 rw-p 00000000 00:00 0 
7f15b949b000-7f15c149b000 rw-p 00000000 00:00 0 
7f15c1c9c000-7f15c9c9c000 rw-p 00000000 00:00 0 
7f15ca49d000-7f15d249d000 rw-p 00000000 00:00 0 
7f15d2c9e000-7f15dac9e000 rw-p 00000000 00:00 0 
7f15db49f000-7f15e349f000 rw-p 00000000 00:00 0 
7f15e3ca0000-7f15ebca0000 rw-p 00000000 00:00 0 
7f15ec4a1000-7f15f44a1000 rw-p 00000000 00:00 0 
7f15f4ca2000-7f15fcca2000 rw-p 00000000 00:00 0 
7f15fcd13000-7f15fcd17000 r--p 00000000 09:02 55443474                   /tmp/Rtmpq1xRhx/file3bc265d87abd/gillespie/sourceCpp-x86_64-conda-linux-gnu-1.0.7/sourcecpp_3bc2491d3e21/sourceCpp_4.so (deleted)
7f15fcd17000-7f15fcd2a000 r-xp 00004000 09:02 55443474                   /tmp/Rtmpq1xRhx/file3bc265d87abd/gillespie/sourceCpp-x86_64-conda-linux-gnu-1.0.7/sourcecpp_3bc2491d3e21/sourceCpp_4.so (deleted)
7f15fcd2a000-7f15fcd2c000 r--p 00017000 09:02 55443474                   /tmp/Rtmpq1xRhx/file3bc265d87abd/gillespie/sourceCpp-x86_64-conda-linux-gnu-1.0.7/sourcecpp_3bc2491d3e21/sourceCpp_4.so (deleted)
7f15fcd2c000-7f15fcd2d000 ---p 00019000 09:02 55443474                   /tmp/Rtmpq1xRhx/file3bc265d87abd/gillespie/sourceCpp-x86_64-conda-linux-gnu-1.0.7/sourcecpp_3bc2491d3e21/sourceCpp_4.so (deleted)
7f15fcd2d000-7f15fcd2e000 r--p 00019000 09:02 55443474                   /tmp/Rtmpq1xRhx/file3bc265d87abd/gillespie/sourceCpp-x86_64-conda-linux-gnu-1.0.7/sourcecpp_3bc2491d3e21/sourceCpp_4.so (deleted)
7f15fcd2e000-7f15fcd2f000 rw-p 0001a000 09:02 55443474                   /tmp/Rtmpq1xRhx/file3bc265d87abd/gillespie/sourceCpp-x86_64-conda-linux-gnu-1.0.7/sourcecpp_3bc2491d3e21/sourceCpp_4.so (deleted)
7f15fcd2f000-7f15fcd33000 r--p 00000000 09:02 55443468                   /tmp/Rtmpq1xRhx/file3bc265d87abd/gillespie/sourceCpp-x86_64-conda-linux-gnu-1.0.7/sourcecpp_3bc2208a2100/sourceCpp_2.so (deleted)
7f15fcd33000-7f15fcd49000 r-xp 00004000 09:02 55443468                   /tmp/Rtmpq1xRhx/file3bc265d87abd/gillespie/sourceCpp-x86_64-conda-linux-gnu-1.0.7/sourcecpp_3bc2208a2100/sourceCpp_2.so (deleted)
7f15fcd49000-7f15fcd4b000 r--p 0001a000 09:02 55443468                   /tmp/Rtmpq1xRhx/file3bc265d87abd/gillespie/sourceCpp-x86_64-conda-linux-gnu-1.0.7/sourcecpp_3bc2208a2100/sourceCpp_2.so (deleted)
7f15fcd4b000-7f15fcd4c000 ---p 0001c000 09:02 55443468                   /tmp/Rtmpq1xRhx/file3bc265d87abd/gillespie/sourceCpp-x86_64-conda-linux-gnu-1.0.7/sourcecpp_3bc2208a2100/sourceCpp_2.so (deleted)
7f15fcd4c000-7f15fcd4d000 r--p 0001c000 09:02 55443468                   /tmp/Rtmpq1xRhx/file3bc265d87abd/gillespie/sourceCpp-x86_64-conda-linux-gnu-1.0.7/sourcecpp_3bc2208a2100/sourceCpp_2.so (deleted)
7f15fcd4d000-7f15fcd4e000 rw-p 0001d000 09:02 55443468                   /tmp/Rtmpq1xRhx/file3bc265d87abd/gillespie/sourceCpp-x86_64-conda-linux-gnu-1.0.7/sourcecpp_3bc2208a2100/sourceCpp_2.so (deleted)
7f15fcd4e000-7f15fcd5b000 r--p 00000000 00:29 25603562                   /home/baker02/miniconda3/envs/perturbverse/lib/R/library/GillespieSSA2/libs/GillespieSSA2.so
7f15fcd5b000-7f15fcd7d000 r-xp 0000d000 00:29 25603562                   /home/baker02/miniconda3/envs/perturbverse/lib/R/library/GillespieSSA2/libs/GillespieSSA2.so
7f15fcd7d000-7f15fcd87000 r--p 0002f000 00:29 25603562                   /home/baker02/miniconda3/envs/perturbverse/lib/R/library/GillespieSSA2/libs/GillespieSSA2.so
7f15fcd87000-7f15fcd89000 r--p 00038000 00:29 25603562                   /home/baker02/miniconda3/envs/perturbverse/lib/R/library/GillespieSSA2/libs/GillespieSSA2.so
7f15fcd89000-7f15fcd8a000 rw-p 0003a000 00:29 25603562                   /home/baker02/miniconda3/envs/perturbverse/lib/R/library/GillespieSSA2/libs/GillespieSSA2.so
7f15fcd8a000-7f15fcd8b000 rw-p 00000000 00:00 0 
7f15fcd8b000-7f15fcd96000 r--p 00000000 00:29 48559738879                /home/baker02/miniconda3/envs/perturbverse/lib/R/library/tzdb/libs/tzdb.so
7f15fcd96000-7f15fcdb5000 r-xp 0000b000 00:29 48559738879                /home/baker02/miniconda3/envs/perturbverse/lib/R/library/tzdb/libs/tzdb.so
7f15fcdb5000-7f15fcdbb000 r--p 0002a000 00:29 48559738879                /home/baker02/miniconda3/envs/perturbverse/lib/R/library/tzdb/libs/tzdb.so
7f15fcdbb000-7f15fcdbc000 ---p 00030000 00:29 48559738879                /home/baker02/miniconda3/envs/perturbverse/lib/R/library/tzdb/libs/tzdb.so
7f15fcdbc000-7f15fcdbd000 r--p 00030000 00:29 48559738879                /home/baker02/miniconda3/envs/perturbverse/lib/R/library/tzdb/libs/tzdb.so
7f15fcdbd000-7f15fcdbe000 rw-p 00031000 00:29 48559738879                /home/baker02/miniconda3/envs/perturbverse/lib/R/library/tzdb/libs/tzdb.so
7f15fcdbe000-7f15fcdd5000 r--p 00000000 00:29 60144831583                /home/baker02/miniconda3/envs/perturbverse/lib/R/library/readr/libs/readr.so
7f15fcdd5000-7f15fce32000 r-xp 00017000 00:29 60144831583                /home/baker02/miniconda3/envs/perturbverse/lib/R/library/readr/libs/readr.so
7f15fce32000-7f15fce41000 r--p 00074000 00:29 60144831583                /home/baker02/miniconda3/envs/perturbverse/lib/R/library/readr/libs/readr.so
7f15fce41000-7f15fce44000 r--p 00082000 00:29 60144831583                /home/baker02/miniconda3/envs/perturbverse/lib/R/library/readr/libs/readr.so
7f15fce44000-7f15fce45000 rw-p 00085000 00:29 60144831583                /home/baker02/miniconda3/envs/perturbverse/lib/R/library/readr/libs/readr.so
7f15fce45000-7f15fce50000 r--p 00000000 00:29 17262508568                /home/baker02/miniconda3/envs/perturbverse/lib/R/library/proxyC/libs/proxyC.so
7f15fce50000-7f15fce82000 r-xp 0000b000 00:29 17262508568                /home/baker02/miniconda3/envs/perturbverse/lib/R/library/proxyC/libs/proxyC.so
7f15fce82000-7f15fce8a000 r--p 0003d000 00:29 17262508568                /home/baker02/miniconda3/envs/perturbverse/lib/R/library/proxyC/libs/proxyC.so
7f15fce8a000-7f15fce8b000 ---p 00045000 00:29 17262508568                /home/baker02/miniconda3/envs/perturbverse/lib/R/library/proxyC/libs/proxyC.so
7f15fce8b000-7f15fce8d000 r--p 00045000 00:29 17262508568                /home/baker02/miniconda3/envs/perturbverse/lib/R/library/proxyC/libs/proxyC.so
7f15fce8d000-7f15fce8e000 rw-p 00047000 00:29 17262508568                /home/baker02/miniconda3/envs/perturbverse/lib/R/library/proxyC/libs/proxyC.so
7f15fce8e000-7f15fd13d000 rw-p 00000000 00:00 0 
7f15fd13d000-7f15fd1ab000 r--p 00000000 00:29 43148559752                /home/baker02/miniconda3/envs/perturbverse/lib/R/library/igraph/libs/igraph.so
7f15fd1ab000-7f15fd3e4000 r-xp 0006e000 00:29 43148559752                /home/baker02/miniconda3/envs/perturbverse/lib/R/library/igraph/libs/igraph.so
7f15fd3e4000-7f15fd492000 r--p 002a7000 00:29 43148559752                /home/baker02/miniconda3/envs/perturbverse/lib/R/library/igraph/libs/igraph.so
7f15fd492000-7f15fd493000 ---p 00355000 00:29 43148559752                /home/baker02/miniconda3/envs/perturbverse/lib/R/library/igraph/libs/igraph.so
7f15fd493000-7f15fd49d000 r--p 00355000 00:29 43148559752                /home/baker02/miniconda3/envs/perturbverse/lib/R/library/igraph/libs/igraph.so
7f15fd49d000-7f15fd49e000 rw-p 0035f000 00:29 43148559752                /home/baker02/miniconda3/envs/perturbverse/lib/R/library/igraph/libs/igraph.so
7f15fd49e000-7f15fd4a3000 rw-p 00000000 00:00 0 
7f15fd4a3000-7f16054a3000 rw-p 00000000 00:00 0 
7f16054a8000-7f16054ac000 r--p 00000000 09:02 55443480                   /tmp/Rtmpq1xRhx/file3bc265d87abd/gillespie/sourceCpp-x86_64-conda-linux-gnu-1.0.7/sourcecpp_3bc25356555b/sourceCpp_6.so (deleted)
7f16054ac000-7f16054b9000 r-xp 00004000 09:02 55443480                   /tmp/Rtmpq1xRhx/file3bc265d87abd/gillespie/sourceCpp-x86_64-conda-linux-gnu-1.0.7/sourcecpp_3bc25356555b/sourceCpp_6.so (deleted)
7f16054b9000-7f16054bb000 r--p 00011000 09:02 55443480                   /tmp/Rtmpq1xRhx/file3bc265d87abd/gillespie/sourceCpp-x86_64-conda-linux-gnu-1.0.7/sourcecpp_3bc25356555b/sourceCpp_6.so (deleted)
7f16054bb000-7f16054bc000 ---p 00013000 09:02 55443480                   /tmp/Rtmpq1xRhx/file3bc265d87abd/gillespie/sourceCpp-x86_64-conda-linux-gnu-1.0.7/sourcecpp_3bc25356555b/sourceCpp_6.so (deleted)
7f16054bc000-7f16054bd000 r--p 00013000 09:02 55443480                   /tmp/Rtmpq1xRhx/file3bc265d87abd/gillespie/sourceCpp-x86_64-conda-linux-gnu-1.0.7/sourcecpp_3bc25356555b/sourceCpp_6.so (deleted)
7f16054bd000-7f16054be000 rw-p 00014000 09:02 55443480                   /tmp/Rtmpq1xRhx/file3bc265d87abd/gillespie/sourceCpp-x86_64-conda-linux-gnu-1.0.7/sourcecpp_3bc25356555b/sourceCpp_6.so (deleted)
7f16054be000-7f16054c4000 r--p 00000000 00:29 4673170563                 /home/baker02/miniconda3/envs/perturbverse/lib/R/library/RcppParallel/lib/libtbbmalloc.so.2
7f16054c4000-7f16054d2000 r-xp 00006000 00:29 4673170563                 /home/baker02/miniconda3/envs/perturbverse/lib/R/library/RcppParallel/lib/libtbbmalloc.so.2
7f16054d2000-7f16054d9000 r--p 00014000 00:29 4673170563                 /home/baker02/miniconda3/envs/perturbverse/lib/R/library/RcppParallel/lib/libtbbmalloc.so.2
7f16054d9000-7f16054da000 r--p 0001a000 00:29 4673170563                 /home/baker02/miniconda3/envs/perturbverse/lib/R/library/RcppParallel/lib/libtbbmalloc.so.2
7f16054da000-7f16054dd000 rw-p 0001b000 00:29 4673170563                 /home/baker02/miniconda3/envs/perturbverse/lib/R/library/RcppParallel/lib/libtbbmalloc.so.2
7f16054dd000-7f16054fd000 rw-p 00000000 00:00 0 
7f16054fd000-7f160550c000 r--p 00000000 00:29 4673170561                 /home/baker02/miniconda3/envs/perturbverse/lib/R/library/RcppParallel/lib/libtbb.so.2
7f160550c000-7f1605528000 r-xp 0000f000 00:29 4673170561                 /home/baker02/miniconda3/envs/perturbverse/lib/R/library/RcppParallel/lib/libtbb.so.2
7f1605528000-7f1605535000 r--p 0002b000 00:29 4673170561                 /home/baker02/miniconda3/envs/perturbverse/lib/R/library/RcppParallel/lib/libtbb.so.2
7f1605535000-7f1605536000 ---p 00038000 00:29 4673170561                 /home/baker02/miniconda3/envs/perturbverse/lib/R/library/RcppParallel/lib/libtbb.so.2
7f1605536000-7f1605538000 r--p 00038000 00:29 4673170561                 /home/baker02/miniconda3/envs/perturbverse/lib/R/library/RcppParallel/lib/libtbb.so.2
7f1605538000-7f160553a000 rw-p 0003a000 00:29 4673170561                 /home/baker02/miniconda3/envs/perturbverse/lib/R/library/RcppParallel/lib/libtbb.so.2
7f160553a000-7f160553d000 rw-p 00000000 00:00 0 
7f160553d000-7f1605550000 r--p 00000000 00:29 73111242919                /home/baker02/miniconda3/envs/perturbverse/lib/R/library/Rcpp/libs/Rcpp.so
7f1605550000-7f1605592000 r-xp 00013000 00:29 73111242919                /home/baker02/miniconda3/envs/perturbverse/lib/R/library/Rcpp/libs/Rcpp.so
7f1605592000-7f16055a3000 r--p 00055000 00:29 73111242919                /home/baker02/miniconda3/envs/perturbverse/lib/R/library/Rcpp/libs/Rcpp.so
7f16055a3000-7f16055a5000 r--p 00065000 00:29 73111242919                /home/baker02/miniconda3/envs/perturbverse/lib/R/library/Rcpp/libs/Rcpp.so
7f16055a5000-7f16055a6000 rw-p 00067000 00:29 73111242919                /home/baker02/miniconda3/envs/perturbverse/lib/R/library/Rcpp/libs/Rcpp.so
7f16055a6000-7f16055ad000 rw-p 00000000 00:00 0 
7f16055ad000-7f16055c0000 r--p 00000000 00:29 55926621035                /home/baker02/miniconda3/envs/perturbverse/lib/R/library/Matrix/libs/Matrix.so
7f16055c0000-7f160566c000 r-xp 00013000 00:29 55926621035                /home/baker02/miniconda3/envs/perturbverse/lib/R/library/Matrix/libs/Matrix.so
7f160566c000-7f1605680000 r--p 000bf000 00:29 55926621035                /home/baker02/miniconda3/envs/perturbverse/lib/R/library/Matrix/libs/Matrix.so
7f1605680000-7f1605681000 ---p 000d3000 00:29 55926621035                /home/baker02/miniconda3/envs/perturbverse/lib/R/library/Matrix/libs/Matrix.so
7f1605681000-7f1605683000 r--p 000d3000 00:29 55926621035                /home/baker02/miniconda3/envs/perturbverse/lib/R/library/Matrix/libs/Matrix.so
7f1605683000-7f1605685000 rw-p 000d5000 00:29 55926621035                /home/baker02/miniconda3/envs/perturbverse/lib/R/library/Matrix/libs/Matrix.so
7f1605685000-7f1605687000 rw-p 00000000 00:00 0 
7f1605687000-7f1605ca4000 r--s 00000000 fd:02 786492                     /var/lib/sss/mc/group
7f1605ca4000-7f160dca4000 rw-p 00000000 00:00 0 
7f160dca9000-7f160dcaf000 r--p 00000000 00:29 77366499026                /home/baker02/miniconda3/envs/perturbverse/lib/R/library/dynutils/libs/dynutils.so
7f160dcaf000-7f160dcbe000 r-xp 00006000 00:29 77366499026                /home/baker02/miniconda3/envs/perturbverse/lib/R/library/dynutils/libs/dynutils.so
7f160dcbe000-7f160dcc2000 r--p 00015000 00:29 77366499026                /home/baker02/miniconda3/envs/perturbverse/lib/R/library/dynutils/libs/dynutils.so
7f160dcc2000-7f160dcc3000 r--p 00018000 00:29 77366499026                /home/baker02/miniconda3/envs/perturbverse/lib/R/library/dynutils/libs/dynutils.so
7f160dcc3000-7f160dcc4000 rw-p 00019000 00:29 77366499026                /home/baker02/miniconda3/envs/perturbverse/lib/R/library/dynutils/libs/dynutils.so
7f160dcc4000-7f160dcc6000 r--p 00000000 00:29 38892986622                /home/baker02/miniconda3/envs/perturbverse/lib/R/library/RcppParallel/libs/RcppParallel.so
7f160dcc6000-7f160dcc7000 r-xp 00002000 00:29 38892986622                /home/baker02/miniconda3/envs/perturbverse/lib/R/library/RcppParallel/libs/RcppParallel.so
7f160dcc7000-7f160dcc8000 r--p 00003000 00:29 38892986622                /home/baker02/miniconda3/envs/perturbverse/lib/R/library/RcppParallel/libs/RcppParallel.so
7f160dcc8000-7f160dcc9000 r--p 00003000 00:29 38892986622                /home/baker02/miniconda3/envs/perturbverse/lib/R/library/RcppParallel/libs/RcppParallel.so
7f160dcc9000-7f160dcca000 rw-p 00004000 00:29 38892986622                /home/baker02/miniconda3/envs/perturbverse/lib/R/library/RcppParallel/libs/RcppParallel.so
7f160dcca000-7f160dccb000 r--p 00000000 00:29 43047248444                /home/baker02/miniconda3/envs/perturbverse/lib/R/library/lattice/libs/lattice.so
7f160dccb000-7f160dccd000 r-xp 00001000 00:29 43047248444                /home/baker02/miniconda3/envs/perturbverse/lib/R/library/lattice/libs/lattice.so
7f160dccd000-7f160dcce000 r--p 00003000 00:29 43047248444                /home/baker02/miniconda3/envs/perturbverse/lib/R/library/lattice/libs/lattice.so
7f160dcce000-7f160dccf000 r--p 00003000 00:29 43047248444                /home/baker02/miniconda3/envs/perturbverse/lib/R/library/lattice/libs/lattice.so
7f160dccf000-7f160dcd0000 rw-p 00004000 00:29 43047248444                /home/baker02/miniconda3/envs/perturbverse/lib/R/library/lattice/libs/lattice.so
7f160dcd0000-7f160dcd4000 r--p 00000000 00:29 609428521                  /home/baker02/miniconda3/envs/perturbverse/lib/R/library/grid/libs/grid.so
7f160dcd4000-7f160dcec000 r-xp 00004000 00:29 609428521                  /home/baker02/miniconda3/envs/perturbverse/lib/R/library/grid/libs/grid.so
7f160dcec000-7f160dcf2000 r--p 0001c000 00:29 609428521                  /home/baker02/miniconda3/envs/perturbverse/lib/R/library/grid/libs/grid.so
7f160dcf2000-7f160dcf3000 ---p 00022000 00:29 609428521                  /home/baker02/miniconda3/envs/perturbverse/lib/R/library/grid/libs/grid.so
7f160dcf3000-7f160dcf4000 r--p 00022000 00:29 609428521                  /home/baker02/miniconda3/envs/perturbverse/lib/R/library/grid/libs/grid.so
7f160dcf4000-7f160dcf5000 rw-p 00023000 00:29 609428521                  /home/baker02/miniconda3/envs/perturbverse/lib/R/library/grid/libs/grid.so
7f160dcf5000-7f160dd27000 r--p 00000000 00:29 47736686071                /home/baker02/miniconda3/envs/perturbverse/lib/libxml2.so.2.9.12
7f160dd27000-7f160de08000 r-xp 00032000 00:29 47736686071                /home/baker02/miniconda3/envs/perturbverse/lib/libxml2.so.2.9.12
7f160de08000-7f160de52000 r--p 00113000 00:29 47736686071                /home/baker02/miniconda3/envs/perturbverse/lib/libxml2.so.2.9.12
7f160de52000-7f160de5b000 r--p 0015c000 00:29 47736686071                /home/baker02/miniconda3/envs/perturbverse/lib/libxml2.so.2.9.12
7f160de5b000-7f160de5c000 rw-p 00165000 00:29 47736686071                /home/baker02/miniconda3/envs/perturbverse/lib/libxml2.so.2.9.12
7f160de5c000-7f160de5d000 rw-p 00000000 00:00 0 
7f160de5d000-7f160de63000 r--p 00000000 00:29 68874282353                /home/baker02/miniconda3/envs/perturbverse/lib/R/library/tidyr/libs/tidyr.so
7f160de63000-7f160de6f000 r-xp 00006000 00:29 68874282353                /home/baker02/miniconda3/envs/perturbverse/lib/R/library/tidyr/libs/tidyr.so
7f160de6f000-7f160de72000 r--p 00012000 00:29 68874282353                /home/baker02/miniconda3/envs/perturbverse/lib/R/library/tidyr/libs/tidyr.so
7f160de72000-7f160de73000 r--p 00014000 00:29 68874282353                /home/baker02/miniconda3/envs/perturbverse/lib/R/library/tidyr/libs/tidyr.so
7f160de73000-7f160de74000 rw-p 00015000 00:29 68874282353                /home/baker02/miniconda3/envs/perturbverse/lib/R/library/tidyr/libs/tidyr.so
7f160de74000-7f160de79000 r--p 00000000 00:29 68791539025                /home/baker02/miniconda3/envs/perturbverse/lib/R/library/dplyr/libs/dplyr.so
7f160de79000-7f160de7f000 r-xp 00005000 00:29 68791539025                /home/baker02/miniconda3/envs/perturbverse/lib/R/library/dplyr/libs/dplyr.so
7f160de7f000-7f160de81000 r--p 0000b000 00:29 68791539025                /home/baker02/miniconda3/envs/perturbverse/lib/R/library/dplyr/libs/dplyr.so
7f160de81000-7f160de82000 ---p 0000d000 00:29 68791539025                /home/baker02/miniconda3/envs/perturbverse/lib/R/library/dplyr/libs/dplyr.so
7f160de82000-7f160de83000 r--p 0000d000 00:29 68791539025                /home/baker02/miniconda3/envs/perturbverse/lib/R/library/dplyr/libs/dplyr.so
7f160de83000-7f160de84000 rw-p 0000e000 00:29 68791539025                /home/baker02/miniconda3/envs/perturbverse/lib/R/library/dplyr/libs/dplyr.so
7f160de84000-7f160de87000 r--p 00000000 00:29 68874287211                /home/baker02/miniconda3/envs/perturbverse/lib/R/library/purrr/libs/purrr.so
7f160de87000-7f160de8b000 r-xp 00003000 00:29 68874287211                /home/baker02/miniconda3/envs/perturbverse/lib/R/library/purrr/libs/purrr.so
7f160de8b000-7f160de8d000 r--p 00007000 00:29 68874287211                /home/baker02/miniconda3/envs/perturbverse/lib/R/library/purrr/libs/purrr.so
7f160de8d000-7f160de8e000 r--p 00008000 00:29 68874287211                /home/baker02/miniconda3/envs/perturbverse/lib/R/library/purrr/libs/purrr.so
7f160de8e000-7f160de8f000 rw-p 00009000 00:29 68874287211                /home/baker02/miniconda3/envs/perturbverse/lib/R/library/purrr/libs/purrr.so
7f160de8f000-7f160de90000 r--p 00000000 00:29 548054224                  /home/baker02/miniconda3/envs/perturbverse/lib/R/library/glue/libs/glue.so
7f160de90000-7f160de91000 r-xp 00001000 00:29 548054224                  /home/baker02/miniconda3/envs/perturbverse/lib/R/library/glue/libs/glue.so
7f160de91000-7f160de92000 r--p 00002000 00:29 548054224                  /home/baker02/miniconda3/envs/perturbverse/lib/R/library/glue/libs/glue.so
7f160de92000-7f160de93000 r--p 00002000 00:29 548054224                  /home/baker02/miniconda3/envs/perturbverse/lib/R/library/glue/libs/glue.so
7f160de93000-7f160de94000 rw-p 00003000 00:29 548054224                  /home/baker02/miniconda3/envs/perturbverse/lib/R/library/glue/libs/glue.so
7f160de94000-7f160dea4000 rwxp 00000000 00:00 0 
7f160dea4000-7f160dea6000 r--p 00000000 00:29 23531014123                /home/baker02/miniconda3/envs/perturbverse/lib/R/library/tibble/libs/tibble.so
7f160dea6000-7f160dea7000 r-xp 00002000 00:29 23531014123                /home/baker02/miniconda3/envs/perturbverse/lib/R/library/tibble/libs/tibble.so
7f160dea7000-7f160dea8000 r--p 00003000 00:29 23531014123                /home/baker02/miniconda3/envs/perturbverse/lib/R/library/tibble/libs/tibble.so
7f160dea8000-7f160dea9000 r--p 00003000 00:29 23531014123                /home/baker02/miniconda3/envs/perturbverse/lib/R/library/tibble/libs/tibble.so
7f160dea9000-7f160deaa000 rw-p 00004000 00:29 23531014123                /home/baker02/miniconda3/envs/perturbverse/lib/R/library/tibble/libs/tibble.so
7f160deaa000-7f160deae000 r--p 00000000 00:29 68786439349                /home/baker02/miniconda3/envs/perturbverse/lib/R/library/utf8/libs/utf8.so
7f160deae000-7f160deb7000 r-xp 00004000 00:29 68786439349                /home/baker02/miniconda3/envs/perturbverse/lib/R/library/utf8/libs/utf8.so
7f160deb7000-7f160def6000 r--p 0000d000 00:29 68786439349                /home/baker02/miniconda3/envs/perturbverse/lib/R/library/utf8/libs/utf8.so
7f160def6000-7f160def7000 r--p 0004b000 00:29 68786439349                /home/baker02/miniconda3/envs/perturbverse/lib/R/library/utf8/libs/utf8.so
7f160def7000-7f160def8000 rw-p 0004c000 00:29 68786439349                /home/baker02/miniconda3/envs/perturbverse/lib/R/library/utf8/libs/utf8.so
7f160def8000-7f160defb000 r--p 00000000 00:29 68780550255                /home/baker02/miniconda3/envs/perturbverse/lib/R/library/fansi/libs/fansi.so
7f160defb000-7f160df0b000 r-xp 00003000 00:29 68780550255                /home/baker02/miniconda3/envs/perturbverse/lib/R/library/fansi/libs/fansi.so
7f160df0b000-7f160df10000 r--p 00013000 00:29 68780550255                /home/baker02/miniconda3/envs/perturbverse/lib/R/library/fansi/libs/fansi.so
7f160df10000-7f160df11000 r--p 00017000 00:29 68780550255                /home/baker02/miniconda3/envs/perturbverse/lib/R/library/fansi/libs/fansi.so
7f160df11000-7f160df12000 rw-p 00018000 00:29 68780550255                /home/baker02/miniconda3/envs/perturbverse/lib/R/library/fansi/libs/fansi.so
7f160df12000-7f160df1d000 r--p 00000000 00:29 64828905930                /home/baker02/miniconda3/envs/perturbverse/lib/R/library/fs/libs/fs.so
7f160df1d000-7f160df39000 r-xp 0000b000 00:29 64828905930                /home/baker02/miniconda3/envs/perturbverse/lib/R/library/fs/libs/fs.so
7f160df39000-7f160df42000 r--p 00027000 00:29 64828905930                /home/baker02/miniconda3/envs/perturbverse/lib/R/library/fs/libs/fs.so
7f160df42000-7f160df44000 r--p 0002f000 00:29 64828905930                /home/baker02/miniconda3/envs/perturbverse/lib/R/library/fs/libs/fs.so
7f160df44000-7f160df45000 rw-p 00031000 00:29 64828905930                /home/baker02/miniconda3/envs/perturbverse/lib/R/library/fs/libs/fs.so
7f160df45000-7f160df4a000 r--p 00000000 00:29 25842880170                /home/baker02/miniconda3/envs/perturbverse/lib/R/library/vctrs/libs/vctrs.so
7f160df4a000-7f160df7f000 r-xp 00005000 00:29 25842880170                /home/baker02/miniconda3/envs/perturbverse/lib/R/library/vctrs/libs/vctrs.so
7f160df7f000-7f160df8f000 r--p 0003a000 00:29 25842880170                /home/baker02/miniconda3/envs/perturbverse/lib/R/library/vctrs/libs/vctrs.so
7f160df8f000-7f160df91000 r--p 00049000 00:29 25842880170                /home/baker02/miniconda3/envs/perturbverse/lib/R/library/vctrs/libs/vctrs.so
7f160df91000-7f160df92000 rw-p 0004b000 00:29 25842880170                /home/baker02/miniconda3/envs/perturbverse/lib/R/library/vctrs/libs/vctrs.so
7f160df92000-7f160e056000 rw-p 00000000 00:00 0 
7f160e056000-7f160e05b000 r--p 00000000 00:29 610375614                  /home/baker02/miniconda3/envs/perturbverse/lib/R/library/rlang/libs/rlang.so
7f160e05b000-7f160e06e000 r-xp 00005000 00:29 610375614                  /home/baker02/miniconda3/envs/perturbverse/lib/R/library/rlang/libs/rlang.so
7f160e06e000-7f160e078000 r--p 00018000 00:29 610375614                  /home/baker02/miniconda3/envs/perturbverse/lib/R/library/rlang/libs/rlang.so
7f160e078000-7f160e07a000 r--p 00021000 00:29 610375614                  /home/baker02/miniconda3/envs/perturbverse/lib/R/library/rlang/libs/rlang.so
7f160e07a000-7f160e07b000 rw-p 00023000 00:29 610375614                  /home/baker02/miniconda3/envs/perturbverse/lib/R/library/rlang/libs/rlang.so
7f160e07b000-7f160e083000 r-xp 00000000 fd:00 528411                     /usr/lib64/libnss_sss.so.2
7f160e083000-7f160e282000 ---p 00008000 fd:00 528411                     /usr/lib64/libnss_sss.so.2
7f160e282000-7f160e283000 r--p 00007000 fd:00 528411                     /usr/lib64/libnss_sss.so.2
7f160e283000-7f160e284000 rw-p 00008000 fd:00 528411                     /usr/lib64/libnss_sss.so.2
7f160e284000-7f160e290000 r-xp 00000000 fd:00 549023                     /usr/lib64/libnss_files-2.17.so
7f160e290000-7f160e48f000 ---p 0000c000 fd:00 549023                     /usr/lib64/libnss_files-2.17.so
7f160e48f000-7f160e490000 r--p 0000b000 fd:00 549023                     /usr/lib64/libnss_files-2.17.so
7f160e490000-7f160e491000 rw-p 0000c000 fd:00 549023                     /usr/lib64/libnss_files-2.17.so
7f160e491000-7f160e497000 rw-p 00000000 00:00 0 
7f160e498000-7f160e49a000 r--p 00000000 00:29 9026324291                 /home/baker02/miniconda3/envs/perturbverse/lib/R/library/magrittr/libs/magrittr.so
7f160e49a000-7f160e49c000 r-xp 00002000 00:29 9026324291                 /home/baker02/miniconda3/envs/perturbverse/lib/R/library/magrittr/libs/magrittr.so
7f160e49c000-7f160e49d000 r--p 00004000 00:29 9026324291                 /home/baker02/miniconda3/envs/perturbverse/lib/R/library/magrittr/libs/magrittr.so
7f160e49d000-7f160e49e000 r--p 00004000 00:29 9026324291                 /home/baker02/miniconda3/envs/perturbverse/lib/R/library/magrittr/libs/magrittr.so
7f160e49e000-7f160e49f000 rw-p 00005000 00:29 9026324291                 /home/baker02/miniconda3/envs/perturbverse/lib/R/library/magrittr/libs/magrittr.so
7f160e49f000-7f160e4a1000 r--p 00000000 00:29 51783852194                /home/baker02/miniconda3/envs/perturbverse/lib/R/library/parallel/libs/parallel.so
7f160e4a1000-7f160e4a4000 r-xp 00002000 00:29 51783852194                /home/baker02/miniconda3/envs/perturbverse/lib/R/library/parallel/libs/parallel.so
7f160e4a4000-7f160e4a5000 r--p 00005000 00:29 51783852194                /home/baker02/miniconda3/envs/perturbverse/lib/R/library/parallel/libs/parallel.so
7f160e4a5000-7f160e4a6000 ---p 00006000 00:29 51783852194                /home/baker02/miniconda3/envs/perturbverse/lib/R/library/parallel/libs/parallel.so
7f160e4a6000-7f160e4a7000 r--p 00006000 00:29 51783852194                /home/baker02/miniconda3/envs/perturbverse/lib/R/library/parallel/libs/parallel.so
7f160e4a7000-7f160e4a8000 rw-p 00007000 00:29 51783852194                /home/baker02/miniconda3/envs/perturbverse/lib/R/library/parallel/libs/parallel.so
7f160e4a8000-7f160e4a9000 r--p 00000000 00:29 43126552945                /home/baker02/miniconda3/envs/perturbverse/lib/R/library/batchtools/libs/batchtools.so
7f160e4a9000-7f160e4aa000 r-xp 00001000 00:29 43126552945                /home/baker02/miniconda3/envs/perturbverse/lib/R/library/batchtools/libs/batchtools.so
7f160e4aa000-7f160e4ab000 r--p 00002000 00:29 43126552945                /home/baker02/miniconda3/envs/perturbverse/lib/R/library/batchtools/libs/batchtools.so
7f160e4ab000-7f160e4ac000 r--p 00002000 00:29 43126552945                /home/baker02/miniconda3/envs/perturbverse/lib/R/library/batchtools/libs/batchtools.so
7f160e4ac000-7f160e4ad000 rw-p 00003000 00:29 43126552945                /home/baker02/miniconda3/envs/perturbverse/lib/R/library/batchtools/libs/batchtools.so
7f160e4ad000-7f160e4b0000 r--p 00000000 00:29 60143778385                /home/baker02/miniconda3/envs/perturbverse/lib/R/library/digest/libs/digest.so
7f160e4b0000-7f160e4c4000 r-xp 00003000 00:29 60143778385                /home/baker02/miniconda3/envs/perturbverse/lib/R/library/digest/libs/digest.so
7f160e4c4000-7f160e4cf000 r--p 00017000 00:29 60143778385                /home/baker02/miniconda3/envs/perturbverse/lib/R/library/digest/libs/digest.so
7f160e4cf000-7f160e4d0000 ---p 00022000 00:29 60143778385                /home/baker02/miniconda3/envs/perturbverse/lib/R/library/digest/libs/digest.so
7f160e4d0000-7f160e4d1000 r--p 00022000 00:29 60143778385                /home/baker02/miniconda3/envs/perturbverse/lib/R/library/digest/libs/digest.so
7f160e4d1000-7f160e4d2000 rw-p 00023000 00:29 60143778385                /home/baker02/miniconda3/envs/perturbverse/lib/R/library/digest/libs/digest.so
7f160e4d2000-7f160e4d4000 rw-p 00000000 00:00 0 
7f160e4d4000-7f160e665000 r--p 00000000 00:29 73111242959                /home/baker02/miniconda3/envs/perturbverse/lib/R/library/stringi/libs/stringi.so
7f160e665000-7f160e942000 r-xp 00191000 00:29 73111242959                /home/baker02/miniconda3/envs/perturbverse/lib/R/library/stringi/libs/stringi.so
7f160e942000-7f160ea6c000 r--p 0046e000 00:29 73111242959                /home/baker02/miniconda3/envs/perturbverse/lib/R/library/stringi/libs/stringi.so
7f160ea6c000-7f160ea9b000 r--p 00597000 00:29 73111242959                /home/baker02/miniconda3/envs/perturbverse/lib/R/library/stringi/libs/stringi.so
7f160ea9b000-7f160ea9c000 rw-p 005c6000 00:29 73111242959                /home/baker02/miniconda3/envs/perturbverse/lib/R/library/stringi/libs/stringi.so
7f160ea9c000-7f160ea9f000 rw-p 00000000 00:00 0 
7f160ea9f000-7f160eaa4000 r--p 00000000 00:29 609428519                  /home/baker02/miniconda3/envs/perturbverse/lib/R/library/tools/libs/tools.so
7f160eaa4000-7f160eab2000 r-xp 00005000 00:29 609428519                  /home/baker02/miniconda3/envs/perturbverse/lib/R/library/tools/libs/tools.so
7f160eab2000-7f160eab6000 r--p 00013000 00:29 609428519                  /home/baker02/miniconda3/envs/perturbverse/lib/R/library/tools/libs/tools.so
7f160eab6000-7f160eab8000 r--p 00017000 00:29 609428519                  /home/baker02/miniconda3/envs/perturbverse/lib/R/library/tools/libs/tools.so
7f160eab8000-7f160eab9000 rw-p 00019000 00:29 609428519                  /home/baker02/miniconda3/envs/perturbverse/lib/R/library/tools/libs/tools.so
7f160eab9000-7f160eac4000 r--p 00000000 00:29 51783891742                /home/baker02/miniconda3/envs/perturbverse/lib/R/library/data.table/libs/datatable.so
7f160eac4000-7f160eb1b000 r-xp 0000b000 00:29 51783891742                /home/baker02/miniconda3/envs/perturbverse/lib/R/library/data.table/libs/datatable.so
7f160eb1b000-7f160eb3c000 r--p 00062000 00:29 51783891742                /home/baker02/miniconda3/envs/perturbverse/lib/R/library/data.table/libs/datatable.so
7f160eb3c000-7f160eb3e000 r--p 00082000 00:29 51783891742                /home/baker02/miniconda3/envs/perturbverse/lib/R/library/data.table/libs/datatable.so
7f160eb3e000-7f160eb3f000 rw-p 00084000 00:29 51783891742                /home/baker02/miniconda3/envs/perturbverse/lib/R/library/data.table/libs/datatable.so
7f160eb3f000-7f160eb40000 rw-p 00000000 00:00 0 
7f160eb40000-7f160eb44000 r--p 00000000 00:29 4314621050                 /home/baker02/miniconda3/envs/perturbverse/lib/R/library/checkmate/libs/checkmate.so
7f160eb44000-7f160eb4d000 r-xp 00004000 00:29 4314621050                 /home/baker02/miniconda3/envs/perturbverse/lib/R/library/checkmate/libs/checkmate.so
7f160eb4d000-7f160eb51000 r--p 0000d000 00:29 4314621050                 /home/baker02/miniconda3/envs/perturbverse/lib/R/library/checkmate/libs/checkmate.so
7f160eb51000-7f160eb52000 ---p 00011000 00:29 4314621050                 /home/baker02/miniconda3/envs/perturbverse/lib/R/library/checkmate/libs/checkmate.so
7f160eb52000-7f160eb53000 r--p 00011000 00:29 4314621050                 /home/baker02/miniconda3/envs/perturbverse/lib/R/library/checkmate/libs/checkmate.so
7f160eb53000-7f160eb54000 rw-p 00012000 00:29 4314621050                 /home/baker02/miniconda3/envs/perturbverse/lib/R/library/checkmate/libs/checkmate.so
7f160eb54000-7f160eb60000 r--p 00000000 00:29 9026193642                 /home/baker02/miniconda3/envs/perturbverse/lib/R/library/stats/libs/stats.so
7f160eb60000-7f160ebf6000 r-xp 0000c000 00:29 9026193642                 /home/baker02/miniconda3/envs/perturbverse/lib/R/library/stats/libs/stats.so
7f160ebf6000-7f160ec0c000 r--p 000a2000 00:29 9026193642                 /home/baker02/miniconda3/envs/perturbverse/lib/R/library/stats/libs/stats.so
7f160ec0c000-7f160ec0d000 ---p 000b8000 00:29 9026193642                 /home/baker02/miniconda3/envs/perturbverse/lib/R/library/stats/libs/stats.so
7f160ec0d000-7f160ec10000 r--p 000b8000 00:29 9026193642                 /home/baker02/miniconda3/envs/perturbverse/lib/R/library/stats/libs/stats.so
7f160ec10000-7f160ec11000 rw-p 000bb000 00:29 9026193642                 /home/baker02/miniconda3/envs/perturbverse/lib/R/library/stats/libs/stats.so
7f160ec11000-7f160ec15000 r--p 00000000 00:29 4705026539                 /home/baker02/miniconda3/envs/perturbverse/lib/R/library/graphics/libs/graphics.so
7f160ec15000-7f160ec53000 r-xp 00004000 00:29 4705026539                 /home/baker02/miniconda3/envs/perturbverse/lib/R/library/graphics/libs/graphics.so
7f160ec53000-7f160ec5c000 r--p 00042000 00:29 4705026539                 /home/baker02/miniconda3/envs/perturbverse/lib/R/library/graphics/libs/graphics.so
7f160ec5c000-7f160ec5d000 ---p 0004b000 00:29 4705026539                 /home/baker02/miniconda3/envs/perturbverse/lib/R/library/graphics/libs/graphics.so
7f160ec5d000-7f160ec5e000 r--p 0004b000 00:29 4705026539                 /home/baker02/miniconda3/envs/perturbverse/lib/R/library/graphics/libs/graphics.so
7f160ec5e000-7f160ec5f000 rw-p 0004c000 00:29 4705026539                 /home/baker02/miniconda3/envs/perturbverse/lib/R/library/graphics/libs/graphics.so
7f160ec5f000-7f160ec6d000 r--p 00000000 00:29 73334286249                /home/baker02/miniconda3/envs/perturbverse/lib/R/library/grDevices/libs/grDevices.so
7f160ec6d000-7f160ec90000 r-xp 0000e000 00:29 73334286249                /home/baker02/miniconda3/envs/perturbverse/lib/R/library/grDevices/libs/grDevices.so
7f160ec90000-7f160ec9d000 r--p 00031000 00:29 73334286249                /home/baker02/miniconda3/envs/perturbverse/lib/R/library/grDevices/libs/grDevices.so
7f160ec9d000-7f160ec9e000 ---p 0003e000 00:29 73334286249                /home/baker02/miniconda3/envs/perturbverse/lib/R/library/grDevices/libs/grDevices.so
7f160ec9e000-7f160eca3000 r--p 0003e000 00:29 73334286249                /home/baker02/miniconda3/envs/perturbverse/lib/R/library/grDevices/libs/grDevices.so
7f160eca3000-7f160eca5000 rw-p 00043000 00:29 73334286249                /home/baker02/miniconda3/envs/perturbverse/lib/R/library/grDevices/libs/grDevices.so
7f160eca5000-7f160ecb7000 rw-p 00000000 00:00 0 
7f160ecb7000-7f160ecba000 r--p 00000000 00:29 15357544171                /home/baker02/miniconda3/envs/perturbverse/lib/libquadmath.so.0.0.0
7f160ecba000-7f160ecd8000 r-xp 00003000 00:29 15357544171                /home/baker02/miniconda3/envs/perturbverse/lib/libquadmath.so.0.0.0
7f160ecd8000-7f160ecee000 r--p 00021000 00:29 15357544171                /home/baker02/miniconda3/envs/perturbverse/lib/libquadmath.so.0.0.0
7f160ecee000-7f160ecef000 ---p 00037000 00:29 15357544171                /home/baker02/miniconda3/envs/perturbverse/lib/libquadmath.so.0.0.0
7f160ecef000-7f160ecf0000 r--p 00037000 00:29 15357544171                /home/baker02/miniconda3/envs/perturbverse/lib/libquadmath.so.0.0.0
7f160ecf0000-7f160ecf1000 rw-p 00038000 00:29 15357544171                /home/baker02/miniconda3/envs/perturbverse/lib/libquadmath.so.0.0.0
7f160ecf1000-7f160ed94000 r--p 00000000 00:29 15357515708                /home/baker02/miniconda3/envs/perturbverse/lib/libstdc++.so.6.0.28
7f160ed94000-7f160ee13000 r-xp 000a3000 00:29 15357515708                /home/baker02/miniconda3/envs/perturbverse/lib/libstdc++.so.6.0.28
7f160ee13000-7f160ee54000 r--p 00122000 00:29 15357515708                /home/baker02/miniconda3/envs/perturbverse/lib/libstdc++.so.6.0.28
7f160ee54000-7f160ee5f000 r--p 00162000 00:29 15357515708                /home/baker02/miniconda3/envs/perturbverse/lib/libstdc++.so.6.0.28
7f160ee5f000-7f160ee63000 rw-p 0016d000 00:29 15357515708                /home/baker02/miniconda3/envs/perturbverse/lib/libstdc++.so.6.0.28
7f160ee63000-7f160ee66000 rw-p 00000000 00:00 0 
7f160ee66000-7f16109a5000 r--p 00000000 00:29 43115211992                /home/baker02/miniconda3/envs/perturbverse/lib/libicudata.so.68.1
7f16109a5000-7f16109a6000 ---p 01b3f000 00:29 43115211992                /home/baker02/miniconda3/envs/perturbverse/lib/libicudata.so.68.1
7f16109a6000-7f16109a7000 r--p 01b3f000 00:29 43115211992                /home/baker02/miniconda3/envs/perturbverse/lib/libicudata.so.68.1
7f16109a7000-7f16109c6000 r--p 00000000 00:29 17852451150                /home/baker02/miniconda3/envs/perturbverse/lib/libgfortran.so.5.0.0
7f16109c6000-7f1610b17000 r-xp 0001f000 00:29 17852451150                /home/baker02/miniconda3/envs/perturbverse/lib/libgfortran.so.5.0.0
7f1610b17000-7f1610b43000 r--p 00170000 00:29 17852451150                /home/baker02/miniconda3/envs/perturbverse/lib/libgfortran.so.5.0.0
7f1610b43000-7f1610b44000 ---p 0019c000 00:29 17852451150                /home/baker02/miniconda3/envs/perturbverse/lib/libgfortran.so.5.0.0
7f1610b44000-7f1610b45000 r--p 0019c000 00:29 17852451150                /home/baker02/miniconda3/envs/perturbverse/lib/libgfortran.so.5.0.0
7f1610b45000-7f1610b47000 rw-p 0019d000 00:29 17852451150                /home/baker02/miniconda3/envs/perturbverse/lib/libgfortran.so.5.0.0
7f1610b47000-7f1610c34000 r--p 00000000 00:29 43115211991                /home/baker02/miniconda3/envs/perturbverse/lib/libicui18n.so.68.1
7f1610c34000-7f1610dbe000 r-xp 000ed000 00:29 43115211991                /home/baker02/miniconda3/envs/perturbverse/lib/libicui18n.so.68.1
7f1610dbe000-7f1610e38000 r--p 00277000 00:29 43115211991                /home/baker02/miniconda3/envs/perturbverse/lib/libicui18n.so.68.1
7f1610e38000-7f1610e39000 ---p 002f1000 00:29 43115211991                /home/baker02/miniconda3/envs/perturbverse/lib/libicui18n.so.68.1
7f1610e39000-7f1610e49000 r--p 002f1000 00:29 43115211991                /home/baker02/miniconda3/envs/perturbverse/lib/libicui18n.so.68.1
7f1610e49000-7f1610e4a000 rw-p 00301000 00:29 43115211991                /home/baker02/miniconda3/envs/perturbverse/lib/libicui18n.so.68.1
7f1610e4a000-7f1610e4b000 rw-p 00000000 00:00 0 
7f1610e4b000-7f1610eb2000 r--p 00000000 00:29 43115211990                /home/baker02/miniconda3/envs/perturbverse/lib/libicuuc.so.68.1
7f1610eb2000-7f1610f9e000 r-xp 00067000 00:29 43115211990                /home/baker02/miniconda3/envs/perturbverse/lib/libicuuc.so.68.1
7f1610f9e000-7f161101f000 r--p 00153000 00:29 43115211990                /home/baker02/miniconda3/envs/perturbverse/lib/libicuuc.so.68.1
7f161101f000-7f1611032000 r--p 001d3000 00:29 43115211990                /home/baker02/miniconda3/envs/perturbverse/lib/libicuuc.so.68.1
7f1611032000-7f1611033000 rw-p 001e6000 00:29 43115211990                /home/baker02/miniconda3/envs/perturbverse/lib/libicuuc.so.68.1
7f1611033000-7f1611035000 rw-p 00000000 00:00 0 
7f1611035000-7f1611038000 r--p 00000000 00:29 13429457989                /home/baker02/miniconda3/envs/perturbverse/lib/libiconv.so.2.6.1
7f1611038000-7f161104c000 r-xp 00003000 00:29 13429457989                /home/baker02/miniconda3/envs/perturbverse/lib/libiconv.so.2.6.1
7f161104c000-7f1611118000 r--p 00017000 00:29 13429457989                /home/baker02/miniconda3/envs/perturbverse/lib/libiconv.so.2.6.1
7f1611118000-7f161111a000 r--p 000e2000 00:29 13429457989                /home/baker02/miniconda3/envs/perturbverse/lib/libiconv.so.2.6.1
7f161111a000-7f161111b000 rw-p 000e4000 00:29 13429457989                /home/baker02/miniconda3/envs/perturbverse/lib/libiconv.so.2.6.1
7f161111b000-7f161111d000 r-xp 00000000 fd:00 549019                     /usr/lib64/libdl-2.17.so
7f161111d000-7f161131d000 ---p 00002000 fd:00 549019                     /usr/lib64/libdl-2.17.so
7f161131d000-7f161131e000 r--p 00002000 fd:00 549019                     /usr/lib64/libdl-2.17.so
7f161131e000-7f161131f000 rw-p 00003000 fd:00 549019                     /usr/lib64/libdl-2.17.so
7f161131f000-7f1611326000 r-xp 00000000 fd:00 549026                     /usr/lib64/librt-2.17.so
7f1611326000-7f1611525000 ---p 00007000 fd:00 549026                     /usr/lib64/librt-2.17.so
7f1611525000-7f1611526000 r--p 00006000 fd:00 549026                     /usr/lib64/librt-2.17.so
7f1611526000-7f1611527000 rw-p 00007000 fd:00 549026                     /usr/lib64/librt-2.17.so
7f1611527000-7f161153e000 r-xp 00000000 fd:00 524319                     /usr/lib64/libpthread-2.17.so
7f161153e000-7f161173d000 ---p 00017000 fd:00 524319                     /usr/lib64/libpthread-2.17.so
7f161173d000-7f161173e000 r--p 00016000 fd:00 524319                     /usr/lib64/libpthread-2.17.so
7f161173e000-7f161173f000 rw-p 00017000 fd:00 524319                     /usr/lib64/libpthread-2.17.so
7f161173f000-7f1611743000 rw-p 00000000 00:00 0 
7f1611743000-7f1611844000 r-xp 00000000 fd:00 549020                     /usr/lib64/libm-2.17.so
7f1611844000-7f1611a43000 ---p 00101000 fd:00 549020                     /usr/lib64/libm-2.17.so
7f1611a43000-7f1611a44000 r--p 00100000 fd:00 549020                     /usr/lib64/libm-2.17.so
7f1611a44000-7f1611a45000 rw-p 00101000 fd:00 549020                     /usr/lib64/libm-2.17.so
7f1611a45000-7f1611b3e000 r--p 00000000 00:29 17852668589                /home/baker02/miniconda3/envs/perturbverse/lib/libopenblasp-r0.3.15.so
7f1611b3e000-7f1611b3f000 r-xp 000f9000 00:29 17852668589                /home/baker02/miniconda3/envs/perturbverse/lib/libopenblasp-r0.3.15.so
7f1611b3f000-7f1611b45000 ---p 000fa000 00:29 17852668589                /home/baker02/miniconda3/envs/perturbverse/lib/libopenblasp-r0.3.15.so
7f1611b45000-7f1613876000 r-xp 00100000 00:29 17852668589                /home/baker02/miniconda3/envs/perturbverse/lib/libopenblasp-r0.3.15.so
7f1613876000-7f1613a3c000 r--p 01e31000 00:29 17852668589                /home/baker02/miniconda3/envs/perturbverse/lib/libopenblasp-r0.3.15.so
7f1613a3c000-7f1613a4a000 r--p 01ff6000 00:29 17852668589                /home/baker02/miniconda3/envs/perturbverse/lib/libopenblasp-r0.3.15.so
7f1613a4a000-7f1613a58000 rw-p 02004000 00:29 17852668589                /home/baker02/miniconda3/envs/perturbverse/lib/libopenblasp-r0.3.15.so
7f1613a58000-7f1613a69000 rw-p 00000000 00:00 0 
7f1613a69000-7f1613c2c000 r-xp 00000000 fd:00 524293                     /usr/lib64/libc-2.17.so
7f1613c2c000-7f1613e2c000 ---p 001c3000 fd:00 524293                     /usr/lib64/libc-2.17.so
7f1613e2c000-7f1613e30000 r--p 001c3000 fd:00 524293                     /usr/lib64/libc-2.17.so
7f1613e30000-7f1613e32000 rw-p 001c7000 fd:00 524293                     /usr/lib64/libc-2.17.so
7f1613e32000-7f1613e37000 rw-p 00000000 00:00 0 
7f1613e37000-7f1613ea4000 r--p 00000000 00:29 15371835926                /home/baker02/miniconda3/envs/perturbverse/lib/R/lib/libR.so
7f1613ea4000-7f16140d9000 r-xp 0006d000 00:29 15371835926                /home/baker02/miniconda3/envs/perturbverse/lib/R/lib/libR.so
7f16140d9000-7f1614181000 r--p 002a2000 00:29 15371835926                /home/baker02/miniconda3/envs/perturbverse/lib/R/lib/libR.so
7f1614181000-7f1614182000 ---p 0034a000 00:29 15371835926                /home/baker02/miniconda3/envs/perturbverse/lib/R/lib/libR.so
7f1614182000-7f16141a2000 r--p 0034a000 00:29 15371835926                /home/baker02/miniconda3/envs/perturbverse/lib/R/lib/libR.so
7f16141a2000-7f16141af000 rw-p 0036a000 00:29 15371835926                /home/baker02/miniconda3/envs/perturbverse/lib/R/lib/libR.so
7f16141af000-7f1614314000 rw-p 00000000 00:00 0 
7f1614314000-7f1614336000 r-xp 00000000 fd:00 524720                     /usr/lib64/ld-2.17.so
7f1614336000-7f1614337000 r--p 00000000 00:29 34626369124                /home/baker02/miniconda3/envs/perturbverse/lib/R/library/rappdirs/libs/rappdirs.so
7f1614337000-7f1614338000 r-xp 00001000 00:29 34626369124                /home/baker02/miniconda3/envs/perturbverse/lib/R/library/rappdirs/libs/rappdirs.so
7f1614338000-7f1614339000 r--p 00002000 00:29 34626369124                /home/baker02/miniconda3/envs/perturbverse/lib/R/library/rappdirs/libs/rappdirs.so
7f1614339000-7f161433a000 r--p 00002000 00:29 34626369124                /home/baker02/miniconda3/envs/perturbverse/lib/R/library/rappdirs/libs/rappdirs.so
7f161433a000-7f161433b000 rw-p 00003000 00:29 34626369124                /home/baker02/miniconda3/envs/perturbverse/lib/R/library/rappdirs/libs/rappdirs.so
7f161433b000-7f161433d000 r--p 00000000 00:29 25845527779                /home/baker02/miniconda3/envs/perturbverse/lib/R/library/ellipsis/libs/ellipsis.so
7f161433d000-7f161433e000 r-xp 00002000 00:29 25845527779                /home/baker02/miniconda3/envs/perturbverse/lib/R/library/ellipsis/libs/ellipsis.so
7f161433e000-7f161433f000 r--p 00003000 00:29 25845527779                /home/baker02/miniconda3/envs/perturbverse/lib/R/library/ellipsis/libs/ellipsis.so
7f161433f000-7f1614340000 r--p 00003000 00:29 25845527779                /home/baker02/miniconda3/envs/perturbverse/lib/R/library/ellipsis/libs/ellipsis.so
7f1614340000-7f1614341000 rw-p 00004000 00:29 25845527779                /home/baker02/miniconda3/envs/perturbverse/lib/R/library/ellipsis/libs/ellipsis.so
7f1614341000-7f1614345000 rw-p 00000000 00:00 0 
7f1614345000-7f1614348000 r--p 00000000 00:29 15357544179                /home/baker02/miniconda3/envs/perturbverse/lib/libgcc_s.so.1
7f1614348000-7f1614354000 r-xp 00003000 00:29 15357544179                /home/baker02/miniconda3/envs/perturbverse/lib/libgcc_s.so.1
7f1614354000-7f1614357000 r--p 0000f000 00:29 15357544179                /home/baker02/miniconda3/envs/perturbverse/lib/libgcc_s.so.1
7f1614357000-7f1614358000 r--p 00011000 00:29 15357544179                /home/baker02/miniconda3/envs/perturbverse/lib/libgcc_s.so.1
7f1614358000-7f1614359000 rw-p 00012000 00:29 15357544179                /home/baker02/miniconda3/envs/perturbverse/lib/libgcc_s.so.1
7f1614359000-7f161435a000 rw-p 00000000 00:00 0 
7f161435a000-7f161436a000 r--p 00000000 00:29 30565387481                /home/baker02/miniconda3/envs/perturbverse/lib/libtinfo.so.6.2
7f161436a000-7f1614382000 r-xp 00010000 00:29 30565387481                /home/baker02/miniconda3/envs/perturbverse/lib/libtinfo.so.6.2
7f1614382000-7f1614393000 r--p 00028000 00:29 30565387481                /home/baker02/miniconda3/envs/perturbverse/lib/libtinfo.so.6.2
7f1614393000-7f1614397000 r--p 00038000 00:29 30565387481                /home/baker02/miniconda3/envs/perturbverse/lib/libtinfo.so.6.2
7f1614397000-7f1614398000 rw-p 0003c000 00:29 30565387481                /home/baker02/miniconda3/envs/perturbverse/lib/libtinfo.so.6.2
7f1614398000-7f161439b000 rw-p 00000000 00:00 0 
7f161439b000-7f161439e000 r--p 00000000 00:29 21517539077                /home/baker02/miniconda3/envs/perturbverse/lib/libz.so.1.2.11
7f161439e000-7f16143ac000 r-xp 00003000 00:29 21517539077                /home/baker02/miniconda3/envs/perturbverse/lib/libz.so.1.2.11
7f16143ac000-7f16143b2000 r--p 00011000 00:29 21517539077                /home/baker02/miniconda3/envs/perturbverse/lib/libz.so.1.2.11
7f16143b2000-7f16143b3000 ---p 00017000 00:29 21517539077                /home/baker02/miniconda3/envs/perturbverse/lib/libz.so.1.2.11
7f16143b3000-7f16143b4000 r--p 00017000 00:29 21517539077                /home/baker02/miniconda3/envs/perturbverse/lib/libz.so.1.2.11
7f16143b4000-7f16143b5000 rw-p 00018000 00:29 21517539077                /home/baker02/miniconda3/envs/perturbverse/lib/libz.so.1.2.11
7f16143b5000-7f16143b7000 r--p 00000000 00:29 39022991806                /home/baker02/miniconda3/envs/perturbverse/lib/libbz2.so.1.0.8
7f16143b7000-7f16143c5000 r-xp 00002000 00:29 39022991806                /home/baker02/miniconda3/envs/perturbverse/lib/libbz2.so.1.0.8
7f16143c5000-7f16143c7000 r--p 00010000 00:29 39022991806                /home/baker02/miniconda3/envs/perturbverse/lib/libbz2.so.1.0.8
7f16143c7000-7f16143c8000 r--p 00011000 00:29 39022991806                /home/baker02/miniconda3/envs/perturbverse/lib/libbz2.so.1.0.8
7f16143c8000-7f16143c9000 rw-p 00012000 00:29 39022991806                /home/baker02/miniconda3/envs/perturbverse/lib/libbz2.so.1.0.8
7f16143c9000-7f16143ca000 rw-p 00000000 00:00 0 
7f16143ca000-7f16143ce000 r--p 00000000 00:29 26057311789                /home/baker02/miniconda3/envs/perturbverse/lib/liblzma.so.5.2.5
7f16143ce000-7f16143e5000 r-xp 00004000 00:29 26057311789                /home/baker02/miniconda3/envs/perturbverse/lib/liblzma.so.5.2.5
7f16143e5000-7f16143f0000 r--p 0001b000 00:29 26057311789                /home/baker02/miniconda3/envs/perturbverse/lib/liblzma.so.5.2.5
7f16143f0000-7f16143f1000 ---p 00026000 00:29 26057311789                /home/baker02/miniconda3/envs/perturbverse/lib/liblzma.so.5.2.5
7f16143f1000-7f16143f2000 r--p 00026000 00:29 26057311789                /home/baker02/miniconda3/envs/perturbverse/lib/liblzma.so.5.2.5
7f16143f2000-7f16143f3000 rw-p 00027000 00:29 26057311789                /home/baker02/miniconda3/envs/perturbverse/lib/liblzma.so.5.2.5
7f16143f3000-7f16143f7000 r--p 00000000 00:29 17852451162                /home/baker02/miniconda3/envs/perturbverse/lib/libpcre2-8.so.0.10.1
7f16143f7000-7f161446c000 r-xp 00004000 00:29 17852451162                /home/baker02/miniconda3/envs/perturbverse/lib/libpcre2-8.so.0.10.1
7f161446c000-7f1614495000 r--p 00079000 00:29 17852451162                /home/baker02/miniconda3/envs/perturbverse/lib/libpcre2-8.so.0.10.1
7f1614495000-7f1614496000 ---p 000a2000 00:29 17852451162                /home/baker02/miniconda3/envs/perturbverse/lib/libpcre2-8.so.0.10.1
7f1614496000-7f1614497000 r--p 000a2000 00:29 17852451162                /home/baker02/miniconda3/envs/perturbverse/lib/libpcre2-8.so.0.10.1
7f1614497000-7f1614498000 rw-p 000a3000 00:29 17852451162                /home/baker02/miniconda3/envs/perturbverse/lib/libpcre2-8.so.0.10.1
7f1614498000-7f16144b0000 r--p 00000000 00:29 15359229530                /home/baker02/miniconda3/envs/perturbverse/lib/libreadline.so.8.1
7f16144b0000-7f16144da000 r-xp 00018000 00:29 15359229530                /home/baker02/miniconda3/envs/perturbverse/lib/libreadline.so.8.1
7f16144da000-7f16144e4000 r--p 00042000 00:29 15359229530                /home/baker02/miniconda3/envs/perturbverse/lib/libreadline.so.8.1
7f16144e4000-7f16144e7000 r--p 0004b000 00:29 15359229530                /home/baker02/miniconda3/envs/perturbverse/lib/libreadline.so.8.1
7f16144e7000-7f16144ed000 rw-p 0004e000 00:29 15359229530                /home/baker02/miniconda3/envs/perturbverse/lib/libreadline.so.8.1
7f16144ed000-7f16144ef000 rw-p 00000000 00:00 0 
7f16144ef000-7f16144f9000 r--p 00000000 00:29 844179697                  /home/baker02/miniconda3/envs/perturbverse/lib/libgomp.so.1.0.0
7f16144f9000-7f1614510000 r-xp 0000a000 00:29 844179697                  /home/baker02/miniconda3/envs/perturbverse/lib/libgomp.so.1.0.0
7f1614510000-7f1614519000 r--p 00021000 00:29 844179697                  /home/baker02/miniconda3/envs/perturbverse/lib/libgomp.so.1.0.0
7f1614519000-7f161451a000 ---p 0002a000 00:29 844179697                  /home/baker02/miniconda3/envs/perturbverse/lib/libgomp.so.1.0.0
7f161451a000-7f161451b000 r--p 0002a000 00:29 844179697                  /home/baker02/miniconda3/envs/perturbverse/lib/libgomp.so.1.0.0
7f161451b000-7f161451c000 rw-p 0002b000 00:29 844179697                  /home/baker02/miniconda3/envs/perturbverse/lib/libgomp.so.1.0.0
7f161451c000-7f161451e000 rw-p 00000000 00:00 0 
7f161451e000-7f161451f000 r--p 00000000 00:29 266102369                  /home/baker02/miniconda3/envs/perturbverse/lib/R/library/base64url/libs/base64url.so
7f161451f000-7f1614520000 r-xp 00001000 00:29 266102369                  /home/baker02/miniconda3/envs/perturbverse/lib/R/library/base64url/libs/base64url.so
7f1614520000-7f1614521000 r--p 00002000 00:29 266102369                  /home/baker02/miniconda3/envs/perturbverse/lib/R/library/base64url/libs/base64url.so
7f1614521000-7f1614522000 r--p 00002000 00:29 266102369                  /home/baker02/miniconda3/envs/perturbverse/lib/R/library/base64url/libs/base64url.so
7f1614522000-7f1614523000 rw-p 00003000 00:29 266102369                  /home/baker02/miniconda3/envs/perturbverse/lib/R/library/base64url/libs/base64url.so
7f1614523000-7f1614524000 r--p 00000000 00:29 9026163026                 /home/baker02/miniconda3/envs/perturbverse/lib/R/library/backports/libs/backports.so
7f1614524000-7f1614525000 r-xp 00001000 00:29 9026163026                 /home/baker02/miniconda3/envs/perturbverse/lib/R/library/backports/libs/backports.so
7f1614525000-7f1614526000 r--p 00002000 00:29 9026163026                 /home/baker02/miniconda3/envs/perturbverse/lib/R/library/backports/libs/backports.so
7f1614526000-7f1614527000 r--p 00002000 00:29 9026163026                 /home/baker02/miniconda3/envs/perturbverse/lib/R/library/backports/libs/backports.so
7f1614527000-7f1614528000 rw-p 00003000 00:29 9026163026                 /home/baker02/miniconda3/envs/perturbverse/lib/R/library/backports/libs/backports.so
7f1614528000-7f161452f000 r--s 00000000 fd:00 524597                     /usr/lib64/gconv/gconv-modules.cache
7f1614530000-7f1614535000 rw-p 00000000 00:00 0 
7f1614535000-7f1614536000 r--p 00021000 fd:00 524720                     /usr/lib64/ld-2.17.so
7f1614536000-7f1614537000 rw-p 00022000 fd:00 524720                     /usr/lib64/ld-2.17.so
7f1614537000-7f1614538000 rw-p 00000000 00:00 0 
7ffda8bbc000-7ffda8cea000 rw-p 00000000 00:00 0                          [stack]
7ffda8d4d000-7ffda8d4f000 r-xp 00000000 00:00 0                          [vdso]
ffffffffff600000-ffffffffff601000 r-xp 00000000 00:00 0                  [vsyscall]
/var/tmp/slurmd.spool/job14373916/slurm_script: line 11: 15298 Aborted                 "/home/baker02/miniconda3/envs/perturbverse/bin/Rscript" -e 'batchtools::doJobCollection("/mnt/scratcha/fmlab/baker02/crigen/notebooks/.future/20210809_134404-tiKLSW/batchtools_2043082439/jobs/jobd794c3b8e48129f6b4aeef65e41857af.rds")'
