[I 2021-06-01 09:32:24.186 ServerApp] jupyterlab | extension was successfully linked.
[I 2021-06-01 09:32:25.669 ServerApp] nbclassic | extension was successfully linked.
[I 2021-06-01 09:32:25.729 LabApp] JupyterLab extension loaded from /home/baker02/miniconda3/envs/tidyscreen/lib/python3.9/site-packages/jupyterlab
[I 2021-06-01 09:32:25.729 LabApp] JupyterLab application directory is /home/baker02/miniconda3/envs/tidyscreen/share/jupyter/lab
[I 2021-06-01 09:32:25.733 ServerApp] jupyterlab | extension was successfully loaded.
[I 2021-06-01 09:32:25.776 ServerApp] nbclassic | extension was successfully loaded.
[I 2021-06-01 09:32:25.779 ServerApp] Serving notebooks from local directory: /mnt/scratcha/fmlab/baker02/crigen
[I 2021-06-01 09:32:25.779 ServerApp] Jupyter Server 1.6.1 is running at:
[I 2021-06-01 09:32:25.779 ServerApp] http://clust1-node-10:9858/lab
[I 2021-06-01 09:32:25.779 ServerApp]     http://127.0.0.1:9858/lab
[I 2021-06-01 09:32:25.779 ServerApp] Use Control-C to stop this server and shut down all kernels (twice to skip confirmation).
[I 2021-06-01 09:34:37.268 ServerApp] 302 GET / (10.20.236.34) 0.63ms
[I 2021-06-01 09:34:37.304 LabApp] 302 GET /lab? (10.20.236.34) 1.33ms
[I 2021-06-01 09:34:40.658 ServerApp] 302 POST /login?next=%2Flab%3F (10.20.236.34) 1.69ms
[W 2021-06-01 09:34:47.964 LabApp] Could not determine jupyterlab build status without nodejs
[W 2021-06-01 09:34:49.913 ServerApp] 404 GET /api/contents/notebooks/eda_ml_models.ipynb?content=0&1622536493619 (10.20.236.34): No such file or directory: notebooks/eda_ml_models.ipynb
[W 2021-06-01 09:34:49.914 ServerApp] No such file or directory: notebooks/eda_ml_models.ipynb
[W 2021-06-01 09:34:49.914 ServerApp] 404 GET /api/contents/notebooks/eda_ml_models.ipynb?content=0&1622536493619 (10.20.236.34) 2.12ms referer=http://localhost:9858/lab?
[W 2021-06-01 09:34:50.869 ServerApp] 404 GET /api/contents/data/by_pitcher?1622536494376 (10.20.236.34): No such file or directory: data/by_pitcher
[W 2021-06-01 09:34:50.869 ServerApp] No such file or directory: data/by_pitcher
[W 2021-06-01 09:34:50.869 ServerApp] 404 GET /api/contents/data/by_pitcher?1622536494376 (10.20.236.34) 1.72ms referer=http://localhost:9858/lab?
[W 2021-06-01 11:31:16.843 LabApp] Could not determine jupyterlab build status without nodejs
[W 2021-06-01 11:31:18.223 ServerApp] 404 GET /api/contents/notebooks/Edwards_DEGs.ipynb?content=0&1622543478119 (10.20.236.34): No such file or directory: notebooks/Edwards_DEGs.ipynb
[W 2021-06-01 11:31:18.223 ServerApp] No such file or directory: notebooks/Edwards_DEGs.ipynb
[W 2021-06-01 11:31:18.224 ServerApp] 404 GET /api/contents/notebooks/Edwards_DEGs.ipynb?content=0&1622543478119 (10.20.236.34) 1.99ms referer=http://localhost:9858/lab
[W 2021-06-01 11:31:18.268 ServerApp] 404 GET /api/contents/notebooks/Edwards_GSEA.ipynb?content=0&1622543478125 (10.20.236.34): No such file or directory: notebooks/Edwards_GSEA.ipynb
[W 2021-06-01 11:31:18.268 ServerApp] No such file or directory: notebooks/Edwards_GSEA.ipynb
[W 2021-06-01 11:31:18.268 ServerApp] 404 GET /api/contents/notebooks/Edwards_GSEA.ipynb?content=0&1622543478125 (10.20.236.34) 1.68ms referer=http://localhost:9858/lab
[W 2021-06-01 11:31:18.294 ServerApp] 404 GET /api/contents/notebooks/using_slurm_for_dea.R?content=0&1622543478136 (10.20.236.34): No such file or directory: notebooks/using_slurm_for_dea.R
[W 2021-06-01 11:31:18.294 ServerApp] No such file or directory: notebooks/using_slurm_for_dea.R
[W 2021-06-01 11:31:18.294 ServerApp] 404 GET /api/contents/notebooks/using_slurm_for_dea.R?content=0&1622543478136 (10.20.236.34) 1.67ms referer=http://localhost:9858/lab
[I 2021-06-01 12:08:27.838 ServerApp] Kernel started: 845e8b01-f218-4df8-9b96-3bdbf5d3bf0c
[I 2021-06-01 12:09:01.910 ServerApp] Saving file at /notebooks/crigen_design_experiment_test.ipynb
[I 2021-06-01 12:11:02.067 ServerApp] Saving file at /notebooks/crigen_design_experiment_test.ipynb
[I 2021-06-01 12:12:04.732 ServerApp] Saving file at /notebooks/crigen_design_experiment_test.ipynb
[I 2021-06-01 12:14:02.761 ServerApp] Saving file at /notebooks/crigen_design_experiment_test.ipynb
[I 2021-06-01 12:15:07.041 ServerApp] Saving file at /R/create_cellpops.R
[I 2021-06-01 12:15:12.639 ServerApp] Saving file at /R/create_cellpops.R
[I 2021-06-01 12:15:22.832 ServerApp] Saving file at /notebooks/crigen_design_experiment_test.ipynb
[I 2021-06-01 12:15:25.119 ServerApp] Saving file at /notebooks/crigen_design_experiment_test.ipynb
[I 2021-06-01 12:17:35.206 ServerApp] Saving file at /notebooks/crigen_design_experiment_test.ipynb
[I 2021-06-01 12:17:41.758 ServerApp] Kernel restarted: 845e8b01-f218-4df8-9b96-3bdbf5d3bf0c
trying URL 'https://github.com/dynverse/dyngen/raw/data_files/regulatorycircuits_27_astrocytes_pigment_cells.rds'
Content type 'application/octet-stream' length 1343648 bytes (1.3 MB)
==================================================
downloaded 1.3 MB

[I 2021-06-01 12:17:56.169 ServerApp] Saving file at /notebooks/crigen_design_experiment_test.ipynb
Error in x$.self$finalize() : attempt to apply non-function
Error in x$.self$finalize() : attempt to apply non-function
Error in x$.self$finalize() : attempt to apply non-function
Error in x$.self$finalize() : attempt to apply non-function
Error in (function (x)  : attempt to apply non-function
[I 2021-06-01 12:19:34.518 ServerApp] Saving file at /notebooks/crigen_design_experiment_test.ipynb
[I 2021-06-01 12:20:08.174 ServerApp] Saving file at /R/create_experiment.R
[I 2021-06-01 12:20:09.919 ServerApp] Saving file at /R/create_experiment.R
[I 2021-06-01 12:22:17.086 ServerApp] Kernel restarted: 845e8b01-f218-4df8-9b96-3bdbf5d3bf0c
[I 2021-06-01 12:22:20.236 ServerApp] Saving file at /notebooks/crigen_design_experiment_test.ipynb
[I 2021-06-01 12:22:27.151 ServerApp] Saving file at /notebooks/crigen_design_experiment_test.ipynb
trying URL 'https://github.com/dynverse/dyngen/raw/data_files/regulatorycircuits_03_adult_forebrain.rds'
Content type 'application/octet-stream' length 1340800 bytes (1.3 MB)
==================================================
downloaded 1.3 MB

[I 2021-06-01 12:24:03.629 ServerApp] Saving file at /R/create_experiment.R
[I 2021-06-01 12:24:27.298 ServerApp] Saving file at /notebooks/crigen_design_experiment_test.ipynb
[I 2021-06-01 12:25:05.240 ServerApp] Kernel restarted: 845e8b01-f218-4df8-9b96-3bdbf5d3bf0c
trying URL 'https://github.com/dynverse/dyngen/raw/data_files/regulatorycircuits_03_adult_forebrain.rds'
Content type 'application/octet-stream' length 1340800 bytes (1.3 MB)
==================================================
downloaded 1.3 MB

[I 2021-06-01 12:26:27.454 ServerApp] Saving file at /notebooks/crigen_design_experiment_test.ipynb
[I 2021-06-01 12:27:44.809 ServerApp] Saving file at /R/design_experiment.R
[I 2021-06-01 12:28:00.982 ServerApp] Saving file at /R/design_experiment.R
[I 2021-06-01 12:28:04.936 ServerApp] Saving file at /R/design_experiment.R
[I 2021-06-01 12:28:18.516 ServerApp] Saving file at /R/design_experiment.R
[I 2021-06-01 12:28:38.779 ServerApp] Saving file at /R/design_experiment.R
[I 2021-06-01 12:29:09.780 ServerApp] Saving file at /R/create_experiment.R
[I 2021-06-01 12:30:05.869 ServerApp] Saving file at /R/create_experiment.R
[I 2021-06-01 12:30:08.694 ServerApp] Saving file at /R/create_experiment.R
[I 2021-06-01 12:30:12.133 ServerApp] Saving file at /R/create_experiment.R
[I 2021-06-01 12:30:14.787 ServerApp] Saving file at /R/create_experiment.R
[I 2021-06-01 12:30:35.173 ServerApp] Saving file at /R/create_experiment.R
[I 2021-06-01 12:30:42.061 ServerApp] Saving file at /R/create_experiment.R
[I 2021-06-01 12:30:45.254 ServerApp] Saving file at /R/create_experiment.R
[I 2021-06-01 12:52:06.428 ServerApp] Kernel restarted: 845e8b01-f218-4df8-9b96-3bdbf5d3bf0c
[I 2021-06-01 12:52:35.612 ServerApp] Saving file at /notebooks/crigen_design_experiment_test.ipynb
[I 2021-06-01 12:55:02.942 ServerApp] Saving file at /R/design_experiment.R
[I 2021-06-01 12:55:20.618 ServerApp] Saving file at /R/design_experiment.R
[I 2021-06-01 12:55:26.889 ServerApp] Saving file at /R/design_experiment.R
[I 2021-06-01 12:56:31.614 ServerApp] Kernel restarted: 845e8b01-f218-4df8-9b96-3bdbf5d3bf0c
[I 2021-06-01 12:56:36.102 ServerApp] Saving file at /notebooks/crigen_design_experiment_test.ipynb
trying URL 'https://github.com/dynverse/dyngen/raw/data_files/regulatorycircuits_19_liver_kidney.rds'
Content type 'application/octet-stream' length 1301372 bytes (1.2 MB)
==================================================
downloaded 1.2 MB

[I 2021-06-01 12:58:36.254 ServerApp] Saving file at /notebooks/crigen_design_experiment_test.ipynb
[I 2021-06-01 13:00:20.924 ServerApp] Saving file at /R/create_model.R
[I 2021-06-01 13:00:33.682 ServerApp] Saving file at /R/create_model.R
[I 2021-06-01 13:01:27.240 ServerApp] Saving file at /R/create_model.R
[I 2021-06-01 13:01:29.344 ServerApp] Saving file at /R/create_model.R
[I 2021-06-01 13:03:38.335 ServerApp] Kernel restarted: 845e8b01-f218-4df8-9b96-3bdbf5d3bf0c
trying URL 'https://github.com/dynverse/dyngen/raw/data_files/regulatorycircuits_03_adult_forebrain.rds'
Content type 'application/octet-stream' length 1340800 bytes (1.3 MB)
==================================================
downloaded 1.3 MB

[I 2021-06-01 13:04:36.745 ServerApp] Saving file at /notebooks/crigen_design_experiment_test.ipynb
[I 2021-06-01 13:06:36.963 ServerApp] Saving file at /notebooks/crigen_design_experiment_test.ipynb
[I 2021-06-01 13:08:37.115 ServerApp] Saving file at /notebooks/crigen_design_experiment_test.ipynb
[I 2021-06-01 13:08:42.801 ServerApp] Saving file at /notebooks/crigen_design_experiment_test.ipynb
[I 2021-06-01 13:09:20.546 ServerApp] Saving file at /notebooks/crigen_design_experiment_test.ipynb
[I 2021-06-01 13:09:32.644 ServerApp] Saving file at /notebooks/crigen_design_experiment_test.ipynb
sbatch: error: Batch job submission failed: Invalid job array specification
[I 2021-06-01 13:09:35.692 ServerApp] Saving file at /notebooks/crigen_design_experiment_test.ipynb
[I 2021-06-01 13:09:46.133 ServerApp] Saving file at /R/simulate_experiment.R
[I 2021-06-01 13:10:17.166 ServerApp] Saving file at /R/simulate_experiment.R
[I 2021-06-01 13:10:23.697 ServerApp] Saving file at /R/simulate_experiment.R
[I 2021-06-01 13:10:52.330 ServerApp] Saving file at /R/simulate_experiment.R
[I 2021-06-01 13:10:55.159 ServerApp] Saving file at /R/simulate_experiment.R
[I 2021-06-01 13:11:36.444 ServerApp] Saving file at /notebooks/crigen_design_experiment_test.ipynb
[I 2021-06-01 13:13:10.351 ServerApp] Kernel restarted: 845e8b01-f218-4df8-9b96-3bdbf5d3bf0c
[I 2021-06-01 13:13:36.616 ServerApp] Saving file at /notebooks/crigen_design_experiment_test.ipynb
[I 2021-06-01 13:14:00.877 ServerApp] Saving file at /R/create_model.R
[I 2021-06-01 13:14:06.260 ServerApp] Saving file at /R/create_model.R
[I 2021-06-01 13:14:40.711 ServerApp] Saving file at /R/simulate_experiment.R
[I 2021-06-01 13:14:55.024 ServerApp] Saving file at /notebooks/crigen_design_experiment_test.ipynb
[I 2021-06-01 13:14:57.290 ServerApp] Kernel interrupted: 845e8b01-f218-4df8-9b96-3bdbf5d3bf0c
[I 2021-06-01 13:16:52.438 ServerApp] Kernel restarted: 845e8b01-f218-4df8-9b96-3bdbf5d3bf0c
[I 2021-06-01 13:16:55.157 ServerApp] Saving file at /notebooks/crigen_design_experiment_test.ipynb
[I 2021-06-01 13:18:55.936 ServerApp] Saving file at /notebooks/crigen_design_experiment_test.ipynb
[I 2021-06-01 13:20:32.046 ServerApp] Saving file at /R/simulate_experiment.R
[I 2021-06-01 13:21:01.021 ServerApp] Saving file at /R/simulate_experiment.R
[I 2021-06-01 13:23:01.148 ServerApp] Saving file at /R/simulate_experiment.R
[I 2021-06-01 13:35:48.224 ServerApp] Saving file at /R/simulate_experiment.R
[I 2021-06-01 13:54:03.938 ServerApp] Saving file at /notebooks/crigen_design_experiment_test.ipynb
[I 2021-06-01 13:54:48.632 ServerApp] Saving file at /notebooks/crigen_design_experiment_test.ipynb
[I 2021-06-01 13:54:51.707 ServerApp] Saving file at /notebooks/crigen_design_experiment_test.ipynb
[I 2021-06-01 13:56:51.839 ServerApp] Saving file at /notebooks/crigen_design_experiment_test.ipynb
[I 2021-06-01 13:58:47.059 ServerApp] Saving file at /R/create_model.R
[I 2021-06-01 14:02:52.840 ServerApp] Saving file at /notebooks/crigen_design_experiment_test.ipynb
[I 2021-06-01 14:03:34.834 ServerApp] Saving file at /R/create_experiment.R
[I 2021-06-01 14:03:43.116 ServerApp] Saving file at /R/create_experiment.R
[I 2021-06-01 14:07:07.987 ServerApp] Saving file at /R/create_experiment.R
[I 2021-06-01 14:08:06.182 ServerApp] Saving file at /R/create_experiment.R
[I 2021-06-01 14:08:33.475 ServerApp] Saving file at /R/create_experiment.R
[I 2021-06-01 14:08:35.958 ServerApp] Saving file at /R/create_experiment.R
[W 2021-06-01 14:08:47.630 ServerApp] delete /notebooks/test_crigen.Rds
[W 2021-06-01 14:08:47.631 ServerApp] Skipping trash for /mnt/scratcha/fmlab/baker02/crigen/notebooks/test_crigen.Rds, on different device to home directory
[I 2021-06-01 14:08:53.156 ServerApp] Saving file at /notebooks/crigen_design_experiment_test.ipynb
trying URL 'https://github.com/dynverse/dyngen/raw/data_files/regulatorycircuits_17_adenocarcinoma.rds'
Content type 'application/octet-stream' length 1284780 bytes (1.2 MB)
==================================================
downloaded 1.2 MB

[I 2021-06-01 14:09:00.598 ServerApp] Kernel interrupted: 845e8b01-f218-4df8-9b96-3bdbf5d3bf0c
[I 2021-06-01 14:09:47.405 ServerApp] Saving file at /R/create_experiment.R
[I 2021-06-01 14:10:01.316 ServerApp] Saving file at /R/create_experiment.R
[I 2021-06-01 14:10:06.022 ServerApp] Saving file at /R/create_experiment.R
[I 2021-06-01 14:10:08.020 ServerApp] Saving file at /notebooks/crigen_design_experiment_test.ipynb
[I 2021-06-01 14:17:37.246 ServerApp] Kernel restarted: 845e8b01-f218-4df8-9b96-3bdbf5d3bf0c
trying URL 'https://github.com/dynverse/dyngen/raw/data_files/regulatorycircuits_20_gastrointestinal_system.rds'
Content type 'application/octet-stream' length 1284696 bytes (1.2 MB)
==================================================
downloaded 1.2 MB

[I 2021-06-01 14:17:58.878 ServerApp] Saving file at /notebooks/crigen_design_experiment_test.ipynb
[I 2021-06-01 14:19:59.794 ServerApp] Saving file at /notebooks/crigen_design_experiment_test.ipynb
[I 2021-06-01 14:31:57.736 ServerApp] Saving file at /notebooks/crigen_design_experiment_test.ipynb
[I 2021-06-01 15:01:33.105 ServerApp] Saving file at /R/create_experiment.R
[I 2021-06-01 15:03:09.127 ServerApp] Saving file at /R/simulate_experiment.R
[I 2021-06-01 15:03:34.843 ServerApp] Saving file at /R/simulate_experiment.R
[I 2021-06-01 15:04:04.768 ServerApp] Saving file at /R/simulate_experiment.R
[I 2021-06-01 15:04:05.895 ServerApp] Saving file at /R/simulate_experiment.R
[I 2021-06-01 15:04:27.849 ServerApp] Saving file at /R/simulate_experiment.R
[I 2021-06-01 15:05:24.763 ServerApp] Saving file at /R/simulate_experiment.R
[I 2021-06-01 15:05:33.981 ServerApp] Saving file at /R/simulate_experiment.R
[I 2021-06-01 15:05:44.518 ServerApp] Saving file at /R/simulate_experiment.R
[I 2021-06-01 15:05:51.857 ServerApp] Saving file at /R/simulate_experiment.R
[I 2021-06-01 15:05:55.431 ServerApp] Saving file at /R/simulate_experiment.R
[I 2021-06-01 15:06:04.443 ServerApp] Saving file at /R/simulate_experiment.R
[I 2021-06-01 15:06:07.911 ServerApp] Saving file at /R/simulate_experiment.R
[I 2021-06-01 15:07:32.470 ServerApp] Kernel restarted: 845e8b01-f218-4df8-9b96-3bdbf5d3bf0c
[I 2021-06-01 15:08:03.100 ServerApp] Saving file at /notebooks/crigen_design_experiment_test.ipynb
[I 2021-06-01 15:08:03.140 ServerApp] Saving file at /notebooks/crigen_design_experiment_test.ipynb
[I 2021-06-01 15:09:19.428 ServerApp] Saving file at /R/create_experiment.R
[I 2021-06-01 15:09:23.859 ServerApp] Saving file at /R/create_experiment.R
[I 2021-06-01 15:09:29.731 ServerApp] Saving file at /R/create_experiment.R
[I 2021-06-01 15:09:37.441 ServerApp] Saving file at /R/create_experiment.R
[I 2021-06-01 15:10:51.965 ServerApp] Kernel restarted: 845e8b01-f218-4df8-9b96-3bdbf5d3bf0c
[I 2021-06-01 15:10:54.711 ServerApp] Saving file at /notebooks/crigen_design_experiment_test.ipynb
[I 2021-06-01 15:12:28.239 ServerApp] Saving file at /R/create_experiment.R
[I 2021-06-01 15:12:33.305 ServerApp] Saving file at /R/create_experiment.R
[I 2021-06-01 15:12:39.593 ServerApp] Saving file at /R/create_experiment.R
[I 2021-06-01 15:12:43.717 ServerApp] Saving file at /R/create_experiment.R
[I 2021-06-01 15:12:54.859 ServerApp] Saving file at /notebooks/crigen_design_experiment_test.ipynb
[I 2021-06-01 15:14:05.919 ServerApp] Kernel restarted: 845e8b01-f218-4df8-9b96-3bdbf5d3bf0c
[I 2021-06-01 15:14:55.937 ServerApp] Saving file at /notebooks/crigen_design_experiment_test.ipynb
[I 2021-06-01 15:15:44.270 ServerApp] Saving file at /notebooks/crigen_design_experiment_test.ipynb
[I 2021-06-01 15:16:17.119 ServerApp] Saving file at /R/create_experiment.R
[I 2021-06-01 15:18:07.965 ServerApp] Kernel restarted: 845e8b01-f218-4df8-9b96-3bdbf5d3bf0c
[I 2021-06-01 15:18:51.453 ServerApp] Kernel restarted: 845e8b01-f218-4df8-9b96-3bdbf5d3bf0c
[I 2021-06-01 15:19:44.929 ServerApp] Saving file at /notebooks/crigen_design_experiment_test.ipynb
[I 2021-06-01 15:20:06.908 ServerApp] Saving file at /R/create_experiment.R
[I 2021-06-01 15:20:12.899 ServerApp] Saving file at /R/create_experiment.R
[I 2021-06-01 15:20:20.502 ServerApp] Saving file at /R/create_experiment.R
[I 2021-06-01 15:20:23.058 ServerApp] Saving file at /R/create_experiment.R
[I 2021-06-01 15:20:25.127 ServerApp] Saving file at /R/create_experiment.R
[I 2021-06-01 15:21:46.063 ServerApp] Kernel restarted: 845e8b01-f218-4df8-9b96-3bdbf5d3bf0c
trying URL 'https://github.com/dynverse/dyngen/raw/data_files/regulatorycircuits_14_immune_organs.rds'
Content type 'application/octet-stream' length 1354216 bytes (1.3 MB)
==================================================
downloaded 1.3 MB

[I 2021-06-01 15:23:04.741 ServerApp] Saving file at /R/create_experiment.R
[I 2021-06-01 15:23:06.623 ServerApp] Saving file at /notebooks/crigen_design_experiment_test.ipynb
[I 2021-06-01 15:24:11.275 ServerApp] Kernel restarted: 845e8b01-f218-4df8-9b96-3bdbf5d3bf0c
trying URL 'https://github.com/dynverse/dyngen/raw/data_files/regulatorycircuits_08_connective_tissue_muscle_cells.rds'
Content type 'application/octet-stream' length 1333140 bytes (1.3 MB)
==================================================
downloaded 1.3 MB

[I 2021-06-01 15:25:06.761 ServerApp] Saving file at /notebooks/crigen_design_experiment_test.ipynb
[I 2021-06-01 15:27:06.929 ServerApp] Saving file at /notebooks/crigen_design_experiment_test.ipynb
[I 2021-06-01 15:27:30.082 ServerApp] Saving file at /notebooks/crigen_design_experiment_test.ipynb
[I 2021-06-01 15:27:58.122 ServerApp] Creating new notebook in /notebooks
[I 2021-06-01 15:27:58.835 ServerApp] Kernel started: 534846db-3995-470c-80c7-3909a481dd6a
[I 2021-06-01 15:28:04.977 ServerApp] Saving file at /notebooks/test.ipynb
[I 2021-06-01 15:28:37.180 ServerApp] Saving file at /notebooks/test.ipynb
[I 2021-06-01 15:29:10.720 ServerApp] Saving file at /notebooks/test.ipynb
[I 2021-06-01 15:29:30.411 ServerApp] Saving file at /notebooks/crigen_design_experiment_test.ipynb
[I 2021-06-01 15:29:58.928 ServerApp] Kernel interrupted: 534846db-3995-470c-80c7-3909a481dd6a
[I 2021-06-01 15:31:11.115 ServerApp] Saving file at /notebooks/test.ipynb
[I 2021-06-01 15:31:46.731 ServerApp] Saving file at /R/create_experiment.R
[I 2021-06-01 15:31:49.935 ServerApp] Saving file at /R/create_experiment.R
[I 2021-06-01 15:32:22.903 ServerApp] Saving file at /R/create_experiment.R
[I 2021-06-01 15:32:32.886 ServerApp] Saving file at /notebooks/crigen_design_experiment_test.ipynb
[I 2021-06-01 15:34:09.028 ServerApp] Saving file at /R/simulate_experiment.R
[I 2021-06-01 15:34:16.675 ServerApp] Saving file at /R/simulate_experiment.R
[I 2021-06-01 15:34:18.903 ServerApp] Saving file at /R/simulate_experiment.R
[W 2021-06-01 15:36:03.607 ServerApp] delete /notebooks/test_crigen.Rds
[W 2021-06-01 15:36:03.612 ServerApp] Skipping trash for /mnt/scratcha/fmlab/baker02/crigen/notebooks/test_crigen.Rds, on different device to home directory
trying URL 'https://github.com/dynverse/dyngen/raw/data_files/regulatorycircuits_21_heart.rds'
Content type 'application/octet-stream' length 1339736 bytes (1.3 MB)
==================================================
downloaded 1.3 MB

[I 2021-06-01 15:36:33.022 ServerApp] Saving file at /notebooks/crigen_design_experiment_test.ipynb
[I 2021-06-01 15:36:52.573 ServerApp] Saving file at /notebooks/crigen_design_experiment_test.ipynb
[I 2021-06-01 15:38:52.833 ServerApp] Saving file at /notebooks/crigen_design_experiment_test.ipynb
[I 2021-06-01 15:40:53.092 ServerApp] Saving file at /notebooks/crigen_design_experiment_test.ipynb
[I 2021-06-01 15:41:01.092 ServerApp] Saving file at /R/create_experiment.R
[I 2021-06-01 15:41:18.243 ServerApp] Saving file at /R/create_experiment.R
[I 2021-06-01 15:41:36.112 ServerApp] Saving file at /notebooks/crigen_design_experiment_test.ipynb
[W 2021-06-01 15:42:55.301 ServerApp] delete /notebooks/test_crigen.Rds
[W 2021-06-01 15:42:55.306 ServerApp] Skipping trash for /mnt/scratcha/fmlab/baker02/crigen/notebooks/test_crigen.Rds, on different device to home directory
[I 2021-06-01 15:42:58.295 ServerApp] Kernel restarted: 845e8b01-f218-4df8-9b96-3bdbf5d3bf0c
[I 2021-06-01 15:43:03.155 ServerApp] Saving file at /notebooks/crigen_design_experiment_test.ipynb
[I 2021-06-01 15:43:04.363 ServerApp] Saving file at /notebooks/crigen_design_experiment_test.ipynb
[I 2021-06-01 15:43:05.787 ServerApp] Saving file at /notebooks/crigen_design_experiment_test.ipynb
trying URL 'https://github.com/dynverse/dyngen/raw/data_files/regulatorycircuits_30_extraembryonic_membrane.rds'
Content type 'application/octet-stream' length 1349456 bytes (1.3 MB)
==================================================
downloaded 1.3 MB

[I 2021-06-01 15:45:05.950 ServerApp] Saving file at /notebooks/crigen_design_experiment_test.ipynb
[I 2021-06-01 15:47:06.410 ServerApp] Saving file at /notebooks/crigen_design_experiment_test.ipynb
[I 2021-06-01 15:47:09.542 ServerApp] Saving file at /R/create_model.R
[I 2021-06-01 15:48:27.598 ServerApp] Saving file at /R/create_experiment.R
[I 2021-06-01 15:48:35.517 ServerApp] Saving file at /R/create_experiment.R
[I 2021-06-01 15:48:50.192 ServerApp] Saving file at /R/create_experiment.R
[I 2021-06-01 15:49:33.951 ServerApp] Saving file at /R/create_experiment.R
[I 2021-06-01 15:50:22.967 ServerApp] Saving file at /R/create_experiment.R
[I 2021-06-01 15:50:44.474 ServerApp] Saving file at /R/create_experiment.R
[I 2021-06-01 15:51:06.505 ServerApp] Saving file at /R/create_experiment.R
[I 2021-06-01 15:52:19.519 ServerApp] Saving file at /R/create_experiment.R
[I 2021-06-01 15:52:31.445 ServerApp] Saving file at /R/create_experiment.R
[I 2021-06-01 15:52:38.772 ServerApp] Saving file at /R/create_experiment.R
[I 2021-06-01 15:52:40.029 ServerApp] Saving file at /R/create_experiment.R
[W 2021-06-01 15:52:51.815 ServerApp] delete /notebooks/test_crigen.Rds
[W 2021-06-01 15:52:51.820 ServerApp] Skipping trash for /mnt/scratcha/fmlab/baker02/crigen/notebooks/test_crigen.Rds, on different device to home directory
[I 2021-06-01 15:53:59.198 ServerApp] Kernel restarted: 845e8b01-f218-4df8-9b96-3bdbf5d3bf0c
[I 2021-06-01 15:54:03.904 ServerApp] Saving file at /notebooks/crigen_design_experiment_test.ipynb
trying URL 'https://github.com/dynverse/dyngen/raw/data_files/regulatorycircuits_26_neuron-associated_cells_cancer.rds'
Content type 'application/octet-stream' length 1316868 bytes (1.3 MB)
==================================================
downloaded 1.3 MB

[I 2021-06-01 15:54:13.803 ServerApp] Saving file at /notebooks/crigen_design_experiment_test.ipynb
[I 2021-06-01 15:56:03.256 ServerApp] Saving file at /R/create_experiment.R
[I 2021-06-01 15:56:13.934 ServerApp] Saving file at /notebooks/crigen_design_experiment_test.ipynb
[I 2021-06-01 15:56:21.286 ServerApp] Saving file at /R/create_experiment.R
[I 2021-06-01 15:56:26.314 ServerApp] Saving file at /R/create_experiment.R
[I 2021-06-01 15:56:47.695 ServerApp] Saving file at /R/create_experiment.R
[I 2021-06-01 15:56:49.007 ServerApp] Saving file at /R/create_experiment.R
[I 2021-06-01 15:57:04.181 ServerApp] Saving file at /R/create_experiment.R
[I 2021-06-01 15:57:08.264 ServerApp] Saving file at /R/create_experiment.R
[I 2021-06-01 15:57:39.294 ServerApp] Saving file at /R/create_model.R
[I 2021-06-01 15:57:50.302 ServerApp] Saving file at /R/create_model.R
[I 2021-06-01 15:57:52.276 ServerApp] Saving file at /R/create_model.R
[I 2021-06-01 15:58:53.290 ServerApp] Kernel restarted: 845e8b01-f218-4df8-9b96-3bdbf5d3bf0c
[I 2021-06-01 15:59:01.628 ServerApp] Saving file at /notebooks/crigen_design_experiment_test.ipynb
trying URL 'https://github.com/dynverse/dyngen/raw/data_files/regulatorycircuits_06_endothelial_cells.rds'
Content type 'application/octet-stream' length 1342924 bytes (1.3 MB)
==================================================
downloaded 1.3 MB

[I 2021-06-01 15:59:27.258 ServerApp] Saving file at /R/create_model.R
[I 2021-06-01 15:59:29.844 ServerApp] Saving file at /R/create_model.R
[I 2021-06-01 15:59:31.955 ServerApp] Saving file at /notebooks/crigen_design_experiment_test.ipynb
Error in x$.self$finalize() : attempt to apply non-function
Error in x$.self$finalize() : attempt to apply non-function
Error in x$.self$finalize() : attempt to apply non-function
Error in x$.self$finalize() : attempt to apply non-function
Error in (function (x)  : attempt to apply non-function
[I 2021-06-01 16:01:32.976 ServerApp] Saving file at /notebooks/crigen_design_experiment_test.ipynb
[I 2021-06-01 16:01:51.042 ServerApp] Saving file at /R/create_experiment.R
[I 2021-06-01 16:01:52.686 ServerApp] Saving file at /R/create_experiment.R
[I 2021-06-01 16:02:49.236 ServerApp] Kernel restarted: 845e8b01-f218-4df8-9b96-3bdbf5d3bf0c
trying URL 'https://github.com/dynverse/dyngen/raw/data_files/regulatorycircuits_27_astrocytes_pigment_cells.rds'
Content type 'application/octet-stream' length 1343648 bytes (1.3 MB)
==================================================
downloaded 1.3 MB

[I 2021-06-01 16:03:34.165 ServerApp] Saving file at /notebooks/crigen_design_experiment_test.ipynb
[I 2021-06-01 16:05:18.410 ServerApp] Saving file at /R/create_experiment.R
[I 2021-06-01 16:05:34.348 ServerApp] Saving file at /notebooks/crigen_design_experiment_test.ipynb
[I 2021-06-01 16:05:48.487 ServerApp] Saving file at /R/create_experiment.R
[W 2021-06-01 16:05:54.663 ServerApp] delete /notebooks/test_crigen.Rds
[W 2021-06-01 16:05:54.663 ServerApp] Skipping trash for /mnt/scratcha/fmlab/baker02/crigen/notebooks/test_crigen.Rds, on different device to home directory
[I 2021-06-01 16:05:56.869 ServerApp] Saving file at /notebooks/crigen_design_experiment_test.ipynb
[I 2021-06-01 16:06:16.664 ServerApp] Saving file at /R/create_model.R
[I 2021-06-01 16:06:22.583 ServerApp] Saving file at /R/create_model.R
[I 2021-06-01 16:06:34.572 ServerApp] Saving file at /R/create_experiment.R
[I 2021-06-01 16:06:37.662 ServerApp] Saving file at /R/create_experiment.R
[I 2021-06-01 16:07:41.132 ServerApp] Kernel restarted: 845e8b01-f218-4df8-9b96-3bdbf5d3bf0c
[I 2021-06-01 16:07:45.232 ServerApp] Saving file at /notebooks/crigen_design_experiment_test.ipynb
[I 2021-06-01 16:07:50.391 ServerApp] Saving file at /notebooks/crigen_design_experiment_test.ipynb
trying URL 'https://github.com/dynverse/dyngen/raw/data_files/regulatorycircuits_13_lymphoma.rds'
Content type 'application/octet-stream' length 1334040 bytes (1.3 MB)
==================================================
downloaded 1.3 MB

[I 2021-06-01 16:08:18.380 ServerApp] Saving file at /R/create_experiment.R
[I 2021-06-01 16:08:23.232 ServerApp] Saving file at /R/create_experiment.R
[I 2021-06-01 16:08:28.168 ServerApp] Saving file at /R/create_experiment.R
[I 2021-06-01 16:08:32.539 ServerApp] Saving file at /notebooks/crigen_design_experiment_test.ipynb
[I 2021-06-01 16:10:32.706 ServerApp] Saving file at /notebooks/crigen_design_experiment_test.ipynb
[I 2021-06-01 16:10:33.515 ServerApp] Kernel restarted: 845e8b01-f218-4df8-9b96-3bdbf5d3bf0c
trying URL 'https://github.com/dynverse/dyngen/raw/data_files/regulatorycircuits_14_immune_organs.rds'
Content type 'application/octet-stream' length 1354216 bytes (1.3 MB)
==================================================
downloaded 1.3 MB

[I 2021-06-01 16:12:28.289 ServerApp] Saving file at /R/create_experiment.R
[I 2021-06-01 16:12:32.893 ServerApp] Saving file at /notebooks/crigen_design_experiment_test.ipynb
[I 2021-06-01 16:12:48.886 ServerApp] Saving file at /R/create_experiment.R
[I 2021-06-01 16:12:51.105 ServerApp] Saving file at /R/create_experiment.R
[I 2021-06-01 16:12:54.519 ServerApp] Saving file at /R/create_experiment.R
[I 2021-06-01 16:13:42.834 ServerApp] Saving file at /R/create_experiment.R
[I 2021-06-01 16:14:10.107 ServerApp] Saving file at /R/create_experiment.R
[I 2021-06-01 16:14:28.611 ServerApp] Saving file at /R/create_experiment.R
[I 2021-06-01 16:14:31.638 ServerApp] Saving file at /R/create_experiment.R
[I 2021-06-01 16:15:19.873 ServerApp] Saving file at /R/create_experiment.R
[I 2021-06-01 16:16:44.635 ServerApp] Kernel restarted: 845e8b01-f218-4df8-9b96-3bdbf5d3bf0c
trying URL 'https://github.com/dynverse/dyngen/raw/data_files/regulatorycircuits_06_endothelial_cells.rds'
Content type 'application/octet-stream' length 1342924 bytes (1.3 MB)
==================================================
downloaded 1.3 MB

[I 2021-06-01 16:17:02.643 ServerApp] Saving file at /notebooks/crigen_design_experiment_test.ipynb
[I 2021-06-01 16:17:22.088 ServerApp] Saving file at /notebooks/crigen_design_experiment_test.ipynb
Error in x$.self$finalize() : attempt to apply non-function
Error in x$.self$finalize() : attempt to apply non-function
Error in x$.self$finalize() : attempt to apply non-function
Error in x$.self$finalize() : attempt to apply non-function
Error in (function (x)  : attempt to apply non-function
[I 2021-06-01 16:19:06.062 ServerApp] Saving file at /notebooks/crigen_design_experiment_test.ipynb
[I 2021-06-01 16:19:08.557 ServerApp] Kernel interrupted: 845e8b01-f218-4df8-9b96-3bdbf5d3bf0c
[I 2021-06-01 16:19:09.470 ServerApp] Kernel interrupted: 845e8b01-f218-4df8-9b96-3bdbf5d3bf0c
[I 2021-06-01 16:19:09.514 ServerApp] Kernel interrupted: 845e8b01-f218-4df8-9b96-3bdbf5d3bf0c
[I 2021-06-01 16:19:11.248 ServerApp] Kernel interrupted: 845e8b01-f218-4df8-9b96-3bdbf5d3bf0c
[I 2021-06-01 16:19:12.088 ServerApp] Kernel interrupted: 845e8b01-f218-4df8-9b96-3bdbf5d3bf0c
[I 2021-06-01 16:19:12.284 ServerApp] Kernel interrupted: 845e8b01-f218-4df8-9b96-3bdbf5d3bf0c
[I 2021-06-01 16:19:16.056 ServerApp] Kernel restarted: 845e8b01-f218-4df8-9b96-3bdbf5d3bf0c
[I 2021-06-01 16:19:16.368 ServerApp] Saving file at /notebooks/crigen_design_experiment_test.ipynb
[I 2021-06-01 16:19:24.173 ServerApp] Saving file at /notebooks/crigen_design_experiment_test.ipynb
trying URL 'https://github.com/dynverse/dyngen/raw/data_files/regulatorycircuits_04_mesenchymal_mixed.rds'
Content type 'application/octet-stream' length 1258988 bytes (1.2 MB)
==================================================
downloaded 1.2 MB

[I 2021-06-01 16:19:59.851 ServerApp] Saving file at /notebooks/crigen_design_experiment_test.ipynb
[I 2021-06-01 16:20:06.094 ServerApp] Starting buffering for 534846db-3995-470c-80c7-3909a481dd6a:7537ac9a-a6d8-49ce-9045-bc4cd0b0801d
[I 2021-06-01 16:22:00.652 ServerApp] Saving file at /notebooks/crigen_design_experiment_test.ipynb
[W 2021-06-01 17:29:46.314 ServerApp] WebSocket ping timeout after 119972 ms.
[W 2021-06-01 17:29:58.835 ServerApp] WebSocket ping timeout after 119936 ms.
[I 2021-06-01 17:30:03.838 ServerApp] Starting buffering for 845e8b01-f218-4df8-9b96-3bdbf5d3bf0c:0b07ef04-5f9d-416a-9f02-c4464e13d169
[I 2021-06-01 17:31:12.031 ServerApp] Saving file at /notebooks/crigen_design_experiment_test.ipynb
[I 2021-06-01 17:31:13.591 ServerApp] Saving file at /notebooks/crigen_design_experiment_test.ipynb
[I 2021-06-01 18:31:08.704 ServerApp] Starting buffering for 845e8b01-f218-4df8-9b96-3bdbf5d3bf0c:554e9dfa-2ec0-4dd1-9fcb-e998546cf30b
slurmstepd: error: *** JOB 13888273 ON clust1-node-10 CANCELLED AT 2021-06-02T09:01:26 ***
