[I 2021-07-21 09:29:24.338 ServerApp] jupyterlab | extension was successfully linked.
[I 2021-07-21 09:29:24.708 ServerApp] nbclassic | extension was successfully linked.
[I 2021-07-21 09:29:24.751 LabApp] JupyterLab extension loaded from /home/baker02/miniconda3/envs/perturbverse/lib/python3.9/site-packages/jupyterlab
[I 2021-07-21 09:29:24.751 LabApp] JupyterLab application directory is /home/baker02/miniconda3/envs/perturbverse/share/jupyter/lab
[I 2021-07-21 09:29:24.755 ServerApp] jupyterlab | extension was successfully loaded.
[I 2021-07-21 09:29:24.762 ServerApp] nbclassic | extension was successfully loaded.
[I 2021-07-21 09:29:24.765 ServerApp] Serving notebooks from local directory: /mnt/scratcha/fmlab/baker02/crigen
[I 2021-07-21 09:29:24.766 ServerApp] Jupyter Server 1.4.1 is running at:
[I 2021-07-21 09:29:24.766 ServerApp] http://clust1-node-1:9291/lab
[I 2021-07-21 09:29:24.766 ServerApp]  or http://127.0.0.1:9291/lab
[I 2021-07-21 09:29:24.766 ServerApp] Use Control-C to stop this server and shut down all kernels (twice to skip confirmation).
[I 2021-07-21 09:29:41.663 ServerApp] 302 GET / (10.20.236.34) 0.59ms
[I 2021-07-21 09:29:41.673 LabApp] 302 GET /lab? (10.20.236.34) 1.01ms
[I 2021-07-21 09:29:51.304 ServerApp] 302 POST /login?next=%2Flab%3F (10.20.236.34) 1.40ms
[W 2021-07-21 09:29:54.026 LabApp] Could not determine jupyterlab build status without nodejs
[I 2021-07-21 09:29:58.305 ServerApp] Kernel started: 6685b7cf-e754-4a8f-b9cb-4bde0dc2067d

   File /Users/baker02/.Renviron contains invalid line(s)
      p_TpE3coAkixZazRvxL8JA7fTyuhni0Z0Je12X1
   They were ignored

[I 2021-07-21 10:08:51.865 ServerApp] Saving file at /notebooks/refactor_crigen.ipynb
[I 2021-07-21 10:39:42.402 ServerApp] Creating new file in /notebooks
[W 2021-07-21 10:39:46.219 ServerApp] delete /notebooks/untitled.txt
[W 2021-07-21 10:39:46.219 ServerApp] Skipping trash for /mnt/scratcha/fmlab/baker02/crigen/notebooks/untitled.txt, on different device to home directory
[I 2021-07-21 10:39:48.900 ServerApp] Creating new notebook in /notebooks
[I 2021-07-21 10:39:49.879 ServerApp] Kernel started: 7d5baa87-21d2-44e9-a620-212dd450edb4

   File /Users/baker02/.Renviron contains invalid line(s)
      p_TpE3coAkixZazRvxL8JA7fTyuhni0Z0Je12X1
   They were ignored

[I 2021-07-21 10:40:38.528 ServerApp] Saving file at /notebooks/playing_with_pbapply.ipynb
[I 2021-07-21 10:42:39.489 ServerApp] Saving file at /notebooks/playing_with_pbapply.ipynb
[I 2021-07-21 10:42:52.212 ServerApp] Saving file at /notebooks/playing_with_pbapply.ipynb
[I 2021-07-21 10:43:39.354 ServerApp] Saving file at /notebooks/playing_with_pbapply.ipynb
[I 2021-07-21 10:45:17.658 ServerApp] Saving file at /notebooks/playing_with_pbapply.ipynb
[I 2021-07-21 10:45:48.828 ServerApp] Saving file at /notebooks/playing_with_pbapply.ipynb
[I 2021-07-21 11:11:29.381 ServerApp] Saving file at /notebooks/playing_with_pbapply.ipynb
[I 2021-07-21 11:12:26.336 ServerApp] Saving file at /notebooks/playing_with_pbapply.ipynb
[I 2021-07-21 11:13:10.554 ServerApp] Saving file at /notebooks/playing_with_pbapply.ipynb
[I 2021-07-21 11:13:44.369 ServerApp] Creating new file in /notebooks
[I 2021-07-21 11:13:56.522 ServerApp] Saving file at /notebooks/slurm-simple.tmpl
[I 2021-07-21 11:14:06.948 ServerApp] Saving file at /notebooks/slurm-simple.tmpl
[I 2021-07-21 11:15:47.128 ServerApp] Saving file at /notebooks/playing_with_pbapply.ipynb
[I 2021-07-21 11:16:02.419 ServerApp] Saving file at /notebooks/playing_with_pbapply.ipynb
[I 2021-07-21 11:16:37.457 ServerApp] Saving file at /notebooks/playing_with_pbapply.ipynb
[I 2021-07-21 11:16:45.348 ServerApp] Saving file at /notebooks/playing_with_pbapply.ipynb
[I 2021-07-21 11:16:49.983 ServerApp] Saving file at /notebooks/playing_with_pbapply.ipynb
[I 2021-07-21 11:18:50.068 ServerApp] Saving file at /notebooks/playing_with_pbapply.ipynb
[I 2021-07-21 11:19:49.679 ServerApp] Saving file at /notebooks/playing_with_pbapply.ipynb
[I 2021-07-21 11:19:52.560 ServerApp] Saving file at /notebooks/playing_with_pbapply.ipynb
[I 2021-07-21 11:20:14.454 ServerApp] Saving file at /notebooks/playing_with_pbapply.ipynb
[I 2021-07-21 11:21:24.649 ServerApp] Saving file at /notebooks/playing_with_pbapply.ipynb
[I 2021-07-21 11:21:39.370 ServerApp] Saving file at /notebooks/playing_with_pbapply.ipynb
[I 2021-07-21 11:21:57.859 ServerApp] Saving file at /notebooks/playing_with_pbapply.ipynb
[I 2021-07-21 11:23:14.857 ServerApp] Saving file at /notebooks/playing_with_pbapply.ipynb
[I 2021-07-21 11:23:33.506 ServerApp] Saving file at /notebooks/playing_with_pbapply.ipynb
[I 2021-07-21 11:23:40.973 ServerApp] Saving file at /notebooks/playing_with_pbapply.ipynb
[I 2021-07-21 11:25:41.360 ServerApp] Saving file at /notebooks/playing_with_pbapply.ipynb
[I 2021-07-21 11:26:47.734 ServerApp] Saving file at /notebooks/playing_with_pbapply.ipynb
[I 2021-07-21 11:26:49.781 ServerApp] Saving file at /notebooks/playing_with_pbapply.ipynb
[I 2021-07-21 11:28:32.689 ServerApp] Saving file at /notebooks/playing_with_pbapply.ipynb
[I 2021-07-21 11:29:07.780 ServerApp] Saving file at /notebooks/playing_with_pbapply.ipynb
[I 2021-07-21 11:29:50.269 ServerApp] Saving file at /notebooks/playing_with_pbapply.ipynb
[I 2021-07-21 11:30:05.054 ServerApp] Saving file at /notebooks/playing_with_pbapply.ipynb
[I 2021-07-21 11:32:05.594 ServerApp] Saving file at /notebooks/playing_with_pbapply.ipynb
[I 2021-07-21 11:34:05.761 ServerApp] Saving file at /notebooks/playing_with_pbapply.ipynb
[I 2021-07-21 11:34:34.011 ServerApp] Saving file at /notebooks/playing_with_pbapply.ipynb
[I 2021-07-21 11:34:58.074 ServerApp] Saving file at /notebooks/playing_with_pbapply.ipynb
[I 2021-07-21 11:36:01.848 ServerApp] Saving file at /notebooks/playing_with_pbapply.ipynb
[I 2021-07-21 11:38:01.948 ServerApp] Saving file at /notebooks/playing_with_pbapply.ipynb
[I 2021-07-21 11:38:18.287 ServerApp] Saving file at /notebooks/playing_with_pbapply.ipynb
[I 2021-07-21 11:38:54.482 ServerApp] Saving file at /notebooks/playing_with_pbapply.ipynb
