[I 2021-05-04 12:46:05.059 ServerApp] jupyterlab | extension was successfully linked.
[I 2021-05-04 12:46:05.417 ServerApp] nbclassic | extension was successfully linked.
[I 2021-05-04 12:46:05.454 LabApp] JupyterLab extension loaded from /home/baker02/miniconda3/envs/tidyscreen/lib/python3.9/site-packages/jupyterlab
[I 2021-05-04 12:46:05.454 LabApp] JupyterLab application directory is /home/baker02/miniconda3/envs/tidyscreen/share/jupyter/lab
[I 2021-05-04 12:46:05.458 ServerApp] jupyterlab | extension was successfully loaded.
[I 2021-05-04 12:46:05.467 ServerApp] nbclassic | extension was successfully loaded.
[I 2021-05-04 12:46:05.470 ServerApp] Serving notebooks from local directory: /mnt/scratcha/fmlab/baker02/tidyscreen
[I 2021-05-04 12:46:05.470 ServerApp] Jupyter Server 1.6.1 is running at:
[I 2021-05-04 12:46:05.470 ServerApp] http://clust1-node-20:9441/lab
[I 2021-05-04 12:46:05.470 ServerApp]     http://127.0.0.1:9441/lab
[I 2021-05-04 12:46:05.470 ServerApp] Use Control-C to stop this server and shut down all kernels (twice to skip confirmation).
[I 2021-05-04 12:46:28.743 ServerApp] 302 GET / (10.20.236.34) 0.67ms
[I 2021-05-04 12:46:28.780 LabApp] 302 GET /lab? (10.20.236.34) 1.26ms
[I 2021-05-04 12:46:41.724 ServerApp] 302 POST /login?next=%2Flab%3F (10.20.236.34) 1.72ms
[W 2021-05-04 12:46:46.988 LabApp] Could not determine jupyterlab build status without nodejs
[I 2021-05-04 12:46:52.573 ServerApp] Kernel started: 3701bf71-2230-4e4f-8375-0c1066ab360c
[I 2021-05-04 12:46:53.324 ServerApp] Adapting from protocol version 5.0 (kernel 3701bf71-2230-4e4f-8375-0c1066ab360c) to 5.3 (client).
[I 2021-05-04 12:46:53.326 ServerApp] Adapting from protocol version 5.0 (kernel 3701bf71-2230-4e4f-8375-0c1066ab360c) to 5.3 (client).
[I 2021-05-04 12:46:53.549 ServerApp] Adapting from protocol version 5.0 (kernel 3701bf71-2230-4e4f-8375-0c1066ab360c) to 5.3 (client).
[I 2021-05-04 12:46:54.338 ServerApp] Kernel started: 8b26bba3-3673-4153-9639-74fe10f6ac34
[I 2021-05-04 12:46:54.980 ServerApp] Adapting from protocol version 5.0 (kernel 8b26bba3-3673-4153-9639-74fe10f6ac34) to 5.3 (client).
[I 2021-05-04 12:46:54.982 ServerApp] Adapting from protocol version 5.0 (kernel 8b26bba3-3673-4153-9639-74fe10f6ac34) to 5.3 (client).
[I 2021-05-04 12:46:55.049 ServerApp] Adapting from protocol version 5.0 (kernel 8b26bba3-3673-4153-9639-74fe10f6ac34) to 5.3 (client).
trying URL 'https://github.com/dynverse/dyngen/raw/data_files/regulatorycircuits_12_lymphocytes_of_b_lineage.rds'
Content type 'application/octet-stream' length 1349040 bytes (1.3 MB)
==================================================
downloaded 1.3 MB

Error in x$.self$finalize() : attempt to apply non-function
Error in x$.self$finalize() : attempt to apply non-function
Error in x$.self$finalize() : attempt to apply non-function
Error in x$.self$finalize() : attempt to apply non-function
Error in (function (x)  : attempt to apply non-function
[I 2021-05-04 12:48:52.497 ServerApp] Saving file at /notebooks/dygen_KO_generate.ipynb
[I 2021-05-04 12:49:01.024 ServerApp] Saving file at /notebooks/dygen_generating_multiple_cell_populations.ipynb
[I 2021-05-04 12:50:54.092 ServerApp] Saving file at /notebooks/dygen_KO_generate.ipynb
[I 2021-05-04 13:13:42.917 ServerApp] Kernel interrupted: 3701bf71-2230-4e4f-8375-0c1066ab360c
[I 2021-05-04 13:14:29.163 ServerApp] Saving file at /notebooks/dygen_KO_generate.ipynb
[I 2021-05-04 13:14:44.683 ServerApp] Saving file at /notebooks/dygen_KO_generate.ipynb
[I 2021-05-04 13:15:24.846 ServerApp] Saving file at /notebooks/dygen_KO_generate.ipynb
[I 2021-05-04 13:15:31.265 ServerApp] Saving file at /notebooks/dygen_KO_generate.ipynb
[I 2021-05-04 13:16:21.200 ServerApp] Saving file at /notebooks/dygen_KO_generate.ipynb
[I 2021-05-04 13:16:45.102 ServerApp] Saving file at /notebooks/dygen_KO_generate.ipynb
[I 2021-05-04 13:16:54.945 ServerApp] Saving file at /notebooks/dygen_KO_generate.ipynb
[I 2021-05-04 13:16:59.472 ServerApp] Saving file at /notebooks/dygen_KO_generate.ipynb
[I 2021-05-04 13:17:35.331 ServerApp] Saving file at /notebooks/dygen_KO_generate.ipynb
[I 2021-05-04 13:18:05.112 ServerApp] Saving file at /notebooks/dygen_KO_generate.ipynb
[I 2021-05-04 13:18:06.084 ServerApp] Saving file at /notebooks/dygen_KO_generate.ipynb
[I 2021-05-04 13:18:09.627 ServerApp] Saving file at /notebooks/dygen_KO_generate.ipynb
[I 2021-05-04 13:18:20.976 ServerApp] Saving file at /notebooks/dygen_KO_generate.ipynb
[I 2021-05-04 13:18:35.821 ServerApp] Saving file at /notebooks/dygen_KO_generate.ipynb
[I 2021-05-04 13:18:48.496 ServerApp] Saving file at /notebooks/dygen_KO_generate.ipynb
[I 2021-05-04 13:18:51.918 ServerApp] Saving file at /notebooks/dygen_KO_generate.ipynb
[I 2021-05-04 13:19:05.489 ServerApp] Creating new file in /notebooks
[I 2021-05-04 13:19:27.887 ServerApp] Saving file at /notebooks/create_ko_models.R
[I 2021-05-04 13:20:15.297 ServerApp] Saving file at /notebooks/create_ko_models.R
[I 2021-05-04 13:21:28.090 ServerApp] Saving file at /notebooks/create_ko_models.R
[I 2021-05-04 13:21:29.300 ServerApp] Saving file at /notebooks/create_ko_models.R
[I 2021-05-04 13:22:00.937 ServerApp] Saving file at /notebooks/dygen_KO_generate.ipynb
[I 2021-05-04 13:22:09.640 ServerApp] Saving file at /notebooks/dygen_KO_generate.ipynb
[I 2021-05-04 13:22:52.282 ServerApp] Saving file at /notebooks/create_ko_models.R
[I 2021-05-04 13:22:55.316 ServerApp] Saving file at /notebooks/create_ko_models.R
[I 2021-05-04 13:23:43.692 ServerApp] Saving file at /notebooks/create_ko_models.R
[I 2021-05-04 13:23:48.960 ServerApp] Saving file at /notebooks/create_ko_models.R
[I 2021-05-04 13:23:53.386 ServerApp] Saving file at /notebooks/create_ko_models.R
sbatch: error: Unable to open file RScript
sbatch: error: Unable to open file RScript
sbatch: error: Unable to open file RScript
sbatch: error: Unable to open file RScript
sbatch: error: Unable to open file RScript
sbatch: error: Unable to open file RScript
sbatch: error: Unable to open file RScript
sbatch: error: Unable to open file RScript
sbatch: error: Unable to open file RScript
sbatch: error: Unable to open file RScript
sbatch: error: Unable to open file RScript
sbatch: error: Unable to open file RScript
sbatch: error: Unable to open file RScript
sbatch: error: Unable to open file RScript
sbatch: error: Unable to open file RScript
sbatch: error: Unable to open file RScript
sbatch: error: Unable to open file RScript
sbatch: error: Unable to open file RScript
[I 2021-05-04 13:24:11.329 ServerApp] Saving file at /notebooks/dygen_KO_generate.ipynb
[I 2021-05-04 13:24:59.990 ServerApp] Saving file at /notebooks/create_ko_models.R
[I 2021-05-04 13:25:29.867 ServerApp] Saving file at /notebooks/dygen_KO_generate.ipynb
[I 2021-05-04 13:26:11.003 ServerApp] Saving file at /notebooks/dygen_KO_generate.ipynb
sbatch: error: Unable to open file RScript
sbatch: error: Unable to open file RScript
sbatch: error: Unable to open file RScript
sbatch: error: Unable to open file RScript
sbatch: error: Unable to open file RScript
sbatch: error: Unable to open file RScript
sbatch: error: Unable to open file RScript
sbatch: error: Unable to open file RScript
sbatch: error: Unable to open file RScript
sbatch: error: Unable to open file RScript
sbatch: error: Unable to open file RScript
sbatch: error: Unable to open file RScript
sbatch: error: Unable to open file RScript
sbatch: error: Unable to open file RScript
sbatch: error: Unable to open file RScript
sbatch: error: Unable to open file RScript
sbatch: error: Unable to open file RScript
sbatch: error: Unable to open file RScript
[I 2021-05-04 13:28:13.624 ServerApp] Saving file at /notebooks/dygen_KO_generate.ipynb
[I 2021-05-04 13:28:35.788 ServerApp] Saving file at /notebooks/dygen_KO_generate.ipynb
[I 2021-05-04 13:30:07.511 ServerApp] Saving file at /notebooks/dygen_KO_generate.ipynb
Submitted batch job 13588236
[I 2021-05-04 13:30:08.819 ServerApp] Saving file at /notebooks/dygen_KO_generate.ipynb
Submitted batch job 13588237
Submitted batch job 13588238
Submitted batch job 13588239
Submitted batch job 13588240
Submitted batch job 13588241
Submitted batch job 13588242
Submitted batch job 13588243
Submitted batch job 13588244
Submitted batch job 13588245
Submitted batch job 13588246
Submitted batch job 13588247
Submitted batch job 13588248
Submitted batch job 13588249
Submitted batch job 13588250
Submitted batch job 13588251
Submitted batch job 13588252
Submitted batch job 13588253
[W 2021-05-04 13:30:34.825 ServerApp] delete /notebooks/slurm-13588236.out
[W 2021-05-04 13:30:34.825 ServerApp] Skipping trash for /mnt/scratcha/fmlab/baker02/tidyscreen/notebooks/slurm-13588236.out, on different device to home directory
[W 2021-05-04 13:30:34.833 ServerApp] delete /notebooks/slurm-13588237.out
[W 2021-05-04 13:30:34.833 ServerApp] Skipping trash for /mnt/scratcha/fmlab/baker02/tidyscreen/notebooks/slurm-13588237.out, on different device to home directory
[W 2021-05-04 13:30:34.839 ServerApp] delete /notebooks/slurm-13588238.out
[W 2021-05-04 13:30:34.839 ServerApp] Skipping trash for /mnt/scratcha/fmlab/baker02/tidyscreen/notebooks/slurm-13588238.out, on different device to home directory
[W 2021-05-04 13:30:34.848 ServerApp] delete /notebooks/slurm-13588239.out
[W 2021-05-04 13:30:34.848 ServerApp] Skipping trash for /mnt/scratcha/fmlab/baker02/tidyscreen/notebooks/slurm-13588239.out, on different device to home directory
[W 2021-05-04 13:30:34.855 ServerApp] delete /notebooks/slurm-13588240.out
[W 2021-05-04 13:30:34.855 ServerApp] Skipping trash for /mnt/scratcha/fmlab/baker02/tidyscreen/notebooks/slurm-13588240.out, on different device to home directory
[W 2021-05-04 13:30:34.866 ServerApp] delete /notebooks/slurm-13588242.out
[W 2021-05-04 13:30:34.866 ServerApp] Skipping trash for /mnt/scratcha/fmlab/baker02/tidyscreen/notebooks/slurm-13588242.out, on different device to home directory
[W 2021-05-04 13:30:34.874 ServerApp] delete /notebooks/slurm-13588243.out
[W 2021-05-04 13:30:34.875 ServerApp] Skipping trash for /mnt/scratcha/fmlab/baker02/tidyscreen/notebooks/slurm-13588243.out, on different device to home directory
[W 2021-05-04 13:30:34.880 ServerApp] delete /notebooks/slurm-13588244.out
[W 2021-05-04 13:30:34.881 ServerApp] Skipping trash for /mnt/scratcha/fmlab/baker02/tidyscreen/notebooks/slurm-13588244.out, on different device to home directory
[W 2021-05-04 13:30:34.925 ServerApp] delete /notebooks/slurm-13588241.out
[W 2021-05-04 13:30:34.926 ServerApp] Skipping trash for /mnt/scratcha/fmlab/baker02/tidyscreen/notebooks/slurm-13588241.out, on different device to home directory
[W 2021-05-04 13:30:34.928 ServerApp] delete /notebooks/slurm-13588245.out
[W 2021-05-04 13:30:34.929 ServerApp] Skipping trash for /mnt/scratcha/fmlab/baker02/tidyscreen/notebooks/slurm-13588245.out, on different device to home directory
[W 2021-05-04 13:30:34.937 ServerApp] delete /notebooks/slurm-13588246.out
[W 2021-05-04 13:30:34.937 ServerApp] Skipping trash for /mnt/scratcha/fmlab/baker02/tidyscreen/notebooks/slurm-13588246.out, on different device to home directory
[W 2021-05-04 13:30:34.940 ServerApp] delete /notebooks/slurm-13588247.out
[W 2021-05-04 13:30:34.940 ServerApp] Skipping trash for /mnt/scratcha/fmlab/baker02/tidyscreen/notebooks/slurm-13588247.out, on different device to home directory
[W 2021-05-04 13:30:34.949 ServerApp] delete /notebooks/slurm-13588248.out
[W 2021-05-04 13:30:34.949 ServerApp] Skipping trash for /mnt/scratcha/fmlab/baker02/tidyscreen/notebooks/slurm-13588248.out, on different device to home directory
[W 2021-05-04 13:30:34.957 ServerApp] delete /notebooks/slurm-13588249.out
[W 2021-05-04 13:30:34.957 ServerApp] Skipping trash for /mnt/scratcha/fmlab/baker02/tidyscreen/notebooks/slurm-13588249.out, on different device to home directory
[W 2021-05-04 13:30:34.975 ServerApp] delete /notebooks/slurm-13588250.out
[W 2021-05-04 13:30:34.976 ServerApp] Skipping trash for /mnt/scratcha/fmlab/baker02/tidyscreen/notebooks/slurm-13588250.out, on different device to home directory
[W 2021-05-04 13:30:34.981 ServerApp] delete /notebooks/slurm-13588251.out
[W 2021-05-04 13:30:34.981 ServerApp] Skipping trash for /mnt/scratcha/fmlab/baker02/tidyscreen/notebooks/slurm-13588251.out, on different device to home directory
[W 2021-05-04 13:30:34.998 ServerApp] delete /notebooks/slurm-13588252.out
[W 2021-05-04 13:30:34.998 ServerApp] Skipping trash for /mnt/scratcha/fmlab/baker02/tidyscreen/notebooks/slurm-13588252.out, on different device to home directory
[W 2021-05-04 13:30:35.011 ServerApp] delete /notebooks/slurm-13588253.out
[W 2021-05-04 13:30:35.011 ServerApp] Skipping trash for /mnt/scratcha/fmlab/baker02/tidyscreen/notebooks/slurm-13588253.out, on different device to home directory
[I 2021-05-04 13:31:14.881 ServerApp] Saving file at /notebooks/dygen_KO_generate.ipynb
[I 2021-05-04 13:31:23.408 ServerApp] Saving file at /notebooks/create_ko_models.R
[I 2021-05-04 13:31:27.345 ServerApp] Saving file at /notebooks/dygen_KO_generate.ipynb
Submitted batch job 13588254
Submitted batch job 13588255
Submitted batch job 13588256
Submitted batch job 13588257
Submitted batch job 13588258
Submitted batch job 13588259
Submitted batch job 13588260
Submitted batch job 13588261
Submitted batch job 13588262
Submitted batch job 13588263
Submitted batch job 13588264
Submitted batch job 13588265
Submitted batch job 13588266
Submitted batch job 13588267
Submitted batch job 13588268
Submitted batch job 13588269
Submitted batch job 13588270
Submitted batch job 13588271
[I 2021-05-04 13:33:29.478 ServerApp] Saving file at /notebooks/dygen_KO_generate.ipynb
[I 2021-05-04 13:34:10.896 ServerApp] Saving file at /notebooks/create_ko_models.R
[I 2021-05-04 13:34:16.013 ServerApp] Saving file at /notebooks/create_ko_models.R
[W 2021-05-04 13:34:30.423 ServerApp] delete /notebooks/slurm-13588254.out
[W 2021-05-04 13:34:30.423 ServerApp] Skipping trash for /mnt/scratcha/fmlab/baker02/tidyscreen/notebooks/slurm-13588254.out, on different device to home directory
[W 2021-05-04 13:34:30.433 ServerApp] delete /notebooks/slurm-13588255.out
[W 2021-05-04 13:34:30.433 ServerApp] Skipping trash for /mnt/scratcha/fmlab/baker02/tidyscreen/notebooks/slurm-13588255.out, on different device to home directory
[W 2021-05-04 13:34:30.436 ServerApp] delete /notebooks/slurm-13588256.out
[W 2021-05-04 13:34:30.436 ServerApp] Skipping trash for /mnt/scratcha/fmlab/baker02/tidyscreen/notebooks/slurm-13588256.out, on different device to home directory
[W 2021-05-04 13:34:30.442 ServerApp] delete /notebooks/slurm-13588257.out
[W 2021-05-04 13:34:30.442 ServerApp] Skipping trash for /mnt/scratcha/fmlab/baker02/tidyscreen/notebooks/slurm-13588257.out, on different device to home directory
[W 2021-05-04 13:34:30.454 ServerApp] delete /notebooks/slurm-13588258.out
[W 2021-05-04 13:34:30.454 ServerApp] Skipping trash for /mnt/scratcha/fmlab/baker02/tidyscreen/notebooks/slurm-13588258.out, on different device to home directory
[W 2021-05-04 13:34:30.464 ServerApp] delete /notebooks/slurm-13588259.out
[W 2021-05-04 13:34:30.464 ServerApp] Skipping trash for /mnt/scratcha/fmlab/baker02/tidyscreen/notebooks/slurm-13588259.out, on different device to home directory
[W 2021-05-04 13:34:30.467 ServerApp] delete /notebooks/slurm-13588260.out
[W 2021-05-04 13:34:30.468 ServerApp] Skipping trash for /mnt/scratcha/fmlab/baker02/tidyscreen/notebooks/slurm-13588260.out, on different device to home directory
[W 2021-05-04 13:34:30.480 ServerApp] delete /notebooks/slurm-13588261.out
[W 2021-05-04 13:34:30.480 ServerApp] Skipping trash for /mnt/scratcha/fmlab/baker02/tidyscreen/notebooks/slurm-13588261.out, on different device to home directory
[W 2021-05-04 13:34:30.486 ServerApp] delete /notebooks/slurm-13588262.out
[W 2021-05-04 13:34:30.486 ServerApp] Skipping trash for /mnt/scratcha/fmlab/baker02/tidyscreen/notebooks/slurm-13588262.out, on different device to home directory
[W 2021-05-04 13:34:30.493 ServerApp] delete /notebooks/slurm-13588263.out
[W 2021-05-04 13:34:30.493 ServerApp] Skipping trash for /mnt/scratcha/fmlab/baker02/tidyscreen/notebooks/slurm-13588263.out, on different device to home directory
[W 2021-05-04 13:34:30.512 ServerApp] delete /notebooks/slurm-13588264.out
[W 2021-05-04 13:34:30.512 ServerApp] Skipping trash for /mnt/scratcha/fmlab/baker02/tidyscreen/notebooks/slurm-13588264.out, on different device to home directory
[W 2021-05-04 13:34:30.517 ServerApp] delete /notebooks/slurm-13588265.out
[W 2021-05-04 13:34:30.517 ServerApp] Skipping trash for /mnt/scratcha/fmlab/baker02/tidyscreen/notebooks/slurm-13588265.out, on different device to home directory
[W 2021-05-04 13:34:30.525 ServerApp] delete /notebooks/slurm-13588266.out
[W 2021-05-04 13:34:30.525 ServerApp] Skipping trash for /mnt/scratcha/fmlab/baker02/tidyscreen/notebooks/slurm-13588266.out, on different device to home directory
[W 2021-05-04 13:34:30.544 ServerApp] delete /notebooks/slurm-13588267.out
[W 2021-05-04 13:34:30.545 ServerApp] Skipping trash for /mnt/scratcha/fmlab/baker02/tidyscreen/notebooks/slurm-13588267.out, on different device to home directory
[W 2021-05-04 13:34:30.550 ServerApp] delete /notebooks/slurm-13588268.out
[W 2021-05-04 13:34:30.550 ServerApp] Skipping trash for /mnt/scratcha/fmlab/baker02/tidyscreen/notebooks/slurm-13588268.out, on different device to home directory
[W 2021-05-04 13:34:30.556 ServerApp] delete /notebooks/slurm-13588269.out
[W 2021-05-04 13:34:30.556 ServerApp] Skipping trash for /mnt/scratcha/fmlab/baker02/tidyscreen/notebooks/slurm-13588269.out, on different device to home directory
[W 2021-05-04 13:34:30.648 ServerApp] delete /notebooks/slurm-13588270.out
[W 2021-05-04 13:34:30.648 ServerApp] Skipping trash for /mnt/scratcha/fmlab/baker02/tidyscreen/notebooks/slurm-13588270.out, on different device to home directory
[W 2021-05-04 13:34:30.662 ServerApp] delete /notebooks/slurm-13588271.out
[W 2021-05-04 13:34:30.663 ServerApp] Skipping trash for /mnt/scratcha/fmlab/baker02/tidyscreen/notebooks/slurm-13588271.out, on different device to home directory
[W 2021-05-04 13:34:35.325 ServerApp] delete /notebooks/slurm-13588271.out
[W 2021-05-04 13:34:35.325 ServerApp] 404 DELETE /api/contents/notebooks/slurm-13588271.out?1620131675295 (10.20.236.34): File or directory does not exist: /mnt/scratcha/fmlab/baker02/tidyscreen/notebooks/slurm-13588271.out
[W 2021-05-04 13:34:35.325 ServerApp] File or directory does not exist: /mnt/scratcha/fmlab/baker02/tidyscreen/notebooks/slurm-13588271.out
[W 2021-05-04 13:34:35.325 ServerApp] 404 DELETE /api/contents/notebooks/slurm-13588271.out?1620131675295 (10.20.236.34) 1.75ms referer=http://localhost:9441/lab/tree/notebooks/create_ko_models.R
Submitted batch job 13588343
Submitted batch job 13588344
Submitted batch job 13588345
Submitted batch job 13588346
Submitted batch job 13588347
Submitted batch job 13588348
Submitted batch job 13588349
Submitted batch job 13588350
Submitted batch job 13588351
Submitted batch job 13588352
Submitted batch job 13588353
Submitted batch job 13588354
Submitted batch job 13588355
Submitted batch job 13588356
Submitted batch job 13588357
Submitted batch job 13588358
Submitted batch job 13588359
Submitted batch job 13588360
[I 2021-05-04 13:35:32.333 ServerApp] Saving file at /notebooks/dygen_KO_generate.ipynb
[I 2021-05-04 13:39:34.075 ServerApp] Saving file at /notebooks/dygen_KO_generate.ipynb
[I 2021-05-04 13:39:59.974 ServerApp] Saving file at /notebooks/dygen_KO_generate.ipynb
[I 2021-05-04 13:40:24.111 ServerApp] Kernel interrupted: 3701bf71-2230-4e4f-8375-0c1066ab360c
[I 2021-05-04 13:40:24.490 ServerApp] Saving file at /notebooks/dygen_KO_generate.ipynb
[I 2021-05-04 13:40:28.701 ServerApp] Saving file at /notebooks/dygen_KO_generate.ipynb
[I 2021-05-04 13:41:24.331 ServerApp] Kernel interrupted: 3701bf71-2230-4e4f-8375-0c1066ab360c
[I 2021-05-04 13:41:44.203 ServerApp] Kernel interrupted: 3701bf71-2230-4e4f-8375-0c1066ab360c
[I 2021-05-04 13:42:31.413 ServerApp] Saving file at /notebooks/dygen_KO_generate.ipynb
[I 2021-05-04 13:43:08.113 ServerApp] Saving file at /notebooks/dygen_KO_generate.ipynb
[I 2021-05-04 13:43:34.898 ServerApp] Saving file at /notebooks/dygen_KO_generate.ipynb
[I 2021-05-04 13:45:36.697 ServerApp] Saving file at /notebooks/dygen_KO_generate.ipynb
[I 2021-05-04 13:46:45.346 ServerApp] Saving file at /notebooks/dygen_KO_generate.ipynb
[I 2021-05-04 13:46:51.366 ServerApp] Saving file at /notebooks/dygen_KO_generate.ipynb
[I 2021-05-04 13:46:59.034 ServerApp] Saving file at /notebooks/dygen_KO_generate.ipynb
[I 2021-05-04 13:47:12.816 ServerApp] Saving file at /notebooks/dygen_KO_generate.ipynb
[I 2021-05-04 13:47:32.606 ServerApp] Saving file at /notebooks/dygen_KO_generate.ipynb
[I 2021-05-04 13:47:40.308 ServerApp] Saving file at /notebooks/dygen_KO_generate.ipynb
[I 2021-05-04 13:48:11.067 ServerApp] Saving file at /notebooks/dygen_KO_generate.ipynb
[I 2021-05-04 13:48:35.488 ServerApp] Saving file at /notebooks/dygen_KO_generate.ipynb
[I 2021-05-04 13:48:40.501 ServerApp] Saving file at /notebooks/dygen_KO_generate.ipynb
[W 2021-05-04 13:49:18.947 ServerApp] delete /notebooks/slurm-13588344.out
[W 2021-05-04 13:49:18.947 ServerApp] Skipping trash for /mnt/scratcha/fmlab/baker02/tidyscreen/notebooks/slurm-13588344.out, on different device to home directory
[W 2021-05-04 13:49:18.958 ServerApp] delete /notebooks/slurm-13588343.out
[W 2021-05-04 13:49:18.958 ServerApp] Skipping trash for /mnt/scratcha/fmlab/baker02/tidyscreen/notebooks/slurm-13588343.out, on different device to home directory
[W 2021-05-04 13:49:18.961 ServerApp] delete /notebooks/slurm-13588345.out
[W 2021-05-04 13:49:18.961 ServerApp] Skipping trash for /mnt/scratcha/fmlab/baker02/tidyscreen/notebooks/slurm-13588345.out, on different device to home directory
[W 2021-05-04 13:49:18.968 ServerApp] delete /notebooks/slurm-13588346.out
[W 2021-05-04 13:49:18.968 ServerApp] Skipping trash for /mnt/scratcha/fmlab/baker02/tidyscreen/notebooks/slurm-13588346.out, on different device to home directory
[W 2021-05-04 13:49:18.975 ServerApp] delete /notebooks/slurm-13588349.out
[W 2021-05-04 13:49:18.975 ServerApp] Skipping trash for /mnt/scratcha/fmlab/baker02/tidyscreen/notebooks/slurm-13588349.out, on different device to home directory
[W 2021-05-04 13:49:18.992 ServerApp] delete /notebooks/slurm-13588347.out
[W 2021-05-04 13:49:18.992 ServerApp] Skipping trash for /mnt/scratcha/fmlab/baker02/tidyscreen/notebooks/slurm-13588347.out, on different device to home directory
[W 2021-05-04 13:49:18.999 ServerApp] delete /notebooks/slurm-13588350.out
[W 2021-05-04 13:49:18.999 ServerApp] Skipping trash for /mnt/scratcha/fmlab/baker02/tidyscreen/notebooks/slurm-13588350.out, on different device to home directory
[W 2021-05-04 13:49:19.016 ServerApp] delete /notebooks/slurm-13588348.out
[W 2021-05-04 13:49:19.016 ServerApp] Skipping trash for /mnt/scratcha/fmlab/baker02/tidyscreen/notebooks/slurm-13588348.out, on different device to home directory
[W 2021-05-04 13:49:19.022 ServerApp] delete /notebooks/slurm-13588351.out
[W 2021-05-04 13:49:19.022 ServerApp] Skipping trash for /mnt/scratcha/fmlab/baker02/tidyscreen/notebooks/slurm-13588351.out, on different device to home directory
[W 2021-05-04 13:49:19.025 ServerApp] delete /notebooks/slurm-13588352.out
[W 2021-05-04 13:49:19.025 ServerApp] Skipping trash for /mnt/scratcha/fmlab/baker02/tidyscreen/notebooks/slurm-13588352.out, on different device to home directory
[W 2021-05-04 13:49:19.029 ServerApp] delete /notebooks/slurm-13588353.out
[W 2021-05-04 13:49:19.029 ServerApp] Skipping trash for /mnt/scratcha/fmlab/baker02/tidyscreen/notebooks/slurm-13588353.out, on different device to home directory
[W 2021-05-04 13:49:19.042 ServerApp] delete /notebooks/slurm-13588354.out
[W 2021-05-04 13:49:19.042 ServerApp] Skipping trash for /mnt/scratcha/fmlab/baker02/tidyscreen/notebooks/slurm-13588354.out, on different device to home directory
[W 2021-05-04 13:49:19.049 ServerApp] delete /notebooks/slurm-13588355.out
[W 2021-05-04 13:49:19.049 ServerApp] Skipping trash for /mnt/scratcha/fmlab/baker02/tidyscreen/notebooks/slurm-13588355.out, on different device to home directory
[W 2021-05-04 13:49:19.061 ServerApp] delete /notebooks/slurm-13588356.out
[W 2021-05-04 13:49:19.061 ServerApp] Skipping trash for /mnt/scratcha/fmlab/baker02/tidyscreen/notebooks/slurm-13588356.out, on different device to home directory
[W 2021-05-04 13:49:19.066 ServerApp] delete /notebooks/slurm-13588357.out
[W 2021-05-04 13:49:19.067 ServerApp] Skipping trash for /mnt/scratcha/fmlab/baker02/tidyscreen/notebooks/slurm-13588357.out, on different device to home directory
[W 2021-05-04 13:49:19.074 ServerApp] delete /notebooks/slurm-13588358.out
[W 2021-05-04 13:49:19.075 ServerApp] Skipping trash for /mnt/scratcha/fmlab/baker02/tidyscreen/notebooks/slurm-13588358.out, on different device to home directory
[W 2021-05-04 13:49:19.083 ServerApp] delete /notebooks/slurm-13588359.out
[W 2021-05-04 13:49:19.083 ServerApp] Skipping trash for /mnt/scratcha/fmlab/baker02/tidyscreen/notebooks/slurm-13588359.out, on different device to home directory
[W 2021-05-04 13:49:19.145 ServerApp] delete /notebooks/slurm-13588360.out
[W 2021-05-04 13:49:19.145 ServerApp] Skipping trash for /mnt/scratcha/fmlab/baker02/tidyscreen/notebooks/slurm-13588360.out, on different device to home directory
[I 2021-05-04 13:49:47.154 ServerApp] Saving file at /notebooks/dygen_KO_generate.ipynb
[I 2021-05-04 13:49:51.081 ServerApp] Creating new directory in 
[I 2021-05-04 13:49:55.798 ServerApp] Creating new directory in /data
[I 2021-05-04 13:50:45.732 ServerApp] Saving file at /notebooks/dygen_KO_generate.ipynb
[I 2021-05-04 13:50:48.363 ServerApp] Saving file at /notebooks/dygen_KO_generate.ipynb
[I 2021-05-04 13:50:48.682 ServerApp] Saving file at /notebooks/dygen_KO_generate.ipynb
[I 2021-05-04 13:50:48.947 ServerApp] Saving file at /notebooks/dygen_KO_generate.ipynb
trying URL 'https://github.com/dynverse/dyngen/raw/data_files/zenodo_1443566_real_silver_cell-cycle_leng.rds'
Content type 'application/octet-stream' length 1105552 bytes (1.1 MB)
==================================================
downloaded 1.1 MB

[I 2021-05-04 13:51:59.789 ServerApp] Saving file at /notebooks/dygen_KO_generate.ipynb
[I 2021-05-04 13:53:53.217 ServerApp] Saving file at /notebooks/dygen_KO_generate.ipynb
[I 2021-05-04 13:54:06.178 ServerApp] Saving file at /scripts/create_ko_models.R
[I 2021-05-04 13:54:07.759 ServerApp] Saving file at /scripts/create_ko_models.R
[I 2021-05-04 13:54:18.108 ServerApp] Saving file at /scripts/create_ko_models.R
[I 2021-05-04 13:54:20.680 ServerApp] Saving file at /scripts/create_ko_models.R
trying URL 'https://github.com/dynverse/dyngen/raw/data_files/regulatorycircuits_04_mesenchymal_mixed.rds'
Content type 'application/octet-stream' length 1258988 bytes (1.2 MB)
==================================================
downloaded 1.2 MB

[I 2021-05-04 13:55:04.723 ServerApp] Saving file at /notebooks/dygen_KO_generate.ipynb
[I 2021-05-04 13:55:51.399 ServerApp] Saving file at /notebooks/dygen_KO_generate.ipynb
[I 2021-05-04 13:56:17.885 ServerApp] Saving file at /notebooks/dygen_KO_generate.ipynb
[I 2021-05-04 13:56:26.686 ServerApp] Saving file at /notebooks/dygen_KO_generate.ipynb
[I 2021-05-04 13:56:47.129 ServerApp] Saving file at /notebooks/dygen_KO_generate.ipynb
[W 2021-05-04 13:58:28.070 ServerApp] delete /notebooks/model_common.Rds
[W 2021-05-04 13:58:28.070 ServerApp] Skipping trash for /mnt/scratcha/fmlab/baker02/tidyscreen/notebooks/model_common.Rds, on different device to home directory
[W 2021-05-04 13:58:28.087 ServerApp] delete /notebooks/model_ko_CellPop1_18_TF1.Rds
[W 2021-05-04 13:58:28.087 ServerApp] Skipping trash for /mnt/scratcha/fmlab/baker02/tidyscreen/notebooks/model_ko_CellPop1_18_TF1.Rds, on different device to home directory
[W 2021-05-04 13:58:28.098 ServerApp] delete /notebooks/model_ko_CellPop1_1_TF1.Rds
[W 2021-05-04 13:58:28.098 ServerApp] Skipping trash for /mnt/scratcha/fmlab/baker02/tidyscreen/notebooks/model_ko_CellPop1_1_TF1.Rds, on different device to home directory
[W 2021-05-04 13:58:28.111 ServerApp] delete /notebooks/model_ko_CellPop1_10_TF1.Rds
[W 2021-05-04 13:58:28.112 ServerApp] Skipping trash for /mnt/scratcha/fmlab/baker02/tidyscreen/notebooks/model_ko_CellPop1_10_TF1.Rds, on different device to home directory
[W 2021-05-04 13:58:28.122 ServerApp] delete /notebooks/model_ko_CellPop1_2_TF1.Rds
[W 2021-05-04 13:58:28.122 ServerApp] Skipping trash for /mnt/scratcha/fmlab/baker02/tidyscreen/notebooks/model_ko_CellPop1_2_TF1.Rds, on different device to home directory
[W 2021-05-04 13:58:28.136 ServerApp] delete /notebooks/model_ko_CellPop1_11_TF1.Rds
[W 2021-05-04 13:58:28.136 ServerApp] Skipping trash for /mnt/scratcha/fmlab/baker02/tidyscreen/notebooks/model_ko_CellPop1_11_TF1.Rds, on different device to home directory
[W 2021-05-04 13:58:28.145 ServerApp] delete /notebooks/model_ko_CellPop1_12_TF1.Rds
[W 2021-05-04 13:58:28.145 ServerApp] Skipping trash for /mnt/scratcha/fmlab/baker02/tidyscreen/notebooks/model_ko_CellPop1_12_TF1.Rds, on different device to home directory
[W 2021-05-04 13:58:28.156 ServerApp] delete /notebooks/model_ko_CellPop1_13_TF1.Rds
[W 2021-05-04 13:58:28.156 ServerApp] Skipping trash for /mnt/scratcha/fmlab/baker02/tidyscreen/notebooks/model_ko_CellPop1_13_TF1.Rds, on different device to home directory
[W 2021-05-04 13:58:28.169 ServerApp] delete /notebooks/model_ko_CellPop1_14_TF1.Rds
[W 2021-05-04 13:58:28.169 ServerApp] Skipping trash for /mnt/scratcha/fmlab/baker02/tidyscreen/notebooks/model_ko_CellPop1_14_TF1.Rds, on different device to home directory
[W 2021-05-04 13:58:28.179 ServerApp] delete /notebooks/model_ko_CellPop1_15_TF1.Rds
[W 2021-05-04 13:58:28.179 ServerApp] Skipping trash for /mnt/scratcha/fmlab/baker02/tidyscreen/notebooks/model_ko_CellPop1_15_TF1.Rds, on different device to home directory
[W 2021-05-04 13:58:28.193 ServerApp] delete /notebooks/model_ko_CellPop1_16_TF1.Rds
[W 2021-05-04 13:58:28.193 ServerApp] Skipping trash for /mnt/scratcha/fmlab/baker02/tidyscreen/notebooks/model_ko_CellPop1_16_TF1.Rds, on different device to home directory
[W 2021-05-04 13:58:28.318 ServerApp] delete /notebooks/model_ko_CellPop1_3_TF1.Rds
[W 2021-05-04 13:58:28.319 ServerApp] Skipping trash for /mnt/scratcha/fmlab/baker02/tidyscreen/notebooks/model_ko_CellPop1_3_TF1.Rds, on different device to home directory
[W 2021-05-04 13:58:28.331 ServerApp] delete /notebooks/model_ko_CellPop1_17_TF1.Rds
[W 2021-05-04 13:58:28.331 ServerApp] Skipping trash for /mnt/scratcha/fmlab/baker02/tidyscreen/notebooks/model_ko_CellPop1_17_TF1.Rds, on different device to home directory
[W 2021-05-04 13:58:28.343 ServerApp] delete /notebooks/model_ko_CellPop1_4_TF1.Rds
[W 2021-05-04 13:58:28.343 ServerApp] Skipping trash for /mnt/scratcha/fmlab/baker02/tidyscreen/notebooks/model_ko_CellPop1_4_TF1.Rds, on different device to home directory
[W 2021-05-04 13:58:28.354 ServerApp] delete /notebooks/model_ko_CellPop1_5_TF1.Rds
[W 2021-05-04 13:58:28.354 ServerApp] Skipping trash for /mnt/scratcha/fmlab/baker02/tidyscreen/notebooks/model_ko_CellPop1_5_TF1.Rds, on different device to home directory
[W 2021-05-04 13:58:28.366 ServerApp] delete /notebooks/model_ko_CellPop1_6_TF1.Rds
[W 2021-05-04 13:58:28.366 ServerApp] Skipping trash for /mnt/scratcha/fmlab/baker02/tidyscreen/notebooks/model_ko_CellPop1_6_TF1.Rds, on different device to home directory
[W 2021-05-04 13:58:28.381 ServerApp] delete /notebooks/model_ko_CellPop1_7_TF1.Rds
[W 2021-05-04 13:58:28.381 ServerApp] Skipping trash for /mnt/scratcha/fmlab/baker02/tidyscreen/notebooks/model_ko_CellPop1_7_TF1.Rds, on different device to home directory
[W 2021-05-04 13:58:28.391 ServerApp] delete /notebooks/model_ko_CellPop1_8_TF1.Rds
[W 2021-05-04 13:58:28.391 ServerApp] Skipping trash for /mnt/scratcha/fmlab/baker02/tidyscreen/notebooks/model_ko_CellPop1_8_TF1.Rds, on different device to home directory
[W 2021-05-04 13:58:28.402 ServerApp] delete /notebooks/model_ko_CellPop1_9_TF1.Rds
[W 2021-05-04 13:58:28.402 ServerApp] Skipping trash for /mnt/scratcha/fmlab/baker02/tidyscreen/notebooks/model_ko_CellPop1_9_TF1.Rds, on different device to home directory
Submitted batch job 13588684
Submitted batch job 13588685
Submitted batch job 13588686
Submitted batch job 13588687
Submitted batch job 13588688
Submitted batch job 13588689
Submitted batch job 13588690
Submitted batch job 13588691
Submitted batch job 13588692
Submitted batch job 13588693
Submitted batch job 13588694
Submitted batch job 13588695
Submitted batch job 13588696
Submitted batch job 13588697
[I 2021-05-04 13:58:52.708 ServerApp] Saving file at /notebooks/dygen_KO_generate.ipynb
[I 2021-05-04 14:00:58.131 ServerApp] Saving file at /notebooks/dygen_KO_generate.ipynb
[I 2021-05-04 14:01:25.180 ServerApp] Saving file at /scripts/create_ko_models.R
[I 2021-05-04 14:01:30.407 ServerApp] Saving file at /scripts/create_ko_models.R
[I 2021-05-04 14:01:34.266 ServerApp] Saving file at /scripts/create_ko_models.R
[I 2021-05-04 14:02:00.220 ServerApp] Saving file at /notebooks/dygen_KO_generate.ipynb
Submitted batch job 13588698
Submitted batch job 13588699
Submitted batch job 13588700
Submitted batch job 13588701
Submitted batch job 13588702
Submitted batch job 13588703
Submitted batch job 13588704
Submitted batch job 13588705
Submitted batch job 13588706
Submitted batch job 13588707
Submitted batch job 13588708
Submitted batch job 13588709
Submitted batch job 13588710
Submitted batch job 13588711
