[slurmR info] Loading variables and functions... done loading variables and functions.
[slurmR info] Loading packages ... 

Attaching package: ‘MatrixGenerics’

The following objects are masked from ‘package:matrixStats’:

    colAlls, colAnyNAs, colAnys, colAvgsPerRowSet, colCollapse,
    colCounts, colCummaxs, colCummins, colCumprods, colCumsums,
    colDiffs, colIQRDiffs, colIQRs, colLogSumExps, colMadDiffs,
    colMads, colMaxs, colMeans2, colMedians, colMins, colOrderStats,
    colProds, colQuantiles, colRanges, colRanks, colSdDiffs, colSds,
    colSums2, colTabulates, colVarDiffs, colVars, colWeightedMads,
    colWeightedMeans, colWeightedMedians, colWeightedSds,
    colWeightedVars, rowAlls, rowAnyNAs, rowAnys, rowAvgsPerColSet,
    rowCollapse, rowCounts, rowCummaxs, rowCummins, rowCumprods,
    rowCumsums, rowDiffs, rowIQRDiffs, rowIQRs, rowLogSumExps,
    rowMadDiffs, rowMads, rowMaxs, rowMeans2, rowMedians, rowMins,
    rowOrderStats, rowProds, rowQuantiles, rowRanges, rowRanks,
    rowSdDiffs, rowSds, rowSums2, rowTabulates, rowVarDiffs, rowVars,
    rowWeightedMads, rowWeightedMeans, rowWeightedMedians,
    rowWeightedSds, rowWeightedVars

Loading required package: parallel

Attaching package: ‘BiocGenerics’

The following objects are masked from ‘package:parallel’:

    clusterApply, clusterApplyLB, clusterCall, clusterEvalQ,
    clusterExport, clusterMap, parApply, parCapply, parLapply,
    parLapplyLB, parRapply, parSapply, parSapplyLB

The following objects are masked from ‘package:stats’:

    IQR, mad, sd, var, xtabs

The following objects are masked from ‘package:base’:

    anyDuplicated, append, as.data.frame, basename, cbind, colnames,
    dirname, do.call, duplicated, eval, evalq, Filter, Find, get, grep,
    grepl, intersect, is.unsorted, lapply, Map, mapply, match, mget,
    order, paste, pmax, pmax.int, pmin, pmin.int, Position, rank,
    rbind, Reduce, rownames, sapply, setdiff, sort, table, tapply,
    union, unique, unsplit, which.max, which.min

Loading required package: stats4

Attaching package: ‘S4Vectors’

The following object is masked from ‘package:base’:

    expand.grid


Attaching package: ‘IRanges’

The following object is masked from ‘package:purrr’:

    reduce

Welcome to Bioconductor

    Vignettes contain introductory material; view with
    'browseVignettes()'. To cite Bioconductor, see
    'citation("Biobase")', and for packages 'citation("pkgname")'.


Attaching package: ‘Biobase’

The following object is masked from ‘package:MatrixGenerics’:

    rowMedians

The following objects are masked from ‘package:matrixStats’:

    anyMissing, rowMedians


Attaching package: ‘igraph’

The following object is masked from ‘package:scater’:

    normalize

The following object is masked from ‘package:GenomicRanges’:

    union

The following object is masked from ‘package:IRanges’:

    union

The following object is masked from ‘package:S4Vectors’:

    union

The following objects are masked from ‘package:BiocGenerics’:

    normalize, path, union

The following objects are masked from ‘package:purrr’:

    compose, simplify

The following objects are masked from ‘package:stats’:

    decompose, spectrum

The following object is masked from ‘package:base’:

    union

── Attaching packages ─────────────────────────────────────── tidyverse 1.3.1 ──
✔ tibble  3.1.1     ✔ dplyr   1.0.6
✔ tidyr   1.1.3     ✔ stringr 1.4.0
✔ readr   1.4.0     ✔ forcats 0.5.1
── Conflicts ────────────────────────────────────────── tidyverse_conflicts() ──
✖ dplyr::as_data_frame()  masks tibble::as_data_frame(), igraph::as_data_frame()
✖ dplyr::collapse()       masks IRanges::collapse()
✖ dplyr::combine()        masks Biobase::combine(), BiocGenerics::combine()
✖ igraph::compose()       masks purrr::compose()
✖ dplyr::count()          masks matrixStats::count()
✖ tidyr::crossing()       masks igraph::crossing()
✖ dplyr::desc()           masks IRanges::desc()
✖ tidyr::expand()         masks S4Vectors::expand()
✖ dplyr::filter()         masks stats::filter()
✖ dplyr::first()          masks S4Vectors::first()
✖ dplyr::groups()         masks igraph::groups()
✖ dplyr::lag()            masks stats::lag()
✖ ggplot2::Position()     masks BiocGenerics::Position(), base::Position()
✖ GenomicRanges::reduce() masks IRanges::reduce(), purrr::reduce()
✖ dplyr::rename()         masks S4Vectors::rename()
✖ igraph::simplify()      masks purrr::simplify()
✖ dplyr::slice()          masks IRanges::slice()

Attaching package: ‘assertthat’

The following object is masked from ‘package:tibble’:

    has_name


Attaching package: ‘data.table’

The following objects are masked from ‘package:dplyr’:

    between, first, last

The following object is masked from ‘package:SummarizedExperiment’:

    shift

The following object is masked from ‘package:GenomicRanges’:

    shift

The following object is masked from ‘package:IRanges’:

    shift

The following objects are masked from ‘package:S4Vectors’:

    first, second

The following object is masked from ‘package:purrr’:

    transpose

[slurmR info] done loading packages.
Warning: An error has ocurred while evualting the expression:
 {
    ans <- parallel::mclapply(X = X, FUN = FUN, mc.cores = mc.cores)
} 
 in  ARRAY_ID #  15
