
   File /Users/baker02/.Renviron contains invalid line(s)
      p_TpE3coAkixZazRvxL8JA7fTyuhni0Z0Je12X1
   They were ignored

### [bt]: This is batchtools v0.9.15
### [bt]: Starting calculation of 1 jobs
### [bt]: Setting working directory to '/mnt/scratcha/fmlab/baker02/crigen/notebooks'
Loading required package: stringr
Loading required package: dplyr

Attaching package: ‘dplyr’

The following objects are masked from ‘package:stats’:

    filter, lag

The following objects are masked from ‘package:base’:

    intersect, setdiff, setequal, union

Loading required package: future
Loading required package: tibble
Loading required package: tidyr
Loading required package: igraph

Attaching package: ‘igraph’

The following object is masked from ‘package:tidyr’:

    crossing

The following object is masked from ‘package:tibble’:

    as_data_frame

The following objects are masked from ‘package:future’:

    %->%, %<-%

The following objects are masked from ‘package:dplyr’:

    as_data_frame, groups, union

The following objects are masked from ‘package:stats’:

    decompose, spectrum

The following object is masked from ‘package:base’:

    union

Loading required package: purrr

Attaching package: ‘purrr’

The following objects are masked from ‘package:igraph’:

    compose, simplify

Loading required package: GillespieSSA2
### [bt]: Memory measurement disabled
### [bt]: Starting job [batchtools job.id=1]
### [bt]: Setting seed to 17003 ...
TF6-grna.1-sim.1
*** Error in `/home/baker02/miniconda3/envs/perturbverse/lib/R/bin/exec/R': corrupted double-linked list: 0x0000558fc0e60f50 ***
======= Backtrace: =========
/lib64/libc.so.6(+0x7f3e4)[0x7fa307b453e4]
/lib64/libc.so.6(+0x82ba8)[0x7fa307b48ba8]
/lib64/libc.so.6(__libc_malloc+0x4c)[0x7fa307b4b6fc]
/home/baker02/miniconda3/envs/perturbverse/lib/R/bin/exec/../../lib/libR.so(Rf_allocVector3+0x7f6)[0x7fa30802cb06]
/home/baker02/miniconda3/envs/perturbverse/lib/R/bin/exec/../../lib/libR.so(+0x2002a2)[0x7fa3080942a2]
/home/baker02/miniconda3/envs/perturbverse/lib/R/bin/exec/../../lib/libR.so(Rf_eval+0x737)[0x7fa307febd37]
/home/baker02/miniconda3/envs/perturbverse/lib/R/bin/exec/../../lib/libR.so(+0x15816f)[0x7fa307fec16f]
/home/baker02/miniconda3/envs/perturbverse/lib/R/bin/exec/../../lib/libR.so(Rf_eval+0x628)[0x7fa307febc28]
/home/baker02/miniconda3/envs/perturbverse/lib/R/bin/exec/../../lib/libR.so(+0x11cb7e)[0x7fa307fb0b7e]
/home/baker02/miniconda3/envs/perturbverse/lib/R/bin/exec/../../lib/libR.so(+0x1410a1)[0x7fa307fd50a1]
/home/baker02/miniconda3/envs/perturbverse/lib/R/bin/exec/../../lib/libR.so(Rf_eval+0x80)[0x7fa307feb680]
/home/baker02/miniconda3/envs/perturbverse/lib/R/bin/exec/../../lib/libR.so(+0x1595d0)[0x7fa307fed5d0]
/home/baker02/miniconda3/envs/perturbverse/lib/R/bin/exec/../../lib/libR.so(Rf_applyClosure+0x1a4)[0x7fa307fee4d4]
/home/baker02/miniconda3/envs/perturbverse/lib/R/bin/exec/../../lib/libR.so(+0x145644)[0x7fa307fd9644]
/home/baker02/miniconda3/envs/perturbverse/lib/R/bin/exec/../../lib/libR.so(Rf_eval+0x80)[0x7fa307feb680]
/home/baker02/miniconda3/envs/perturbverse/lib/R/bin/exec/../../lib/libR.so(+0x1595d0)[0x7fa307fed5d0]
/home/baker02/miniconda3/envs/perturbverse/lib/R/bin/exec/../../lib/libR.so(Rf_applyClosure+0x1a4)[0x7fa307fee4d4]
/home/baker02/miniconda3/envs/perturbverse/lib/R/bin/exec/../../lib/libR.so(+0x145644)[0x7fa307fd9644]
/home/baker02/miniconda3/envs/perturbverse/lib/R/bin/exec/../../lib/libR.so(Rf_eval+0x80)[0x7fa307feb680]
/home/baker02/miniconda3/envs/perturbverse/lib/R/bin/exec/../../lib/libR.so(+0x1595d0)[0x7fa307fed5d0]
/home/baker02/miniconda3/envs/perturbverse/lib/R/bin/exec/../../lib/libR.so(Rf_applyClosure+0x1a4)[0x7fa307fee4d4]
/home/baker02/miniconda3/envs/perturbverse/lib/R/bin/exec/../../lib/libR.so(Rf_eval+0x2a1)[0x7fa307feb8a1]
/home/baker02/miniconda3/envs/perturbverse/lib/R/bin/exec/../../lib/libR.so(+0x15816f)[0x7fa307fec16f]
/home/baker02/miniconda3/envs/perturbverse/lib/R/bin/exec/../../lib/libR.so(Rf_eval+0x38f)[0x7fa307feb98f]
/home/baker02/miniconda3/envs/perturbverse/lib/R/bin/exec/../../lib/libR.so(+0x15816f)[0x7fa307fec16f]
/home/baker02/miniconda3/envs/perturbverse/lib/R/bin/exec/../../lib/libR.so(+0x158620)[0x7fa307fec620]
/home/baker02/miniconda3/envs/perturbverse/lib/R/bin/exec/../../lib/libR.so(+0x142d41)[0x7fa307fd6d41]
/home/baker02/miniconda3/envs/perturbverse/lib/R/bin/exec/../../lib/libR.so(Rf_eval+0x80)[0x7fa307feb680]
/home/baker02/miniconda3/envs/perturbverse/lib/R/bin/exec/../../lib/libR.so(+0x1595d0)[0x7fa307fed5d0]
/home/baker02/miniconda3/envs/perturbverse/lib/R/bin/exec/../../lib/libR.so(Rf_applyClosure+0x1a4)[0x7fa307fee4d4]
/home/baker02/miniconda3/envs/perturbverse/lib/R/bin/exec/../../lib/libR.so(Rf_eval+0x2a1)[0x7fa307feb8a1]
/home/baker02/miniconda3/envs/perturbverse/lib/R/bin/exec/../../lib/libR.so(+0x15816f)[0x7fa307fec16f]
/home/baker02/miniconda3/envs/perturbverse/lib/R/bin/exec/../../lib/libR.so(Rf_eval+0x38f)[0x7fa307feb98f]
/home/baker02/miniconda3/envs/perturbverse/lib/R/bin/exec/../../lib/libR.so(+0x15816f)[0x7fa307fec16f]
/home/baker02/miniconda3/envs/perturbverse/lib/R/bin/exec/../../lib/libR.so(Rf_eval+0x38f)[0x7fa307feb98f]
/home/baker02/miniconda3/envs/perturbverse/lib/R/bin/exec/../../lib/libR.so(+0x224880)[0x7fa3080b8880]
/home/baker02/miniconda3/envs/perturbverse/lib/R/bin/exec/../../lib/libR.so(Rf_eval+0x5a9)[0x7fa307febba9]
/home/baker02/miniconda3/envs/perturbverse/lib/R/bin/exec/../../lib/libR.so(+0x15c934)[0x7fa307ff0934]
/home/baker02/miniconda3/envs/perturbverse/lib/R/bin/exec/../../lib/libR.so(Rf_eval+0x5a9)[0x7fa307febba9]
/home/baker02/miniconda3/envs/perturbverse/lib/R/bin/exec/../../lib/libR.so(+0x15b327)[0x7fa307fef327]
/home/baker02/miniconda3/envs/perturbverse/lib/R/bin/exec/../../lib/libR.so(Rf_eval+0x5a9)[0x7fa307febba9]
/home/baker02/miniconda3/envs/perturbverse/lib/R/bin/exec/../../lib/libR.so(+0x1595d0)[0x7fa307fed5d0]
/home/baker02/miniconda3/envs/perturbverse/lib/R/bin/exec/../../lib/libR.so(Rf_applyClosure+0x1a4)[0x7fa307fee4d4]
/home/baker02/miniconda3/envs/perturbverse/lib/R/bin/exec/../../lib/libR.so(Rf_eval+0x2a1)[0x7fa307feb8a1]
/home/baker02/miniconda3/envs/perturbverse/lib/R/library/magrittr/libs/magrittr.so(magrittr_pipe+0x3f9)[0x7fa3024f79a9]
/home/baker02/miniconda3/envs/perturbverse/lib/R/bin/exec/../../lib/libR.so(+0xfdb00)[0x7fa307f91b00]
/home/baker02/miniconda3/envs/perturbverse/lib/R/bin/exec/../../lib/libR.so(+0x13d574)[0x7fa307fd1574]
/home/baker02/miniconda3/envs/perturbverse/lib/R/bin/exec/../../lib/libR.so(Rf_eval+0x80)[0x7fa307feb680]
/home/baker02/miniconda3/envs/perturbverse/lib/R/bin/exec/../../lib/libR.so(+0x1595d0)[0x7fa307fed5d0]
/home/baker02/miniconda3/envs/perturbverse/lib/R/bin/exec/../../lib/libR.so(Rf_applyClosure+0x1a4)[0x7fa307fee4d4]
/home/baker02/miniconda3/envs/perturbverse/lib/R/bin/exec/../../lib/libR.so(+0x145644)[0x7fa307fd9644]
/home/baker02/miniconda3/envs/perturbverse/lib/R/bin/exec/../../lib/libR.so(Rf_eval+0x80)[0x7fa307feb680]
/home/baker02/miniconda3/envs/perturbverse/lib/R/bin/exec/../../lib/libR.so(+0x1595d0)[0x7fa307fed5d0]
/home/baker02/miniconda3/envs/perturbverse/lib/R/bin/exec/../../lib/libR.so(Rf_applyClosure+0x1a4)[0x7fa307fee4d4]
/home/baker02/miniconda3/envs/perturbverse/lib/R/bin/exec/../../lib/libR.so(Rf_eval+0x2a1)[0x7fa307feb8a1]
/home/baker02/miniconda3/envs/perturbverse/lib/R/bin/exec/../../lib/libR.so(+0x15b327)[0x7fa307fef327]
/home/baker02/miniconda3/envs/perturbverse/lib/R/bin/exec/../../lib/libR.so(Rf_eval+0x5a9)[0x7fa307febba9]
/home/baker02/miniconda3/envs/perturbverse/lib/R/bin/exec/../../lib/libR.so(+0x1595d0)[0x7fa307fed5d0]
/home/baker02/miniconda3/envs/perturbverse/lib/R/bin/exec/../../lib/libR.so(Rf_applyClosure+0x1a4)[0x7fa307fee4d4]
/home/baker02/miniconda3/envs/perturbverse/lib/R/bin/exec/../../lib/libR.so(Rf_eval+0x2a1)[0x7fa307feb8a1]
/home/baker02/miniconda3/envs/perturbverse/lib/R/bin/exec/../../lib/libR.so(+0xc981e)[0x7fa307f5d81e]
/home/baker02/miniconda3/envs/perturbverse/lib/R/bin/exec/../../lib/libR.so(+0x13d574)[0x7fa307fd1574]
/home/baker02/miniconda3/envs/perturbverse/lib/R/bin/exec/../../lib/libR.so(Rf_eval+0x80)[0x7fa307feb680]
======= Memory map: ========
558fb4400000-558fb4401000 r--p 00000000 00:2a 30542692708                /home/baker02/miniconda3/envs/perturbverse/lib/R/bin/exec/R
558fb4401000-558fb4402000 r-xp 00001000 00:2a 30542692708                /home/baker02/miniconda3/envs/perturbverse/lib/R/bin/exec/R
558fb4402000-558fb4403000 r--p 00002000 00:2a 30542692708                /home/baker02/miniconda3/envs/perturbverse/lib/R/bin/exec/R
558fb4403000-558fb4404000 r--p 00002000 00:2a 30542692708                /home/baker02/miniconda3/envs/perturbverse/lib/R/bin/exec/R
558fb4404000-558fb4405000 rw-p 00003000 00:2a 30542692708                /home/baker02/miniconda3/envs/perturbverse/lib/R/bin/exec/R
558fb523f000-558fc657f000 rw-p 00000000 00:00 0                          [heap]
7fa1a8000000-7fa1a8021000 rw-p 00000000 00:00 0 
7fa1a8021000-7fa1ac000000 ---p 00000000 00:00 0 
7fa1ac2a9000-7fa1b02a9000 rw-p 00000000 00:00 0 
7fa1b02a9000-7fa1b02ad000 r--p 00000000 00:2a 68825781696                /home/baker02/miniconda3/envs/perturbverse/lib/R/library/utils/libs/utils.so
7fa1b02ad000-7fa1b02b5000 r-xp 00004000 00:2a 68825781696                /home/baker02/miniconda3/envs/perturbverse/lib/R/library/utils/libs/utils.so
7fa1b02b5000-7fa1b02b7000 r--p 0000c000 00:2a 68825781696                /home/baker02/miniconda3/envs/perturbverse/lib/R/library/utils/libs/utils.so
7fa1b02b7000-7fa1b02b8000 ---p 0000e000 00:2a 68825781696                /home/baker02/miniconda3/envs/perturbverse/lib/R/library/utils/libs/utils.so
7fa1b02b8000-7fa1b02b9000 r--p 0000e000 00:2a 68825781696                /home/baker02/miniconda3/envs/perturbverse/lib/R/library/utils/libs/utils.so
7fa1b02b9000-7fa1b02ba000 rw-p 0000f000 00:2a 68825781696                /home/baker02/miniconda3/envs/perturbverse/lib/R/library/utils/libs/utils.so
7fa1b02ba000-7fa1b02bb000 rw-p 00000000 00:00 0 
7fa1b0691000-7fa1b0778000 rw-p 00000000 00:00 0 
7fa1b0844000-7fa1b0986000 rw-p 00000000 00:00 0 
7fa1b0986000-7fa1b0989000 r--p 00000000 00:2a 60143874032                /home/baker02/miniconda3/envs/perturbverse/lib/R/library/methods/libs/methods.so
7fa1b0989000-7fa1b098e000 r-xp 00003000 00:2a 60143874032                /home/baker02/miniconda3/envs/perturbverse/lib/R/library/methods/libs/methods.so
7fa1b098e000-7fa1b0990000 r--p 00008000 00:2a 60143874032                /home/baker02/miniconda3/envs/perturbverse/lib/R/library/methods/libs/methods.so
7fa1b0990000-7fa1b0991000 ---p 0000a000 00:2a 60143874032                /home/baker02/miniconda3/envs/perturbverse/lib/R/library/methods/libs/methods.so
7fa1b0991000-7fa1b0992000 r--p 0000a000 00:2a 60143874032                /home/baker02/miniconda3/envs/perturbverse/lib/R/library/methods/libs/methods.so
7fa1b0992000-7fa1b0993000 rw-p 0000b000 00:2a 60143874032                /home/baker02/miniconda3/envs/perturbverse/lib/R/library/methods/libs/methods.so
7fa1b0a41000-7fa1b0b45000 rw-p 00000000 00:00 0 
7fa1b0b45000-7fa1f0b45000 rw-p 00000000 00:00 0 
7fa1f0b45000-7fa1f0f99000 rw-p 00000000 00:00 0 
7fa1f0f99000-7fa1f74dc000 r--p 00000000 fd:00 11383                      /usr/lib/locale/locale-archive
7fa1f74dc000-7fa2074dc000 rw-p 00000000 00:00 0 
7fa2074dc000-7fa2074dd000 ---p 00000000 00:00 0 
7fa2074dd000-7fa207cdd000 rw-p 00000000 00:00 0 
7fa207cdd000-7fa207cde000 ---p 00000000 00:00 0 
7fa207cde000-7fa2084de000 rw-p 00000000 00:00 0 
7fa2084de000-7fa2104de000 rw-p 00000000 00:00 0 
7fa2104de000-7fa2104df000 ---p 00000000 00:00 0 
7fa2104df000-7fa210cdf000 rw-p 00000000 00:00 0 
7fa210cdf000-7fa218cdf000 rw-p 00000000 00:00 0 
7fa218cdf000-7fa218ce0000 ---p 00000000 00:00 0 
7fa218ce0000-7fa2194e0000 rw-p 00000000 00:00 0 
7fa219ce1000-7fa221ce1000 rw-p 00000000 00:00 0 
7fa222ce3000-7fa22ace3000 rw-p 00000000 00:00 0 
7fa22b4e4000-7fa2334e4000 rw-p 00000000 00:00 0 
7fa233991000-7fa2354e8000 r--s 00000000 00:2a 73111242962                /home/baker02/miniconda3/envs/perturbverse/lib/R/library/stringi/libs/icudt69l.dat
7fa2354e8000-7fa23d4e8000 rw-p 00000000 00:00 0 
7fa23dce9000-7fa245ce9000 rw-p 00000000 00:00 0 
7fa2474ec000-7fa24f4ec000 rw-p 00000000 00:00 0 
7fa24fced000-7fa257ced000 rw-p 00000000 00:00 0 
7fa2584ee000-7fa2604ee000 rw-p 00000000 00:00 0 
7fa260cef000-7fa268cef000 rw-p 00000000 00:00 0 
7fa2694f0000-7fa2714f0000 rw-p 00000000 00:00 0 
7fa271cf1000-7fa279cf1000 rw-p 00000000 00:00 0 
7fa27a4f2000-7fa2824f2000 rw-p 00000000 00:00 0 
7fa282cf3000-7fa28acf3000 rw-p 00000000 00:00 0 
7fa28b4f4000-7fa2934f4000 rw-p 00000000 00:00 0 
7fa293cf5000-7fa29bcf5000 rw-p 00000000 00:00 0 
7fa29c4f6000-7fa2a44f6000 rw-p 00000000 00:00 0 
7fa2a4cf7000-7fa2accf7000 rw-p 00000000 00:00 0 
7fa2ad4f8000-7fa2bd4f8000 rw-p 00000000 00:00 0 
7fa2bdcf5000-7fa2be4fa000 r--s 00000000 fd:02 786463                     /var/lib/sss/mc/passwd
7fa2be4fa000-7fa2c64fa000 rw-p 00000000 00:00 0 
7fa2c6cfb000-7fa2cecfb000 rw-p 00000000 00:00 0 
7fa2cf4fc000-7fa2d74fc000 rw-p 00000000 00:00 0 
7fa2d7cfd000-7fa2dfcfd000 rw-p 00000000 00:00 0 
7fa2e04fe000-7fa2e84fe000 rw-p 00000000 00:00 0 
7fa2e8cff000-7fa2f0cff000 rw-p 00000000 00:00 0 
7fa2f0d70000-7fa2f0d74000 r--p 00000000 09:02 20709394                   /tmp/RtmpeAI6iz/file24d479c0790c/gillespie/sourceCpp-x86_64-conda-linux-gnu-1.0.7/sourcecpp_24d421b704f2/sourceCpp_4.so (deleted)
7fa2f0d74000-7fa2f0d87000 r-xp 00004000 09:02 20709394                   /tmp/RtmpeAI6iz/file24d479c0790c/gillespie/sourceCpp-x86_64-conda-linux-gnu-1.0.7/sourcecpp_24d421b704f2/sourceCpp_4.so (deleted)
7fa2f0d87000-7fa2f0d89000 r--p 00017000 09:02 20709394                   /tmp/RtmpeAI6iz/file24d479c0790c/gillespie/sourceCpp-x86_64-conda-linux-gnu-1.0.7/sourcecpp_24d421b704f2/sourceCpp_4.so (deleted)
7fa2f0d89000-7fa2f0d8a000 ---p 00019000 09:02 20709394                   /tmp/RtmpeAI6iz/file24d479c0790c/gillespie/sourceCpp-x86_64-conda-linux-gnu-1.0.7/sourcecpp_24d421b704f2/sourceCpp_4.so (deleted)
7fa2f0d8a000-7fa2f0d8b000 r--p 00019000 09:02 20709394                   /tmp/RtmpeAI6iz/file24d479c0790c/gillespie/sourceCpp-x86_64-conda-linux-gnu-1.0.7/sourcecpp_24d421b704f2/sourceCpp_4.so (deleted)
7fa2f0d8b000-7fa2f0d8c000 rw-p 0001a000 09:02 20709394                   /tmp/RtmpeAI6iz/file24d479c0790c/gillespie/sourceCpp-x86_64-conda-linux-gnu-1.0.7/sourcecpp_24d421b704f2/sourceCpp_4.so (deleted)
7fa2f0d8c000-7fa2f0d90000 r--p 00000000 09:02 20709388                   /tmp/RtmpeAI6iz/file24d479c0790c/gillespie/sourceCpp-x86_64-conda-linux-gnu-1.0.7/sourcecpp_24d455d15369/sourceCpp_2.so (deleted)
7fa2f0d90000-7fa2f0da6000 r-xp 00004000 09:02 20709388                   /tmp/RtmpeAI6iz/file24d479c0790c/gillespie/sourceCpp-x86_64-conda-linux-gnu-1.0.7/sourcecpp_24d455d15369/sourceCpp_2.so (deleted)
7fa2f0da6000-7fa2f0da8000 r--p 0001a000 09:02 20709388                   /tmp/RtmpeAI6iz/file24d479c0790c/gillespie/sourceCpp-x86_64-conda-linux-gnu-1.0.7/sourcecpp_24d455d15369/sourceCpp_2.so (deleted)
7fa2f0da8000-7fa2f0da9000 ---p 0001c000 09:02 20709388                   /tmp/RtmpeAI6iz/file24d479c0790c/gillespie/sourceCpp-x86_64-conda-linux-gnu-1.0.7/sourcecpp_24d455d15369/sourceCpp_2.so (deleted)
7fa2f0da9000-7fa2f0daa000 r--p 0001c000 09:02 20709388                   /tmp/RtmpeAI6iz/file24d479c0790c/gillespie/sourceCpp-x86_64-conda-linux-gnu-1.0.7/sourcecpp_24d455d15369/sourceCpp_2.so (deleted)
7fa2f0daa000-7fa2f0dab000 rw-p 0001d000 09:02 20709388                   /tmp/RtmpeAI6iz/file24d479c0790c/gillespie/sourceCpp-x86_64-conda-linux-gnu-1.0.7/sourcecpp_24d455d15369/sourceCpp_2.so (deleted)
7fa2f0dab000-7fa2f0db8000 r--p 00000000 00:2a 25603562                   /home/baker02/miniconda3/envs/perturbverse/lib/R/library/GillespieSSA2/libs/GillespieSSA2.so
7fa2f0db8000-7fa2f0dda000 r-xp 0000d000 00:2a 25603562                   /home/baker02/miniconda3/envs/perturbverse/lib/R/library/GillespieSSA2/libs/GillespieSSA2.so
7fa2f0dda000-7fa2f0de4000 r--p 0002f000 00:2a 25603562                   /home/baker02/miniconda3/envs/perturbverse/lib/R/library/GillespieSSA2/libs/GillespieSSA2.so
7fa2f0de4000-7fa2f0de6000 r--p 00038000 00:2a 25603562                   /home/baker02/miniconda3/envs/perturbverse/lib/R/library/GillespieSSA2/libs/GillespieSSA2.so
7fa2f0de6000-7fa2f0de7000 rw-p 0003a000 00:2a 25603562                   /home/baker02/miniconda3/envs/perturbverse/lib/R/library/GillespieSSA2/libs/GillespieSSA2.so
7fa2f0de7000-7fa2f0de8000 rw-p 00000000 00:00 0 
7fa2f0de8000-7fa2f0df3000 r--p 00000000 00:2a 48559738879                /home/baker02/miniconda3/envs/perturbverse/lib/R/library/tzdb/libs/tzdb.so
7fa2f0df3000-7fa2f0e12000 r-xp 0000b000 00:2a 48559738879                /home/baker02/miniconda3/envs/perturbverse/lib/R/library/tzdb/libs/tzdb.so
7fa2f0e12000-7fa2f0e18000 r--p 0002a000 00:2a 48559738879                /home/baker02/miniconda3/envs/perturbverse/lib/R/library/tzdb/libs/tzdb.so
7fa2f0e18000-7fa2f0e19000 ---p 00030000 00:2a 48559738879                /home/baker02/miniconda3/envs/perturbverse/lib/R/library/tzdb/libs/tzdb.so
7fa2f0e19000-7fa2f0e1a000 r--p 00030000 00:2a 48559738879                /home/baker02/miniconda3/envs/perturbverse/lib/R/library/tzdb/libs/tzdb.so
7fa2f0e1a000-7fa2f0e1b000 rw-p 00031000 00:2a 48559738879                /home/baker02/miniconda3/envs/perturbverse/lib/R/library/tzdb/libs/tzdb.so
7fa2f0e1b000-7fa2f0e32000 r--p 00000000 00:2a 60144831583                /home/baker02/miniconda3/envs/perturbverse/lib/R/library/readr/libs/readr.so
7fa2f0e32000-7fa2f0e8f000 r-xp 00017000 00:2a 60144831583                /home/baker02/miniconda3/envs/perturbverse/lib/R/library/readr/libs/readr.so
7fa2f0e8f000-7fa2f0e9e000 r--p 00074000 00:2a 60144831583                /home/baker02/miniconda3/envs/perturbverse/lib/R/library/readr/libs/readr.so
7fa2f0e9e000-7fa2f0ea1000 r--p 00082000 00:2a 60144831583                /home/baker02/miniconda3/envs/perturbverse/lib/R/library/readr/libs/readr.so
7fa2f0ea1000-7fa2f0ea2000 rw-p 00085000 00:2a 60144831583                /home/baker02/miniconda3/envs/perturbverse/lib/R/library/readr/libs/readr.so
7fa2f0ea2000-7fa2f0ead000 r--p 00000000 00:2a 17262508568                /home/baker02/miniconda3/envs/perturbverse/lib/R/library/proxyC/libs/proxyC.so
7fa2f0ead000-7fa2f0edf000 r-xp 0000b000 00:2a 17262508568                /home/baker02/miniconda3/envs/perturbverse/lib/R/library/proxyC/libs/proxyC.so
7fa2f0edf000-7fa2f0ee7000 r--p 0003d000 00:2a 17262508568                /home/baker02/miniconda3/envs/perturbverse/lib/R/library/proxyC/libs/proxyC.so
7fa2f0ee7000-7fa2f0ee8000 ---p 00045000 00:2a 17262508568                /home/baker02/miniconda3/envs/perturbverse/lib/R/library/proxyC/libs/proxyC.so
7fa2f0ee8000-7fa2f0eea000 r--p 00045000 00:2a 17262508568                /home/baker02/miniconda3/envs/perturbverse/lib/R/library/proxyC/libs/proxyC.so
7fa2f0eea000-7fa2f0eeb000 rw-p 00047000 00:2a 17262508568                /home/baker02/miniconda3/envs/perturbverse/lib/R/library/proxyC/libs/proxyC.so
7fa2f0eeb000-7fa2f119a000 rw-p 00000000 00:00 0 
7fa2f119a000-7fa2f1208000 r--p 00000000 00:2a 43148559752                /home/baker02/miniconda3/envs/perturbverse/lib/R/library/igraph/libs/igraph.so
7fa2f1208000-7fa2f1441000 r-xp 0006e000 00:2a 43148559752                /home/baker02/miniconda3/envs/perturbverse/lib/R/library/igraph/libs/igraph.so
7fa2f1441000-7fa2f14ef000 r--p 002a7000 00:2a 43148559752                /home/baker02/miniconda3/envs/perturbverse/lib/R/library/igraph/libs/igraph.so
7fa2f14ef000-7fa2f14f0000 ---p 00355000 00:2a 43148559752                /home/baker02/miniconda3/envs/perturbverse/lib/R/library/igraph/libs/igraph.so
7fa2f14f0000-7fa2f14fa000 r--p 00355000 00:2a 43148559752                /home/baker02/miniconda3/envs/perturbverse/lib/R/library/igraph/libs/igraph.so
7fa2f14fa000-7fa2f14fb000 rw-p 0035f000 00:2a 43148559752                /home/baker02/miniconda3/envs/perturbverse/lib/R/library/igraph/libs/igraph.so
7fa2f14fb000-7fa2f1500000 rw-p 00000000 00:00 0 
7fa2f1500000-7fa2f9500000 rw-p 00000000 00:00 0 
7fa2f9505000-7fa2f9509000 r--p 00000000 09:02 20709400                   /tmp/RtmpeAI6iz/file24d479c0790c/gillespie/sourceCpp-x86_64-conda-linux-gnu-1.0.7/sourcecpp_24d43cede4dd/sourceCpp_6.so (deleted)
7fa2f9509000-7fa2f9516000 r-xp 00004000 09:02 20709400                   /tmp/RtmpeAI6iz/file24d479c0790c/gillespie/sourceCpp-x86_64-conda-linux-gnu-1.0.7/sourcecpp_24d43cede4dd/sourceCpp_6.so (deleted)
7fa2f9516000-7fa2f9518000 r--p 00011000 09:02 20709400                   /tmp/RtmpeAI6iz/file24d479c0790c/gillespie/sourceCpp-x86_64-conda-linux-gnu-1.0.7/sourcecpp_24d43cede4dd/sourceCpp_6.so (deleted)
7fa2f9518000-7fa2f9519000 ---p 00013000 09:02 20709400                   /tmp/RtmpeAI6iz/file24d479c0790c/gillespie/sourceCpp-x86_64-conda-linux-gnu-1.0.7/sourcecpp_24d43cede4dd/sourceCpp_6.so (deleted)
7fa2f9519000-7fa2f951a000 r--p 00013000 09:02 20709400                   /tmp/RtmpeAI6iz/file24d479c0790c/gillespie/sourceCpp-x86_64-conda-linux-gnu-1.0.7/sourcecpp_24d43cede4dd/sourceCpp_6.so (deleted)
7fa2f951a000-7fa2f951b000 rw-p 00014000 09:02 20709400                   /tmp/RtmpeAI6iz/file24d479c0790c/gillespie/sourceCpp-x86_64-conda-linux-gnu-1.0.7/sourcecpp_24d43cede4dd/sourceCpp_6.so (deleted)
7fa2f951b000-7fa2f9521000 r--p 00000000 00:2a 4673170563                 /home/baker02/miniconda3/envs/perturbverse/lib/R/library/RcppParallel/lib/libtbbmalloc.so.2
7fa2f9521000-7fa2f952f000 r-xp 00006000 00:2a 4673170563                 /home/baker02/miniconda3/envs/perturbverse/lib/R/library/RcppParallel/lib/libtbbmalloc.so.2
7fa2f952f000-7fa2f9536000 r--p 00014000 00:2a 4673170563                 /home/baker02/miniconda3/envs/perturbverse/lib/R/library/RcppParallel/lib/libtbbmalloc.so.2
7fa2f9536000-7fa2f9537000 r--p 0001a000 00:2a 4673170563                 /home/baker02/miniconda3/envs/perturbverse/lib/R/library/RcppParallel/lib/libtbbmalloc.so.2
7fa2f9537000-7fa2f953a000 rw-p 0001b000 00:2a 4673170563                 /home/baker02/miniconda3/envs/perturbverse/lib/R/library/RcppParallel/lib/libtbbmalloc.so.2
7fa2f953a000-7fa2f955a000 rw-p 00000000 00:00 0 
7fa2f955a000-7fa2f9569000 r--p 00000000 00:2a 4673170561                 /home/baker02/miniconda3/envs/perturbverse/lib/R/library/RcppParallel/lib/libtbb.so.2
7fa2f9569000-7fa2f9585000 r-xp 0000f000 00:2a 4673170561                 /home/baker02/miniconda3/envs/perturbverse/lib/R/library/RcppParallel/lib/libtbb.so.2
7fa2f9585000-7fa2f9592000 r--p 0002b000 00:2a 4673170561                 /home/baker02/miniconda3/envs/perturbverse/lib/R/library/RcppParallel/lib/libtbb.so.2
7fa2f9592000-7fa2f9593000 ---p 00038000 00:2a 4673170561                 /home/baker02/miniconda3/envs/perturbverse/lib/R/library/RcppParallel/lib/libtbb.so.2
7fa2f9593000-7fa2f9595000 r--p 00038000 00:2a 4673170561                 /home/baker02/miniconda3/envs/perturbverse/lib/R/library/RcppParallel/lib/libtbb.so.2
7fa2f9595000-7fa2f9597000 rw-p 0003a000 00:2a 4673170561                 /home/baker02/miniconda3/envs/perturbverse/lib/R/library/RcppParallel/lib/libtbb.so.2
7fa2f9597000-7fa2f959a000 rw-p 00000000 00:00 0 
7fa2f959a000-7fa2f95ad000 r--p 00000000 00:2a 73111242919                /home/baker02/miniconda3/envs/perturbverse/lib/R/library/Rcpp/libs/Rcpp.so
7fa2f95ad000-7fa2f95ef000 r-xp 00013000 00:2a 73111242919                /home/baker02/miniconda3/envs/perturbverse/lib/R/library/Rcpp/libs/Rcpp.so
7fa2f95ef000-7fa2f9600000 r--p 00055000 00:2a 73111242919                /home/baker02/miniconda3/envs/perturbverse/lib/R/library/Rcpp/libs/Rcpp.so
7fa2f9600000-7fa2f9602000 r--p 00065000 00:2a 73111242919                /home/baker02/miniconda3/envs/perturbverse/lib/R/library/Rcpp/libs/Rcpp.so
7fa2f9602000-7fa2f9603000 rw-p 00067000 00:2a 73111242919                /home/baker02/miniconda3/envs/perturbverse/lib/R/library/Rcpp/libs/Rcpp.so
7fa2f9603000-7fa2f960a000 rw-p 00000000 00:00 0 
7fa2f960a000-7fa2f961d000 r--p 00000000 00:2a 55926621035                /home/baker02/miniconda3/envs/perturbverse/lib/R/library/Matrix/libs/Matrix.so
7fa2f961d000-7fa2f96c9000 r-xp 00013000 00:2a 55926621035                /home/baker02/miniconda3/envs/perturbverse/lib/R/library/Matrix/libs/Matrix.so
7fa2f96c9000-7fa2f96dd000 r--p 000bf000 00:2a 55926621035                /home/baker02/miniconda3/envs/perturbverse/lib/R/library/Matrix/libs/Matrix.so
7fa2f96dd000-7fa2f96de000 ---p 000d3000 00:2a 55926621035                /home/baker02/miniconda3/envs/perturbverse/lib/R/library/Matrix/libs/Matrix.so
7fa2f96de000-7fa2f96e0000 r--p 000d3000 00:2a 55926621035                /home/baker02/miniconda3/envs/perturbverse/lib/R/library/Matrix/libs/Matrix.so
7fa2f96e0000-7fa2f96e2000 rw-p 000d5000 00:2a 55926621035                /home/baker02/miniconda3/envs/perturbverse/lib/R/library/Matrix/libs/Matrix.so
7fa2f96e2000-7fa2f96e4000 rw-p 00000000 00:00 0 
7fa2f96e4000-7fa2f9d01000 r--s 00000000 fd:02 786443                     /var/lib/sss/mc/group
7fa2f9d01000-7fa301d01000 rw-p 00000000 00:00 0 
7fa301d06000-7fa301d0c000 r--p 00000000 00:2a 77366499026                /home/baker02/miniconda3/envs/perturbverse/lib/R/library/dynutils/libs/dynutils.so
7fa301d0c000-7fa301d1b000 r-xp 00006000 00:2a 77366499026                /home/baker02/miniconda3/envs/perturbverse/lib/R/library/dynutils/libs/dynutils.so
7fa301d1b000-7fa301d1f000 r--p 00015000 00:2a 77366499026                /home/baker02/miniconda3/envs/perturbverse/lib/R/library/dynutils/libs/dynutils.so
7fa301d1f000-7fa301d20000 r--p 00018000 00:2a 77366499026                /home/baker02/miniconda3/envs/perturbverse/lib/R/library/dynutils/libs/dynutils.so
7fa301d20000-7fa301d21000 rw-p 00019000 00:2a 77366499026                /home/baker02/miniconda3/envs/perturbverse/lib/R/library/dynutils/libs/dynutils.so
7fa301d21000-7fa301d23000 r--p 00000000 00:2a 38892986622                /home/baker02/miniconda3/envs/perturbverse/lib/R/library/RcppParallel/libs/RcppParallel.so
7fa301d23000-7fa301d24000 r-xp 00002000 00:2a 38892986622                /home/baker02/miniconda3/envs/perturbverse/lib/R/library/RcppParallel/libs/RcppParallel.so
7fa301d24000-7fa301d25000 r--p 00003000 00:2a 38892986622                /home/baker02/miniconda3/envs/perturbverse/lib/R/library/RcppParallel/libs/RcppParallel.so
7fa301d25000-7fa301d26000 r--p 00003000 00:2a 38892986622                /home/baker02/miniconda3/envs/perturbverse/lib/R/library/RcppParallel/libs/RcppParallel.so
7fa301d26000-7fa301d27000 rw-p 00004000 00:2a 38892986622                /home/baker02/miniconda3/envs/perturbverse/lib/R/library/RcppParallel/libs/RcppParallel.so
7fa301d27000-7fa301d28000 r--p 00000000 00:2a 43047248444                /home/baker02/miniconda3/envs/perturbverse/lib/R/library/lattice/libs/lattice.so
7fa301d28000-7fa301d2a000 r-xp 00001000 00:2a 43047248444                /home/baker02/miniconda3/envs/perturbverse/lib/R/library/lattice/libs/lattice.so
7fa301d2a000-7fa301d2b000 r--p 00003000 00:2a 43047248444                /home/baker02/miniconda3/envs/perturbverse/lib/R/library/lattice/libs/lattice.so
7fa301d2b000-7fa301d2c000 r--p 00003000 00:2a 43047248444                /home/baker02/miniconda3/envs/perturbverse/lib/R/library/lattice/libs/lattice.so
7fa301d2c000-7fa301d2d000 rw-p 00004000 00:2a 43047248444                /home/baker02/miniconda3/envs/perturbverse/lib/R/library/lattice/libs/lattice.so
7fa301d2d000-7fa301d31000 r--p 00000000 00:2a 609428521                  /home/baker02/miniconda3/envs/perturbverse/lib/R/library/grid/libs/grid.so
7fa301d31000-7fa301d49000 r-xp 00004000 00:2a 609428521                  /home/baker02/miniconda3/envs/perturbverse/lib/R/library/grid/libs/grid.so
7fa301d49000-7fa301d4f000 r--p 0001c000 00:2a 609428521                  /home/baker02/miniconda3/envs/perturbverse/lib/R/library/grid/libs/grid.so
7fa301d4f000-7fa301d50000 ---p 00022000 00:2a 609428521                  /home/baker02/miniconda3/envs/perturbverse/lib/R/library/grid/libs/grid.so
7fa301d50000-7fa301d51000 r--p 00022000 00:2a 609428521                  /home/baker02/miniconda3/envs/perturbverse/lib/R/library/grid/libs/grid.so
7fa301d51000-7fa301d52000 rw-p 00023000 00:2a 609428521                  /home/baker02/miniconda3/envs/perturbverse/lib/R/library/grid/libs/grid.so
7fa301d52000-7fa301d84000 r--p 00000000 00:2a 47736686071                /home/baker02/miniconda3/envs/perturbverse/lib/libxml2.so.2.9.12
7fa301d84000-7fa301e65000 r-xp 00032000 00:2a 47736686071                /home/baker02/miniconda3/envs/perturbverse/lib/libxml2.so.2.9.12
7fa301e65000-7fa301eaf000 r--p 00113000 00:2a 47736686071                /home/baker02/miniconda3/envs/perturbverse/lib/libxml2.so.2.9.12
7fa301eaf000-7fa301eb8000 r--p 0015c000 00:2a 47736686071                /home/baker02/miniconda3/envs/perturbverse/lib/libxml2.so.2.9.12
7fa301eb8000-7fa301eb9000 rw-p 00165000 00:2a 47736686071                /home/baker02/miniconda3/envs/perturbverse/lib/libxml2.so.2.9.12
7fa301eb9000-7fa301eba000 rw-p 00000000 00:00 0 
7fa301eba000-7fa301ec0000 r--p 00000000 00:2a 68874282353                /home/baker02/miniconda3/envs/perturbverse/lib/R/library/tidyr/libs/tidyr.so
7fa301ec0000-7fa301ecc000 r-xp 00006000 00:2a 68874282353                /home/baker02/miniconda3/envs/perturbverse/lib/R/library/tidyr/libs/tidyr.so
7fa301ecc000-7fa301ecf000 r--p 00012000 00:2a 68874282353                /home/baker02/miniconda3/envs/perturbverse/lib/R/library/tidyr/libs/tidyr.so
7fa301ecf000-7fa301ed0000 r--p 00014000 00:2a 68874282353                /home/baker02/miniconda3/envs/perturbverse/lib/R/library/tidyr/libs/tidyr.so
7fa301ed0000-7fa301ed1000 rw-p 00015000 00:2a 68874282353                /home/baker02/miniconda3/envs/perturbverse/lib/R/library/tidyr/libs/tidyr.so
7fa301ed1000-7fa301ed6000 r--p 00000000 00:2a 68791539025                /home/baker02/miniconda3/envs/perturbverse/lib/R/library/dplyr/libs/dplyr.so
7fa301ed6000-7fa301edc000 r-xp 00005000 00:2a 68791539025                /home/baker02/miniconda3/envs/perturbverse/lib/R/library/dplyr/libs/dplyr.so
7fa301edc000-7fa301ede000 r--p 0000b000 00:2a 68791539025                /home/baker02/miniconda3/envs/perturbverse/lib/R/library/dplyr/libs/dplyr.so
7fa301ede000-7fa301edf000 ---p 0000d000 00:2a 68791539025                /home/baker02/miniconda3/envs/perturbverse/lib/R/library/dplyr/libs/dplyr.so
7fa301edf000-7fa301ee0000 r--p 0000d000 00:2a 68791539025                /home/baker02/miniconda3/envs/perturbverse/lib/R/library/dplyr/libs/dplyr.so
7fa301ee0000-7fa301ee1000 rw-p 0000e000 00:2a 68791539025                /home/baker02/miniconda3/envs/perturbverse/lib/R/library/dplyr/libs/dplyr.so
7fa301ee1000-7fa301ee4000 r--p 00000000 00:2a 68874287211                /home/baker02/miniconda3/envs/perturbverse/lib/R/library/purrr/libs/purrr.so
7fa301ee4000-7fa301ee8000 r-xp 00003000 00:2a 68874287211                /home/baker02/miniconda3/envs/perturbverse/lib/R/library/purrr/libs/purrr.so
7fa301ee8000-7fa301eea000 r--p 00007000 00:2a 68874287211                /home/baker02/miniconda3/envs/perturbverse/lib/R/library/purrr/libs/purrr.so
7fa301eea000-7fa301eeb000 r--p 00008000 00:2a 68874287211                /home/baker02/miniconda3/envs/perturbverse/lib/R/library/purrr/libs/purrr.so
7fa301eeb000-7fa301eec000 rw-p 00009000 00:2a 68874287211                /home/baker02/miniconda3/envs/perturbverse/lib/R/library/purrr/libs/purrr.so
7fa301eec000-7fa301eed000 r--p 00000000 00:2a 548054224                  /home/baker02/miniconda3/envs/perturbverse/lib/R/library/glue/libs/glue.so
7fa301eed000-7fa301eee000 r-xp 00001000 00:2a 548054224                  /home/baker02/miniconda3/envs/perturbverse/lib/R/library/glue/libs/glue.so
7fa301eee000-7fa301eef000 r--p 00002000 00:2a 548054224                  /home/baker02/miniconda3/envs/perturbverse/lib/R/library/glue/libs/glue.so
7fa301eef000-7fa301ef0000 r--p 00002000 00:2a 548054224                  /home/baker02/miniconda3/envs/perturbverse/lib/R/library/glue/libs/glue.so
7fa301ef0000-7fa301ef1000 rw-p 00003000 00:2a 548054224                  /home/baker02/miniconda3/envs/perturbverse/lib/R/library/glue/libs/glue.so
7fa301ef1000-7fa301f01000 rwxp 00000000 00:00 0 
7fa301f01000-7fa301f03000 r--p 00000000 00:2a 23531014123                /home/baker02/miniconda3/envs/perturbverse/lib/R/library/tibble/libs/tibble.so
7fa301f03000-7fa301f04000 r-xp 00002000 00:2a 23531014123                /home/baker02/miniconda3/envs/perturbverse/lib/R/library/tibble/libs/tibble.so
7fa301f04000-7fa301f05000 r--p 00003000 00:2a 23531014123                /home/baker02/miniconda3/envs/perturbverse/lib/R/library/tibble/libs/tibble.so
7fa301f05000-7fa301f06000 r--p 00003000 00:2a 23531014123                /home/baker02/miniconda3/envs/perturbverse/lib/R/library/tibble/libs/tibble.so
7fa301f06000-7fa301f07000 rw-p 00004000 00:2a 23531014123                /home/baker02/miniconda3/envs/perturbverse/lib/R/library/tibble/libs/tibble.so
7fa301f07000-7fa301f0b000 r--p 00000000 00:2a 68786439349                /home/baker02/miniconda3/envs/perturbverse/lib/R/library/utf8/libs/utf8.so
7fa301f0b000-7fa301f14000 r-xp 00004000 00:2a 68786439349                /home/baker02/miniconda3/envs/perturbverse/lib/R/library/utf8/libs/utf8.so
7fa301f14000-7fa301f53000 r--p 0000d000 00:2a 68786439349                /home/baker02/miniconda3/envs/perturbverse/lib/R/library/utf8/libs/utf8.so
7fa301f53000-7fa301f54000 r--p 0004b000 00:2a 68786439349                /home/baker02/miniconda3/envs/perturbverse/lib/R/library/utf8/libs/utf8.so
7fa301f54000-7fa301f55000 rw-p 0004c000 00:2a 68786439349                /home/baker02/miniconda3/envs/perturbverse/lib/R/library/utf8/libs/utf8.so
7fa301f55000-7fa301f58000 r--p 00000000 00:2a 68780550255                /home/baker02/miniconda3/envs/perturbverse/lib/R/library/fansi/libs/fansi.so
7fa301f58000-7fa301f68000 r-xp 00003000 00:2a 68780550255                /home/baker02/miniconda3/envs/perturbverse/lib/R/library/fansi/libs/fansi.so
7fa301f68000-7fa301f6d000 r--p 00013000 00:2a 68780550255                /home/baker02/miniconda3/envs/perturbverse/lib/R/library/fansi/libs/fansi.so
7fa301f6d000-7fa301f6e000 r--p 00017000 00:2a 68780550255                /home/baker02/miniconda3/envs/perturbverse/lib/R/library/fansi/libs/fansi.so
7fa301f6e000-7fa301f6f000 rw-p 00018000 00:2a 68780550255                /home/baker02/miniconda3/envs/perturbverse/lib/R/library/fansi/libs/fansi.so
7fa301f6f000-7fa301f7a000 r--p 00000000 00:2a 64828905930                /home/baker02/miniconda3/envs/perturbverse/lib/R/library/fs/libs/fs.so
7fa301f7a000-7fa301f96000 r-xp 0000b000 00:2a 64828905930                /home/baker02/miniconda3/envs/perturbverse/lib/R/library/fs/libs/fs.so
7fa301f96000-7fa301f9f000 r--p 00027000 00:2a 64828905930                /home/baker02/miniconda3/envs/perturbverse/lib/R/library/fs/libs/fs.so
7fa301f9f000-7fa301fa1000 r--p 0002f000 00:2a 64828905930                /home/baker02/miniconda3/envs/perturbverse/lib/R/library/fs/libs/fs.so
7fa301fa1000-7fa301fa2000 rw-p 00031000 00:2a 64828905930                /home/baker02/miniconda3/envs/perturbverse/lib/R/library/fs/libs/fs.so
7fa301fa2000-7fa301fa7000 r--p 00000000 00:2a 25842880170                /home/baker02/miniconda3/envs/perturbverse/lib/R/library/vctrs/libs/vctrs.so
7fa301fa7000-7fa301fdc000 r-xp 00005000 00:2a 25842880170                /home/baker02/miniconda3/envs/perturbverse/lib/R/library/vctrs/libs/vctrs.so
7fa301fdc000-7fa301fec000 r--p 0003a000 00:2a 25842880170                /home/baker02/miniconda3/envs/perturbverse/lib/R/library/vctrs/libs/vctrs.so
7fa301fec000-7fa301fee000 r--p 00049000 00:2a 25842880170                /home/baker02/miniconda3/envs/perturbverse/lib/R/library/vctrs/libs/vctrs.so
7fa301fee000-7fa301fef000 rw-p 0004b000 00:2a 25842880170                /home/baker02/miniconda3/envs/perturbverse/lib/R/library/vctrs/libs/vctrs.so
7fa301fef000-7fa3020b3000 rw-p 00000000 00:00 0 
7fa3020b3000-7fa3020b8000 r--p 00000000 00:2a 610375614                  /home/baker02/miniconda3/envs/perturbverse/lib/R/library/rlang/libs/rlang.so
7fa3020b8000-7fa3020cb000 r-xp 00005000 00:2a 610375614                  /home/baker02/miniconda3/envs/perturbverse/lib/R/library/rlang/libs/rlang.so
7fa3020cb000-7fa3020d5000 r--p 00018000 00:2a 610375614                  /home/baker02/miniconda3/envs/perturbverse/lib/R/library/rlang/libs/rlang.so
7fa3020d5000-7fa3020d7000 r--p 00021000 00:2a 610375614                  /home/baker02/miniconda3/envs/perturbverse/lib/R/library/rlang/libs/rlang.so
7fa3020d7000-7fa3020d8000 rw-p 00023000 00:2a 610375614                  /home/baker02/miniconda3/envs/perturbverse/lib/R/library/rlang/libs/rlang.so
7fa3020d8000-7fa3020e0000 r-xp 00000000 fd:00 1471030                    /usr/lib64/libnss_sss.so.2
7fa3020e0000-7fa3022df000 ---p 00008000 fd:00 1471030                    /usr/lib64/libnss_sss.so.2
7fa3022df000-7fa3022e0000 r--p 00007000 fd:00 1471030                    /usr/lib64/libnss_sss.so.2
7fa3022e0000-7fa3022e1000 rw-p 00008000 fd:00 1471030                    /usr/lib64/libnss_sss.so.2
7fa3022e1000-7fa3022ed000 r-xp 00000000 fd:00 1464012                    /usr/lib64/libnss_files-2.17.so
7fa3022ed000-7fa3024ec000 ---p 0000c000 fd:00 1464012                    /usr/lib64/libnss_files-2.17.so
7fa3024ec000-7fa3024ed000 r--p 0000b000 fd:00 1464012                    /usr/lib64/libnss_files-2.17.so
7fa3024ed000-7fa3024ee000 rw-p 0000c000 fd:00 1464012                    /usr/lib64/libnss_files-2.17.so
7fa3024ee000-7fa3024f4000 rw-p 00000000 00:00 0 
7fa3024f5000-7fa3024f7000 r--p 00000000 00:2a 9026324291                 /home/baker02/miniconda3/envs/perturbverse/lib/R/library/magrittr/libs/magrittr.so
7fa3024f7000-7fa3024f9000 r-xp 00002000 00:2a 9026324291                 /home/baker02/miniconda3/envs/perturbverse/lib/R/library/magrittr/libs/magrittr.so
7fa3024f9000-7fa3024fa000 r--p 00004000 00:2a 9026324291                 /home/baker02/miniconda3/envs/perturbverse/lib/R/library/magrittr/libs/magrittr.so
7fa3024fa000-7fa3024fb000 r--p 00004000 00:2a 9026324291                 /home/baker02/miniconda3/envs/perturbverse/lib/R/library/magrittr/libs/magrittr.so
7fa3024fb000-7fa3024fc000 rw-p 00005000 00:2a 9026324291                 /home/baker02/miniconda3/envs/perturbverse/lib/R/library/magrittr/libs/magrittr.so
7fa3024fc000-7fa3024fe000 r--p 00000000 00:2a 51783852194                /home/baker02/miniconda3/envs/perturbverse/lib/R/library/parallel/libs/parallel.so
7fa3024fe000-7fa302501000 r-xp 00002000 00:2a 51783852194                /home/baker02/miniconda3/envs/perturbverse/lib/R/library/parallel/libs/parallel.so
7fa302501000-7fa302502000 r--p 00005000 00:2a 51783852194                /home/baker02/miniconda3/envs/perturbverse/lib/R/library/parallel/libs/parallel.so
7fa302502000-7fa302503000 ---p 00006000 00:2a 51783852194                /home/baker02/miniconda3/envs/perturbverse/lib/R/library/parallel/libs/parallel.so
7fa302503000-7fa302504000 r--p 00006000 00:2a 51783852194                /home/baker02/miniconda3/envs/perturbverse/lib/R/library/parallel/libs/parallel.so
7fa302504000-7fa302505000 rw-p 00007000 00:2a 51783852194                /home/baker02/miniconda3/envs/perturbverse/lib/R/library/parallel/libs/parallel.so
7fa302505000-7fa302506000 r--p 00000000 00:2a 43126552945                /home/baker02/miniconda3/envs/perturbverse/lib/R/library/batchtools/libs/batchtools.so
7fa302506000-7fa302507000 r-xp 00001000 00:2a 43126552945                /home/baker02/miniconda3/envs/perturbverse/lib/R/library/batchtools/libs/batchtools.so
7fa302507000-7fa302508000 r--p 00002000 00:2a 43126552945                /home/baker02/miniconda3/envs/perturbverse/lib/R/library/batchtools/libs/batchtools.so
7fa302508000-7fa302509000 r--p 00002000 00:2a 43126552945                /home/baker02/miniconda3/envs/perturbverse/lib/R/library/batchtools/libs/batchtools.so
7fa302509000-7fa30250a000 rw-p 00003000 00:2a 43126552945                /home/baker02/miniconda3/envs/perturbverse/lib/R/library/batchtools/libs/batchtools.so
7fa30250a000-7fa30250d000 r--p 00000000 00:2a 60143778385                /home/baker02/miniconda3/envs/perturbverse/lib/R/library/digest/libs/digest.so
7fa30250d000-7fa302521000 r-xp 00003000 00:2a 60143778385                /home/baker02/miniconda3/envs/perturbverse/lib/R/library/digest/libs/digest.so
7fa302521000-7fa30252c000 r--p 00017000 00:2a 60143778385                /home/baker02/miniconda3/envs/perturbverse/lib/R/library/digest/libs/digest.so
7fa30252c000-7fa30252d000 ---p 00022000 00:2a 60143778385                /home/baker02/miniconda3/envs/perturbverse/lib/R/library/digest/libs/digest.so
7fa30252d000-7fa30252e000 r--p 00022000 00:2a 60143778385                /home/baker02/miniconda3/envs/perturbverse/lib/R/library/digest/libs/digest.so
7fa30252e000-7fa30252f000 rw-p 00023000 00:2a 60143778385                /home/baker02/miniconda3/envs/perturbverse/lib/R/library/digest/libs/digest.so
7fa30252f000-7fa302531000 rw-p 00000000 00:00 0 
7fa302531000-7fa3026c2000 r--p 00000000 00:2a 73111242959                /home/baker02/miniconda3/envs/perturbverse/lib/R/library/stringi/libs/stringi.so
7fa3026c2000-7fa30299f000 r-xp 00191000 00:2a 73111242959                /home/baker02/miniconda3/envs/perturbverse/lib/R/library/stringi/libs/stringi.so
7fa30299f000-7fa302ac9000 r--p 0046e000 00:2a 73111242959                /home/baker02/miniconda3/envs/perturbverse/lib/R/library/stringi/libs/stringi.so
7fa302ac9000-7fa302af8000 r--p 00597000 00:2a 73111242959                /home/baker02/miniconda3/envs/perturbverse/lib/R/library/stringi/libs/stringi.so
7fa302af8000-7fa302af9000 rw-p 005c6000 00:2a 73111242959                /home/baker02/miniconda3/envs/perturbverse/lib/R/library/stringi/libs/stringi.so
7fa302af9000-7fa302afc000 rw-p 00000000 00:00 0 
7fa302afc000-7fa302b01000 r--p 00000000 00:2a 609428519                  /home/baker02/miniconda3/envs/perturbverse/lib/R/library/tools/libs/tools.so
7fa302b01000-7fa302b0f000 r-xp 00005000 00:2a 609428519                  /home/baker02/miniconda3/envs/perturbverse/lib/R/library/tools/libs/tools.so
7fa302b0f000-7fa302b13000 r--p 00013000 00:2a 609428519                  /home/baker02/miniconda3/envs/perturbverse/lib/R/library/tools/libs/tools.so
7fa302b13000-7fa302b15000 r--p 00017000 00:2a 609428519                  /home/baker02/miniconda3/envs/perturbverse/lib/R/library/tools/libs/tools.so
7fa302b15000-7fa302b16000 rw-p 00019000 00:2a 609428519                  /home/baker02/miniconda3/envs/perturbverse/lib/R/library/tools/libs/tools.so
7fa302b16000-7fa302b21000 r--p 00000000 00:2a 51783891742                /home/baker02/miniconda3/envs/perturbverse/lib/R/library/data.table/libs/datatable.so
7fa302b21000-7fa302b78000 r-xp 0000b000 00:2a 51783891742                /home/baker02/miniconda3/envs/perturbverse/lib/R/library/data.table/libs/datatable.so
7fa302b78000-7fa302b99000 r--p 00062000 00:2a 51783891742                /home/baker02/miniconda3/envs/perturbverse/lib/R/library/data.table/libs/datatable.so
7fa302b99000-7fa302b9b000 r--p 00082000 00:2a 51783891742                /home/baker02/miniconda3/envs/perturbverse/lib/R/library/data.table/libs/datatable.so
7fa302b9b000-7fa302b9c000 rw-p 00084000 00:2a 51783891742                /home/baker02/miniconda3/envs/perturbverse/lib/R/library/data.table/libs/datatable.so
7fa302b9c000-7fa302b9d000 rw-p 00000000 00:00 0 
7fa302b9d000-7fa302ba1000 r--p 00000000 00:2a 4314621050                 /home/baker02/miniconda3/envs/perturbverse/lib/R/library/checkmate/libs/checkmate.so
7fa302ba1000-7fa302baa000 r-xp 00004000 00:2a 4314621050                 /home/baker02/miniconda3/envs/perturbverse/lib/R/library/checkmate/libs/checkmate.so
7fa302baa000-7fa302bae000 r--p 0000d000 00:2a 4314621050                 /home/baker02/miniconda3/envs/perturbverse/lib/R/library/checkmate/libs/checkmate.so
7fa302bae000-7fa302baf000 ---p 00011000 00:2a 4314621050                 /home/baker02/miniconda3/envs/perturbverse/lib/R/library/checkmate/libs/checkmate.so
7fa302baf000-7fa302bb0000 r--p 00011000 00:2a 4314621050                 /home/baker02/miniconda3/envs/perturbverse/lib/R/library/checkmate/libs/checkmate.so
7fa302bb0000-7fa302bb1000 rw-p 00012000 00:2a 4314621050                 /home/baker02/miniconda3/envs/perturbverse/lib/R/library/checkmate/libs/checkmate.so
7fa302bb1000-7fa302bbd000 r--p 00000000 00:2a 9026193642                 /home/baker02/miniconda3/envs/perturbverse/lib/R/library/stats/libs/stats.so
7fa302bbd000-7fa302c53000 r-xp 0000c000 00:2a 9026193642                 /home/baker02/miniconda3/envs/perturbverse/lib/R/library/stats/libs/stats.so
7fa302c53000-7fa302c69000 r--p 000a2000 00:2a 9026193642                 /home/baker02/miniconda3/envs/perturbverse/lib/R/library/stats/libs/stats.so
7fa302c69000-7fa302c6a000 ---p 000b8000 00:2a 9026193642                 /home/baker02/miniconda3/envs/perturbverse/lib/R/library/stats/libs/stats.so
7fa302c6a000-7fa302c6d000 r--p 000b8000 00:2a 9026193642                 /home/baker02/miniconda3/envs/perturbverse/lib/R/library/stats/libs/stats.so
7fa302c6d000-7fa302c6e000 rw-p 000bb000 00:2a 9026193642                 /home/baker02/miniconda3/envs/perturbverse/lib/R/library/stats/libs/stats.so
7fa302c6e000-7fa302c72000 r--p 00000000 00:2a 4705026539                 /home/baker02/miniconda3/envs/perturbverse/lib/R/library/graphics/libs/graphics.so
7fa302c72000-7fa302cb0000 r-xp 00004000 00:2a 4705026539                 /home/baker02/miniconda3/envs/perturbverse/lib/R/library/graphics/libs/graphics.so
7fa302cb0000-7fa302cb9000 r--p 00042000 00:2a 4705026539                 /home/baker02/miniconda3/envs/perturbverse/lib/R/library/graphics/libs/graphics.so
7fa302cb9000-7fa302cba000 ---p 0004b000 00:2a 4705026539                 /home/baker02/miniconda3/envs/perturbverse/lib/R/library/graphics/libs/graphics.so
7fa302cba000-7fa302cbb000 r--p 0004b000 00:2a 4705026539                 /home/baker02/miniconda3/envs/perturbverse/lib/R/library/graphics/libs/graphics.so
7fa302cbb000-7fa302cbc000 rw-p 0004c000 00:2a 4705026539                 /home/baker02/miniconda3/envs/perturbverse/lib/R/library/graphics/libs/graphics.so
7fa302cbc000-7fa302cca000 r--p 00000000 00:2a 73334286249                /home/baker02/miniconda3/envs/perturbverse/lib/R/library/grDevices/libs/grDevices.so
7fa302cca000-7fa302ced000 r-xp 0000e000 00:2a 73334286249                /home/baker02/miniconda3/envs/perturbverse/lib/R/library/grDevices/libs/grDevices.so
7fa302ced000-7fa302cfa000 r--p 00031000 00:2a 73334286249                /home/baker02/miniconda3/envs/perturbverse/lib/R/library/grDevices/libs/grDevices.so
7fa302cfa000-7fa302cfb000 ---p 0003e000 00:2a 73334286249                /home/baker02/miniconda3/envs/perturbverse/lib/R/library/grDevices/libs/grDevices.so
7fa302cfb000-7fa302d00000 r--p 0003e000 00:2a 73334286249                /home/baker02/miniconda3/envs/perturbverse/lib/R/library/grDevices/libs/grDevices.so
7fa302d00000-7fa302d02000 rw-p 00043000 00:2a 73334286249                /home/baker02/miniconda3/envs/perturbverse/lib/R/library/grDevices/libs/grDevices.so
7fa302d02000-7fa302d14000 rw-p 00000000 00:00 0 
7fa302d14000-7fa302d17000 r--p 00000000 00:2a 15357544171                /home/baker02/miniconda3/envs/perturbverse/lib/libquadmath.so.0.0.0
7fa302d17000-7fa302d35000 r-xp 00003000 00:2a 15357544171                /home/baker02/miniconda3/envs/perturbverse/lib/libquadmath.so.0.0.0
7fa302d35000-7fa302d4b000 r--p 00021000 00:2a 15357544171                /home/baker02/miniconda3/envs/perturbverse/lib/libquadmath.so.0.0.0
7fa302d4b000-7fa302d4c000 ---p 00037000 00:2a 15357544171                /home/baker02/miniconda3/envs/perturbverse/lib/libquadmath.so.0.0.0
7fa302d4c000-7fa302d4d000 r--p 00037000 00:2a 15357544171                /home/baker02/miniconda3/envs/perturbverse/lib/libquadmath.so.0.0.0
7fa302d4d000-7fa302d4e000 rw-p 00038000 00:2a 15357544171                /home/baker02/miniconda3/envs/perturbverse/lib/libquadmath.so.0.0.0
7fa302d4e000-7fa302df1000 r--p 00000000 00:2a 15357515708                /home/baker02/miniconda3/envs/perturbverse/lib/libstdc++.so.6.0.28
7fa302df1000-7fa302e70000 r-xp 000a3000 00:2a 15357515708                /home/baker02/miniconda3/envs/perturbverse/lib/libstdc++.so.6.0.28
7fa302e70000-7fa302eb1000 r--p 00122000 00:2a 15357515708                /home/baker02/miniconda3/envs/perturbverse/lib/libstdc++.so.6.0.28
7fa302eb1000-7fa302ebc000 r--p 00162000 00:2a 15357515708                /home/baker02/miniconda3/envs/perturbverse/lib/libstdc++.so.6.0.28
7fa302ebc000-7fa302ec0000 rw-p 0016d000 00:2a 15357515708                /home/baker02/miniconda3/envs/perturbverse/lib/libstdc++.so.6.0.28
7fa302ec0000-7fa302ec3000 rw-p 00000000 00:00 0 
7fa302ec3000-7fa304a02000 r--p 00000000 00:2a 43115211992                /home/baker02/miniconda3/envs/perturbverse/lib/libicudata.so.68.1
7fa304a02000-7fa304a03000 ---p 01b3f000 00:2a 43115211992                /home/baker02/miniconda3/envs/perturbverse/lib/libicudata.so.68.1
7fa304a03000-7fa304a04000 r--p 01b3f000 00:2a 43115211992                /home/baker02/miniconda3/envs/perturbverse/lib/libicudata.so.68.1
7fa304a04000-7fa304a23000 r--p 00000000 00:2a 17852451150                /home/baker02/miniconda3/envs/perturbverse/lib/libgfortran.so.5.0.0
7fa304a23000-7fa304b74000 r-xp 0001f000 00:2a 17852451150                /home/baker02/miniconda3/envs/perturbverse/lib/libgfortran.so.5.0.0
7fa304b74000-7fa304ba0000 r--p 00170000 00:2a 17852451150                /home/baker02/miniconda3/envs/perturbverse/lib/libgfortran.so.5.0.0
7fa304ba0000-7fa304ba1000 ---p 0019c000 00:2a 17852451150                /home/baker02/miniconda3/envs/perturbverse/lib/libgfortran.so.5.0.0
7fa304ba1000-7fa304ba2000 r--p 0019c000 00:2a 17852451150                /home/baker02/miniconda3/envs/perturbverse/lib/libgfortran.so.5.0.0
7fa304ba2000-7fa304ba4000 rw-p 0019d000 00:2a 17852451150                /home/baker02/miniconda3/envs/perturbverse/lib/libgfortran.so.5.0.0
7fa304ba4000-7fa304c91000 r--p 00000000 00:2a 43115211991                /home/baker02/miniconda3/envs/perturbverse/lib/libicui18n.so.68.1
7fa304c91000-7fa304e1b000 r-xp 000ed000 00:2a 43115211991                /home/baker02/miniconda3/envs/perturbverse/lib/libicui18n.so.68.1
7fa304e1b000-7fa304e95000 r--p 00277000 00:2a 43115211991                /home/baker02/miniconda3/envs/perturbverse/lib/libicui18n.so.68.1
7fa304e95000-7fa304e96000 ---p 002f1000 00:2a 43115211991                /home/baker02/miniconda3/envs/perturbverse/lib/libicui18n.so.68.1
7fa304e96000-7fa304ea6000 r--p 002f1000 00:2a 43115211991                /home/baker02/miniconda3/envs/perturbverse/lib/libicui18n.so.68.1
7fa304ea6000-7fa304ea7000 rw-p 00301000 00:2a 43115211991                /home/baker02/miniconda3/envs/perturbverse/lib/libicui18n.so.68.1
7fa304ea7000-7fa304ea8000 rw-p 00000000 00:00 0 
7fa304ea8000-7fa304f0f000 r--p 00000000 00:2a 43115211990                /home/baker02/miniconda3/envs/perturbverse/lib/libicuuc.so.68.1
7fa304f0f000-7fa304ffb000 r-xp 00067000 00:2a 43115211990                /home/baker02/miniconda3/envs/perturbverse/lib/libicuuc.so.68.1
7fa304ffb000-7fa30507c000 r--p 00153000 00:2a 43115211990                /home/baker02/miniconda3/envs/perturbverse/lib/libicuuc.so.68.1
7fa30507c000-7fa30508f000 r--p 001d3000 00:2a 43115211990                /home/baker02/miniconda3/envs/perturbverse/lib/libicuuc.so.68.1
7fa30508f000-7fa305090000 rw-p 001e6000 00:2a 43115211990                /home/baker02/miniconda3/envs/perturbverse/lib/libicuuc.so.68.1
7fa305090000-7fa305092000 rw-p 00000000 00:00 0 
7fa305092000-7fa305095000 r--p 00000000 00:2a 13429457989                /home/baker02/miniconda3/envs/perturbverse/lib/libiconv.so.2.6.1
7fa305095000-7fa3050a9000 r-xp 00003000 00:2a 13429457989                /home/baker02/miniconda3/envs/perturbverse/lib/libiconv.so.2.6.1
7fa3050a9000-7fa305175000 r--p 00017000 00:2a 13429457989                /home/baker02/miniconda3/envs/perturbverse/lib/libiconv.so.2.6.1
7fa305175000-7fa305177000 r--p 000e2000 00:2a 13429457989                /home/baker02/miniconda3/envs/perturbverse/lib/libiconv.so.2.6.1
7fa305177000-7fa305178000 rw-p 000e4000 00:2a 13429457989                /home/baker02/miniconda3/envs/perturbverse/lib/libiconv.so.2.6.1
7fa305178000-7fa30517a000 r-xp 00000000 fd:00 1464008                    /usr/lib64/libdl-2.17.so
7fa30517a000-7fa30537a000 ---p 00002000 fd:00 1464008                    /usr/lib64/libdl-2.17.so
7fa30537a000-7fa30537b000 r--p 00002000 fd:00 1464008                    /usr/lib64/libdl-2.17.so
7fa30537b000-7fa30537c000 rw-p 00003000 fd:00 1464008                    /usr/lib64/libdl-2.17.so
7fa30537c000-7fa305383000 r-xp 00000000 fd:00 1464015                    /usr/lib64/librt-2.17.so
7fa305383000-7fa305582000 ---p 00007000 fd:00 1464015                    /usr/lib64/librt-2.17.so
7fa305582000-7fa305583000 r--p 00006000 fd:00 1464015                    /usr/lib64/librt-2.17.so
7fa305583000-7fa305584000 rw-p 00007000 fd:00 1464015                    /usr/lib64/librt-2.17.so
7fa305584000-7fa30559b000 r-xp 00000000 fd:00 1440177                    /usr/lib64/libpthread-2.17.so
7fa30559b000-7fa30579a000 ---p 00017000 fd:00 1440177                    /usr/lib64/libpthread-2.17.so
7fa30579a000-7fa30579b000 r--p 00016000 fd:00 1440177                    /usr/lib64/libpthread-2.17.so
7fa30579b000-7fa30579c000 rw-p 00017000 fd:00 1440177                    /usr/lib64/libpthread-2.17.so
7fa30579c000-7fa3057a0000 rw-p 00000000 00:00 0 
7fa3057a0000-7fa3058a1000 r-xp 00000000 fd:00 1464009                    /usr/lib64/libm-2.17.so
7fa3058a1000-7fa305aa0000 ---p 00101000 fd:00 1464009                    /usr/lib64/libm-2.17.so
7fa305aa0000-7fa305aa1000 r--p 00100000 fd:00 1464009                    /usr/lib64/libm-2.17.so
7fa305aa1000-7fa305aa2000 rw-p 00101000 fd:00 1464009                    /usr/lib64/libm-2.17.so
7fa305aa2000-7fa305b9b000 r--p 00000000 00:2a 17852668589                /home/baker02/miniconda3/envs/perturbverse/lib/libopenblasp-r0.3.15.so
7fa305b9b000-7fa305b9c000 r-xp 000f9000 00:2a 17852668589                /home/baker02/miniconda3/envs/perturbverse/lib/libopenblasp-r0.3.15.so
7fa305b9c000-7fa305ba2000 ---p 000fa000 00:2a 17852668589                /home/baker02/miniconda3/envs/perturbverse/lib/libopenblasp-r0.3.15.so
7fa305ba2000-7fa3078d3000 r-xp 00100000 00:2a 17852668589                /home/baker02/miniconda3/envs/perturbverse/lib/libopenblasp-r0.3.15.so
7fa3078d3000-7fa307a99000 r--p 01e31000 00:2a 17852668589                /home/baker02/miniconda3/envs/perturbverse/lib/libopenblasp-r0.3.15.so
7fa307a99000-7fa307aa7000 r--p 01ff6000 00:2a 17852668589                /home/baker02/miniconda3/envs/perturbverse/lib/libopenblasp-r0.3.15.so
7fa307aa7000-7fa307ab5000 rw-p 02004000 00:2a 17852668589                /home/baker02/miniconda3/envs/perturbverse/lib/libopenblasp-r0.3.15.so
7fa307ab5000-7fa307ac6000 rw-p 00000000 00:00 0 
7fa307ac6000-7fa307c89000 r-xp 00000000 fd:00 1440151                    /usr/lib64/libc-2.17.so
7fa307c89000-7fa307e89000 ---p 001c3000 fd:00 1440151                    /usr/lib64/libc-2.17.so
7fa307e89000-7fa307e8d000 r--p 001c3000 fd:00 1440151                    /usr/lib64/libc-2.17.so
7fa307e8d000-7fa307e8f000 rw-p 001c7000 fd:00 1440151                    /usr/lib64/libc-2.17.so
7fa307e8f000-7fa307e94000 rw-p 00000000 00:00 0 
7fa307e94000-7fa307f01000 r--p 00000000 00:2a 15371835926                /home/baker02/miniconda3/envs/perturbverse/lib/R/lib/libR.so
7fa307f01000-7fa308136000 r-xp 0006d000 00:2a 15371835926                /home/baker02/miniconda3/envs/perturbverse/lib/R/lib/libR.so
7fa308136000-7fa3081de000 r--p 002a2000 00:2a 15371835926                /home/baker02/miniconda3/envs/perturbverse/lib/R/lib/libR.so
7fa3081de000-7fa3081df000 ---p 0034a000 00:2a 15371835926                /home/baker02/miniconda3/envs/perturbverse/lib/R/lib/libR.so
7fa3081df000-7fa3081ff000 r--p 0034a000 00:2a 15371835926                /home/baker02/miniconda3/envs/perturbverse/lib/R/lib/libR.so
7fa3081ff000-7fa30820c000 rw-p 0036a000 00:2a 15371835926                /home/baker02/miniconda3/envs/perturbverse/lib/R/lib/libR.so
7fa30820c000-7fa308371000 rw-p 00000000 00:00 0 
7fa308371000-7fa308393000 r-xp 00000000 fd:00 1440578                    /usr/lib64/ld-2.17.so
7fa308393000-7fa308394000 r--p 00000000 00:2a 34626369124                /home/baker02/miniconda3/envs/perturbverse/lib/R/library/rappdirs/libs/rappdirs.so
7fa308394000-7fa308395000 r-xp 00001000 00:2a 34626369124                /home/baker02/miniconda3/envs/perturbverse/lib/R/library/rappdirs/libs/rappdirs.so
7fa308395000-7fa308396000 r--p 00002000 00:2a 34626369124                /home/baker02/miniconda3/envs/perturbverse/lib/R/library/rappdirs/libs/rappdirs.so
7fa308396000-7fa308397000 r--p 00002000 00:2a 34626369124                /home/baker02/miniconda3/envs/perturbverse/lib/R/library/rappdirs/libs/rappdirs.so
7fa308397000-7fa308398000 rw-p 00003000 00:2a 34626369124                /home/baker02/miniconda3/envs/perturbverse/lib/R/library/rappdirs/libs/rappdirs.so
7fa308398000-7fa30839a000 r--p 00000000 00:2a 25845527779                /home/baker02/miniconda3/envs/perturbverse/lib/R/library/ellipsis/libs/ellipsis.so
7fa30839a000-7fa30839b000 r-xp 00002000 00:2a 25845527779                /home/baker02/miniconda3/envs/perturbverse/lib/R/library/ellipsis/libs/ellipsis.so
7fa30839b000-7fa30839c000 r--p 00003000 00:2a 25845527779                /home/baker02/miniconda3/envs/perturbverse/lib/R/library/ellipsis/libs/ellipsis.so
7fa30839c000-7fa30839d000 r--p 00003000 00:2a 25845527779                /home/baker02/miniconda3/envs/perturbverse/lib/R/library/ellipsis/libs/ellipsis.so
7fa30839d000-7fa30839e000 rw-p 00004000 00:2a 25845527779                /home/baker02/miniconda3/envs/perturbverse/lib/R/library/ellipsis/libs/ellipsis.so
7fa30839e000-7fa3083a2000 rw-p 00000000 00:00 0 
7fa3083a2000-7fa3083a5000 r--p 00000000 00:2a 15357544179                /home/baker02/miniconda3/envs/perturbverse/lib/libgcc_s.so.1
7fa3083a5000-7fa3083b1000 r-xp 00003000 00:2a 15357544179                /home/baker02/miniconda3/envs/perturbverse/lib/libgcc_s.so.1
7fa3083b1000-7fa3083b4000 r--p 0000f000 00:2a 15357544179                /home/baker02/miniconda3/envs/perturbverse/lib/libgcc_s.so.1
7fa3083b4000-7fa3083b5000 r--p 00011000 00:2a 15357544179                /home/baker02/miniconda3/envs/perturbverse/lib/libgcc_s.so.1
7fa3083b5000-7fa3083b6000 rw-p 00012000 00:2a 15357544179                /home/baker02/miniconda3/envs/perturbverse/lib/libgcc_s.so.1
7fa3083b6000-7fa3083b7000 rw-p 00000000 00:00 0 
7fa3083b7000-7fa3083c7000 r--p 00000000 00:2a 30565387481                /home/baker02/miniconda3/envs/perturbverse/lib/libtinfo.so.6.2
7fa3083c7000-7fa3083df000 r-xp 00010000 00:2a 30565387481                /home/baker02/miniconda3/envs/perturbverse/lib/libtinfo.so.6.2
7fa3083df000-7fa3083f0000 r--p 00028000 00:2a 30565387481                /home/baker02/miniconda3/envs/perturbverse/lib/libtinfo.so.6.2
7fa3083f0000-7fa3083f4000 r--p 00038000 00:2a 30565387481                /home/baker02/miniconda3/envs/perturbverse/lib/libtinfo.so.6.2
7fa3083f4000-7fa3083f5000 rw-p 0003c000 00:2a 30565387481                /home/baker02/miniconda3/envs/perturbverse/lib/libtinfo.so.6.2
7fa3083f5000-7fa3083f8000 rw-p 00000000 00:00 0 
7fa3083f8000-7fa3083fb000 r--p 00000000 00:2a 21517539077                /home/baker02/miniconda3/envs/perturbverse/lib/libz.so.1.2.11
7fa3083fb000-7fa308409000 r-xp 00003000 00:2a 21517539077                /home/baker02/miniconda3/envs/perturbverse/lib/libz.so.1.2.11
7fa308409000-7fa30840f000 r--p 00011000 00:2a 21517539077                /home/baker02/miniconda3/envs/perturbverse/lib/libz.so.1.2.11
7fa30840f000-7fa308410000 ---p 00017000 00:2a 21517539077                /home/baker02/miniconda3/envs/perturbverse/lib/libz.so.1.2.11
7fa308410000-7fa308411000 r--p 00017000 00:2a 21517539077                /home/baker02/miniconda3/envs/perturbverse/lib/libz.so.1.2.11
7fa308411000-7fa308412000 rw-p 00018000 00:2a 21517539077                /home/baker02/miniconda3/envs/perturbverse/lib/libz.so.1.2.11
7fa308412000-7fa308414000 r--p 00000000 00:2a 39022991806                /home/baker02/miniconda3/envs/perturbverse/lib/libbz2.so.1.0.8
7fa308414000-7fa308422000 r-xp 00002000 00:2a 39022991806                /home/baker02/miniconda3/envs/perturbverse/lib/libbz2.so.1.0.8
7fa308422000-7fa308424000 r--p 00010000 00:2a 39022991806                /home/baker02/miniconda3/envs/perturbverse/lib/libbz2.so.1.0.8
7fa308424000-7fa308425000 r--p 00011000 00:2a 39022991806                /home/baker02/miniconda3/envs/perturbverse/lib/libbz2.so.1.0.8
7fa308425000-7fa308426000 rw-p 00012000 00:2a 39022991806                /home/baker02/miniconda3/envs/perturbverse/lib/libbz2.so.1.0.8
7fa308426000-7fa308427000 rw-p 00000000 00:00 0 
7fa308427000-7fa30842b000 r--p 00000000 00:2a 26057311789                /home/baker02/miniconda3/envs/perturbverse/lib/liblzma.so.5.2.5
7fa30842b000-7fa308442000 r-xp 00004000 00:2a 26057311789                /home/baker02/miniconda3/envs/perturbverse/lib/liblzma.so.5.2.5
7fa308442000-7fa30844d000 r--p 0001b000 00:2a 26057311789                /home/baker02/miniconda3/envs/perturbverse/lib/liblzma.so.5.2.5
7fa30844d000-7fa30844e000 ---p 00026000 00:2a 26057311789                /home/baker02/miniconda3/envs/perturbverse/lib/liblzma.so.5.2.5
7fa30844e000-7fa30844f000 r--p 00026000 00:2a 26057311789                /home/baker02/miniconda3/envs/perturbverse/lib/liblzma.so.5.2.5
7fa30844f000-7fa308450000 rw-p 00027000 00:2a 26057311789                /home/baker02/miniconda3/envs/perturbverse/lib/liblzma.so.5.2.5
7fa308450000-7fa308454000 r--p 00000000 00:2a 17852451162                /home/baker02/miniconda3/envs/perturbverse/lib/libpcre2-8.so.0.10.1
7fa308454000-7fa3084c9000 r-xp 00004000 00:2a 17852451162                /home/baker02/miniconda3/envs/perturbverse/lib/libpcre2-8.so.0.10.1
7fa3084c9000-7fa3084f2000 r--p 00079000 00:2a 17852451162                /home/baker02/miniconda3/envs/perturbverse/lib/libpcre2-8.so.0.10.1
7fa3084f2000-7fa3084f3000 ---p 000a2000 00:2a 17852451162                /home/baker02/miniconda3/envs/perturbverse/lib/libpcre2-8.so.0.10.1
7fa3084f3000-7fa3084f4000 r--p 000a2000 00:2a 17852451162                /home/baker02/miniconda3/envs/perturbverse/lib/libpcre2-8.so.0.10.1
7fa3084f4000-7fa3084f5000 rw-p 000a3000 00:2a 17852451162                /home/baker02/miniconda3/envs/perturbverse/lib/libpcre2-8.so.0.10.1
7fa3084f5000-7fa30850d000 r--p 00000000 00:2a 15359229530                /home/baker02/miniconda3/envs/perturbverse/lib/libreadline.so.8.1
7fa30850d000-7fa308537000 r-xp 00018000 00:2a 15359229530                /home/baker02/miniconda3/envs/perturbverse/lib/libreadline.so.8.1
7fa308537000-7fa308541000 r--p 00042000 00:2a 15359229530                /home/baker02/miniconda3/envs/perturbverse/lib/libreadline.so.8.1
7fa308541000-7fa308544000 r--p 0004b000 00:2a 15359229530                /home/baker02/miniconda3/envs/perturbverse/lib/libreadline.so.8.1
7fa308544000-7fa30854a000 rw-p 0004e000 00:2a 15359229530                /home/baker02/miniconda3/envs/perturbverse/lib/libreadline.so.8.1
7fa30854a000-7fa30854c000 rw-p 00000000 00:00 0 
7fa30854c000-7fa308556000 r--p 00000000 00:2a 844179697                  /home/baker02/miniconda3/envs/perturbverse/lib/libgomp.so.1.0.0
7fa308556000-7fa30856d000 r-xp 0000a000 00:2a 844179697                  /home/baker02/miniconda3/envs/perturbverse/lib/libgomp.so.1.0.0
7fa30856d000-7fa308576000 r--p 00021000 00:2a 844179697                  /home/baker02/miniconda3/envs/perturbverse/lib/libgomp.so.1.0.0
7fa308576000-7fa308577000 ---p 0002a000 00:2a 844179697                  /home/baker02/miniconda3/envs/perturbverse/lib/libgomp.so.1.0.0
7fa308577000-7fa308578000 r--p 0002a000 00:2a 844179697                  /home/baker02/miniconda3/envs/perturbverse/lib/libgomp.so.1.0.0
7fa308578000-7fa308579000 rw-p 0002b000 00:2a 844179697                  /home/baker02/miniconda3/envs/perturbverse/lib/libgomp.so.1.0.0
7fa308579000-7fa30857b000 rw-p 00000000 00:00 0 
7fa30857b000-7fa30857c000 r--p 00000000 00:2a 266102369                  /home/baker02/miniconda3/envs/perturbverse/lib/R/library/base64url/libs/base64url.so
7fa30857c000-7fa30857d000 r-xp 00001000 00:2a 266102369                  /home/baker02/miniconda3/envs/perturbverse/lib/R/library/base64url/libs/base64url.so
7fa30857d000-7fa30857e000 r--p 00002000 00:2a 266102369                  /home/baker02/miniconda3/envs/perturbverse/lib/R/library/base64url/libs/base64url.so
7fa30857e000-7fa30857f000 r--p 00002000 00:2a 266102369                  /home/baker02/miniconda3/envs/perturbverse/lib/R/library/base64url/libs/base64url.so
7fa30857f000-7fa308580000 rw-p 00003000 00:2a 266102369                  /home/baker02/miniconda3/envs/perturbverse/lib/R/library/base64url/libs/base64url.so
7fa308580000-7fa308581000 r--p 00000000 00:2a 9026163026                 /home/baker02/miniconda3/envs/perturbverse/lib/R/library/backports/libs/backports.so
7fa308581000-7fa308582000 r-xp 00001000 00:2a 9026163026                 /home/baker02/miniconda3/envs/perturbverse/lib/R/library/backports/libs/backports.so
7fa308582000-7fa308583000 r--p 00002000 00:2a 9026163026                 /home/baker02/miniconda3/envs/perturbverse/lib/R/library/backports/libs/backports.so
7fa308583000-7fa308584000 r--p 00002000 00:2a 9026163026                 /home/baker02/miniconda3/envs/perturbverse/lib/R/library/backports/libs/backports.so
7fa308584000-7fa308585000 rw-p 00003000 00:2a 9026163026                 /home/baker02/miniconda3/envs/perturbverse/lib/R/library/backports/libs/backports.so
7fa308585000-7fa30858c000 r--s 00000000 fd:00 1440455                    /usr/lib64/gconv/gconv-modules.cache
7fa30858d000-7fa308592000 rw-p 00000000 00:00 0 
7fa308592000-7fa308593000 r--p 00021000 fd:00 1440578                    /usr/lib64/ld-2.17.so
7fa308593000-7fa308594000 rw-p 00022000 fd:00 1440578                    /usr/lib64/ld-2.17.so
7fa308594000-7fa308595000 rw-p 00000000 00:00 0 
7ffd6f1b9000-7ffd6f2e8000 rw-p 00000000 00:00 0                          [stack]
7ffd6f3a8000-7ffd6f3aa000 r-xp 00000000 00:00 0                          [vdso]
ffffffffff600000-ffffffffff601000 r-xp 00000000 00:00 0                  [vsyscall]
/var/tmp/slurmd.spool/job14373917/slurm_script: line 11:  9428 Aborted                 "/home/baker02/miniconda3/envs/perturbverse/bin/Rscript" -e 'batchtools::doJobCollection("/mnt/scratcha/fmlab/baker02/crigen/notebooks/.future/20210809_134404-tiKLSW/batchtools_1944446698/jobs/job070997b3ad8aca667a6364860b32b924.rds")'
