
   File /Users/baker02/.Renviron contains invalid line(s)
      p_TpE3coAkixZazRvxL8JA7fTyuhni0Z0Je12X1
   They were ignored

### [bt]: This is batchtools v0.9.15
### [bt]: Starting calculation of 1 jobs
### [bt]: Setting working directory to '/mnt/scratcha/fmlab/baker02/crigen/notebooks'
Loading required package: stringr
Loading required package: dplyr

Attaching package: ‘dplyr’

The following objects are masked from ‘package:stats’:

    filter, lag

The following objects are masked from ‘package:base’:

    intersect, setdiff, setequal, union

Loading required package: future
Loading required package: tibble
Loading required package: tidyr
Loading required package: igraph

Attaching package: ‘igraph’

The following object is masked from ‘package:tidyr’:

    crossing

The following object is masked from ‘package:tibble’:

    as_data_frame

The following objects are masked from ‘package:future’:

    %->%, %<-%

The following objects are masked from ‘package:dplyr’:

    as_data_frame, groups, union

The following objects are masked from ‘package:stats’:

    decompose, spectrum

The following object is masked from ‘package:base’:

    union

Loading required package: purrr

Attaching package: ‘purrr’

The following objects are masked from ‘package:igraph’:

    compose, simplify

Loading required package: GillespieSSA2
### [bt]: Memory measurement disabled
### [bt]: Starting job [batchtools job.id=1]
### [bt]: Setting seed to 20476 ...
TF10-grna.1-sim.1
*** Error in `/home/baker02/miniconda3/envs/perturbverse/lib/R/bin/exec/R': malloc(): memory corruption: 0x000055d228c755f0 ***
======= Backtrace: =========
/lib64/libc.so.6(+0x82aa6)[0x7fafe7dcdaa6]
/lib64/libc.so.6(__libc_malloc+0x4c)[0x7fafe7dd06fc]
/home/baker02/miniconda3/envs/perturbverse/lib/R/bin/exec/../../lib/libR.so(Rf_allocVector3+0x7f6)[0x7fafe82b1b06]
/home/baker02/miniconda3/envs/perturbverse/lib/R/bin/exec/../../lib/libR.so(R_lsInternal3+0xc2)[0x7fafe8239822]
/home/baker02/miniconda3/envs/perturbverse/lib/R/bin/exec/../../lib/libR.so(+0xa9ba9)[0x7fafe81c2ba9]
/home/baker02/miniconda3/envs/perturbverse/lib/R/bin/exec/../../lib/libR.so(+0x13d574)[0x7fafe8256574]
/home/baker02/miniconda3/envs/perturbverse/lib/R/bin/exec/../../lib/libR.so(Rf_eval+0x80)[0x7fafe8270680]
/home/baker02/miniconda3/envs/perturbverse/lib/R/bin/exec/../../lib/libR.so(+0x1595d0)[0x7fafe82725d0]
/home/baker02/miniconda3/envs/perturbverse/lib/R/bin/exec/../../lib/libR.so(Rf_applyClosure+0x1a4)[0x7fafe82734d4]
/home/baker02/miniconda3/envs/perturbverse/lib/R/bin/exec/../../lib/libR.so(+0x145644)[0x7fafe825e644]
/home/baker02/miniconda3/envs/perturbverse/lib/R/bin/exec/../../lib/libR.so(Rf_eval+0x80)[0x7fafe8270680]
/home/baker02/miniconda3/envs/perturbverse/lib/R/bin/exec/../../lib/libR.so(+0x1595d0)[0x7fafe82725d0]
/home/baker02/miniconda3/envs/perturbverse/lib/R/bin/exec/../../lib/libR.so(Rf_applyClosure+0x1a4)[0x7fafe82734d4]
/home/baker02/miniconda3/envs/perturbverse/lib/R/bin/exec/../../lib/libR.so(Rf_eval+0x2a1)[0x7fafe82708a1]
/home/baker02/miniconda3/envs/perturbverse/lib/R/bin/exec/../../lib/libR.so(Rf_eval+0x5a9)[0x7fafe8270ba9]
/home/baker02/miniconda3/envs/perturbverse/lib/R/bin/exec/../../lib/libR.so(Rf_eval+0x5a9)[0x7fafe8270ba9]
/home/baker02/miniconda3/envs/perturbverse/lib/R/bin/exec/../../lib/libR.so(+0x15b327)[0x7fafe8274327]
/home/baker02/miniconda3/envs/perturbverse/lib/R/bin/exec/../../lib/libR.so(Rf_eval+0x5a9)[0x7fafe8270ba9]
/home/baker02/miniconda3/envs/perturbverse/lib/R/bin/exec/../../lib/libR.so(+0x1595d0)[0x7fafe82725d0]
/home/baker02/miniconda3/envs/perturbverse/lib/R/bin/exec/../../lib/libR.so(Rf_applyClosure+0x1a4)[0x7fafe82734d4]
/home/baker02/miniconda3/envs/perturbverse/lib/R/bin/exec/../../lib/libR.so(+0x1a1b29)[0x7fafe82bab29]
/home/baker02/miniconda3/envs/perturbverse/lib/R/bin/exec/../../lib/libR.so(+0x136db5)[0x7fafe824fdb5]
/home/baker02/miniconda3/envs/perturbverse/lib/R/bin/exec/../../lib/libR.so(+0x13bd1c)[0x7fafe8254d1c]
/home/baker02/miniconda3/envs/perturbverse/lib/R/bin/exec/../../lib/libR.so(Rf_eval+0x80)[0x7fafe8270680]
/home/baker02/miniconda3/envs/perturbverse/lib/R/bin/exec/../../lib/libR.so(+0x1595d0)[0x7fafe82725d0]
/home/baker02/miniconda3/envs/perturbverse/lib/R/bin/exec/../../lib/libR.so(Rf_applyClosure+0x1a4)[0x7fafe82734d4]
/home/baker02/miniconda3/envs/perturbverse/lib/R/bin/exec/../../lib/libR.so(+0x145644)[0x7fafe825e644]
/home/baker02/miniconda3/envs/perturbverse/lib/R/bin/exec/../../lib/libR.so(Rf_eval+0x80)[0x7fafe8270680]
/home/baker02/miniconda3/envs/perturbverse/lib/R/bin/exec/../../lib/libR.so(+0x1595d0)[0x7fafe82725d0]
/home/baker02/miniconda3/envs/perturbverse/lib/R/bin/exec/../../lib/libR.so(Rf_applyClosure+0x1a4)[0x7fafe82734d4]
/home/baker02/miniconda3/envs/perturbverse/lib/R/bin/exec/../../lib/libR.so(+0x145644)[0x7fafe825e644]
/home/baker02/miniconda3/envs/perturbverse/lib/R/bin/exec/../../lib/libR.so(Rf_eval+0x80)[0x7fafe8270680]
/home/baker02/miniconda3/envs/perturbverse/lib/R/bin/exec/../../lib/libR.so(+0x1595d0)[0x7fafe82725d0]
/home/baker02/miniconda3/envs/perturbverse/lib/R/bin/exec/../../lib/libR.so(Rf_applyClosure+0x1a4)[0x7fafe82734d4]
/home/baker02/miniconda3/envs/perturbverse/lib/R/bin/exec/../../lib/libR.so(Rf_eval+0x2a1)[0x7fafe82708a1]
/home/baker02/miniconda3/envs/perturbverse/lib/R/bin/exec/../../lib/libR.so(+0x15816f)[0x7fafe827116f]
/home/baker02/miniconda3/envs/perturbverse/lib/R/bin/exec/../../lib/libR.so(Rf_eval+0x38f)[0x7fafe827098f]
/home/baker02/miniconda3/envs/perturbverse/lib/R/bin/exec/../../lib/libR.so(+0x15816f)[0x7fafe827116f]
/home/baker02/miniconda3/envs/perturbverse/lib/R/bin/exec/../../lib/libR.so(+0x158620)[0x7fafe8271620]
/home/baker02/miniconda3/envs/perturbverse/lib/R/bin/exec/../../lib/libR.so(+0x142d41)[0x7fafe825bd41]
/home/baker02/miniconda3/envs/perturbverse/lib/R/bin/exec/../../lib/libR.so(Rf_eval+0x80)[0x7fafe8270680]
/home/baker02/miniconda3/envs/perturbverse/lib/R/bin/exec/../../lib/libR.so(+0x1595d0)[0x7fafe82725d0]
/home/baker02/miniconda3/envs/perturbverse/lib/R/bin/exec/../../lib/libR.so(Rf_applyClosure+0x1a4)[0x7fafe82734d4]
/home/baker02/miniconda3/envs/perturbverse/lib/R/bin/exec/../../lib/libR.so(Rf_eval+0x2a1)[0x7fafe82708a1]
/home/baker02/miniconda3/envs/perturbverse/lib/R/bin/exec/../../lib/libR.so(+0x15816f)[0x7fafe827116f]
/home/baker02/miniconda3/envs/perturbverse/lib/R/bin/exec/../../lib/libR.so(Rf_eval+0x38f)[0x7fafe827098f]
/home/baker02/miniconda3/envs/perturbverse/lib/R/bin/exec/../../lib/libR.so(+0x15816f)[0x7fafe827116f]
/home/baker02/miniconda3/envs/perturbverse/lib/R/bin/exec/../../lib/libR.so(Rf_eval+0x38f)[0x7fafe827098f]
/home/baker02/miniconda3/envs/perturbverse/lib/R/bin/exec/../../lib/libR.so(+0x224880)[0x7fafe833d880]
/home/baker02/miniconda3/envs/perturbverse/lib/R/bin/exec/../../lib/libR.so(Rf_eval+0x5a9)[0x7fafe8270ba9]
/home/baker02/miniconda3/envs/perturbverse/lib/R/bin/exec/../../lib/libR.so(+0x15c934)[0x7fafe8275934]
/home/baker02/miniconda3/envs/perturbverse/lib/R/bin/exec/../../lib/libR.so(Rf_eval+0x5a9)[0x7fafe8270ba9]
/home/baker02/miniconda3/envs/perturbverse/lib/R/bin/exec/../../lib/libR.so(+0x15b327)[0x7fafe8274327]
/home/baker02/miniconda3/envs/perturbverse/lib/R/bin/exec/../../lib/libR.so(Rf_eval+0x5a9)[0x7fafe8270ba9]
/home/baker02/miniconda3/envs/perturbverse/lib/R/bin/exec/../../lib/libR.so(+0x1595d0)[0x7fafe82725d0]
/home/baker02/miniconda3/envs/perturbverse/lib/R/bin/exec/../../lib/libR.so(Rf_applyClosure+0x1a4)[0x7fafe82734d4]
/home/baker02/miniconda3/envs/perturbverse/lib/R/bin/exec/../../lib/libR.so(Rf_eval+0x2a1)[0x7fafe82708a1]
/home/baker02/miniconda3/envs/perturbverse/lib/R/library/magrittr/libs/magrittr.so(magrittr_pipe+0x3f9)[0x7fafe277c9a9]
/home/baker02/miniconda3/envs/perturbverse/lib/R/bin/exec/../../lib/libR.so(+0xfdb00)[0x7fafe8216b00]
/home/baker02/miniconda3/envs/perturbverse/lib/R/bin/exec/../../lib/libR.so(+0x13d574)[0x7fafe8256574]
/home/baker02/miniconda3/envs/perturbverse/lib/R/bin/exec/../../lib/libR.so(Rf_eval+0x80)[0x7fafe8270680]
/home/baker02/miniconda3/envs/perturbverse/lib/R/bin/exec/../../lib/libR.so(+0x1595d0)[0x7fafe82725d0]
/home/baker02/miniconda3/envs/perturbverse/lib/R/bin/exec/../../lib/libR.so(Rf_applyClosure+0x1a4)[0x7fafe82734d4]
======= Memory map: ========
55d21cf9f000-55d21cfa0000 r--p 00000000 00:29 30542692708                /home/baker02/miniconda3/envs/perturbverse/lib/R/bin/exec/R
55d21cfa0000-55d21cfa1000 r-xp 00001000 00:29 30542692708                /home/baker02/miniconda3/envs/perturbverse/lib/R/bin/exec/R
55d21cfa1000-55d21cfa2000 r--p 00002000 00:29 30542692708                /home/baker02/miniconda3/envs/perturbverse/lib/R/bin/exec/R
55d21cfa2000-55d21cfa3000 r--p 00002000 00:29 30542692708                /home/baker02/miniconda3/envs/perturbverse/lib/R/bin/exec/R
55d21cfa3000-55d21cfa4000 rw-p 00003000 00:29 30542692708                /home/baker02/miniconda3/envs/perturbverse/lib/R/bin/exec/R
55d21d058000-55d22e391000 rw-p 00000000 00:00 0                          [heap]
7fae88000000-7fae88021000 rw-p 00000000 00:00 0 
7fae88021000-7fae8c000000 ---p 00000000 00:00 0 
7fae8c52e000-7fae9052e000 rw-p 00000000 00:00 0 
7fae9052e000-7fae90532000 r--p 00000000 00:29 68825781696                /home/baker02/miniconda3/envs/perturbverse/lib/R/library/utils/libs/utils.so
7fae90532000-7fae9053a000 r-xp 00004000 00:29 68825781696                /home/baker02/miniconda3/envs/perturbverse/lib/R/library/utils/libs/utils.so
7fae9053a000-7fae9053c000 r--p 0000c000 00:29 68825781696                /home/baker02/miniconda3/envs/perturbverse/lib/R/library/utils/libs/utils.so
7fae9053c000-7fae9053d000 ---p 0000e000 00:29 68825781696                /home/baker02/miniconda3/envs/perturbverse/lib/R/library/utils/libs/utils.so
7fae9053d000-7fae9053e000 r--p 0000e000 00:29 68825781696                /home/baker02/miniconda3/envs/perturbverse/lib/R/library/utils/libs/utils.so
7fae9053e000-7fae9053f000 rw-p 0000f000 00:29 68825781696                /home/baker02/miniconda3/envs/perturbverse/lib/R/library/utils/libs/utils.so
7fae9053f000-7fae90540000 rw-p 00000000 00:00 0 
7fae90916000-7fae909fd000 rw-p 00000000 00:00 0 
7fae90ac9000-7fae90c0b000 rw-p 00000000 00:00 0 
7fae90c0b000-7fae90c0e000 r--p 00000000 00:29 60143874032                /home/baker02/miniconda3/envs/perturbverse/lib/R/library/methods/libs/methods.so
7fae90c0e000-7fae90c13000 r-xp 00003000 00:29 60143874032                /home/baker02/miniconda3/envs/perturbverse/lib/R/library/methods/libs/methods.so
7fae90c13000-7fae90c15000 r--p 00008000 00:29 60143874032                /home/baker02/miniconda3/envs/perturbverse/lib/R/library/methods/libs/methods.so
7fae90c15000-7fae90c16000 ---p 0000a000 00:29 60143874032                /home/baker02/miniconda3/envs/perturbverse/lib/R/library/methods/libs/methods.so
7fae90c16000-7fae90c17000 r--p 0000a000 00:29 60143874032                /home/baker02/miniconda3/envs/perturbverse/lib/R/library/methods/libs/methods.so
7fae90c17000-7fae90c18000 rw-p 0000b000 00:29 60143874032                /home/baker02/miniconda3/envs/perturbverse/lib/R/library/methods/libs/methods.so
7fae90cc6000-7fae9121e000 rw-p 00000000 00:00 0 
7fae9121e000-7faee121e000 rw-p 00000000 00:00 0 
7faee121e000-7faee7761000 r--p 00000000 fd:00 796854                     /usr/lib/locale/locale-archive
7faee7761000-7faee7762000 ---p 00000000 00:00 0 
7faee7762000-7faee7f62000 rw-p 00000000 00:00 0 
7faee7f62000-7faee7f63000 ---p 00000000 00:00 0 
7faee7f63000-7faee8763000 rw-p 00000000 00:00 0 
7faee8763000-7faee8764000 ---p 00000000 00:00 0 
7faee8764000-7faee8f64000 rw-p 00000000 00:00 0 
7faee8f64000-7faee8f65000 ---p 00000000 00:00 0 
7faee8f65000-7faee9765000 rw-p 00000000 00:00 0 
7faee9c0e000-7faeea413000 r--s 00000000 fd:02 786488                     /var/lib/sss/mc/passwd
7faeea413000-7faeebf6a000 r--s 00000000 00:29 73111242962                /home/baker02/miniconda3/envs/perturbverse/lib/R/library/stringi/libs/icudt69l.dat
7faeebf6a000-7faef3f6a000 rw-p 00000000 00:00 0 
7faef476b000-7faefc76b000 rw-p 00000000 00:00 0 
7faefcf6c000-7faf04f6c000 rw-p 00000000 00:00 0 
7faf0576d000-7faf0d76d000 rw-p 00000000 00:00 0 
7faf0df6e000-7faf15f6e000 rw-p 00000000 00:00 0 
7faf1676f000-7faf1e76f000 rw-p 00000000 00:00 0 
7faf1ef70000-7faf26f70000 rw-p 00000000 00:00 0 
7faf27771000-7faf2f771000 rw-p 00000000 00:00 0 
7faf2ff72000-7faf37f72000 rw-p 00000000 00:00 0 
7faf38773000-7faf40773000 rw-p 00000000 00:00 0 
7faf40f74000-7faf48f74000 rw-p 00000000 00:00 0 
7faf49775000-7faf51775000 rw-p 00000000 00:00 0 
7faf51f76000-7faf59f76000 rw-p 00000000 00:00 0 
7faf5a777000-7faf62777000 rw-p 00000000 00:00 0 
7faf62f78000-7faf6af78000 rw-p 00000000 00:00 0 
7faf6b779000-7faf73779000 rw-p 00000000 00:00 0 
7faf73f7a000-7faf7bf7a000 rw-p 00000000 00:00 0 
7faf7c77b000-7faf8477b000 rw-p 00000000 00:00 0 
7faf84f7c000-7faf8cf7c000 rw-p 00000000 00:00 0 
7faf8d77d000-7faf9577d000 rw-p 00000000 00:00 0 
7faf95f7e000-7faf9df7e000 rw-p 00000000 00:00 0 
7faf9e77f000-7fafa677f000 rw-p 00000000 00:00 0 
7fafa6f80000-7fafaef80000 rw-p 00000000 00:00 0 
7fafaf781000-7fafb7781000 rw-p 00000000 00:00 0 
7fafb7f82000-7fafbff82000 rw-p 00000000 00:00 0 
7fafc0783000-7fafc8783000 rw-p 00000000 00:00 0 
7fafc8f84000-7fafd0f84000 rw-p 00000000 00:00 0 
7fafd0ff5000-7fafd0ff9000 r--p 00000000 09:02 109707282                  /tmp/Rtmppz7grs/file38457ee651dc/gillespie/sourceCpp-x86_64-conda-linux-gnu-1.0.7/sourcecpp_38453ce45d61/sourceCpp_4.so (deleted)
7fafd0ff9000-7fafd100c000 r-xp 00004000 09:02 109707282                  /tmp/Rtmppz7grs/file38457ee651dc/gillespie/sourceCpp-x86_64-conda-linux-gnu-1.0.7/sourcecpp_38453ce45d61/sourceCpp_4.so (deleted)
7fafd100c000-7fafd100e000 r--p 00017000 09:02 109707282                  /tmp/Rtmppz7grs/file38457ee651dc/gillespie/sourceCpp-x86_64-conda-linux-gnu-1.0.7/sourcecpp_38453ce45d61/sourceCpp_4.so (deleted)
7fafd100e000-7fafd100f000 ---p 00019000 09:02 109707282                  /tmp/Rtmppz7grs/file38457ee651dc/gillespie/sourceCpp-x86_64-conda-linux-gnu-1.0.7/sourcecpp_38453ce45d61/sourceCpp_4.so (deleted)
7fafd100f000-7fafd1010000 r--p 00019000 09:02 109707282                  /tmp/Rtmppz7grs/file38457ee651dc/gillespie/sourceCpp-x86_64-conda-linux-gnu-1.0.7/sourcecpp_38453ce45d61/sourceCpp_4.so (deleted)
7fafd1010000-7fafd1011000 rw-p 0001a000 09:02 109707282                  /tmp/Rtmppz7grs/file38457ee651dc/gillespie/sourceCpp-x86_64-conda-linux-gnu-1.0.7/sourcecpp_38453ce45d61/sourceCpp_4.so (deleted)
7fafd1011000-7fafd1015000 r--p 00000000 09:02 109707276                  /tmp/Rtmppz7grs/file38457ee651dc/gillespie/sourceCpp-x86_64-conda-linux-gnu-1.0.7/sourcecpp_38456843ea8c/sourceCpp_2.so (deleted)
7fafd1015000-7fafd102b000 r-xp 00004000 09:02 109707276                  /tmp/Rtmppz7grs/file38457ee651dc/gillespie/sourceCpp-x86_64-conda-linux-gnu-1.0.7/sourcecpp_38456843ea8c/sourceCpp_2.so (deleted)
7fafd102b000-7fafd102d000 r--p 0001a000 09:02 109707276                  /tmp/Rtmppz7grs/file38457ee651dc/gillespie/sourceCpp-x86_64-conda-linux-gnu-1.0.7/sourcecpp_38456843ea8c/sourceCpp_2.so (deleted)
7fafd102d000-7fafd102e000 ---p 0001c000 09:02 109707276                  /tmp/Rtmppz7grs/file38457ee651dc/gillespie/sourceCpp-x86_64-conda-linux-gnu-1.0.7/sourcecpp_38456843ea8c/sourceCpp_2.so (deleted)
7fafd102e000-7fafd102f000 r--p 0001c000 09:02 109707276                  /tmp/Rtmppz7grs/file38457ee651dc/gillespie/sourceCpp-x86_64-conda-linux-gnu-1.0.7/sourcecpp_38456843ea8c/sourceCpp_2.so (deleted)
7fafd102f000-7fafd1030000 rw-p 0001d000 09:02 109707276                  /tmp/Rtmppz7grs/file38457ee651dc/gillespie/sourceCpp-x86_64-conda-linux-gnu-1.0.7/sourcecpp_38456843ea8c/sourceCpp_2.so (deleted)
7fafd1030000-7fafd103d000 r--p 00000000 00:29 25603562                   /home/baker02/miniconda3/envs/perturbverse/lib/R/library/GillespieSSA2/libs/GillespieSSA2.so
7fafd103d000-7fafd105f000 r-xp 0000d000 00:29 25603562                   /home/baker02/miniconda3/envs/perturbverse/lib/R/library/GillespieSSA2/libs/GillespieSSA2.so
7fafd105f000-7fafd1069000 r--p 0002f000 00:29 25603562                   /home/baker02/miniconda3/envs/perturbverse/lib/R/library/GillespieSSA2/libs/GillespieSSA2.so
7fafd1069000-7fafd106b000 r--p 00038000 00:29 25603562                   /home/baker02/miniconda3/envs/perturbverse/lib/R/library/GillespieSSA2/libs/GillespieSSA2.so
7fafd106b000-7fafd106c000 rw-p 0003a000 00:29 25603562                   /home/baker02/miniconda3/envs/perturbverse/lib/R/library/GillespieSSA2/libs/GillespieSSA2.so
7fafd106c000-7fafd106d000 rw-p 00000000 00:00 0 
7fafd106d000-7fafd1078000 r--p 00000000 00:29 48559738879                /home/baker02/miniconda3/envs/perturbverse/lib/R/library/tzdb/libs/tzdb.so
7fafd1078000-7fafd1097000 r-xp 0000b000 00:29 48559738879                /home/baker02/miniconda3/envs/perturbverse/lib/R/library/tzdb/libs/tzdb.so
7fafd1097000-7fafd109d000 r--p 0002a000 00:29 48559738879                /home/baker02/miniconda3/envs/perturbverse/lib/R/library/tzdb/libs/tzdb.so
7fafd109d000-7fafd109e000 ---p 00030000 00:29 48559738879                /home/baker02/miniconda3/envs/perturbverse/lib/R/library/tzdb/libs/tzdb.so
7fafd109e000-7fafd109f000 r--p 00030000 00:29 48559738879                /home/baker02/miniconda3/envs/perturbverse/lib/R/library/tzdb/libs/tzdb.so
7fafd109f000-7fafd10a0000 rw-p 00031000 00:29 48559738879                /home/baker02/miniconda3/envs/perturbverse/lib/R/library/tzdb/libs/tzdb.so
7fafd10a0000-7fafd10b7000 r--p 00000000 00:29 60144831583                /home/baker02/miniconda3/envs/perturbverse/lib/R/library/readr/libs/readr.so
7fafd10b7000-7fafd1114000 r-xp 00017000 00:29 60144831583                /home/baker02/miniconda3/envs/perturbverse/lib/R/library/readr/libs/readr.so
7fafd1114000-7fafd1123000 r--p 00074000 00:29 60144831583                /home/baker02/miniconda3/envs/perturbverse/lib/R/library/readr/libs/readr.so
7fafd1123000-7fafd1126000 r--p 00082000 00:29 60144831583                /home/baker02/miniconda3/envs/perturbverse/lib/R/library/readr/libs/readr.so
7fafd1126000-7fafd1127000 rw-p 00085000 00:29 60144831583                /home/baker02/miniconda3/envs/perturbverse/lib/R/library/readr/libs/readr.so
7fafd1127000-7fafd1132000 r--p 00000000 00:29 17262508568                /home/baker02/miniconda3/envs/perturbverse/lib/R/library/proxyC/libs/proxyC.so
7fafd1132000-7fafd1164000 r-xp 0000b000 00:29 17262508568                /home/baker02/miniconda3/envs/perturbverse/lib/R/library/proxyC/libs/proxyC.so
7fafd1164000-7fafd116c000 r--p 0003d000 00:29 17262508568                /home/baker02/miniconda3/envs/perturbverse/lib/R/library/proxyC/libs/proxyC.so
7fafd116c000-7fafd116d000 ---p 00045000 00:29 17262508568                /home/baker02/miniconda3/envs/perturbverse/lib/R/library/proxyC/libs/proxyC.so
7fafd116d000-7fafd116f000 r--p 00045000 00:29 17262508568                /home/baker02/miniconda3/envs/perturbverse/lib/R/library/proxyC/libs/proxyC.so
7fafd116f000-7fafd1170000 rw-p 00047000 00:29 17262508568                /home/baker02/miniconda3/envs/perturbverse/lib/R/library/proxyC/libs/proxyC.so
7fafd1170000-7fafd141f000 rw-p 00000000 00:00 0 
7fafd141f000-7fafd148d000 r--p 00000000 00:29 43148559752                /home/baker02/miniconda3/envs/perturbverse/lib/R/library/igraph/libs/igraph.so
7fafd148d000-7fafd16c6000 r-xp 0006e000 00:29 43148559752                /home/baker02/miniconda3/envs/perturbverse/lib/R/library/igraph/libs/igraph.so
7fafd16c6000-7fafd1774000 r--p 002a7000 00:29 43148559752                /home/baker02/miniconda3/envs/perturbverse/lib/R/library/igraph/libs/igraph.so
7fafd1774000-7fafd1775000 ---p 00355000 00:29 43148559752                /home/baker02/miniconda3/envs/perturbverse/lib/R/library/igraph/libs/igraph.so
7fafd1775000-7fafd177f000 r--p 00355000 00:29 43148559752                /home/baker02/miniconda3/envs/perturbverse/lib/R/library/igraph/libs/igraph.so
7fafd177f000-7fafd1780000 rw-p 0035f000 00:29 43148559752                /home/baker02/miniconda3/envs/perturbverse/lib/R/library/igraph/libs/igraph.so
7fafd1780000-7fafd1785000 rw-p 00000000 00:00 0 
7fafd1785000-7fafd9785000 rw-p 00000000 00:00 0 
7fafd978a000-7fafd978e000 r--p 00000000 09:02 109707288                  /tmp/Rtmppz7grs/file38457ee651dc/gillespie/sourceCpp-x86_64-conda-linux-gnu-1.0.7/sourcecpp_38452dd49fc5/sourceCpp_6.so (deleted)
7fafd978e000-7fafd979b000 r-xp 00004000 09:02 109707288                  /tmp/Rtmppz7grs/file38457ee651dc/gillespie/sourceCpp-x86_64-conda-linux-gnu-1.0.7/sourcecpp_38452dd49fc5/sourceCpp_6.so (deleted)
7fafd979b000-7fafd979d000 r--p 00011000 09:02 109707288                  /tmp/Rtmppz7grs/file38457ee651dc/gillespie/sourceCpp-x86_64-conda-linux-gnu-1.0.7/sourcecpp_38452dd49fc5/sourceCpp_6.so (deleted)
7fafd979d000-7fafd979e000 ---p 00013000 09:02 109707288                  /tmp/Rtmppz7grs/file38457ee651dc/gillespie/sourceCpp-x86_64-conda-linux-gnu-1.0.7/sourcecpp_38452dd49fc5/sourceCpp_6.so (deleted)
7fafd979e000-7fafd979f000 r--p 00013000 09:02 109707288                  /tmp/Rtmppz7grs/file38457ee651dc/gillespie/sourceCpp-x86_64-conda-linux-gnu-1.0.7/sourcecpp_38452dd49fc5/sourceCpp_6.so (deleted)
7fafd979f000-7fafd97a0000 rw-p 00014000 09:02 109707288                  /tmp/Rtmppz7grs/file38457ee651dc/gillespie/sourceCpp-x86_64-conda-linux-gnu-1.0.7/sourcecpp_38452dd49fc5/sourceCpp_6.so (deleted)
7fafd97a0000-7fafd97a6000 r--p 00000000 00:29 4673170563                 /home/baker02/miniconda3/envs/perturbverse/lib/R/library/RcppParallel/lib/libtbbmalloc.so.2
7fafd97a6000-7fafd97b4000 r-xp 00006000 00:29 4673170563                 /home/baker02/miniconda3/envs/perturbverse/lib/R/library/RcppParallel/lib/libtbbmalloc.so.2
7fafd97b4000-7fafd97bb000 r--p 00014000 00:29 4673170563                 /home/baker02/miniconda3/envs/perturbverse/lib/R/library/RcppParallel/lib/libtbbmalloc.so.2
7fafd97bb000-7fafd97bc000 r--p 0001a000 00:29 4673170563                 /home/baker02/miniconda3/envs/perturbverse/lib/R/library/RcppParallel/lib/libtbbmalloc.so.2
7fafd97bc000-7fafd97bf000 rw-p 0001b000 00:29 4673170563                 /home/baker02/miniconda3/envs/perturbverse/lib/R/library/RcppParallel/lib/libtbbmalloc.so.2
7fafd97bf000-7fafd97df000 rw-p 00000000 00:00 0 
7fafd97df000-7fafd97ee000 r--p 00000000 00:29 4673170561                 /home/baker02/miniconda3/envs/perturbverse/lib/R/library/RcppParallel/lib/libtbb.so.2
7fafd97ee000-7fafd980a000 r-xp 0000f000 00:29 4673170561                 /home/baker02/miniconda3/envs/perturbverse/lib/R/library/RcppParallel/lib/libtbb.so.2
7fafd980a000-7fafd9817000 r--p 0002b000 00:29 4673170561                 /home/baker02/miniconda3/envs/perturbverse/lib/R/library/RcppParallel/lib/libtbb.so.2
7fafd9817000-7fafd9818000 ---p 00038000 00:29 4673170561                 /home/baker02/miniconda3/envs/perturbverse/lib/R/library/RcppParallel/lib/libtbb.so.2
7fafd9818000-7fafd981a000 r--p 00038000 00:29 4673170561                 /home/baker02/miniconda3/envs/perturbverse/lib/R/library/RcppParallel/lib/libtbb.so.2
7fafd981a000-7fafd981c000 rw-p 0003a000 00:29 4673170561                 /home/baker02/miniconda3/envs/perturbverse/lib/R/library/RcppParallel/lib/libtbb.so.2
7fafd981c000-7fafd981f000 rw-p 00000000 00:00 0 
7fafd981f000-7fafd9832000 r--p 00000000 00:29 73111242919                /home/baker02/miniconda3/envs/perturbverse/lib/R/library/Rcpp/libs/Rcpp.so
7fafd9832000-7fafd9874000 r-xp 00013000 00:29 73111242919                /home/baker02/miniconda3/envs/perturbverse/lib/R/library/Rcpp/libs/Rcpp.so
7fafd9874000-7fafd9885000 r--p 00055000 00:29 73111242919                /home/baker02/miniconda3/envs/perturbverse/lib/R/library/Rcpp/libs/Rcpp.so
7fafd9885000-7fafd9887000 r--p 00065000 00:29 73111242919                /home/baker02/miniconda3/envs/perturbverse/lib/R/library/Rcpp/libs/Rcpp.so
7fafd9887000-7fafd9888000 rw-p 00067000 00:29 73111242919                /home/baker02/miniconda3/envs/perturbverse/lib/R/library/Rcpp/libs/Rcpp.so
7fafd9888000-7fafd988f000 rw-p 00000000 00:00 0 
7fafd988f000-7fafd98a2000 r--p 00000000 00:29 55926621035                /home/baker02/miniconda3/envs/perturbverse/lib/R/library/Matrix/libs/Matrix.so
7fafd98a2000-7fafd994e000 r-xp 00013000 00:29 55926621035                /home/baker02/miniconda3/envs/perturbverse/lib/R/library/Matrix/libs/Matrix.so
7fafd994e000-7fafd9962000 r--p 000bf000 00:29 55926621035                /home/baker02/miniconda3/envs/perturbverse/lib/R/library/Matrix/libs/Matrix.so
7fafd9962000-7fafd9963000 ---p 000d3000 00:29 55926621035                /home/baker02/miniconda3/envs/perturbverse/lib/R/library/Matrix/libs/Matrix.so
7fafd9963000-7fafd9965000 r--p 000d3000 00:29 55926621035                /home/baker02/miniconda3/envs/perturbverse/lib/R/library/Matrix/libs/Matrix.so
7fafd9965000-7fafd9967000 rw-p 000d5000 00:29 55926621035                /home/baker02/miniconda3/envs/perturbverse/lib/R/library/Matrix/libs/Matrix.so
7fafd9967000-7fafd9969000 rw-p 00000000 00:00 0 
7fafd9969000-7fafd9f86000 r--s 00000000 fd:02 786486                     /var/lib/sss/mc/group
7fafd9f86000-7fafe1f86000 rw-p 00000000 00:00 0 
7fafe1f8b000-7fafe1f91000 r--p 00000000 00:29 77366499026                /home/baker02/miniconda3/envs/perturbverse/lib/R/library/dynutils/libs/dynutils.so
7fafe1f91000-7fafe1fa0000 r-xp 00006000 00:29 77366499026                /home/baker02/miniconda3/envs/perturbverse/lib/R/library/dynutils/libs/dynutils.so
7fafe1fa0000-7fafe1fa4000 r--p 00015000 00:29 77366499026                /home/baker02/miniconda3/envs/perturbverse/lib/R/library/dynutils/libs/dynutils.so
7fafe1fa4000-7fafe1fa5000 r--p 00018000 00:29 77366499026                /home/baker02/miniconda3/envs/perturbverse/lib/R/library/dynutils/libs/dynutils.so
7fafe1fa5000-7fafe1fa6000 rw-p 00019000 00:29 77366499026                /home/baker02/miniconda3/envs/perturbverse/lib/R/library/dynutils/libs/dynutils.so
7fafe1fa6000-7fafe1fa8000 r--p 00000000 00:29 38892986622                /home/baker02/miniconda3/envs/perturbverse/lib/R/library/RcppParallel/libs/RcppParallel.so
7fafe1fa8000-7fafe1fa9000 r-xp 00002000 00:29 38892986622                /home/baker02/miniconda3/envs/perturbverse/lib/R/library/RcppParallel/libs/RcppParallel.so
7fafe1fa9000-7fafe1faa000 r--p 00003000 00:29 38892986622                /home/baker02/miniconda3/envs/perturbverse/lib/R/library/RcppParallel/libs/RcppParallel.so
7fafe1faa000-7fafe1fab000 r--p 00003000 00:29 38892986622                /home/baker02/miniconda3/envs/perturbverse/lib/R/library/RcppParallel/libs/RcppParallel.so
7fafe1fab000-7fafe1fac000 rw-p 00004000 00:29 38892986622                /home/baker02/miniconda3/envs/perturbverse/lib/R/library/RcppParallel/libs/RcppParallel.so
7fafe1fac000-7fafe1fad000 r--p 00000000 00:29 43047248444                /home/baker02/miniconda3/envs/perturbverse/lib/R/library/lattice/libs/lattice.so
7fafe1fad000-7fafe1faf000 r-xp 00001000 00:29 43047248444                /home/baker02/miniconda3/envs/perturbverse/lib/R/library/lattice/libs/lattice.so
7fafe1faf000-7fafe1fb0000 r--p 00003000 00:29 43047248444                /home/baker02/miniconda3/envs/perturbverse/lib/R/library/lattice/libs/lattice.so
7fafe1fb0000-7fafe1fb1000 r--p 00003000 00:29 43047248444                /home/baker02/miniconda3/envs/perturbverse/lib/R/library/lattice/libs/lattice.so
7fafe1fb1000-7fafe1fb2000 rw-p 00004000 00:29 43047248444                /home/baker02/miniconda3/envs/perturbverse/lib/R/library/lattice/libs/lattice.so
7fafe1fb2000-7fafe1fb6000 r--p 00000000 00:29 609428521                  /home/baker02/miniconda3/envs/perturbverse/lib/R/library/grid/libs/grid.so
7fafe1fb6000-7fafe1fce000 r-xp 00004000 00:29 609428521                  /home/baker02/miniconda3/envs/perturbverse/lib/R/library/grid/libs/grid.so
7fafe1fce000-7fafe1fd4000 r--p 0001c000 00:29 609428521                  /home/baker02/miniconda3/envs/perturbverse/lib/R/library/grid/libs/grid.so
7fafe1fd4000-7fafe1fd5000 ---p 00022000 00:29 609428521                  /home/baker02/miniconda3/envs/perturbverse/lib/R/library/grid/libs/grid.so
7fafe1fd5000-7fafe1fd6000 r--p 00022000 00:29 609428521                  /home/baker02/miniconda3/envs/perturbverse/lib/R/library/grid/libs/grid.so
7fafe1fd6000-7fafe1fd7000 rw-p 00023000 00:29 609428521                  /home/baker02/miniconda3/envs/perturbverse/lib/R/library/grid/libs/grid.so
7fafe1fd7000-7fafe2009000 r--p 00000000 00:29 47736686071                /home/baker02/miniconda3/envs/perturbverse/lib/libxml2.so.2.9.12
7fafe2009000-7fafe20ea000 r-xp 00032000 00:29 47736686071                /home/baker02/miniconda3/envs/perturbverse/lib/libxml2.so.2.9.12
7fafe20ea000-7fafe2134000 r--p 00113000 00:29 47736686071                /home/baker02/miniconda3/envs/perturbverse/lib/libxml2.so.2.9.12
7fafe2134000-7fafe213d000 r--p 0015c000 00:29 47736686071                /home/baker02/miniconda3/envs/perturbverse/lib/libxml2.so.2.9.12
7fafe213d000-7fafe213e000 rw-p 00165000 00:29 47736686071                /home/baker02/miniconda3/envs/perturbverse/lib/libxml2.so.2.9.12
7fafe213e000-7fafe213f000 rw-p 00000000 00:00 0 
7fafe213f000-7fafe2145000 r--p 00000000 00:29 68874282353                /home/baker02/miniconda3/envs/perturbverse/lib/R/library/tidyr/libs/tidyr.so
7fafe2145000-7fafe2151000 r-xp 00006000 00:29 68874282353                /home/baker02/miniconda3/envs/perturbverse/lib/R/library/tidyr/libs/tidyr.so
7fafe2151000-7fafe2154000 r--p 00012000 00:29 68874282353                /home/baker02/miniconda3/envs/perturbverse/lib/R/library/tidyr/libs/tidyr.so
7fafe2154000-7fafe2155000 r--p 00014000 00:29 68874282353                /home/baker02/miniconda3/envs/perturbverse/lib/R/library/tidyr/libs/tidyr.so
7fafe2155000-7fafe2156000 rw-p 00015000 00:29 68874282353                /home/baker02/miniconda3/envs/perturbverse/lib/R/library/tidyr/libs/tidyr.so
7fafe2156000-7fafe215b000 r--p 00000000 00:29 68791539025                /home/baker02/miniconda3/envs/perturbverse/lib/R/library/dplyr/libs/dplyr.so
7fafe215b000-7fafe2161000 r-xp 00005000 00:29 68791539025                /home/baker02/miniconda3/envs/perturbverse/lib/R/library/dplyr/libs/dplyr.so
7fafe2161000-7fafe2163000 r--p 0000b000 00:29 68791539025                /home/baker02/miniconda3/envs/perturbverse/lib/R/library/dplyr/libs/dplyr.so
7fafe2163000-7fafe2164000 ---p 0000d000 00:29 68791539025                /home/baker02/miniconda3/envs/perturbverse/lib/R/library/dplyr/libs/dplyr.so
7fafe2164000-7fafe2165000 r--p 0000d000 00:29 68791539025                /home/baker02/miniconda3/envs/perturbverse/lib/R/library/dplyr/libs/dplyr.so
7fafe2165000-7fafe2166000 rw-p 0000e000 00:29 68791539025                /home/baker02/miniconda3/envs/perturbverse/lib/R/library/dplyr/libs/dplyr.so
7fafe2166000-7fafe2169000 r--p 00000000 00:29 68874287211                /home/baker02/miniconda3/envs/perturbverse/lib/R/library/purrr/libs/purrr.so
7fafe2169000-7fafe216d000 r-xp 00003000 00:29 68874287211                /home/baker02/miniconda3/envs/perturbverse/lib/R/library/purrr/libs/purrr.so
7fafe216d000-7fafe216f000 r--p 00007000 00:29 68874287211                /home/baker02/miniconda3/envs/perturbverse/lib/R/library/purrr/libs/purrr.so
7fafe216f000-7fafe2170000 r--p 00008000 00:29 68874287211                /home/baker02/miniconda3/envs/perturbverse/lib/R/library/purrr/libs/purrr.so
7fafe2170000-7fafe2171000 rw-p 00009000 00:29 68874287211                /home/baker02/miniconda3/envs/perturbverse/lib/R/library/purrr/libs/purrr.so
7fafe2171000-7fafe2172000 r--p 00000000 00:29 548054224                  /home/baker02/miniconda3/envs/perturbverse/lib/R/library/glue/libs/glue.so
7fafe2172000-7fafe2173000 r-xp 00001000 00:29 548054224                  /home/baker02/miniconda3/envs/perturbverse/lib/R/library/glue/libs/glue.so
7fafe2173000-7fafe2174000 r--p 00002000 00:29 548054224                  /home/baker02/miniconda3/envs/perturbverse/lib/R/library/glue/libs/glue.so
7fafe2174000-7fafe2175000 r--p 00002000 00:29 548054224                  /home/baker02/miniconda3/envs/perturbverse/lib/R/library/glue/libs/glue.so
7fafe2175000-7fafe2176000 rw-p 00003000 00:29 548054224                  /home/baker02/miniconda3/envs/perturbverse/lib/R/library/glue/libs/glue.so
7fafe2176000-7fafe2186000 rwxp 00000000 00:00 0 
7fafe2186000-7fafe2188000 r--p 00000000 00:29 23531014123                /home/baker02/miniconda3/envs/perturbverse/lib/R/library/tibble/libs/tibble.so
7fafe2188000-7fafe2189000 r-xp 00002000 00:29 23531014123                /home/baker02/miniconda3/envs/perturbverse/lib/R/library/tibble/libs/tibble.so
7fafe2189000-7fafe218a000 r--p 00003000 00:29 23531014123                /home/baker02/miniconda3/envs/perturbverse/lib/R/library/tibble/libs/tibble.so
7fafe218a000-7fafe218b000 r--p 00003000 00:29 23531014123                /home/baker02/miniconda3/envs/perturbverse/lib/R/library/tibble/libs/tibble.so
7fafe218b000-7fafe218c000 rw-p 00004000 00:29 23531014123                /home/baker02/miniconda3/envs/perturbverse/lib/R/library/tibble/libs/tibble.so
7fafe218c000-7fafe2190000 r--p 00000000 00:29 68786439349                /home/baker02/miniconda3/envs/perturbverse/lib/R/library/utf8/libs/utf8.so
7fafe2190000-7fafe2199000 r-xp 00004000 00:29 68786439349                /home/baker02/miniconda3/envs/perturbverse/lib/R/library/utf8/libs/utf8.so
7fafe2199000-7fafe21d8000 r--p 0000d000 00:29 68786439349                /home/baker02/miniconda3/envs/perturbverse/lib/R/library/utf8/libs/utf8.so
7fafe21d8000-7fafe21d9000 r--p 0004b000 00:29 68786439349                /home/baker02/miniconda3/envs/perturbverse/lib/R/library/utf8/libs/utf8.so
7fafe21d9000-7fafe21da000 rw-p 0004c000 00:29 68786439349                /home/baker02/miniconda3/envs/perturbverse/lib/R/library/utf8/libs/utf8.so
7fafe21da000-7fafe21dd000 r--p 00000000 00:29 68780550255                /home/baker02/miniconda3/envs/perturbverse/lib/R/library/fansi/libs/fansi.so
7fafe21dd000-7fafe21ed000 r-xp 00003000 00:29 68780550255                /home/baker02/miniconda3/envs/perturbverse/lib/R/library/fansi/libs/fansi.so
7fafe21ed000-7fafe21f2000 r--p 00013000 00:29 68780550255                /home/baker02/miniconda3/envs/perturbverse/lib/R/library/fansi/libs/fansi.so
7fafe21f2000-7fafe21f3000 r--p 00017000 00:29 68780550255                /home/baker02/miniconda3/envs/perturbverse/lib/R/library/fansi/libs/fansi.so
7fafe21f3000-7fafe21f4000 rw-p 00018000 00:29 68780550255                /home/baker02/miniconda3/envs/perturbverse/lib/R/library/fansi/libs/fansi.so
7fafe21f4000-7fafe21ff000 r--p 00000000 00:29 64828905930                /home/baker02/miniconda3/envs/perturbverse/lib/R/library/fs/libs/fs.so
7fafe21ff000-7fafe221b000 r-xp 0000b000 00:29 64828905930                /home/baker02/miniconda3/envs/perturbverse/lib/R/library/fs/libs/fs.so
7fafe221b000-7fafe2224000 r--p 00027000 00:29 64828905930                /home/baker02/miniconda3/envs/perturbverse/lib/R/library/fs/libs/fs.so
7fafe2224000-7fafe2226000 r--p 0002f000 00:29 64828905930                /home/baker02/miniconda3/envs/perturbverse/lib/R/library/fs/libs/fs.so
7fafe2226000-7fafe2227000 rw-p 00031000 00:29 64828905930                /home/baker02/miniconda3/envs/perturbverse/lib/R/library/fs/libs/fs.so
7fafe2227000-7fafe222c000 r--p 00000000 00:29 25842880170                /home/baker02/miniconda3/envs/perturbverse/lib/R/library/vctrs/libs/vctrs.so
7fafe222c000-7fafe2261000 r-xp 00005000 00:29 25842880170                /home/baker02/miniconda3/envs/perturbverse/lib/R/library/vctrs/libs/vctrs.so
7fafe2261000-7fafe2271000 r--p 0003a000 00:29 25842880170                /home/baker02/miniconda3/envs/perturbverse/lib/R/library/vctrs/libs/vctrs.so
7fafe2271000-7fafe2273000 r--p 00049000 00:29 25842880170                /home/baker02/miniconda3/envs/perturbverse/lib/R/library/vctrs/libs/vctrs.so
7fafe2273000-7fafe2274000 rw-p 0004b000 00:29 25842880170                /home/baker02/miniconda3/envs/perturbverse/lib/R/library/vctrs/libs/vctrs.so
7fafe2274000-7fafe2338000 rw-p 00000000 00:00 0 
7fafe2338000-7fafe233d000 r--p 00000000 00:29 610375614                  /home/baker02/miniconda3/envs/perturbverse/lib/R/library/rlang/libs/rlang.so
7fafe233d000-7fafe2350000 r-xp 00005000 00:29 610375614                  /home/baker02/miniconda3/envs/perturbverse/lib/R/library/rlang/libs/rlang.so
7fafe2350000-7fafe235a000 r--p 00018000 00:29 610375614                  /home/baker02/miniconda3/envs/perturbverse/lib/R/library/rlang/libs/rlang.so
7fafe235a000-7fafe235c000 r--p 00021000 00:29 610375614                  /home/baker02/miniconda3/envs/perturbverse/lib/R/library/rlang/libs/rlang.so
7fafe235c000-7fafe235d000 rw-p 00023000 00:29 610375614                  /home/baker02/miniconda3/envs/perturbverse/lib/R/library/rlang/libs/rlang.so
7fafe235d000-7fafe2365000 r-xp 00000000 fd:00 555195                     /usr/lib64/libnss_sss.so.2
7fafe2365000-7fafe2564000 ---p 00008000 fd:00 555195                     /usr/lib64/libnss_sss.so.2
7fafe2564000-7fafe2565000 r--p 00007000 fd:00 555195                     /usr/lib64/libnss_sss.so.2
7fafe2565000-7fafe2566000 rw-p 00008000 fd:00 555195                     /usr/lib64/libnss_sss.so.2
7fafe2566000-7fafe2572000 r-xp 00000000 fd:00 548152                     /usr/lib64/libnss_files-2.17.so
7fafe2572000-7fafe2771000 ---p 0000c000 fd:00 548152                     /usr/lib64/libnss_files-2.17.so
7fafe2771000-7fafe2772000 r--p 0000b000 fd:00 548152                     /usr/lib64/libnss_files-2.17.so
7fafe2772000-7fafe2773000 rw-p 0000c000 fd:00 548152                     /usr/lib64/libnss_files-2.17.so
7fafe2773000-7fafe2779000 rw-p 00000000 00:00 0 
7fafe277a000-7fafe277c000 r--p 00000000 00:29 9026324291                 /home/baker02/miniconda3/envs/perturbverse/lib/R/library/magrittr/libs/magrittr.so
7fafe277c000-7fafe277e000 r-xp 00002000 00:29 9026324291                 /home/baker02/miniconda3/envs/perturbverse/lib/R/library/magrittr/libs/magrittr.so
7fafe277e000-7fafe277f000 r--p 00004000 00:29 9026324291                 /home/baker02/miniconda3/envs/perturbverse/lib/R/library/magrittr/libs/magrittr.so
7fafe277f000-7fafe2780000 r--p 00004000 00:29 9026324291                 /home/baker02/miniconda3/envs/perturbverse/lib/R/library/magrittr/libs/magrittr.so
7fafe2780000-7fafe2781000 rw-p 00005000 00:29 9026324291                 /home/baker02/miniconda3/envs/perturbverse/lib/R/library/magrittr/libs/magrittr.so
7fafe2781000-7fafe2783000 r--p 00000000 00:29 51783852194                /home/baker02/miniconda3/envs/perturbverse/lib/R/library/parallel/libs/parallel.so
7fafe2783000-7fafe2786000 r-xp 00002000 00:29 51783852194                /home/baker02/miniconda3/envs/perturbverse/lib/R/library/parallel/libs/parallel.so
7fafe2786000-7fafe2787000 r--p 00005000 00:29 51783852194                /home/baker02/miniconda3/envs/perturbverse/lib/R/library/parallel/libs/parallel.so
7fafe2787000-7fafe2788000 ---p 00006000 00:29 51783852194                /home/baker02/miniconda3/envs/perturbverse/lib/R/library/parallel/libs/parallel.so
7fafe2788000-7fafe2789000 r--p 00006000 00:29 51783852194                /home/baker02/miniconda3/envs/perturbverse/lib/R/library/parallel/libs/parallel.so
7fafe2789000-7fafe278a000 rw-p 00007000 00:29 51783852194                /home/baker02/miniconda3/envs/perturbverse/lib/R/library/parallel/libs/parallel.so
7fafe278a000-7fafe278b000 r--p 00000000 00:29 43126552945                /home/baker02/miniconda3/envs/perturbverse/lib/R/library/batchtools/libs/batchtools.so
7fafe278b000-7fafe278c000 r-xp 00001000 00:29 43126552945                /home/baker02/miniconda3/envs/perturbverse/lib/R/library/batchtools/libs/batchtools.so
7fafe278c000-7fafe278d000 r--p 00002000 00:29 43126552945                /home/baker02/miniconda3/envs/perturbverse/lib/R/library/batchtools/libs/batchtools.so
7fafe278d000-7fafe278e000 r--p 00002000 00:29 43126552945                /home/baker02/miniconda3/envs/perturbverse/lib/R/library/batchtools/libs/batchtools.so
7fafe278e000-7fafe278f000 rw-p 00003000 00:29 43126552945                /home/baker02/miniconda3/envs/perturbverse/lib/R/library/batchtools/libs/batchtools.so
7fafe278f000-7fafe2792000 r--p 00000000 00:29 60143778385                /home/baker02/miniconda3/envs/perturbverse/lib/R/library/digest/libs/digest.so
7fafe2792000-7fafe27a6000 r-xp 00003000 00:29 60143778385                /home/baker02/miniconda3/envs/perturbverse/lib/R/library/digest/libs/digest.so
7fafe27a6000-7fafe27b1000 r--p 00017000 00:29 60143778385                /home/baker02/miniconda3/envs/perturbverse/lib/R/library/digest/libs/digest.so
7fafe27b1000-7fafe27b2000 ---p 00022000 00:29 60143778385                /home/baker02/miniconda3/envs/perturbverse/lib/R/library/digest/libs/digest.so
7fafe27b2000-7fafe27b3000 r--p 00022000 00:29 60143778385                /home/baker02/miniconda3/envs/perturbverse/lib/R/library/digest/libs/digest.so
7fafe27b3000-7fafe27b4000 rw-p 00023000 00:29 60143778385                /home/baker02/miniconda3/envs/perturbverse/lib/R/library/digest/libs/digest.so
7fafe27b4000-7fafe27b6000 rw-p 00000000 00:00 0 
7fafe27b6000-7fafe2947000 r--p 00000000 00:29 73111242959                /home/baker02/miniconda3/envs/perturbverse/lib/R/library/stringi/libs/stringi.so
7fafe2947000-7fafe2c24000 r-xp 00191000 00:29 73111242959                /home/baker02/miniconda3/envs/perturbverse/lib/R/library/stringi/libs/stringi.so
7fafe2c24000-7fafe2d4e000 r--p 0046e000 00:29 73111242959                /home/baker02/miniconda3/envs/perturbverse/lib/R/library/stringi/libs/stringi.so
7fafe2d4e000-7fafe2d7d000 r--p 00597000 00:29 73111242959                /home/baker02/miniconda3/envs/perturbverse/lib/R/library/stringi/libs/stringi.so
7fafe2d7d000-7fafe2d7e000 rw-p 005c6000 00:29 73111242959                /home/baker02/miniconda3/envs/perturbverse/lib/R/library/stringi/libs/stringi.so
7fafe2d7e000-7fafe2d81000 rw-p 00000000 00:00 0 
7fafe2d81000-7fafe2d86000 r--p 00000000 00:29 609428519                  /home/baker02/miniconda3/envs/perturbverse/lib/R/library/tools/libs/tools.so
7fafe2d86000-7fafe2d94000 r-xp 00005000 00:29 609428519                  /home/baker02/miniconda3/envs/perturbverse/lib/R/library/tools/libs/tools.so
7fafe2d94000-7fafe2d98000 r--p 00013000 00:29 609428519                  /home/baker02/miniconda3/envs/perturbverse/lib/R/library/tools/libs/tools.so
7fafe2d98000-7fafe2d9a000 r--p 00017000 00:29 609428519                  /home/baker02/miniconda3/envs/perturbverse/lib/R/library/tools/libs/tools.so
7fafe2d9a000-7fafe2d9b000 rw-p 00019000 00:29 609428519                  /home/baker02/miniconda3/envs/perturbverse/lib/R/library/tools/libs/tools.so
7fafe2d9b000-7fafe2da6000 r--p 00000000 00:29 51783891742                /home/baker02/miniconda3/envs/perturbverse/lib/R/library/data.table/libs/datatable.so
7fafe2da6000-7fafe2dfd000 r-xp 0000b000 00:29 51783891742                /home/baker02/miniconda3/envs/perturbverse/lib/R/library/data.table/libs/datatable.so
7fafe2dfd000-7fafe2e1e000 r--p 00062000 00:29 51783891742                /home/baker02/miniconda3/envs/perturbverse/lib/R/library/data.table/libs/datatable.so
7fafe2e1e000-7fafe2e20000 r--p 00082000 00:29 51783891742                /home/baker02/miniconda3/envs/perturbverse/lib/R/library/data.table/libs/datatable.so
7fafe2e20000-7fafe2e21000 rw-p 00084000 00:29 51783891742                /home/baker02/miniconda3/envs/perturbverse/lib/R/library/data.table/libs/datatable.so
7fafe2e21000-7fafe2e22000 rw-p 00000000 00:00 0 
7fafe2e22000-7fafe2e26000 r--p 00000000 00:29 4314621050                 /home/baker02/miniconda3/envs/perturbverse/lib/R/library/checkmate/libs/checkmate.so
7fafe2e26000-7fafe2e2f000 r-xp 00004000 00:29 4314621050                 /home/baker02/miniconda3/envs/perturbverse/lib/R/library/checkmate/libs/checkmate.so
7fafe2e2f000-7fafe2e33000 r--p 0000d000 00:29 4314621050                 /home/baker02/miniconda3/envs/perturbverse/lib/R/library/checkmate/libs/checkmate.so
7fafe2e33000-7fafe2e34000 ---p 00011000 00:29 4314621050                 /home/baker02/miniconda3/envs/perturbverse/lib/R/library/checkmate/libs/checkmate.so
7fafe2e34000-7fafe2e35000 r--p 00011000 00:29 4314621050                 /home/baker02/miniconda3/envs/perturbverse/lib/R/library/checkmate/libs/checkmate.so
7fafe2e35000-7fafe2e36000 rw-p 00012000 00:29 4314621050                 /home/baker02/miniconda3/envs/perturbverse/lib/R/library/checkmate/libs/checkmate.so
7fafe2e36000-7fafe2e42000 r--p 00000000 00:29 9026193642                 /home/baker02/miniconda3/envs/perturbverse/lib/R/library/stats/libs/stats.so
7fafe2e42000-7fafe2ed8000 r-xp 0000c000 00:29 9026193642                 /home/baker02/miniconda3/envs/perturbverse/lib/R/library/stats/libs/stats.so
7fafe2ed8000-7fafe2eee000 r--p 000a2000 00:29 9026193642                 /home/baker02/miniconda3/envs/perturbverse/lib/R/library/stats/libs/stats.so
7fafe2eee000-7fafe2eef000 ---p 000b8000 00:29 9026193642                 /home/baker02/miniconda3/envs/perturbverse/lib/R/library/stats/libs/stats.so
7fafe2eef000-7fafe2ef2000 r--p 000b8000 00:29 9026193642                 /home/baker02/miniconda3/envs/perturbverse/lib/R/library/stats/libs/stats.so
7fafe2ef2000-7fafe2ef3000 rw-p 000bb000 00:29 9026193642                 /home/baker02/miniconda3/envs/perturbverse/lib/R/library/stats/libs/stats.so
7fafe2ef3000-7fafe2ef7000 r--p 00000000 00:29 4705026539                 /home/baker02/miniconda3/envs/perturbverse/lib/R/library/graphics/libs/graphics.so
7fafe2ef7000-7fafe2f35000 r-xp 00004000 00:29 4705026539                 /home/baker02/miniconda3/envs/perturbverse/lib/R/library/graphics/libs/graphics.so
7fafe2f35000-7fafe2f3e000 r--p 00042000 00:29 4705026539                 /home/baker02/miniconda3/envs/perturbverse/lib/R/library/graphics/libs/graphics.so
7fafe2f3e000-7fafe2f3f000 ---p 0004b000 00:29 4705026539                 /home/baker02/miniconda3/envs/perturbverse/lib/R/library/graphics/libs/graphics.so
7fafe2f3f000-7fafe2f40000 r--p 0004b000 00:29 4705026539                 /home/baker02/miniconda3/envs/perturbverse/lib/R/library/graphics/libs/graphics.so
7fafe2f40000-7fafe2f41000 rw-p 0004c000 00:29 4705026539                 /home/baker02/miniconda3/envs/perturbverse/lib/R/library/graphics/libs/graphics.so
7fafe2f41000-7fafe2f4f000 r--p 00000000 00:29 73334286249                /home/baker02/miniconda3/envs/perturbverse/lib/R/library/grDevices/libs/grDevices.so
7fafe2f4f000-7fafe2f72000 r-xp 0000e000 00:29 73334286249                /home/baker02/miniconda3/envs/perturbverse/lib/R/library/grDevices/libs/grDevices.so
7fafe2f72000-7fafe2f7f000 r--p 00031000 00:29 73334286249                /home/baker02/miniconda3/envs/perturbverse/lib/R/library/grDevices/libs/grDevices.so
7fafe2f7f000-7fafe2f80000 ---p 0003e000 00:29 73334286249                /home/baker02/miniconda3/envs/perturbverse/lib/R/library/grDevices/libs/grDevices.so
7fafe2f80000-7fafe2f85000 r--p 0003e000 00:29 73334286249                /home/baker02/miniconda3/envs/perturbverse/lib/R/library/grDevices/libs/grDevices.so
7fafe2f85000-7fafe2f87000 rw-p 00043000 00:29 73334286249                /home/baker02/miniconda3/envs/perturbverse/lib/R/library/grDevices/libs/grDevices.so
7fafe2f87000-7fafe2f99000 rw-p 00000000 00:00 0 
7fafe2f99000-7fafe2f9c000 r--p 00000000 00:29 15357544171                /home/baker02/miniconda3/envs/perturbverse/lib/libquadmath.so.0.0.0
7fafe2f9c000-7fafe2fba000 r-xp 00003000 00:29 15357544171                /home/baker02/miniconda3/envs/perturbverse/lib/libquadmath.so.0.0.0
7fafe2fba000-7fafe2fd0000 r--p 00021000 00:29 15357544171                /home/baker02/miniconda3/envs/perturbverse/lib/libquadmath.so.0.0.0
7fafe2fd0000-7fafe2fd1000 ---p 00037000 00:29 15357544171                /home/baker02/miniconda3/envs/perturbverse/lib/libquadmath.so.0.0.0
7fafe2fd1000-7fafe2fd2000 r--p 00037000 00:29 15357544171                /home/baker02/miniconda3/envs/perturbverse/lib/libquadmath.so.0.0.0
7fafe2fd2000-7fafe2fd3000 rw-p 00038000 00:29 15357544171                /home/baker02/miniconda3/envs/perturbverse/lib/libquadmath.so.0.0.0
7fafe2fd3000-7fafe3076000 r--p 00000000 00:29 15357515708                /home/baker02/miniconda3/envs/perturbverse/lib/libstdc++.so.6.0.28
7fafe3076000-7fafe30f5000 r-xp 000a3000 00:29 15357515708                /home/baker02/miniconda3/envs/perturbverse/lib/libstdc++.so.6.0.28
7fafe30f5000-7fafe3136000 r--p 00122000 00:29 15357515708                /home/baker02/miniconda3/envs/perturbverse/lib/libstdc++.so.6.0.28
7fafe3136000-7fafe3141000 r--p 00162000 00:29 15357515708                /home/baker02/miniconda3/envs/perturbverse/lib/libstdc++.so.6.0.28
7fafe3141000-7fafe3145000 rw-p 0016d000 00:29 15357515708                /home/baker02/miniconda3/envs/perturbverse/lib/libstdc++.so.6.0.28
7fafe3145000-7fafe3148000 rw-p 00000000 00:00 0 
7fafe3148000-7fafe4c87000 r--p 00000000 00:29 43115211992                /home/baker02/miniconda3/envs/perturbverse/lib/libicudata.so.68.1
7fafe4c87000-7fafe4c88000 ---p 01b3f000 00:29 43115211992                /home/baker02/miniconda3/envs/perturbverse/lib/libicudata.so.68.1
7fafe4c88000-7fafe4c89000 r--p 01b3f000 00:29 43115211992                /home/baker02/miniconda3/envs/perturbverse/lib/libicudata.so.68.1
7fafe4c89000-7fafe4ca8000 r--p 00000000 00:29 17852451150                /home/baker02/miniconda3/envs/perturbverse/lib/libgfortran.so.5.0.0
7fafe4ca8000-7fafe4df9000 r-xp 0001f000 00:29 17852451150                /home/baker02/miniconda3/envs/perturbverse/lib/libgfortran.so.5.0.0
7fafe4df9000-7fafe4e25000 r--p 00170000 00:29 17852451150                /home/baker02/miniconda3/envs/perturbverse/lib/libgfortran.so.5.0.0
7fafe4e25000-7fafe4e26000 ---p 0019c000 00:29 17852451150                /home/baker02/miniconda3/envs/perturbverse/lib/libgfortran.so.5.0.0
7fafe4e26000-7fafe4e27000 r--p 0019c000 00:29 17852451150                /home/baker02/miniconda3/envs/perturbverse/lib/libgfortran.so.5.0.0
7fafe4e27000-7fafe4e29000 rw-p 0019d000 00:29 17852451150                /home/baker02/miniconda3/envs/perturbverse/lib/libgfortran.so.5.0.0
7fafe4e29000-7fafe4f16000 r--p 00000000 00:29 43115211991                /home/baker02/miniconda3/envs/perturbverse/lib/libicui18n.so.68.1
7fafe4f16000-7fafe50a0000 r-xp 000ed000 00:29 43115211991                /home/baker02/miniconda3/envs/perturbverse/lib/libicui18n.so.68.1
7fafe50a0000-7fafe511a000 r--p 00277000 00:29 43115211991                /home/baker02/miniconda3/envs/perturbverse/lib/libicui18n.so.68.1
7fafe511a000-7fafe511b000 ---p 002f1000 00:29 43115211991                /home/baker02/miniconda3/envs/perturbverse/lib/libicui18n.so.68.1
7fafe511b000-7fafe512b000 r--p 002f1000 00:29 43115211991                /home/baker02/miniconda3/envs/perturbverse/lib/libicui18n.so.68.1
7fafe512b000-7fafe512c000 rw-p 00301000 00:29 43115211991                /home/baker02/miniconda3/envs/perturbverse/lib/libicui18n.so.68.1
7fafe512c000-7fafe512d000 rw-p 00000000 00:00 0 
7fafe512d000-7fafe5194000 r--p 00000000 00:29 43115211990                /home/baker02/miniconda3/envs/perturbverse/lib/libicuuc.so.68.1
7fafe5194000-7fafe5280000 r-xp 00067000 00:29 43115211990                /home/baker02/miniconda3/envs/perturbverse/lib/libicuuc.so.68.1
7fafe5280000-7fafe5301000 r--p 00153000 00:29 43115211990                /home/baker02/miniconda3/envs/perturbverse/lib/libicuuc.so.68.1
7fafe5301000-7fafe5314000 r--p 001d3000 00:29 43115211990                /home/baker02/miniconda3/envs/perturbverse/lib/libicuuc.so.68.1
7fafe5314000-7fafe5315000 rw-p 001e6000 00:29 43115211990                /home/baker02/miniconda3/envs/perturbverse/lib/libicuuc.so.68.1
7fafe5315000-7fafe5317000 rw-p 00000000 00:00 0 
7fafe5317000-7fafe531a000 r--p 00000000 00:29 13429457989                /home/baker02/miniconda3/envs/perturbverse/lib/libiconv.so.2.6.1
7fafe531a000-7fafe532e000 r-xp 00003000 00:29 13429457989                /home/baker02/miniconda3/envs/perturbverse/lib/libiconv.so.2.6.1
7fafe532e000-7fafe53fa000 r--p 00017000 00:29 13429457989                /home/baker02/miniconda3/envs/perturbverse/lib/libiconv.so.2.6.1
7fafe53fa000-7fafe53fc000 r--p 000e2000 00:29 13429457989                /home/baker02/miniconda3/envs/perturbverse/lib/libiconv.so.2.6.1
7fafe53fc000-7fafe53fd000 rw-p 000e4000 00:29 13429457989                /home/baker02/miniconda3/envs/perturbverse/lib/libiconv.so.2.6.1
7fafe53fd000-7fafe53ff000 r-xp 00000000 fd:00 548148                     /usr/lib64/libdl-2.17.so
7fafe53ff000-7fafe55ff000 ---p 00002000 fd:00 548148                     /usr/lib64/libdl-2.17.so
7fafe55ff000-7fafe5600000 r--p 00002000 fd:00 548148                     /usr/lib64/libdl-2.17.so
7fafe5600000-7fafe5601000 rw-p 00003000 fd:00 548148                     /usr/lib64/libdl-2.17.so
7fafe5601000-7fafe5608000 r-xp 00000000 fd:00 548155                     /usr/lib64/librt-2.17.so
7fafe5608000-7fafe5807000 ---p 00007000 fd:00 548155                     /usr/lib64/librt-2.17.so
7fafe5807000-7fafe5808000 r--p 00006000 fd:00 548155                     /usr/lib64/librt-2.17.so
7fafe5808000-7fafe5809000 rw-p 00007000 fd:00 548155                     /usr/lib64/librt-2.17.so
7fafe5809000-7fafe5820000 r-xp 00000000 fd:00 524203                     /usr/lib64/libpthread-2.17.so
7fafe5820000-7fafe5a1f000 ---p 00017000 fd:00 524203                     /usr/lib64/libpthread-2.17.so
7fafe5a1f000-7fafe5a20000 r--p 00016000 fd:00 524203                     /usr/lib64/libpthread-2.17.so
7fafe5a20000-7fafe5a21000 rw-p 00017000 fd:00 524203                     /usr/lib64/libpthread-2.17.so
7fafe5a21000-7fafe5a25000 rw-p 00000000 00:00 0 
7fafe5a25000-7fafe5b26000 r-xp 00000000 fd:00 548149                     /usr/lib64/libm-2.17.so
7fafe5b26000-7fafe5d25000 ---p 00101000 fd:00 548149                     /usr/lib64/libm-2.17.so
7fafe5d25000-7fafe5d26000 r--p 00100000 fd:00 548149                     /usr/lib64/libm-2.17.so
7fafe5d26000-7fafe5d27000 rw-p 00101000 fd:00 548149                     /usr/lib64/libm-2.17.so
7fafe5d27000-7fafe5e20000 r--p 00000000 00:29 17852668589                /home/baker02/miniconda3/envs/perturbverse/lib/libopenblasp-r0.3.15.so
7fafe5e20000-7fafe5e21000 r-xp 000f9000 00:29 17852668589                /home/baker02/miniconda3/envs/perturbverse/lib/libopenblasp-r0.3.15.so
7fafe5e21000-7fafe5e27000 ---p 000fa000 00:29 17852668589                /home/baker02/miniconda3/envs/perturbverse/lib/libopenblasp-r0.3.15.so
7fafe5e27000-7fafe7b58000 r-xp 00100000 00:29 17852668589                /home/baker02/miniconda3/envs/perturbverse/lib/libopenblasp-r0.3.15.so
7fafe7b58000-7fafe7d1e000 r--p 01e31000 00:29 17852668589                /home/baker02/miniconda3/envs/perturbverse/lib/libopenblasp-r0.3.15.so
7fafe7d1e000-7fafe7d2c000 r--p 01ff6000 00:29 17852668589                /home/baker02/miniconda3/envs/perturbverse/lib/libopenblasp-r0.3.15.so
7fafe7d2c000-7fafe7d3a000 rw-p 02004000 00:29 17852668589                /home/baker02/miniconda3/envs/perturbverse/lib/libopenblasp-r0.3.15.so
7fafe7d3a000-7fafe7d4b000 rw-p 00000000 00:00 0 
7fafe7d4b000-7fafe7f0e000 r-xp 00000000 fd:00 524177                     /usr/lib64/libc-2.17.so
7fafe7f0e000-7fafe810e000 ---p 001c3000 fd:00 524177                     /usr/lib64/libc-2.17.so
7fafe810e000-7fafe8112000 r--p 001c3000 fd:00 524177                     /usr/lib64/libc-2.17.so
7fafe8112000-7fafe8114000 rw-p 001c7000 fd:00 524177                     /usr/lib64/libc-2.17.so
7fafe8114000-7fafe8119000 rw-p 00000000 00:00 0 
7fafe8119000-7fafe8186000 r--p 00000000 00:29 15371835926                /home/baker02/miniconda3/envs/perturbverse/lib/R/lib/libR.so
7fafe8186000-7fafe83bb000 r-xp 0006d000 00:29 15371835926                /home/baker02/miniconda3/envs/perturbverse/lib/R/lib/libR.so
7fafe83bb000-7fafe8463000 r--p 002a2000 00:29 15371835926                /home/baker02/miniconda3/envs/perturbverse/lib/R/lib/libR.so
7fafe8463000-7fafe8464000 ---p 0034a000 00:29 15371835926                /home/baker02/miniconda3/envs/perturbverse/lib/R/lib/libR.so
7fafe8464000-7fafe8484000 r--p 0034a000 00:29 15371835926                /home/baker02/miniconda3/envs/perturbverse/lib/R/lib/libR.so
7fafe8484000-7fafe8491000 rw-p 0036a000 00:29 15371835926                /home/baker02/miniconda3/envs/perturbverse/lib/R/lib/libR.so
7fafe8491000-7fafe85f6000 rw-p 00000000 00:00 0 
7fafe85f6000-7fafe8618000 r-xp 00000000 fd:00 524603                     /usr/lib64/ld-2.17.so
7fafe8618000-7fafe8619000 r--p 00000000 00:29 34626369124                /home/baker02/miniconda3/envs/perturbverse/lib/R/library/rappdirs/libs/rappdirs.so
7fafe8619000-7fafe861a000 r-xp 00001000 00:29 34626369124                /home/baker02/miniconda3/envs/perturbverse/lib/R/library/rappdirs/libs/rappdirs.so
7fafe861a000-7fafe861b000 r--p 00002000 00:29 34626369124                /home/baker02/miniconda3/envs/perturbverse/lib/R/library/rappdirs/libs/rappdirs.so
7fafe861b000-7fafe861c000 r--p 00002000 00:29 34626369124                /home/baker02/miniconda3/envs/perturbverse/lib/R/library/rappdirs/libs/rappdirs.so
7fafe861c000-7fafe861d000 rw-p 00003000 00:29 34626369124                /home/baker02/miniconda3/envs/perturbverse/lib/R/library/rappdirs/libs/rappdirs.so
7fafe861d000-7fafe861f000 r--p 00000000 00:29 25845527779                /home/baker02/miniconda3/envs/perturbverse/lib/R/library/ellipsis/libs/ellipsis.so
7fafe861f000-7fafe8620000 r-xp 00002000 00:29 25845527779                /home/baker02/miniconda3/envs/perturbverse/lib/R/library/ellipsis/libs/ellipsis.so
7fafe8620000-7fafe8621000 r--p 00003000 00:29 25845527779                /home/baker02/miniconda3/envs/perturbverse/lib/R/library/ellipsis/libs/ellipsis.so
7fafe8621000-7fafe8622000 r--p 00003000 00:29 25845527779                /home/baker02/miniconda3/envs/perturbverse/lib/R/library/ellipsis/libs/ellipsis.so
7fafe8622000-7fafe8623000 rw-p 00004000 00:29 25845527779                /home/baker02/miniconda3/envs/perturbverse/lib/R/library/ellipsis/libs/ellipsis.so
7fafe8623000-7fafe8627000 rw-p 00000000 00:00 0 
7fafe8627000-7fafe862a000 r--p 00000000 00:29 15357544179                /home/baker02/miniconda3/envs/perturbverse/lib/libgcc_s.so.1
7fafe862a000-7fafe8636000 r-xp 00003000 00:29 15357544179                /home/baker02/miniconda3/envs/perturbverse/lib/libgcc_s.so.1
7fafe8636000-7fafe8639000 r--p 0000f000 00:29 15357544179                /home/baker02/miniconda3/envs/perturbverse/lib/libgcc_s.so.1
7fafe8639000-7fafe863a000 r--p 00011000 00:29 15357544179                /home/baker02/miniconda3/envs/perturbverse/lib/libgcc_s.so.1
7fafe863a000-7fafe863b000 rw-p 00012000 00:29 15357544179                /home/baker02/miniconda3/envs/perturbverse/lib/libgcc_s.so.1
7fafe863b000-7fafe863c000 rw-p 00000000 00:00 0 
7fafe863c000-7fafe864c000 r--p 00000000 00:29 30565387481                /home/baker02/miniconda3/envs/perturbverse/lib/libtinfo.so.6.2
7fafe864c000-7fafe8664000 r-xp 00010000 00:29 30565387481                /home/baker02/miniconda3/envs/perturbverse/lib/libtinfo.so.6.2
7fafe8664000-7fafe8675000 r--p 00028000 00:29 30565387481                /home/baker02/miniconda3/envs/perturbverse/lib/libtinfo.so.6.2
7fafe8675000-7fafe8679000 r--p 00038000 00:29 30565387481                /home/baker02/miniconda3/envs/perturbverse/lib/libtinfo.so.6.2
7fafe8679000-7fafe867a000 rw-p 0003c000 00:29 30565387481                /home/baker02/miniconda3/envs/perturbverse/lib/libtinfo.so.6.2
7fafe867a000-7fafe867d000 rw-p 00000000 00:00 0 
7fafe867d000-7fafe8680000 r--p 00000000 00:29 21517539077                /home/baker02/miniconda3/envs/perturbverse/lib/libz.so.1.2.11
7fafe8680000-7fafe868e000 r-xp 00003000 00:29 21517539077                /home/baker02/miniconda3/envs/perturbverse/lib/libz.so.1.2.11
7fafe868e000-7fafe8694000 r--p 00011000 00:29 21517539077                /home/baker02/miniconda3/envs/perturbverse/lib/libz.so.1.2.11
7fafe8694000-7fafe8695000 ---p 00017000 00:29 21517539077                /home/baker02/miniconda3/envs/perturbverse/lib/libz.so.1.2.11
7fafe8695000-7fafe8696000 r--p 00017000 00:29 21517539077                /home/baker02/miniconda3/envs/perturbverse/lib/libz.so.1.2.11
7fafe8696000-7fafe8697000 rw-p 00018000 00:29 21517539077                /home/baker02/miniconda3/envs/perturbverse/lib/libz.so.1.2.11
7fafe8697000-7fafe8699000 r--p 00000000 00:29 39022991806                /home/baker02/miniconda3/envs/perturbverse/lib/libbz2.so.1.0.8
7fafe8699000-7fafe86a7000 r-xp 00002000 00:29 39022991806                /home/baker02/miniconda3/envs/perturbverse/lib/libbz2.so.1.0.8
7fafe86a7000-7fafe86a9000 r--p 00010000 00:29 39022991806                /home/baker02/miniconda3/envs/perturbverse/lib/libbz2.so.1.0.8
7fafe86a9000-7fafe86aa000 r--p 00011000 00:29 39022991806                /home/baker02/miniconda3/envs/perturbverse/lib/libbz2.so.1.0.8
7fafe86aa000-7fafe86ab000 rw-p 00012000 00:29 39022991806                /home/baker02/miniconda3/envs/perturbverse/lib/libbz2.so.1.0.8
7fafe86ab000-7fafe86ac000 rw-p 00000000 00:00 0 
7fafe86ac000-7fafe86b0000 r--p 00000000 00:29 26057311789                /home/baker02/miniconda3/envs/perturbverse/lib/liblzma.so.5.2.5
7fafe86b0000-7fafe86c7000 r-xp 00004000 00:29 26057311789                /home/baker02/miniconda3/envs/perturbverse/lib/liblzma.so.5.2.5
7fafe86c7000-7fafe86d2000 r--p 0001b000 00:29 26057311789                /home/baker02/miniconda3/envs/perturbverse/lib/liblzma.so.5.2.5
7fafe86d2000-7fafe86d3000 ---p 00026000 00:29 26057311789                /home/baker02/miniconda3/envs/perturbverse/lib/liblzma.so.5.2.5
7fafe86d3000-7fafe86d4000 r--p 00026000 00:29 26057311789                /home/baker02/miniconda3/envs/perturbverse/lib/liblzma.so.5.2.5
7fafe86d4000-7fafe86d5000 rw-p 00027000 00:29 26057311789                /home/baker02/miniconda3/envs/perturbverse/lib/liblzma.so.5.2.5
7fafe86d5000-7fafe86d9000 r--p 00000000 00:29 17852451162                /home/baker02/miniconda3/envs/perturbverse/lib/libpcre2-8.so.0.10.1
7fafe86d9000-7fafe874e000 r-xp 00004000 00:29 17852451162                /home/baker02/miniconda3/envs/perturbverse/lib/libpcre2-8.so.0.10.1
7fafe874e000-7fafe8777000 r--p 00079000 00:29 17852451162                /home/baker02/miniconda3/envs/perturbverse/lib/libpcre2-8.so.0.10.1
7fafe8777000-7fafe8778000 ---p 000a2000 00:29 17852451162                /home/baker02/miniconda3/envs/perturbverse/lib/libpcre2-8.so.0.10.1
7fafe8778000-7fafe8779000 r--p 000a2000 00:29 17852451162                /home/baker02/miniconda3/envs/perturbverse/lib/libpcre2-8.so.0.10.1
7fafe8779000-7fafe877a000 rw-p 000a3000 00:29 17852451162                /home/baker02/miniconda3/envs/perturbverse/lib/libpcre2-8.so.0.10.1
7fafe877a000-7fafe8792000 r--p 00000000 00:29 15359229530                /home/baker02/miniconda3/envs/perturbverse/lib/libreadline.so.8.1
7fafe8792000-7fafe87bc000 r-xp 00018000 00:29 15359229530                /home/baker02/miniconda3/envs/perturbverse/lib/libreadline.so.8.1
7fafe87bc000-7fafe87c6000 r--p 00042000 00:29 15359229530                /home/baker02/miniconda3/envs/perturbverse/lib/libreadline.so.8.1
7fafe87c6000-7fafe87c9000 r--p 0004b000 00:29 15359229530                /home/baker02/miniconda3/envs/perturbverse/lib/libreadline.so.8.1
7fafe87c9000-7fafe87cf000 rw-p 0004e000 00:29 15359229530                /home/baker02/miniconda3/envs/perturbverse/lib/libreadline.so.8.1
7fafe87cf000-7fafe87d1000 rw-p 00000000 00:00 0 
7fafe87d1000-7fafe87db000 r--p 00000000 00:29 844179697                  /home/baker02/miniconda3/envs/perturbverse/lib/libgomp.so.1.0.0
7fafe87db000-7fafe87f2000 r-xp 0000a000 00:29 844179697                  /home/baker02/miniconda3/envs/perturbverse/lib/libgomp.so.1.0.0
7fafe87f2000-7fafe87fb000 r--p 00021000 00:29 844179697                  /home/baker02/miniconda3/envs/perturbverse/lib/libgomp.so.1.0.0
7fafe87fb000-7fafe87fc000 ---p 0002a000 00:29 844179697                  /home/baker02/miniconda3/envs/perturbverse/lib/libgomp.so.1.0.0
7fafe87fc000-7fafe87fd000 r--p 0002a000 00:29 844179697                  /home/baker02/miniconda3/envs/perturbverse/lib/libgomp.so.1.0.0
7fafe87fd000-7fafe87fe000 rw-p 0002b000 00:29 844179697                  /home/baker02/miniconda3/envs/perturbverse/lib/libgomp.so.1.0.0
7fafe87fe000-7fafe8800000 rw-p 00000000 00:00 0 
7fafe8800000-7fafe8801000 r--p 00000000 00:29 266102369                  /home/baker02/miniconda3/envs/perturbverse/lib/R/library/base64url/libs/base64url.so
7fafe8801000-7fafe8802000 r-xp 00001000 00:29 266102369                  /home/baker02/miniconda3/envs/perturbverse/lib/R/library/base64url/libs/base64url.so
7fafe8802000-7fafe8803000 r--p 00002000 00:29 266102369                  /home/baker02/miniconda3/envs/perturbverse/lib/R/library/base64url/libs/base64url.so
7fafe8803000-7fafe8804000 r--p 00002000 00:29 266102369                  /home/baker02/miniconda3/envs/perturbverse/lib/R/library/base64url/libs/base64url.so
7fafe8804000-7fafe8805000 rw-p 00003000 00:29 266102369                  /home/baker02/miniconda3/envs/perturbverse/lib/R/library/base64url/libs/base64url.so
7fafe8805000-7fafe8806000 r--p 00000000 00:29 9026163026                 /home/baker02/miniconda3/envs/perturbverse/lib/R/library/backports/libs/backports.so
7fafe8806000-7fafe8807000 r-xp 00001000 00:29 9026163026                 /home/baker02/miniconda3/envs/perturbverse/lib/R/library/backports/libs/backports.so
7fafe8807000-7fafe8808000 r--p 00002000 00:29 9026163026                 /home/baker02/miniconda3/envs/perturbverse/lib/R/library/backports/libs/backports.so
7fafe8808000-7fafe8809000 r--p 00002000 00:29 9026163026                 /home/baker02/miniconda3/envs/perturbverse/lib/R/library/backports/libs/backports.so
7fafe8809000-7fafe880a000 rw-p 00003000 00:29 9026163026                 /home/baker02/miniconda3/envs/perturbverse/lib/R/library/backports/libs/backports.so
7fafe880a000-7fafe8811000 r--s 00000000 fd:00 524481                     /usr/lib64/gconv/gconv-modules.cache
7fafe8812000-7fafe8817000 rw-p 00000000 00:00 0 
7fafe8817000-7fafe8818000 r--p 00021000 fd:00 524603                     /usr/lib64/ld-2.17.so
7fafe8818000-7fafe8819000 rw-p 00022000 fd:00 524603                     /usr/lib64/ld-2.17.so
7fafe8819000-7fafe881a000 rw-p 00000000 00:00 0 
7ffde1c25000-7ffde1d54000 rw-p 00000000 00:00 0                          [stack]
7ffde1dea000-7ffde1dec000 r-xp 00000000 00:00 0                          [vdso]
ffffffffff600000-ffffffffff601000 r-xp 00000000 00:00 0                  [vsyscall]
/var/tmp/slurmd.spool/job14373918/slurm_script: line 11: 14405 Aborted                 "/home/baker02/miniconda3/envs/perturbverse/bin/Rscript" -e 'batchtools::doJobCollection("/mnt/scratcha/fmlab/baker02/crigen/notebooks/.future/20210809_134404-tiKLSW/batchtools_1900337772/jobs/jobe1c13a4258285edbea84aab8969ab7fe.rds")'
