[I 2021-06-14 08:52:52.898 ServerApp] jupyterlab | extension was successfully linked.
[I 2021-06-14 08:52:53.310 ServerApp] nbclassic | extension was successfully linked.
[I 2021-06-14 08:52:53.359 LabApp] JupyterLab extension loaded from /home/baker02/miniconda3/envs/perturbverse/lib/python3.9/site-packages/jupyterlab
[I 2021-06-14 08:52:53.360 LabApp] JupyterLab application directory is /home/baker02/miniconda3/envs/perturbverse/share/jupyter/lab
[I 2021-06-14 08:52:53.363 ServerApp] jupyterlab | extension was successfully loaded.
[I 2021-06-14 08:52:53.372 ServerApp] nbclassic | extension was successfully loaded.
[I 2021-06-14 08:52:53.377 ServerApp] Serving notebooks from local directory: /mnt/scratcha/fmlab/baker02/crigen
[I 2021-06-14 08:52:53.377 ServerApp] Jupyter Server 1.4.1 is running at:
[I 2021-06-14 08:52:53.377 ServerApp] http://clust1-node-3:8505/lab
[I 2021-06-14 08:52:53.377 ServerApp]  or http://127.0.0.1:8505/lab
[I 2021-06-14 08:52:53.377 ServerApp] Use Control-C to stop this server and shut down all kernels (twice to skip confirmation).
[I 2021-06-14 08:53:09.217 ServerApp] 302 GET / (10.20.236.34) 0.78ms
[I 2021-06-14 08:53:09.234 LabApp] 302 GET /lab? (10.20.236.34) 1.70ms
[I 2021-06-14 08:53:12.386 ServerApp] 302 POST /login?next=%2Flab%3F (10.20.236.34) 2.26ms
[W 2021-06-14 08:53:15.676 LabApp] Could not determine jupyterlab build status without nodejs
[I 2021-06-14 08:53:23.579 ServerApp] Kernel started: a6639d0a-c980-4c03-9b69-934a35e4818f

   File /Users/baker02/.Renviron contains invalid line(s)
      p_TpE3coAkixZazRvxL8JA7fTyuhni0Z0Je12X1
   They were ignored

[I 2021-06-14 08:53:26.333 ServerApp] Saving file at /notebooks/crigen_design_experiment_test.ipynb
[I 2021-06-14 08:55:27.410 ServerApp] Saving file at /notebooks/crigen_design_experiment_test.ipynb
[W 2021-06-14 09:02:24.381 ServerApp] WebSocket ping timeout after 119940 ms.
[W 2021-06-14 09:02:24.404 ServerApp] WebSocket ping timeout after 119960 ms.
[I 2021-06-14 09:02:29.405 ServerApp] Starting buffering for a6639d0a-c980-4c03-9b69-934a35e4818f:f1933e45-8178-4e3c-89ce-5d6720809f5b
[I 2021-06-14 09:18:28.683 ServerApp] Saving file at /notebooks/crigen_design_experiment_test.ipynb
[I 2021-06-14 09:19:59.757 ServerApp] Saving file at /R/sample_simulated_cells.R
[I 2021-06-14 09:20:28.964 ServerApp] Saving file at /notebooks/crigen_design_experiment_test.ipynb
[I 2021-06-14 09:22:29.068 ServerApp] Saving file at /notebooks/crigen_design_experiment_test.ipynb
[W 2021-06-14 09:31:50.114 ServerApp] WebSocket ping timeout after 119997 ms.
[W 2021-06-14 09:31:56.319 ServerApp] WebSocket ping timeout after 119995 ms.
[I 2021-06-14 09:32:01.322 ServerApp] Starting buffering for a6639d0a-c980-4c03-9b69-934a35e4818f:f1933e45-8178-4e3c-89ce-5d6720809f5b
[I 2021-06-14 11:27:34.623 ServerApp] 302 GET / (10.20.236.34) 0.55ms
[W 2021-06-14 11:27:41.405 LabApp] Could not determine jupyterlab build status without nodejs
[I 2021-06-14 11:35:36.158 ServerApp] Saving file at /R/simulate_experiment.R
[I 2021-06-14 11:35:47.727 ServerApp] Saving file at /notebooks/crigen_design_experiment_test.ipynb
[I 2021-06-14 11:35:51.993 ServerApp] Saving file at /R/simulate_experiment.R
[I 2021-06-14 11:36:16.134 ServerApp] Saving file at /R/simulate_experiment.R
[I 2021-06-14 11:37:03.506 ServerApp] Saving file at /R/simulate_experiment.R
[I 2021-06-14 11:38:31.555 ServerApp] Saving file at /R/simulate_experiment.R
[I 2021-06-14 11:38:50.975 ServerApp] Saving file at /R/simulate_experiment.R
[I 2021-06-14 11:39:21.134 ServerApp] Saving file at /R/simulate_experiment.R
[I 2021-06-14 11:39:35.000 ServerApp] Saving file at /R/simulate_experiment.R
[I 2021-06-14 11:39:38.960 ServerApp] Saving file at /R/simulate_experiment.R
[I 2021-06-14 11:40:42.266 ServerApp] Saving file at /R/simulate_experiment.R
[I 2021-06-14 11:40:44.239 ServerApp] Saving file at /R/simulate_experiment.R
[I 2021-06-14 11:40:57.059 ServerApp] Saving file at /R/simulate_experiment.R
[I 2021-06-14 11:41:00.071 ServerApp] Saving file at /R/simulate_experiment.R
[I 2021-06-14 11:42:02.940 ServerApp] Saving file at /R/simulate_experiment.R
[I 2021-06-14 11:42:18.715 ServerApp] Saving file at /R/simulate_experiment.R
[I 2021-06-14 11:42:55.869 ServerApp] Saving file at /R/simulate_experiment.R
[I 2021-06-14 11:43:07.919 ServerApp] Saving file at /R/simulate_experiment.R
[I 2021-06-14 11:43:25.686 ServerApp] Saving file at /R/simulate_experiment.R
[I 2021-06-14 11:43:33.927 ServerApp] Saving file at /R/simulate_experiment.R
[I 2021-06-14 11:43:37.745 ServerApp] Saving file at /R/simulate_experiment.R
[I 2021-06-14 11:43:54.705 ServerApp] Saving file at /R/simulate_experiment.R
[I 2021-06-14 11:43:59.047 ServerApp] Saving file at /R/simulate_experiment.R
[I 2021-06-14 11:44:01.353 ServerApp] Saving file at /R/simulate_experiment.R
[W 2021-06-14 11:44:29.555 ServerApp] delete /notebooks/test_crigen2.Rds
[W 2021-06-14 11:44:29.555 ServerApp] Skipping trash for /mnt/scratcha/fmlab/baker02/crigen/notebooks/test_crigen2.Rds, on different device to home directory
[I 2021-06-14 11:44:39.687 ServerApp] Saving file at /notebooks/crigen_design_experiment_test.ipynb
[I 2021-06-14 11:45:12.176 ServerApp] Saving file at /notebooks/crigen_design_experiment_test.ipynb
[I 2021-06-14 11:45:16.792 ServerApp] Saving file at /notebooks/crigen_design_experiment_test.ipynb
[I 2021-06-14 11:49:43.072 ServerApp] Kernel restarted: a6639d0a-c980-4c03-9b69-934a35e4818f
[I 2021-06-14 11:49:43.094 ServerApp] Starting buffering for a6639d0a-c980-4c03-9b69-934a35e4818f:b01b69e0-90df-46ea-a169-cffa861017cf

   File /Users/baker02/.Renviron contains invalid line(s)
      p_TpE3coAkixZazRvxL8JA7fTyuhni0Z0Je12X1
   They were ignored

[I 2021-06-14 11:49:43.106 ServerApp] Restoring connection for a6639d0a-c980-4c03-9b69-934a35e4818f:b01b69e0-90df-46ea-a169-cffa861017cf
trying URL 'https://github.com/dynverse/dyngen/raw/data_files/regulatorycircuits_27_astrocytes_pigment_cells.rds'
Content type 'application/octet-stream' length 1343648 bytes (1.3 MB)
==================================================
downloaded 1.3 MB

Error in x$.self$finalize() : attempt to apply non-function
Error in x$.self$finalize() : attempt to apply non-function
Error in x$.self$finalize() : attempt to apply non-function
Error in x$.self$finalize() : attempt to apply non-function
Error in (function (x)  : attempt to apply non-function
[I 2021-06-14 11:50:24.722 ServerApp] Saving file at /R/simulate_experiment.R
[I 2021-06-14 11:51:17.501 ServerApp] Saving file at /notebooks/crigen_design_experiment_test.ipynb
[I 2021-06-14 12:01:10.132 ServerApp] Saving file at /R/simulate_experiment.R
[I 2021-06-14 12:01:13.035 ServerApp] Saving file at /R/simulate_experiment.R
[I 2021-06-14 12:01:18.738 ServerApp] Saving file at /R/simulate_experiment.R
[I 2021-06-14 12:01:25.003 ServerApp] Saving file at /notebooks/crigen_design_experiment_test.ipynb
[W 2021-06-14 12:02:19.157 ServerApp] 404 GET /api/contents/notebooks/slurmr-job-f433d685efd?content=1&1623668539139 (10.20.236.34): No such file or directory: notebooks/slurmr-job-f433d685efd
[W 2021-06-14 12:02:19.162 ServerApp] No such file or directory: notebooks/slurmr-job-f433d685efd
[W 2021-06-14 12:02:19.162 ServerApp] 404 GET /api/contents/notebooks/slurmr-job-f433d685efd?content=1&1623668539139 (10.20.236.34) 7.38ms referer=http://localhost:8505/lab/tree/R/simulate_experiment.R
[I 2021-06-14 12:04:20.547 ServerApp] Kernel restarted: a6639d0a-c980-4c03-9b69-934a35e4818f

   File /Users/baker02/.Renviron contains invalid line(s)
      p_TpE3coAkixZazRvxL8JA7fTyuhni0Z0Je12X1
   They were ignored

[I 2021-06-14 12:04:20.609 ServerApp] Starting buffering for a6639d0a-c980-4c03-9b69-934a35e4818f:b01b69e0-90df-46ea-a169-cffa861017cf
[I 2021-06-14 12:04:20.627 ServerApp] Restoring connection for a6639d0a-c980-4c03-9b69-934a35e4818f:b01b69e0-90df-46ea-a169-cffa861017cf
[I 2021-06-14 12:04:27.915 ServerApp] Saving file at /notebooks/crigen_design_experiment_test.ipynb
trying URL 'https://github.com/dynverse/dyngen/raw/data_files/regulatorycircuits_29_epithelial_cells.rds'
Content type 'application/octet-stream' length 1332316 bytes (1.3 MB)
==================================================
downloaded 1.3 MB

Error in x$.self$finalize() : attempt to apply non-function
Error in x$.self$finalize() : attempt to apply non-function
Error in x$.self$finalize() : attempt to apply non-function
Error in x$.self$finalize() : attempt to apply non-function
Error in (function (x)  : attempt to apply non-function
[I 2021-06-14 12:06:28.767 ServerApp] Saving file at /notebooks/crigen_design_experiment_test.ipynb
[I 2021-06-14 12:12:31.798 ServerApp] Saving file at /notebooks/crigen_design_experiment_test.ipynb
[I 2021-06-14 12:17:56.649 ServerApp] Saving file at /notebooks/crigen_design_experiment_test.ipynb
[I 2021-06-14 12:18:00.581 ServerApp] Kernel interrupted: a6639d0a-c980-4c03-9b69-934a35e4818f
[I 2021-06-14 12:18:00.758 ServerApp] Kernel interrupted: a6639d0a-c980-4c03-9b69-934a35e4818f
[I 2021-06-14 12:18:00.875 ServerApp] Kernel interrupted: a6639d0a-c980-4c03-9b69-934a35e4818f
[I 2021-06-14 12:19:56.740 ServerApp] Saving file at /notebooks/crigen_design_experiment_test.ipynb
[I 2021-06-14 12:21:13.433 ServerApp] Saving file at /notebooks/crigen_design_experiment_test.ipynb
[I 2021-06-14 12:21:14.747 ServerApp] Kernel interrupted: a6639d0a-c980-4c03-9b69-934a35e4818f
[I 2021-06-14 12:21:14.915 ServerApp] Kernel interrupted: a6639d0a-c980-4c03-9b69-934a35e4818f
[I 2021-06-14 12:21:15.060 ServerApp] Kernel interrupted: a6639d0a-c980-4c03-9b69-934a35e4818f
[I 2021-06-14 12:22:39.752 ServerApp] Saving file at /notebooks/crigen_design_experiment_test.ipynb
[I 2021-06-14 12:24:22.812 ServerApp] Saving file at /R/simulate_experiment.R
[I 2021-06-14 12:24:36.004 ServerApp] Saving file at /R/simulate_experiment.R
[I 2021-06-14 12:24:39.833 ServerApp] Saving file at /notebooks/crigen_design_experiment_test.ipynb
[I 2021-06-14 12:24:53.829 ServerApp] Saving file at /R/simulate_experiment.R
[I 2021-06-14 12:25:32.390 ServerApp] Saving file at /R/simulate_experiment.R
[I 2021-06-14 12:25:36.017 ServerApp] Saving file at /R/simulate_experiment.R
[I 2021-06-14 12:25:55.641 ServerApp] Saving file at /notebooks/crigen_design_experiment_test.ipynb
[I 2021-06-14 12:26:09.700 ServerApp] Saving file at /notebooks/crigen_design_experiment_test.ipynb
[I 2021-06-14 12:26:25.184 ServerApp] Saving file at /R/simulate_experiment.R
[I 2021-06-14 12:26:27.318 ServerApp] Saving file at /R/simulate_experiment.R
[I 2021-06-14 12:26:32.517 ServerApp] Saving file at /R/simulate_experiment.R
[I 2021-06-14 12:28:37.688 ServerApp] Kernel restarted: a6639d0a-c980-4c03-9b69-934a35e4818f
[I 2021-06-14 12:28:37.703 ServerApp] Starting buffering for a6639d0a-c980-4c03-9b69-934a35e4818f:b01b69e0-90df-46ea-a169-cffa861017cf
[I 2021-06-14 12:28:37.749 ServerApp] Restoring connection for a6639d0a-c980-4c03-9b69-934a35e4818f:b01b69e0-90df-46ea-a169-cffa861017cf

   File /Users/baker02/.Renviron contains invalid line(s)
      p_TpE3coAkixZazRvxL8JA7fTyuhni0Z0Je12X1
   They were ignored

[I 2021-06-14 12:28:41.593 ServerApp] Saving file at /notebooks/crigen_design_experiment_test.ipynb
trying URL 'https://github.com/dynverse/dyngen/raw/data_files/regulatorycircuits_28_neuroectodermal_tumors_sarcoma.rds'
Content type 'application/octet-stream' length 1347328 bytes (1.3 MB)
==================================================
downloaded 1.3 MB

[I 2021-06-14 12:29:05.123 ServerApp] Saving file at /notebooks/crigen_design_experiment_test.ipynb
[I 2021-06-14 12:29:06.357 ServerApp] Saving file at /notebooks/crigen_design_experiment_test.ipynb
[I 2021-06-14 12:29:12.791 ServerApp] Saving file at /notebooks/crigen_design_experiment_test.ipynb
[I 2021-06-14 12:31:12.875 ServerApp] Saving file at /notebooks/crigen_design_experiment_test.ipynb
[I 2021-06-14 12:37:12.989 ServerApp] Saving file at /notebooks/crigen_design_experiment_test.ipynb
[I 2021-06-14 12:38:51.141 ServerApp] Saving file at /notebooks/crigen_design_experiment_test.ipynb
[I 2021-06-14 12:39:31.227 ServerApp] Saving file at /R/simulate_experiment.R
[I 2021-06-14 12:39:34.770 ServerApp] Saving file at /R/simulate_experiment.R
[I 2021-06-14 12:39:37.854 ServerApp] Saving file at /R/simulate_experiment.R
[I 2021-06-14 12:39:47.299 ServerApp] Saving file at /R/simulate_experiment.R
[I 2021-06-14 12:40:51.227 ServerApp] Saving file at /notebooks/crigen_design_experiment_test.ipynb
[I 2021-06-14 12:44:15.365 ServerApp] Saving file at /R/sample_simulated_cells.R
[I 2021-06-14 12:44:24.374 ServerApp] Saving file at /R/sample_simulated_cells.R
[I 2021-06-14 12:44:26.447 ServerApp] Saving file at /R/sample_simulated_cells.R
[I 2021-06-14 12:44:36.873 ServerApp] Saving file at /R/sample_simulated_cells.R
[I 2021-06-14 12:45:28.589 ServerApp] Saving file at /R/sample_simulated_cells.R
[I 2021-06-14 12:45:37.350 ServerApp] Saving file at /R/sample_simulated_cells.R
[I 2021-06-14 12:45:39.008 ServerApp] Saving file at /R/sample_simulated_cells.R
[I 2021-06-14 12:45:55.413 ServerApp] Saving file at /R/sample_simulated_cells.R
[I 2021-06-14 12:46:03.537 ServerApp] Saving file at /R/sample_simulated_cells.R
[I 2021-06-14 12:46:11.321 ServerApp] Saving file at /R/sample_simulated_cells.R
[I 2021-06-14 12:46:18.915 ServerApp] Saving file at /R/sample_simulated_cells.R
[I 2021-06-14 12:46:22.668 ServerApp] Saving file at /R/sample_simulated_cells.R
[I 2021-06-14 12:46:27.057 ServerApp] Saving file at /R/sample_simulated_cells.R
[I 2021-06-14 12:46:37.370 ServerApp] Saving file at /R/design_experiment.R
[I 2021-06-14 12:57:19.406 ServerApp] Kernel interrupted: a6639d0a-c980-4c03-9b69-934a35e4818f
[I 2021-06-14 12:57:25.717 ServerApp] Saving file at /notebooks/crigen_design_experiment_test.ipynb
[I 2021-06-14 12:57:37.691 ServerApp] Saving file at /notebooks/crigen_design_experiment_test.ipynb
[I 2021-06-14 13:01:33.959 ServerApp] Kernel restarted: a6639d0a-c980-4c03-9b69-934a35e4818f
[I 2021-06-14 13:01:33.967 ServerApp] Starting buffering for a6639d0a-c980-4c03-9b69-934a35e4818f:b01b69e0-90df-46ea-a169-cffa861017cf
[I 2021-06-14 13:01:33.989 ServerApp] Restoring connection for a6639d0a-c980-4c03-9b69-934a35e4818f:b01b69e0-90df-46ea-a169-cffa861017cf

   File /Users/baker02/.Renviron contains invalid line(s)
      p_TpE3coAkixZazRvxL8JA7fTyuhni0Z0Je12X1
   They were ignored

[I 2021-06-14 13:01:37.785 ServerApp] Saving file at /notebooks/crigen_design_experiment_test.ipynb
trying URL 'https://github.com/dynverse/dyngen/raw/data_files/regulatorycircuits_09_connective_tissue_integumental_cells.rds'
Content type 'application/octet-stream' length 1346540 bytes (1.3 MB)
==================================================
downloaded 1.3 MB

[I 2021-06-14 13:01:54.403 ServerApp] Saving file at /notebooks/crigen_design_experiment_test.ipynb
[I 2021-06-14 13:02:00.369 ServerApp] Saving file at /notebooks/crigen_design_experiment_test.ipynb
[I 2021-06-14 13:04:00.443 ServerApp] Saving file at /notebooks/crigen_design_experiment_test.ipynb
[I 2021-06-14 13:11:24.655 ServerApp] Saving file at /R/sample_simulated_cells.R
[I 2021-06-14 13:11:38.072 ServerApp] Saving file at /notebooks/crigen_design_experiment_test.ipynb
[I 2021-06-14 13:15:48.440 ServerApp] Kernel restarted: a6639d0a-c980-4c03-9b69-934a35e4818f
[I 2021-06-14 13:15:48.454 ServerApp] Starting buffering for a6639d0a-c980-4c03-9b69-934a35e4818f:b01b69e0-90df-46ea-a169-cffa861017cf
[I 2021-06-14 13:15:48.466 ServerApp] Restoring connection for a6639d0a-c980-4c03-9b69-934a35e4818f:b01b69e0-90df-46ea-a169-cffa861017cf

   File /Users/baker02/.Renviron contains invalid line(s)
      p_TpE3coAkixZazRvxL8JA7fTyuhni0Z0Je12X1
   They were ignored

[I 2021-06-14 13:15:52.481 ServerApp] Kernel restarted: a6639d0a-c980-4c03-9b69-934a35e4818f
[I 2021-06-14 13:15:52.492 ServerApp] Starting buffering for a6639d0a-c980-4c03-9b69-934a35e4818f:b01b69e0-90df-46ea-a169-cffa861017cf
[I 2021-06-14 13:15:52.508 ServerApp] Restoring connection for a6639d0a-c980-4c03-9b69-934a35e4818f:b01b69e0-90df-46ea-a169-cffa861017cf

   File /Users/baker02/.Renviron contains invalid line(s)
      p_TpE3coAkixZazRvxL8JA7fTyuhni0Z0Je12X1
   They were ignored

trying URL 'https://github.com/dynverse/dyngen/raw/data_files/regulatorycircuits_17_adenocarcinoma.rds'
Content type 'application/octet-stream' length 1284780 bytes (1.2 MB)
==================================================
downloaded 1.2 MB

[I 2021-06-14 13:17:38.743 ServerApp] Saving file at /notebooks/crigen_design_experiment_test.ipynb
[I 2021-06-14 13:25:42.962 ServerApp] Saving file at /notebooks/crigen_design_experiment_test.ipynb
[I 2021-06-14 13:27:43.057 ServerApp] Saving file at /notebooks/crigen_design_experiment_test.ipynb
[I 2021-06-14 13:29:04.322 ServerApp] Saving file at /R/simulate_experiment.R
[I 2021-06-14 13:29:09.975 ServerApp] Saving file at /R/simulate_experiment.R
[I 2021-06-14 13:29:13.732 ServerApp] Saving file at /notebooks/crigen_design_experiment_test.ipynb
[I 2021-06-14 13:31:23.056 ServerApp] Kernel restarted: a6639d0a-c980-4c03-9b69-934a35e4818f
[I 2021-06-14 13:31:23.072 ServerApp] Starting buffering for a6639d0a-c980-4c03-9b69-934a35e4818f:b01b69e0-90df-46ea-a169-cffa861017cf
[I 2021-06-14 13:31:23.085 ServerApp] Restoring connection for a6639d0a-c980-4c03-9b69-934a35e4818f:b01b69e0-90df-46ea-a169-cffa861017cf

   File /Users/baker02/.Renviron contains invalid line(s)
      p_TpE3coAkixZazRvxL8JA7fTyuhni0Z0Je12X1
   They were ignored

trying URL 'https://github.com/dynverse/dyngen/raw/data_files/regulatorycircuits_06_endothelial_cells.rds'
Content type 'application/octet-stream' length 1342924 bytes (1.3 MB)
==================================================
downloaded 1.3 MB

[I 2021-06-14 13:31:39.844 ServerApp] Saving file at /notebooks/crigen_design_experiment_test.ipynb
[I 2021-06-14 13:31:41.666 ServerApp] Saving file at /notebooks/crigen_design_experiment_test.ipynb
[I 2021-06-14 13:33:42.990 ServerApp] Saving file at /notebooks/crigen_design_experiment_test.ipynb
