[I 2021-07-30 12:22:22.793 ServerApp] jupyterlab | extension was successfully linked.
[I 2021-07-30 12:22:23.201 ServerApp] nbclassic | extension was successfully linked.
[I 2021-07-30 12:22:23.249 LabApp] JupyterLab extension loaded from /home/baker02/miniconda3/envs/perturbverse/lib/python3.9/site-packages/jupyterlab
[I 2021-07-30 12:22:23.249 LabApp] JupyterLab application directory is /home/baker02/miniconda3/envs/perturbverse/share/jupyter/lab
[I 2021-07-30 12:22:23.253 ServerApp] jupyterlab | extension was successfully loaded.
[I 2021-07-30 12:22:23.260 ServerApp] nbclassic | extension was successfully loaded.
[I 2021-07-30 12:22:23.265 ServerApp] Serving notebooks from local directory: /mnt/scratcha/fmlab/baker02/crigen
[I 2021-07-30 12:22:23.265 ServerApp] Jupyter Server 1.4.1 is running at:
[I 2021-07-30 12:22:23.265 ServerApp] http://clust1-node-3:8893/lab
[I 2021-07-30 12:22:23.266 ServerApp]  or http://127.0.0.1:8893/lab
[I 2021-07-30 12:22:23.266 ServerApp] Use Control-C to stop this server and shut down all kernels (twice to skip confirmation).
[I 2021-07-30 12:22:41.474 ServerApp] 302 GET / (10.20.236.34) 0.81ms
[I 2021-07-30 12:22:41.499 LabApp] 302 GET /lab? (10.20.236.34) 1.05ms
[W 2021-07-30 12:22:49.054 ServerApp] 401 POST /login?next=%2Flab%3F (10.20.236.34) 1.61ms referer=http://localhost:8893/login?next=%2Flab%3F
[I 2021-07-30 12:22:51.896 ServerApp] 302 POST /login?next=%2Flab%3F (10.20.236.34) 1.54ms
[W 2021-07-30 12:22:56.385 LabApp] Could not determine jupyterlab build status without nodejs
[I 2021-07-30 12:24:54.574 ServerApp] Kernel started: b27142c2-48e4-44f0-93cd-64406200adda

   File /Users/baker02/.Renviron contains invalid line(s)
      p_TpE3coAkixZazRvxL8JA7fTyuhni0Z0Je12X1
   They were ignored

[I 2021-07-30 13:10:53.643 ServerApp] Saving file at /R/create_network.R
[I 2021-07-30 13:11:26.072 ServerApp] Saving file at /R/extract_hk_net.R
[I 2021-07-30 13:11:45.487 ServerApp] Saving file at /R/extract_egenes.R
[I 2021-07-30 13:12:02.160 ServerApp] Saving file at /notebooks/refactor_crigen.ipynb
[I 2021-07-30 13:12:21.231 ServerApp] Saving file at /R/extract_tf_net.R
[I 2021-07-30 13:12:40.323 ServerApp] Saving file at /R/extract_tf_net.R
[I 2021-07-30 13:13:59.153 ServerApp] Saving file at /R/initialize_kinetics.R
[I 2021-07-30 13:14:32.506 ServerApp] Saving file at /R/create_grnas.R
[I 2021-07-30 13:14:40.786 ServerApp] Saving file at /R/create_grnas.R
[I 2021-07-30 13:15:33.719 ServerApp] Saving file at /notebooks/refactor_crigen.ipynb
[I 2021-07-30 13:16:08.262 ServerApp] Creating new file in /R
[I 2021-07-30 13:16:22.791 ServerApp] Creating new file in /R
[I 2021-07-30 13:16:51.282 ServerApp] Saving file at /R/simulate_cell.R
[I 2021-07-30 13:17:02.055 ServerApp] Saving file at /R/simulate_cell.R
[I 2021-07-30 13:30:35.067 ServerApp] Starting buffering for b27142c2-48e4-44f0-93cd-64406200adda:61edd645-b139-4bb6-976f-ff0194f7c646
[I 2021-07-30 15:08:57.617 ServerApp] 302 GET / (10.20.236.34) 0.64ms
[W 2021-07-30 15:09:01.395 LabApp] Could not determine jupyterlab build status without nodejs
[I 2021-07-30 15:40:49.304 ServerApp] Saving file at /R/initialize_kinetics.R
[I 2021-07-30 15:41:00.679 ServerApp] Saving file at /R/initialize_kinetics.R
[I 2021-07-30 15:41:05.822 ServerApp] Saving file at /R/initialize_kinetics.R
[I 2021-07-30 15:41:43.169 ServerApp] Saving file at /R/initialize_kinetics.R
[I 2021-07-30 15:41:59.947 ServerApp] Saving file at /R/initialize_kinetics.R
[I 2021-07-30 15:48:14.284 ServerApp] Creating new file in /R
[I 2021-07-30 15:48:47.727 ServerApp] Saving file at /R/cluster.R
[I 2021-07-30 15:48:50.845 ServerApp] Saving file at /R/cluster.R
[I 2021-07-30 15:49:39.861 ServerApp] Saving file at /notebooks/refactor_crigen.ipynb
[I 2021-07-30 15:50:01.896 ServerApp] Saving file at /notebooks/refactor_crigen.ipynb
[I 2021-07-30 15:50:44.832 ServerApp] Saving file at /R/cluster.R
[I 2021-07-30 15:51:31.907 ServerApp] Saving file at /R/simulation_utils.R
[I 2021-07-30 15:51:42.738 ServerApp] Saving file at /R/run_simulation.R
[I 2021-07-30 15:52:06.167 ServerApp] Saving file at /R/run_simulation.R
[I 2021-07-30 15:52:16.450 ServerApp] Saving file at /R/run_simulation.R
[I 2021-07-30 15:52:38.804 ServerApp] Saving file at /R/run_simulation.R
[I 2021-07-30 15:52:40.532 ServerApp] Saving file at /R/run_simulation.R
[I 2021-07-30 15:53:01.932 ServerApp] Saving file at /R/run_simulation.R
[I 2021-07-30 15:53:22.151 ServerApp] Saving file at /R/run_simulation.R
[I 2021-07-30 15:53:51.124 ServerApp] Saving file at /R/run_simulation.R
[I 2021-07-30 15:54:10.338 ServerApp] Saving file at /R/run_simulation.R
[I 2021-07-30 15:54:14.954 ServerApp] Saving file at /R/run_simulation.R
[I 2021-07-30 15:54:16.730 ServerApp] Saving file at /R/run_simulation.R
[I 2021-07-30 15:54:28.223 ServerApp] Saving file at /R/initialize_kinetics.R
[I 2021-07-30 15:54:31.694 ServerApp] Saving file at /R/initialize_kinetics.R
[I 2021-07-30 15:54:41.763 ServerApp] Saving file at /R/run_simulation.R
[I 2021-07-30 15:55:17.845 ServerApp] Saving file at /R/simulation_utils.R
[I 2021-07-30 15:55:37.683 ServerApp] Saving file at /R/run_simulation.R
[I 2021-07-30 15:55:51.015 ServerApp] Saving file at /R/initialize_kinetics.R
[I 2021-07-30 15:56:11.730 ServerApp] Saving file at /R/simulation_utils.R
[I 2021-07-30 15:57:03.368 ServerApp] Creating new file in /R
[I 2021-07-30 15:57:13.953 ServerApp] Saving file at /R/create_experiment.R
[I 2021-07-30 15:57:24.528 ServerApp] Saving file at /R/create_experiment.R
[W 2021-07-30 15:58:03.331 ServerApp] delete /R/old_scripts
[W 2021-07-30 15:58:03.332 ServerApp] Skipping trash for /mnt/scratcha/fmlab/baker02/crigen/R/old_scripts, on different device to home directory
[W 2021-07-30 15:58:03.333 ServerApp] 400 DELETE /api/contents/R/old_scripts?1627657083239 (10.20.236.34): Directory /mnt/scratcha/fmlab/baker02/crigen/R/old_scripts not empty
[W 2021-07-30 15:58:03.334 ServerApp] Directory /mnt/scratcha/fmlab/baker02/crigen/R/old_scripts not empty
[W 2021-07-30 15:58:03.334 ServerApp] 400 DELETE /api/contents/R/old_scripts?1627657083239 (10.20.236.34) 3.73ms referer=http://localhost:8893/lab/tree/R/extract_tf_net.R
