[I 2021-05-27 09:13:15.176 ServerApp] jupyterlab | extension was successfully linked.
[I 2021-05-27 09:13:15.505 ServerApp] nbclassic | extension was successfully linked.
[I 2021-05-27 09:13:15.540 LabApp] JupyterLab extension loaded from /home/baker02/miniconda3/envs/tidyscreen/lib/python3.9/site-packages/jupyterlab
[I 2021-05-27 09:13:15.540 LabApp] JupyterLab application directory is /home/baker02/miniconda3/envs/tidyscreen/share/jupyter/lab
[I 2021-05-27 09:13:15.544 ServerApp] jupyterlab | extension was successfully loaded.
[I 2021-05-27 09:13:15.552 ServerApp] nbclassic | extension was successfully loaded.
[I 2021-05-27 09:13:15.555 ServerApp] Serving notebooks from local directory: /mnt/scratcha/fmlab/baker02/crigen
[I 2021-05-27 09:13:15.556 ServerApp] Jupyter Server 1.6.1 is running at:
[I 2021-05-27 09:13:15.556 ServerApp] http://clust1-node-4:9126/lab
[I 2021-05-27 09:13:15.556 ServerApp]     http://127.0.0.1:9126/lab
[I 2021-05-27 09:13:15.556 ServerApp] Use Control-C to stop this server and shut down all kernels (twice to skip confirmation).
[I 2021-05-27 09:15:47.296 ServerApp] 302 GET / (10.20.236.34) 0.61ms
[I 2021-05-27 09:15:47.317 LabApp] 302 GET /lab? (10.20.236.34) 1.35ms
[I 2021-05-27 09:17:06.759 ServerApp] 302 POST /login?next=%2Flab%3F (10.20.236.34) 1.90ms
[W 2021-05-27 09:17:10.628 LabApp] Could not determine jupyterlab build status without nodejs
[W 2021-05-27 09:18:51.618 ServerApp] 404 GET /api/contents/notebooks/eda_ml_models.ipynb?content=0&1622103531585 (10.20.236.34): No such file or directory: notebooks/eda_ml_models.ipynb
[W 2021-05-27 09:18:51.618 ServerApp] No such file or directory: notebooks/eda_ml_models.ipynb
[W 2021-05-27 09:18:51.618 ServerApp] 404 GET /api/contents/notebooks/eda_ml_models.ipynb?content=0&1622103531585 (10.20.236.34) 2.34ms referer=http://localhost:9126/lab?
[I 2021-05-27 09:18:58.945 ServerApp] Kernel started: 9719229a-28f9-466b-b895-82dc931c5273
[I 2021-05-27 09:20:58.588 ServerApp] Saving file at /notebooks/crigen_design_experiment_test.ipynb
[I 2021-05-27 09:28:52.532 ServerApp] Kernel shutdown: 9719229a-28f9-466b-b895-82dc931c5273
[I 2021-05-27 09:28:52.676 ServerApp] Kernel started: e0522c29-884d-4123-8b04-2250dbbeede1
[I 2021-05-27 09:28:59.097 ServerApp] Saving file at /notebooks/crigen_design_experiment_test.ipynb
[I 2021-05-27 09:29:27.463 ServerApp] Kernel shutdown: e0522c29-884d-4123-8b04-2250dbbeede1
[I 2021-05-27 09:29:27.637 ServerApp] Kernel started: 2c73548c-a362-4d06-bf0d-59e5f1b263f2
[I 2021-05-27 09:29:41.316 ServerApp] Starting buffering for 2c73548c-a362-4d06-bf0d-59e5f1b263f2:e545430f-e969-4995-81b9-1d2a7146821d
[I 2021-05-27 09:29:56.099 ServerApp] Kernel shutdown: 2c73548c-a362-4d06-bf0d-59e5f1b263f2
[I 2021-05-27 09:29:56.239 ServerApp] Kernel started: e8dd19d2-ad43-4fcd-bf1f-f05f823e84d4
[I 2021-05-27 09:31:12.968 ServerApp] Starting buffering for e8dd19d2-ad43-4fcd-bf1f-f05f823e84d4:238374ea-13c9-490c-b510-58d262b0f7a3
[I 2021-05-27 09:31:22.080 ServerApp] Kernel shutdown: e8dd19d2-ad43-4fcd-bf1f-f05f823e84d4
[I 2021-05-27 09:31:33.481 ServerApp] Kernel started: cedfbabe-113c-4c69-b15a-fd5f625cd5dd
[I 2021-05-27 09:31:37.132 ServerApp] Kernel shutdown: cedfbabe-113c-4c69-b15a-fd5f625cd5dd
[I 2021-05-27 09:31:38.352 ServerApp] Kernel started: bbed6831-f512-4238-b048-81c785895543
[I 2021-05-27 09:32:51.963 ServerApp] Saving file at /R/create_model.R
[I 2021-05-27 09:32:52.609 ServerApp] Saving file at /R/create_model.R
[I 2021-05-27 09:32:58.883 ServerApp] Saving file at /notebooks/crigen_design_experiment_test.ipynb
trying URL 'https://github.com/dynverse/dyngen/raw/data_files/regulatorycircuits_15_myeloid_leukemia.rds'
[I 2021-05-27 09:36:07.319 ServerApp] Saving file at /notebooks/crigen_design_experiment_test.ipynb
Content type 'application/octet-stream' length 1348264 bytes (1.3 MB)
==================================================
downloaded 1.3 MB

[I 2021-05-27 09:38:08.702 ServerApp] Saving file at /notebooks/crigen_design_experiment_test.ipynb
[I 2021-05-27 09:46:13.907 ServerApp] Saving file at /R/create_model.R
[I 2021-05-27 09:46:16.155 ServerApp] Saving file at /R/create_model.R
trying URL 'https://github.com/dynverse/dyngen/raw/data_files/regulatorycircuits_29_epithelial_cells.rds'
Content type 'application/octet-stream' length 1332316 bytes (1.3 MB)
==================================================
downloaded 1.3 MB

[I 2021-05-27 09:56:25.890 ServerApp] Kernel restarted: bbed6831-f512-4238-b048-81c785895543
[I 2021-05-27 09:56:25.905 ServerApp] Starting buffering for bbed6831-f512-4238-b048-81c785895543:3add9849-e7b2-431b-8255-51484515d613
[I 2021-05-27 09:56:25.922 ServerApp] Restoring connection for bbed6831-f512-4238-b048-81c785895543:3add9849-e7b2-431b-8255-51484515d613
trying URL 'https://github.com/dynverse/dyngen/raw/data_files/regulatorycircuits_14_immune_organs.rds'
Content type 'application/octet-stream' length 1354216 bytes (1.3 MB)
==================================================
downloaded 1.3 MB

[I 2021-05-27 09:58:18.887 ServerApp] Saving file at /notebooks/crigen_design_experiment_test.ipynb
[I 2021-05-27 10:14:26.008 ServerApp] Saving file at /notebooks/crigen_design_experiment_test.ipynb
[I 2021-05-27 10:15:21.413 ServerApp] Saving file at /R/create_model.R
trying URL 'https://github.com/dynverse/dyngen/raw/data_files/regulatorycircuits_03_adult_forebrain.rds'
Content type 'application/octet-stream' length 1340800 bytes (1.3 MB)
==================================================
downloaded 1.3 MB

[I 2021-05-27 10:27:11.546 ServerApp] Kernel restarted: bbed6831-f512-4238-b048-81c785895543
[I 2021-05-27 10:27:11.557 ServerApp] Starting buffering for bbed6831-f512-4238-b048-81c785895543:3add9849-e7b2-431b-8255-51484515d613
[I 2021-05-27 10:27:11.570 ServerApp] Restoring connection for bbed6831-f512-4238-b048-81c785895543:3add9849-e7b2-431b-8255-51484515d613
[I 2021-05-27 10:27:20.391 ServerApp] Saving file at /notebooks/crigen_design_experiment_test.ipynb
trying URL 'https://github.com/dynverse/dyngen/raw/data_files/regulatorycircuits_09_connective_tissue_integumental_cells.rds'
Content type 'application/octet-stream' length 1346540 bytes (1.3 MB)
==================================================
downloaded 1.3 MB

[I 2021-05-27 10:28:19.170 ServerApp] Saving file at /notebooks/crigen_design_experiment_test.ipynb
[I 2021-05-27 10:30:21.120 ServerApp] Saving file at /notebooks/crigen_design_experiment_test.ipynb
[I 2021-05-27 10:34:22.254 ServerApp] Saving file at /notebooks/crigen_design_experiment_test.ipynb
[I 2021-05-27 10:35:04.859 ServerApp] Saving file at /notebooks/crigen_design_experiment_test.ipynb
[I 2021-05-27 10:35:14.240 ServerApp] Saving file at /notebooks/crigen_design_experiment_test.ipynb
[I 2021-05-27 10:35:45.036 ServerApp] Saving file at /notebooks/crigen_design_experiment_test.ipynb
[I 2021-05-27 10:36:39.599 ServerApp] Saving file at /notebooks/crigen_design_experiment_test.ipynb
[I 2021-05-27 10:37:38.573 ServerApp] Saving file at /notebooks/crigen_design_experiment_test.ipynb
[I 2021-05-27 10:38:06.541 ServerApp] Saving file at /notebooks/crigen_design_experiment_test.ipynb
[I 2021-05-27 10:39:44.442 ServerApp] Saving file at /notebooks/crigen_design_experiment_test.ipynb
[I 2021-05-27 10:39:50.342 ServerApp] Saving file at /notebooks/crigen_design_experiment_test.ipynb
[I 2021-05-27 10:39:59.540 ServerApp] Saving file at /notebooks/crigen_design_experiment_test.ipynb
[I 2021-05-27 10:40:10.452 ServerApp] Saving file at /notebooks/crigen_design_experiment_test.ipynb
[I 2021-05-27 10:40:31.034 ServerApp] Saving file at /R/create_model.R
[I 2021-05-27 10:40:33.527 ServerApp] Saving file at /R/create_model.R
[I 2021-05-27 10:40:34.370 ServerApp] Saving file at /R/create_model.R
[I 2021-05-27 10:40:35.732 ServerApp] Saving file at /notebooks/crigen_design_experiment_test.ipynb
[I 2021-05-27 10:42:36.502 ServerApp] Saving file at /notebooks/crigen_design_experiment_test.ipynb
[I 2021-05-27 10:43:12.256 ServerApp] Kernel restarted: bbed6831-f512-4238-b048-81c785895543
[I 2021-05-27 10:43:12.268 ServerApp] Starting buffering for bbed6831-f512-4238-b048-81c785895543:3add9849-e7b2-431b-8255-51484515d613
[I 2021-05-27 10:43:12.294 ServerApp] Restoring connection for bbed6831-f512-4238-b048-81c785895543:3add9849-e7b2-431b-8255-51484515d613
trying URL 'https://github.com/dynverse/dyngen/raw/data_files/regulatorycircuits_10_lymphocytes.rds'
Content type 'application/octet-stream' length 1403268 bytes (1.3 MB)
==================================================
downloaded 1.3 MB

[I 2021-05-27 10:43:53.244 ServerApp] Saving file at /notebooks/crigen_design_experiment_test.ipynb
[I 2021-05-27 10:44:57.985 ServerApp] Saving file at /R/design_experiment.R
[I 2021-05-27 10:45:19.621 ServerApp] Saving file at /notebooks/crigen_design_experiment_test.ipynb
[I 2021-05-27 10:45:21.651 ServerApp] Saving file at /notebooks/crigen_design_experiment_test.ipynb
[I 2021-05-27 10:45:32.765 ServerApp] Saving file at /notebooks/crigen_design_experiment_test.ipynb
[I 2021-05-27 10:46:02.153 ServerApp] Saving file at /notebooks/crigen_design_experiment_test.ipynb
[I 2021-05-27 10:52:53.424 ServerApp] Saving file at /notebooks/crigen_design_experiment_test.ipynb
[I 2021-05-27 10:53:38.355 ServerApp] Saving file at /R/simulate.R
[I 2021-05-27 10:53:47.557 ServerApp] Saving file at /R/simulate.R
[I 2021-05-27 10:54:38.247 ServerApp] Saving file at /R/simulate.R
[I 2021-05-27 10:56:54.403 ServerApp] Saving file at /notebooks/crigen_design_experiment_test.ipynb
[I 2021-05-27 10:59:17.000 ServerApp] Saving file at /notebooks/crigen_design_experiment_test.ipynb
[I 2021-05-27 11:06:49.296 ServerApp] Kernel restarted: bbed6831-f512-4238-b048-81c785895543
[I 2021-05-27 11:06:49.418 ServerApp] Starting buffering for bbed6831-f512-4238-b048-81c785895543:3add9849-e7b2-431b-8255-51484515d613
[I 2021-05-27 11:06:49.443 ServerApp] Restoring connection for bbed6831-f512-4238-b048-81c785895543:3add9849-e7b2-431b-8255-51484515d613
[I 2021-05-27 11:07:00.495 ServerApp] Saving file at /notebooks/crigen_design_experiment_test.ipynb
trying URL 'https://github.com/dynverse/dyngen/raw/data_files/regulatorycircuits_23_lung.rds'
Content type 'application/octet-stream' length 1350632 bytes (1.3 MB)
==================================================
downloaded 1.3 MB

[I 2021-05-27 11:07:27.823 ServerApp] Saving file at /notebooks/crigen_design_experiment_test.ipynb
[I 2021-05-27 11:07:37.637 ServerApp] Saving file at /notebooks/crigen_design_experiment_test.ipynb
[I 2021-05-27 11:09:39.144 ServerApp] Saving file at /notebooks/crigen_design_experiment_test.ipynb
[I 2021-05-27 11:10:15.326 ServerApp] Saving file at /notebooks/crigen_design_experiment_test.ipynb
[I 2021-05-27 11:11:18.677 ServerApp] Saving file at /notebooks/crigen_design_experiment_test.ipynb
[I 2021-05-27 11:11:30.912 ServerApp] Saving file at /R/simulate.R
[I 2021-05-27 11:12:24.540 ServerApp] Saving file at /notebooks/crigen_design_experiment_test.ipynb
[I 2021-05-27 11:13:05.346 ServerApp] Saving file at /R/design_experiment.R
[I 2021-05-27 11:13:07.749 ServerApp] Saving file at /R/design_experiment.R
[I 2021-05-27 11:13:15.375 ServerApp] Saving file at /R/design_experiment.R
[I 2021-05-27 11:14:04.625 ServerApp] Saving file at /R/design_experiment.R
[I 2021-05-27 11:14:29.684 ServerApp] Saving file at /R/design_experiment.R
[I 2021-05-27 11:14:48.804 ServerApp] Saving file at /R/design_experiment.R
[I 2021-05-27 11:15:07.232 ServerApp] Saving file at /R/design_experiment.R
[I 2021-05-27 11:15:10.427 ServerApp] Saving file at /R/design_experiment.R
[I 2021-05-27 11:15:23.671 ServerApp] Saving file at /R/design_experiment.R
[I 2021-05-27 11:15:34.861 ServerApp] Saving file at /R/design_experiment.R
[I 2021-05-27 11:15:47.743 ServerApp] Saving file at /R/design_experiment.R
[I 2021-05-27 11:15:53.210 ServerApp] Saving file at /R/design_experiment.R
[I 2021-05-27 11:15:58.623 ServerApp] Saving file at /R/design_experiment.R
[I 2021-05-27 11:16:50.888 ServerApp] Saving file at /R/generate_network.R
[I 2021-05-27 11:17:06.767 ServerApp] Saving file at /R/generate_network.R
[I 2021-05-27 11:17:13.643 ServerApp] Saving file at /R/generate_network.R
[I 2021-05-27 11:17:14.773 ServerApp] Saving file at /R/generate_network.R
[I 2021-05-27 11:17:23.554 ServerApp] Saving file at /notebooks/crigen_design_experiment_test.ipynb
[I 2021-05-27 11:17:34.721 ServerApp] Saving file at /R/design_experiment.R
[I 2021-05-27 11:17:37.987 ServerApp] Saving file at /R/design_experiment.R
[I 2021-05-27 11:17:42.555 ServerApp] Saving file at /R/design_experiment.R
[I 2021-05-27 11:17:52.870 ServerApp] Saving file at /R/design_experiment.R
[I 2021-05-27 11:18:06.278 ServerApp] Saving file at /R/design_experiment.R
[I 2021-05-27 11:18:08.541 ServerApp] Saving file at /notebooks/crigen_design_experiment_test.ipynb
[I 2021-05-27 11:18:34.892 ServerApp] Saving file at /notebooks/crigen_design_experiment_test.ipynb
[I 2021-05-27 11:19:14.698 ServerApp] Saving file at /R/design_experiment.R
[I 2021-05-27 11:19:19.920 ServerApp] Saving file at /R/design_experiment.R
[I 2021-05-27 11:19:29.425 ServerApp] Saving file at /R/design_experiment.R
[I 2021-05-27 11:19:39.809 ServerApp] Saving file at /notebooks/crigen_design_experiment_test.ipynb
[I 2021-05-27 11:19:51.110 ServerApp] Saving file at /notebooks/crigen_design_experiment_test.ipynb
[I 2021-05-27 11:20:04.528 ServerApp] Saving file at /notebooks/crigen_design_experiment_test.ipynb
[I 2021-05-27 11:20:40.181 ServerApp] Saving file at /R/create_model.R
[I 2021-05-27 11:20:52.349 ServerApp] Saving file at /R/create_model.R
[I 2021-05-27 11:21:22.198 ServerApp] Saving file at /R/create_model.R
[I 2021-05-27 11:21:27.231 ServerApp] Saving file at /R/create_model.R
[I 2021-05-27 11:21:30.916 ServerApp] Saving file at /R/create_model.R
[I 2021-05-27 11:21:36.482 ServerApp] Saving file at /R/create_model.R
[I 2021-05-27 11:21:51.129 ServerApp] Saving file at /R/create_model.R
[I 2021-05-27 11:21:53.956 ServerApp] Saving file at /R/create_model.R
[I 2021-05-27 11:22:02.753 ServerApp] Saving file at /R/create_model.R
[I 2021-05-27 11:22:27.406 ServerApp] Saving file at /R/create_model.R
[I 2021-05-27 11:27:40.052 ServerApp] Saving file at /R/create_model.R
[I 2021-05-27 11:27:40.928 ServerApp] Saving file at /R/create_model.R
[I 2021-05-27 11:27:46.521 ServerApp] Saving file at /R/create_model.R
[I 2021-05-27 11:28:12.831 ServerApp] Saving file at /R/create_model.R
[I 2021-05-27 11:28:16.465 ServerApp] Saving file at /R/create_model.R
[I 2021-05-27 11:28:36.083 ServerApp] Saving file at /R/create_model.R
[I 2021-05-27 11:29:15.966 ServerApp] Saving file at /R/create_model.R
[I 2021-05-27 11:29:54.352 ServerApp] Saving file at /R/create_model.R
[I 2021-05-27 11:30:18.584 ServerApp] Saving file at /R/create_model.R
[I 2021-05-27 11:30:23.249 ServerApp] Saving file at /R/create_model.R
[I 2021-05-27 11:30:28.044 ServerApp] Saving file at /R/create_model.R
[I 2021-05-27 11:30:35.512 ServerApp] Saving file at /R/create_model.R
[I 2021-05-27 11:31:03.986 ServerApp] Saving file at /R/create_model.R
[I 2021-05-27 11:31:14.504 ServerApp] Saving file at /R/create_model.R
[I 2021-05-27 11:31:17.659 ServerApp] Saving file at /R/create_model.R
[I 2021-05-27 11:31:18.982 ServerApp] Saving file at /R/create_model.R
[I 2021-05-27 11:31:40.011 ServerApp] Saving file at /R/create_model.R
[I 2021-05-27 11:31:45.920 ServerApp] Saving file at /R/create_model.R
[I 2021-05-27 11:32:39.357 ServerApp] Saving file at /R/create_model.R
[I 2021-05-27 11:32:47.834 ServerApp] Saving file at /R/create_model.R
[I 2021-05-27 11:32:56.681 ServerApp] Saving file at /R/create_model.R
[I 2021-05-27 11:33:21.001 ServerApp] Saving file at /R/create_model.R
[I 2021-05-27 11:33:30.067 ServerApp] Saving file at /R/create_model.R
[I 2021-05-27 11:33:40.826 ServerApp] Saving file at /R/create_model.R
[I 2021-05-27 11:33:52.861 ServerApp] Saving file at /R/create_model.R
[I 2021-05-27 11:34:29.557 ServerApp] Saving file at /R/create_model.R
[I 2021-05-27 11:35:42.287 ServerApp] Saving file at /R/create_model.R
[I 2021-05-27 11:35:48.594 ServerApp] Saving file at /R/create_model.R
[I 2021-05-27 11:35:54.729 ServerApp] Saving file at /R/create_model.R
[I 2021-05-27 11:36:10.025 ServerApp] Saving file at /R/create_model.R
[I 2021-05-27 11:36:15.992 ServerApp] Saving file at /R/create_model.R
[I 2021-05-27 11:36:29.010 ServerApp] Saving file at /R/create_model.R
[I 2021-05-27 11:36:32.581 ServerApp] Saving file at /R/create_model.R
[I 2021-05-27 11:36:34.882 ServerApp] Saving file at /R/create_model.R
[I 2021-05-27 11:36:56.657 ServerApp] Saving file at /R/create_model.R
[I 2021-05-27 11:37:00.565 ServerApp] Saving file at /R/create_model.R
[I 2021-05-27 11:37:33.951 ServerApp] Saving file at /R/create_model.R
[I 2021-05-27 11:37:43.063 ServerApp] Saving file at /R/create_model.R
[I 2021-05-27 11:37:54.386 ServerApp] Saving file at /R/create_model.R
[I 2021-05-27 11:39:54.449 ServerApp] Saving file at /R/create_model.R
[I 2021-05-27 11:40:06.102 ServerApp] Saving file at /R/create_model.R
[I 2021-05-27 11:40:31.236 ServerApp] Saving file at /R/create_model.R
[I 2021-05-27 11:40:49.021 ServerApp] Saving file at /R/create_model.R
[I 2021-05-27 11:40:57.136 ServerApp] Saving file at /R/create_model.R
[I 2021-05-27 11:41:53.405 ServerApp] Saving file at /R/create_model.R
[I 2021-05-27 11:41:54.962 ServerApp] Saving file at /R/create_model.R
[I 2021-05-27 11:41:59.324 ServerApp] Saving file at /R/create_model.R
[I 2021-05-27 11:42:38.869 ServerApp] Saving file at /R/create_model.R
[I 2021-05-27 11:42:48.733 ServerApp] Saving file at /R/create_model.R
[I 2021-05-27 11:43:28.999 ServerApp] Saving file at /R/create_model.R
[I 2021-05-27 11:43:31.454 ServerApp] Saving file at /R/create_model.R
[I 2021-05-27 11:43:37.750 ServerApp] Saving file at /R/create_model.R
[I 2021-05-27 11:44:06.807 ServerApp] Saving file at /R/create_model.R
[I 2021-05-27 11:44:11.966 ServerApp] Saving file at /R/create_model.R
[I 2021-05-27 11:44:17.299 ServerApp] Saving file at /R/create_model.R
[I 2021-05-27 11:44:25.674 ServerApp] Saving file at /R/create_model.R
[I 2021-05-27 11:44:30.267 ServerApp] Saving file at /R/create_model.R
[I 2021-05-27 11:44:33.607 ServerApp] Saving file at /R/create_model.R
[I 2021-05-27 11:44:39.097 ServerApp] Saving file at /R/create_model.R
[I 2021-05-27 11:45:18.229 ServerApp] Saving file at /R/create_model.R
[I 2021-05-27 11:45:25.182 ServerApp] Saving file at /R/create_model.R
[I 2021-05-27 11:45:38.760 ServerApp] Saving file at /R/create_model.R
[I 2021-05-27 11:45:50.443 ServerApp] Saving file at /R/create_model.R
[I 2021-05-27 11:45:55.329 ServerApp] Saving file at /R/create_model.R
[I 2021-05-27 11:45:58.649 ServerApp] Saving file at /R/create_model.R
[I 2021-05-27 11:46:52.304 ServerApp] Saving file at /R/create_model.R
[I 2021-05-27 11:47:12.169 ServerApp] Saving file at /R/create_model.R
[I 2021-05-27 11:47:56.098 ServerApp] Saving file at /R/create_model.R
[I 2021-05-27 11:48:03.092 ServerApp] Saving file at /R/create_model.R
[I 2021-05-27 11:48:18.847 ServerApp] Saving file at /R/create_model.R
[I 2021-05-27 11:48:30.120 ServerApp] Saving file at /R/create_model.R
[I 2021-05-27 11:48:40.648 ServerApp] Saving file at /R/create_model.R
[I 2021-05-27 11:50:14.614 ServerApp] Saving file at /R/create_model.R
[I 2021-05-27 11:50:18.123 ServerApp] Saving file at /R/create_model.R
[I 2021-05-27 11:50:18.879 ServerApp] Saving file at /R/create_model.R
[I 2021-05-27 11:50:36.443 ServerApp] Saving file at /R/create_model.R
[I 2021-05-27 11:50:49.339 ServerApp] Saving file at /R/create_model.R
[I 2021-05-27 11:51:10.931 ServerApp] Saving file at /R/create_model.R
[I 2021-05-27 11:51:33.519 ServerApp] Saving file at /R/create_model.R
[I 2021-05-27 11:51:43.098 ServerApp] Saving file at /R/create_model.R
[I 2021-05-27 11:51:48.795 ServerApp] Saving file at /R/create_model.R
[I 2021-05-27 11:52:17.251 ServerApp] Saving file at /R/create_model.R
[I 2021-05-27 11:53:18.658 ServerApp] Saving file at /R/create_model.R
[I 2021-05-27 11:53:32.652 ServerApp] Saving file at /R/create_model.R
[I 2021-05-27 11:53:38.499 ServerApp] Saving file at /R/create_model.R
[I 2021-05-27 11:53:59.086 ServerApp] Saving file at /R/create_model.R
[I 2021-05-27 11:54:14.653 ServerApp] Saving file at /R/create_model.R
[I 2021-05-27 11:54:20.600 ServerApp] Saving file at /R/create_model.R
[I 2021-05-27 11:54:39.131 ServerApp] Saving file at /R/create_model.R
[I 2021-05-27 11:54:46.513 ServerApp] Saving file at /R/create_model.R
[I 2021-05-27 11:54:46.985 ServerApp] Saving file at /R/create_model.R
[I 2021-05-27 11:54:52.150 ServerApp] Saving file at /R/create_model.R
[I 2021-05-27 11:55:05.654 ServerApp] Saving file at /R/create_model.R
[I 2021-05-27 11:55:18.426 ServerApp] Saving file at /R/create_model.R
[I 2021-05-27 11:55:20.809 ServerApp] Saving file at /R/create_model.R
[I 2021-05-27 11:55:32.349 ServerApp] Saving file at /R/create_model.R
[I 2021-05-27 11:55:34.134 ServerApp] Saving file at /R/create_model.R
[I 2021-05-27 11:55:43.853 ServerApp] Saving file at /R/create_model.R
[I 2021-05-27 11:56:08.245 ServerApp] Saving file at /R/create_model.R
[I 2021-05-27 11:56:22.102 ServerApp] Saving file at /R/create_model.R
[I 2021-05-27 11:56:25.884 ServerApp] Saving file at /R/create_model.R
[I 2021-05-27 11:56:30.901 ServerApp] Saving file at /R/create_model.R
[I 2021-05-27 11:56:41.663 ServerApp] Saving file at /R/create_model.R
[I 2021-05-27 11:56:58.847 ServerApp] Saving file at /R/create_model.R
[I 2021-05-27 11:57:00.207 ServerApp] Saving file at /R/create_model.R
[I 2021-05-27 11:58:09.573 ServerApp] Saving file at /R/create_model.R
[I 2021-05-27 11:58:14.481 ServerApp] Saving file at /R/create_model.R
[I 2021-05-27 11:58:16.649 ServerApp] Saving file at /R/create_model.R
[I 2021-05-27 11:58:33.593 ServerApp] Saving file at /R/create_model.R
[I 2021-05-27 11:58:37.044 ServerApp] Saving file at /R/create_model.R
[I 2021-05-27 11:58:46.862 ServerApp] Saving file at /R/create_model.R
[I 2021-05-27 12:00:46.931 ServerApp] Saving file at /R/create_model.R
[I 2021-05-27 12:01:44.281 ServerApp] Saving file at /R/create_model.R
[I 2021-05-27 12:02:35.585 ServerApp] Saving file at /R/create_model.R
[I 2021-05-27 12:02:37.671 ServerApp] Saving file at /R/create_model.R
[I 2021-05-27 12:02:45.887 ServerApp] Saving file at /R/create_model.R
[I 2021-05-27 12:02:53.814 ServerApp] Saving file at /R/create_model.R
[I 2021-05-27 12:02:56.408 ServerApp] Saving file at /R/create_model.R
[I 2021-05-27 12:02:58.215 ServerApp] Saving file at /R/create_model.R
[I 2021-05-27 12:03:11.650 ServerApp] Saving file at /R/create_model.R
[I 2021-05-27 12:03:34.217 ServerApp] Saving file at /R/create_model.R
[I 2021-05-27 12:03:59.014 ServerApp] Saving file at /R/create_model.R
[I 2021-05-27 12:04:07.956 ServerApp] Saving file at /R/create_model.R
[I 2021-05-27 12:04:24.818 ServerApp] Saving file at /R/create_model.R
[I 2021-05-27 12:04:30.172 ServerApp] Saving file at /R/create_model.R
[I 2021-05-27 12:04:39.269 ServerApp] Saving file at /R/create_model.R
[I 2021-05-27 12:04:44.647 ServerApp] Saving file at /R/create_model.R
[I 2021-05-27 12:05:45.743 ServerApp] Saving file at /R/create_model.R
[I 2021-05-27 12:05:49.635 ServerApp] Saving file at /R/create_model.R
[I 2021-05-27 12:06:00.353 ServerApp] Saving file at /R/create_model.R
[I 2021-05-27 12:06:28.758 ServerApp] Saving file at /R/create_model.R
[I 2021-05-27 12:06:37.240 ServerApp] Saving file at /R/create_model.R
[I 2021-05-27 12:07:01.330 ServerApp] Saving file at /R/create_model.R
[I 2021-05-27 12:07:20.541 ServerApp] Saving file at /R/create_model.R
[I 2021-05-27 12:07:44.181 ServerApp] Saving file at /R/create_model.R
[I 2021-05-27 12:07:48.416 ServerApp] Saving file at /R/create_model.R
[I 2021-05-27 12:07:51.081 ServerApp] Saving file at /R/create_model.R
[I 2021-05-27 12:08:21.867 ServerApp] Saving file at /R/create_model.R
[I 2021-05-27 12:08:40.684 ServerApp] Saving file at /R/create_model.R
[I 2021-05-27 12:08:42.812 ServerApp] Saving file at /R/create_model.R
[I 2021-05-27 12:09:17.740 ServerApp] Saving file at /R/create_model.R
[I 2021-05-27 12:09:42.687 ServerApp] Saving file at /R/create_model.R
[I 2021-05-27 12:10:04.349 ServerApp] Saving file at /R/create_model.R
[I 2021-05-27 12:10:49.324 ServerApp] Saving file at /R/create_model.R
[I 2021-05-27 12:10:57.189 ServerApp] Saving file at /R/create_model.R
[I 2021-05-27 12:11:32.892 ServerApp] Saving file at /R/create_model.R
[I 2021-05-27 12:11:41.839 ServerApp] Saving file at /R/create_model.R
[I 2021-05-27 12:11:47.088 ServerApp] Saving file at /R/create_model.R
[I 2021-05-27 12:11:53.474 ServerApp] Saving file at /R/create_model.R
[I 2021-05-27 12:12:06.881 ServerApp] Saving file at /notebooks/crigen_design_experiment_test.ipynb
[I 2021-05-27 12:12:12.692 ServerApp] Saving file at /notebooks/crigen_design_experiment_test.ipynb
[I 2021-05-27 12:12:38.726 ServerApp] Saving file at /R/create_model.R
[I 2021-05-27 12:12:57.491 ServerApp] Saving file at /R/create_model.R
[I 2021-05-27 12:14:00.958 ServerApp] Saving file at /R/generate_network.R
[I 2021-05-27 12:14:18.237 ServerApp] Saving file at /R/generate_network.R
[I 2021-05-27 12:14:22.671 ServerApp] Saving file at /R/generate_network.R
[I 2021-05-27 12:14:27.150 ServerApp] Saving file at /R/generate_network.R
[I 2021-05-27 12:14:35.455 ServerApp] Saving file at /R/generate_network.R
[I 2021-05-27 12:15:09.262 ServerApp] Saving file at /R/generate_network.R
[I 2021-05-27 12:15:12.819 ServerApp] Saving file at /R/generate_network.R
[I 2021-05-27 12:15:14.497 ServerApp] Saving file at /R/generate_network.R
[I 2021-05-27 12:15:25.149 ServerApp] Saving file at /R/generate_network.R
[I 2021-05-27 12:15:56.355 ServerApp] Saving file at /R/generate_network.R
