
   File /Users/baker02/.Renviron contains invalid line(s)
      p_TpE3coAkixZazRvxL8JA7fTyuhni0Z0Je12X1
   They were ignored

### [bt]: This is batchtools v0.9.15
### [bt]: Starting calculation of 1 jobs
### [bt]: Setting working directory to '/mnt/scratcha/fmlab/baker02/crigen/notebooks'
Loading required package: stringr
Loading required package: dplyr

Attaching package: ‘dplyr’

The following objects are masked from ‘package:stats’:

    filter, lag

The following objects are masked from ‘package:base’:

    intersect, setdiff, setequal, union

Loading required package: future
Loading required package: tibble
Loading required package: tidyr
Loading required package: igraph

Attaching package: ‘igraph’

The following object is masked from ‘package:tidyr’:

    crossing

The following object is masked from ‘package:tibble’:

    as_data_frame

The following objects are masked from ‘package:future’:

    %->%, %<-%

The following objects are masked from ‘package:dplyr’:

    as_data_frame, groups, union

The following objects are masked from ‘package:stats’:

    decompose, spectrum

The following object is masked from ‘package:base’:

    union

Loading required package: purrr

Attaching package: ‘purrr’

The following objects are masked from ‘package:igraph’:

    compose, simplify

Loading required package: GillespieSSA2
### [bt]: Memory measurement disabled
### [bt]: Starting job [batchtools job.id=1]
### [bt]: Setting seed to 24066 ...
TF8-grna.1-sim.1
*** Error in `/home/baker02/miniconda3/envs/perturbverse/lib/R/bin/exec/R': corrupted double-linked list: 0x00005567fcc3a3f0 ***
======= Backtrace: =========
/lib64/libc.so.6(+0x7f3e4)[0x7ff5fa1073e4]
/lib64/libc.so.6(+0x82ba8)[0x7ff5fa10aba8]
/lib64/libc.so.6(__libc_malloc+0x4c)[0x7ff5fa10d6fc]
/home/baker02/miniconda3/envs/perturbverse/lib/R/bin/exec/../../lib/libR.so(Rf_allocVector3+0x7f6)[0x7ff5fa5eeb06]
/home/baker02/miniconda3/envs/perturbverse/lib/R/bin/exec/../../lib/libR.so(+0xe45cf)[0x7ff5fa53a5cf]
/home/baker02/miniconda3/envs/perturbverse/lib/R/bin/exec/../../lib/libR.so(+0x20061e)[0x7ff5fa65661e]
/home/baker02/miniconda3/envs/perturbverse/lib/R/bin/exec/../../lib/libR.so(Rf_eval+0x737)[0x7ff5fa5add37]
/home/baker02/miniconda3/envs/perturbverse/lib/R/bin/exec/../../lib/libR.so(+0x15816f)[0x7ff5fa5ae16f]
/home/baker02/miniconda3/envs/perturbverse/lib/R/bin/exec/../../lib/libR.so(Rf_eval+0x628)[0x7ff5fa5adc28]
/home/baker02/miniconda3/envs/perturbverse/lib/R/bin/exec/../../lib/libR.so(+0x11cb7e)[0x7ff5fa572b7e]
/home/baker02/miniconda3/envs/perturbverse/lib/R/bin/exec/../../lib/libR.so(+0x1410a1)[0x7ff5fa5970a1]
/home/baker02/miniconda3/envs/perturbverse/lib/R/bin/exec/../../lib/libR.so(Rf_eval+0x80)[0x7ff5fa5ad680]
/home/baker02/miniconda3/envs/perturbverse/lib/R/bin/exec/../../lib/libR.so(+0x1595d0)[0x7ff5fa5af5d0]
/home/baker02/miniconda3/envs/perturbverse/lib/R/bin/exec/../../lib/libR.so(Rf_applyClosure+0x1a4)[0x7ff5fa5b04d4]
/home/baker02/miniconda3/envs/perturbverse/lib/R/bin/exec/../../lib/libR.so(+0x19e63e)[0x7ff5fa5f463e]
/home/baker02/miniconda3/envs/perturbverse/lib/R/bin/exec/../../lib/libR.so(+0x19ea64)[0x7ff5fa5f4a64]
/home/baker02/miniconda3/envs/perturbverse/lib/R/bin/exec/../../lib/libR.so(+0x19ee0e)[0x7ff5fa5f4e0e]
/home/baker02/miniconda3/envs/perturbverse/lib/R/bin/exec/../../lib/libR.so(+0x13d369)[0x7ff5fa593369]
/home/baker02/miniconda3/envs/perturbverse/lib/R/bin/exec/../../lib/libR.so(Rf_eval+0x80)[0x7ff5fa5ad680]
/home/baker02/miniconda3/envs/perturbverse/lib/R/bin/exec/../../lib/libR.so(+0x1595d0)[0x7ff5fa5af5d0]
/home/baker02/miniconda3/envs/perturbverse/lib/R/bin/exec/../../lib/libR.so(Rf_applyClosure+0x1a4)[0x7ff5fa5b04d4]
/home/baker02/miniconda3/envs/perturbverse/lib/R/bin/exec/../../lib/libR.so(+0x145644)[0x7ff5fa59b644]
/home/baker02/miniconda3/envs/perturbverse/lib/R/bin/exec/../../lib/libR.so(Rf_eval+0x80)[0x7ff5fa5ad680]
/home/baker02/miniconda3/envs/perturbverse/lib/R/bin/exec/../../lib/libR.so(+0x1595d0)[0x7ff5fa5af5d0]
/home/baker02/miniconda3/envs/perturbverse/lib/R/bin/exec/../../lib/libR.so(Rf_applyClosure+0x1a4)[0x7ff5fa5b04d4]
/home/baker02/miniconda3/envs/perturbverse/lib/R/bin/exec/../../lib/libR.so(Rf_eval+0x2a1)[0x7ff5fa5ad8a1]
/home/baker02/miniconda3/envs/perturbverse/lib/R/bin/exec/../../lib/libR.so(+0xc981e)[0x7ff5fa51f81e]
/home/baker02/miniconda3/envs/perturbverse/lib/R/bin/exec/../../lib/libR.so(+0x13d574)[0x7ff5fa593574]
/home/baker02/miniconda3/envs/perturbverse/lib/R/bin/exec/../../lib/libR.so(Rf_eval+0x80)[0x7ff5fa5ad680]
/home/baker02/miniconda3/envs/perturbverse/lib/R/bin/exec/../../lib/libR.so(+0x1595d0)[0x7ff5fa5af5d0]
/home/baker02/miniconda3/envs/perturbverse/lib/R/bin/exec/../../lib/libR.so(Rf_applyClosure+0x1a4)[0x7ff5fa5b04d4]
/home/baker02/miniconda3/envs/perturbverse/lib/R/bin/exec/../../lib/libR.so(+0x145644)[0x7ff5fa59b644]
/home/baker02/miniconda3/envs/perturbverse/lib/R/bin/exec/../../lib/libR.so(Rf_eval+0x80)[0x7ff5fa5ad680]
/home/baker02/miniconda3/envs/perturbverse/lib/R/bin/exec/../../lib/libR.so(+0x1595d0)[0x7ff5fa5af5d0]
/home/baker02/miniconda3/envs/perturbverse/lib/R/bin/exec/../../lib/libR.so(Rf_applyClosure+0x1a4)[0x7ff5fa5b04d4]
/home/baker02/miniconda3/envs/perturbverse/lib/R/bin/exec/../../lib/libR.so(+0x19e63e)[0x7ff5fa5f463e]
/home/baker02/miniconda3/envs/perturbverse/lib/R/bin/exec/../../lib/libR.so(+0x19ea64)[0x7ff5fa5f4a64]
/home/baker02/miniconda3/envs/perturbverse/lib/R/bin/exec/../../lib/libR.so(+0x19ee0e)[0x7ff5fa5f4e0e]
/home/baker02/miniconda3/envs/perturbverse/lib/R/bin/exec/../../lib/libR.so(+0x13d369)[0x7ff5fa593369]
/home/baker02/miniconda3/envs/perturbverse/lib/R/bin/exec/../../lib/libR.so(Rf_eval+0x80)[0x7ff5fa5ad680]
/home/baker02/miniconda3/envs/perturbverse/lib/R/bin/exec/../../lib/libR.so(+0x1595d0)[0x7ff5fa5af5d0]
/home/baker02/miniconda3/envs/perturbverse/lib/R/bin/exec/../../lib/libR.so(Rf_applyClosure+0x1a4)[0x7ff5fa5b04d4]
/home/baker02/miniconda3/envs/perturbverse/lib/R/bin/exec/../../lib/libR.so(Rf_eval+0x2a1)[0x7ff5fa5ad8a1]
/home/baker02/miniconda3/envs/perturbverse/lib/R/bin/exec/../../lib/libR.so(+0x15d970)[0x7ff5fa5b3970]
/home/baker02/miniconda3/envs/perturbverse/lib/R/bin/exec/../../lib/libR.so(+0x13d574)[0x7ff5fa593574]
/home/baker02/miniconda3/envs/perturbverse/lib/R/bin/exec/../../lib/libR.so(Rf_eval+0x80)[0x7ff5fa5ad680]
/home/baker02/miniconda3/envs/perturbverse/lib/R/bin/exec/../../lib/libR.so(+0x1595d0)[0x7ff5fa5af5d0]
/home/baker02/miniconda3/envs/perturbverse/lib/R/bin/exec/../../lib/libR.so(Rf_applyClosure+0x1a4)[0x7ff5fa5b04d4]
/home/baker02/miniconda3/envs/perturbverse/lib/R/bin/exec/../../lib/libR.so(Rf_eval+0x2a1)[0x7ff5fa5ad8a1]
/home/baker02/miniconda3/envs/perturbverse/lib/R/bin/exec/../../lib/libR.so(+0x15816f)[0x7ff5fa5ae16f]
/home/baker02/miniconda3/envs/perturbverse/lib/R/bin/exec/../../lib/libR.so(+0x158620)[0x7ff5fa5ae620]
/home/baker02/miniconda3/envs/perturbverse/lib/R/bin/exec/../../lib/libR.so(+0x142d41)[0x7ff5fa598d41]
/home/baker02/miniconda3/envs/perturbverse/lib/R/bin/exec/../../lib/libR.so(Rf_eval+0x80)[0x7ff5fa5ad680]
/home/baker02/miniconda3/envs/perturbverse/lib/R/bin/exec/../../lib/libR.so(+0x15816f)[0x7ff5fa5ae16f]
/home/baker02/miniconda3/envs/perturbverse/lib/R/bin/exec/../../lib/libR.so(+0x158620)[0x7ff5fa5ae620]
/home/baker02/miniconda3/envs/perturbverse/lib/R/bin/exec/../../lib/libR.so(+0x142d41)[0x7ff5fa598d41]
/home/baker02/miniconda3/envs/perturbverse/lib/R/bin/exec/../../lib/libR.so(Rf_eval+0x80)[0x7ff5fa5ad680]
/home/baker02/miniconda3/envs/perturbverse/lib/R/bin/exec/../../lib/libR.so(+0x15816f)[0x7ff5fa5ae16f]
/home/baker02/miniconda3/envs/perturbverse/lib/R/bin/exec/../../lib/libR.so(+0x158620)[0x7ff5fa5ae620]
/home/baker02/miniconda3/envs/perturbverse/lib/R/bin/exec/../../lib/libR.so(+0x142d41)[0x7ff5fa598d41]
/home/baker02/miniconda3/envs/perturbverse/lib/R/bin/exec/../../lib/libR.so(Rf_eval+0x80)[0x7ff5fa5ad680]
/home/baker02/miniconda3/envs/perturbverse/lib/R/bin/exec/../../lib/libR.so(+0x15816f)[0x7ff5fa5ae16f]
/home/baker02/miniconda3/envs/perturbverse/lib/R/bin/exec/../../lib/libR.so(+0x158620)[0x7ff5fa5ae620]
======= Memory map: ========
5567f6276000-5567f6277000 r--p 00000000 00:2a 30542692708                /home/baker02/miniconda3/envs/perturbverse/lib/R/bin/exec/R
5567f6277000-5567f6278000 r-xp 00001000 00:2a 30542692708                /home/baker02/miniconda3/envs/perturbverse/lib/R/bin/exec/R
5567f6278000-5567f6279000 r--p 00002000 00:2a 30542692708                /home/baker02/miniconda3/envs/perturbverse/lib/R/bin/exec/R
5567f6279000-5567f627a000 r--p 00002000 00:2a 30542692708                /home/baker02/miniconda3/envs/perturbverse/lib/R/bin/exec/R
5567f627a000-5567f627b000 rw-p 00003000 00:2a 30542692708                /home/baker02/miniconda3/envs/perturbverse/lib/R/bin/exec/R
5567f6a05000-556807d45000 rw-p 00000000 00:00 0                          [heap]
7ff498000000-7ff498021000 rw-p 00000000 00:00 0 
7ff498021000-7ff49c000000 ---p 00000000 00:00 0 
7ff49e86b000-7ff4a286b000 rw-p 00000000 00:00 0 
7ff4a286b000-7ff4a286f000 r--p 00000000 00:2a 68825781696                /home/baker02/miniconda3/envs/perturbverse/lib/R/library/utils/libs/utils.so
7ff4a286f000-7ff4a2877000 r-xp 00004000 00:2a 68825781696                /home/baker02/miniconda3/envs/perturbverse/lib/R/library/utils/libs/utils.so
7ff4a2877000-7ff4a2879000 r--p 0000c000 00:2a 68825781696                /home/baker02/miniconda3/envs/perturbverse/lib/R/library/utils/libs/utils.so
7ff4a2879000-7ff4a287a000 ---p 0000e000 00:2a 68825781696                /home/baker02/miniconda3/envs/perturbverse/lib/R/library/utils/libs/utils.so
7ff4a287a000-7ff4a287b000 r--p 0000e000 00:2a 68825781696                /home/baker02/miniconda3/envs/perturbverse/lib/R/library/utils/libs/utils.so
7ff4a287b000-7ff4a287c000 rw-p 0000f000 00:2a 68825781696                /home/baker02/miniconda3/envs/perturbverse/lib/R/library/utils/libs/utils.so
7ff4a287c000-7ff4a287d000 rw-p 00000000 00:00 0 
7ff4a2c53000-7ff4a2d3a000 rw-p 00000000 00:00 0 
7ff4a2e06000-7ff4a2f48000 rw-p 00000000 00:00 0 
7ff4a2f48000-7ff4a2f4b000 r--p 00000000 00:2a 60143874032                /home/baker02/miniconda3/envs/perturbverse/lib/R/library/methods/libs/methods.so
7ff4a2f4b000-7ff4a2f50000 r-xp 00003000 00:2a 60143874032                /home/baker02/miniconda3/envs/perturbverse/lib/R/library/methods/libs/methods.so
7ff4a2f50000-7ff4a2f52000 r--p 00008000 00:2a 60143874032                /home/baker02/miniconda3/envs/perturbverse/lib/R/library/methods/libs/methods.so
7ff4a2f52000-7ff4a2f53000 ---p 0000a000 00:2a 60143874032                /home/baker02/miniconda3/envs/perturbverse/lib/R/library/methods/libs/methods.so
7ff4a2f53000-7ff4a2f54000 r--p 0000a000 00:2a 60143874032                /home/baker02/miniconda3/envs/perturbverse/lib/R/library/methods/libs/methods.so
7ff4a2f54000-7ff4a2f55000 rw-p 0000b000 00:2a 60143874032                /home/baker02/miniconda3/envs/perturbverse/lib/R/library/methods/libs/methods.so
7ff4a3003000-7ff4eb003000 rw-p 00000000 00:00 0 
7ff4eb003000-7ff4eb55b000 rw-p 00000000 00:00 0 
7ff4eb55b000-7ff4f1a9e000 r--p 00000000 fd:00 1451418                    /usr/lib/locale/locale-archive
7ff4f1a9e000-7ff4f1a9f000 ---p 00000000 00:00 0 
7ff4f1a9f000-7ff4f229f000 rw-p 00000000 00:00 0 
7ff4f229f000-7ff4f22a0000 ---p 00000000 00:00 0 
7ff4f22a0000-7ff4f2aa0000 rw-p 00000000 00:00 0 
7ff4f2aa0000-7ff50aaa0000 rw-p 00000000 00:00 0 
7ff50aaa0000-7ff50aaa1000 ---p 00000000 00:00 0 
7ff50aaa1000-7ff50b2a1000 rw-p 00000000 00:00 0 
7ff50b2a1000-7ff5132a1000 rw-p 00000000 00:00 0 
7ff5132a1000-7ff5132a2000 ---p 00000000 00:00 0 
7ff5132a2000-7ff513aa2000 rw-p 00000000 00:00 0 
7ff51574e000-7ff515f53000 r--s 00000000 fd:02 262240                     /var/lib/sss/mc/passwd
7ff515f53000-7ff517aaa000 r--s 00000000 00:2a 73111242962                /home/baker02/miniconda3/envs/perturbverse/lib/R/library/stringi/libs/icudt69l.dat
7ff517aaa000-7ff51faaa000 rw-p 00000000 00:00 0 
7ff5202ab000-7ff5282ab000 rw-p 00000000 00:00 0 
7ff528aac000-7ff530aac000 rw-p 00000000 00:00 0 
7ff5312ad000-7ff5392ad000 rw-p 00000000 00:00 0 
7ff539aae000-7ff541aae000 rw-p 00000000 00:00 0 
7ff5422af000-7ff54a2af000 rw-p 00000000 00:00 0 
7ff54aab0000-7ff552ab0000 rw-p 00000000 00:00 0 
7ff5532b1000-7ff55b2b1000 rw-p 00000000 00:00 0 
7ff55bab2000-7ff563ab2000 rw-p 00000000 00:00 0 
7ff5642b3000-7ff56c2b3000 rw-p 00000000 00:00 0 
7ff56cab4000-7ff574ab4000 rw-p 00000000 00:00 0 
7ff5752b5000-7ff57d2b5000 rw-p 00000000 00:00 0 
7ff57dab6000-7ff585ab6000 rw-p 00000000 00:00 0 
7ff5862b7000-7ff58e2b7000 rw-p 00000000 00:00 0 
7ff58eab8000-7ff596ab8000 rw-p 00000000 00:00 0 
7ff5972b9000-7ff59f2b9000 rw-p 00000000 00:00 0 
7ff59faba000-7ff5a7aba000 rw-p 00000000 00:00 0 
7ff5a82bb000-7ff5b02bb000 rw-p 00000000 00:00 0 
7ff5b0abc000-7ff5b8abc000 rw-p 00000000 00:00 0 
7ff5b92bd000-7ff5c12bd000 rw-p 00000000 00:00 0 
7ff5c1abe000-7ff5c9abe000 rw-p 00000000 00:00 0 
7ff5ca2bf000-7ff5d22bf000 rw-p 00000000 00:00 0 
7ff5d2ac0000-7ff5daac0000 rw-p 00000000 00:00 0 
7ff5db2c1000-7ff5e32c1000 rw-p 00000000 00:00 0 
7ff5e3332000-7ff5e3336000 r--p 00000000 09:02 4325394                    /tmp/RtmpoKRG2a/file9612408e4f/gillespie/sourceCpp-x86_64-conda-linux-gnu-1.0.7/sourcecpp_96121c44e12c/sourceCpp_4.so (deleted)
7ff5e3336000-7ff5e3349000 r-xp 00004000 09:02 4325394                    /tmp/RtmpoKRG2a/file9612408e4f/gillespie/sourceCpp-x86_64-conda-linux-gnu-1.0.7/sourcecpp_96121c44e12c/sourceCpp_4.so (deleted)
7ff5e3349000-7ff5e334b000 r--p 00017000 09:02 4325394                    /tmp/RtmpoKRG2a/file9612408e4f/gillespie/sourceCpp-x86_64-conda-linux-gnu-1.0.7/sourcecpp_96121c44e12c/sourceCpp_4.so (deleted)
7ff5e334b000-7ff5e334c000 ---p 00019000 09:02 4325394                    /tmp/RtmpoKRG2a/file9612408e4f/gillespie/sourceCpp-x86_64-conda-linux-gnu-1.0.7/sourcecpp_96121c44e12c/sourceCpp_4.so (deleted)
7ff5e334c000-7ff5e334d000 r--p 00019000 09:02 4325394                    /tmp/RtmpoKRG2a/file9612408e4f/gillespie/sourceCpp-x86_64-conda-linux-gnu-1.0.7/sourcecpp_96121c44e12c/sourceCpp_4.so (deleted)
7ff5e334d000-7ff5e334e000 rw-p 0001a000 09:02 4325394                    /tmp/RtmpoKRG2a/file9612408e4f/gillespie/sourceCpp-x86_64-conda-linux-gnu-1.0.7/sourcecpp_96121c44e12c/sourceCpp_4.so (deleted)
7ff5e334e000-7ff5e3352000 r--p 00000000 09:02 4325388                    /tmp/RtmpoKRG2a/file9612408e4f/gillespie/sourceCpp-x86_64-conda-linux-gnu-1.0.7/sourcecpp_9612e07c9b1/sourceCpp_2.so (deleted)
7ff5e3352000-7ff5e3368000 r-xp 00004000 09:02 4325388                    /tmp/RtmpoKRG2a/file9612408e4f/gillespie/sourceCpp-x86_64-conda-linux-gnu-1.0.7/sourcecpp_9612e07c9b1/sourceCpp_2.so (deleted)
7ff5e3368000-7ff5e336a000 r--p 0001a000 09:02 4325388                    /tmp/RtmpoKRG2a/file9612408e4f/gillespie/sourceCpp-x86_64-conda-linux-gnu-1.0.7/sourcecpp_9612e07c9b1/sourceCpp_2.so (deleted)
7ff5e336a000-7ff5e336b000 ---p 0001c000 09:02 4325388                    /tmp/RtmpoKRG2a/file9612408e4f/gillespie/sourceCpp-x86_64-conda-linux-gnu-1.0.7/sourcecpp_9612e07c9b1/sourceCpp_2.so (deleted)
7ff5e336b000-7ff5e336c000 r--p 0001c000 09:02 4325388                    /tmp/RtmpoKRG2a/file9612408e4f/gillespie/sourceCpp-x86_64-conda-linux-gnu-1.0.7/sourcecpp_9612e07c9b1/sourceCpp_2.so (deleted)
7ff5e336c000-7ff5e336d000 rw-p 0001d000 09:02 4325388                    /tmp/RtmpoKRG2a/file9612408e4f/gillespie/sourceCpp-x86_64-conda-linux-gnu-1.0.7/sourcecpp_9612e07c9b1/sourceCpp_2.so (deleted)
7ff5e336d000-7ff5e337a000 r--p 00000000 00:2a 25603562                   /home/baker02/miniconda3/envs/perturbverse/lib/R/library/GillespieSSA2/libs/GillespieSSA2.so
7ff5e337a000-7ff5e339c000 r-xp 0000d000 00:2a 25603562                   /home/baker02/miniconda3/envs/perturbverse/lib/R/library/GillespieSSA2/libs/GillespieSSA2.so
7ff5e339c000-7ff5e33a6000 r--p 0002f000 00:2a 25603562                   /home/baker02/miniconda3/envs/perturbverse/lib/R/library/GillespieSSA2/libs/GillespieSSA2.so
7ff5e33a6000-7ff5e33a8000 r--p 00038000 00:2a 25603562                   /home/baker02/miniconda3/envs/perturbverse/lib/R/library/GillespieSSA2/libs/GillespieSSA2.so
7ff5e33a8000-7ff5e33a9000 rw-p 0003a000 00:2a 25603562                   /home/baker02/miniconda3/envs/perturbverse/lib/R/library/GillespieSSA2/libs/GillespieSSA2.so
7ff5e33a9000-7ff5e33aa000 rw-p 00000000 00:00 0 
7ff5e33aa000-7ff5e33b5000 r--p 00000000 00:2a 48559738879                /home/baker02/miniconda3/envs/perturbverse/lib/R/library/tzdb/libs/tzdb.so
7ff5e33b5000-7ff5e33d4000 r-xp 0000b000 00:2a 48559738879                /home/baker02/miniconda3/envs/perturbverse/lib/R/library/tzdb/libs/tzdb.so
7ff5e33d4000-7ff5e33da000 r--p 0002a000 00:2a 48559738879                /home/baker02/miniconda3/envs/perturbverse/lib/R/library/tzdb/libs/tzdb.so
7ff5e33da000-7ff5e33db000 ---p 00030000 00:2a 48559738879                /home/baker02/miniconda3/envs/perturbverse/lib/R/library/tzdb/libs/tzdb.so
7ff5e33db000-7ff5e33dc000 r--p 00030000 00:2a 48559738879                /home/baker02/miniconda3/envs/perturbverse/lib/R/library/tzdb/libs/tzdb.so
7ff5e33dc000-7ff5e33dd000 rw-p 00031000 00:2a 48559738879                /home/baker02/miniconda3/envs/perturbverse/lib/R/library/tzdb/libs/tzdb.so
7ff5e33dd000-7ff5e33f4000 r--p 00000000 00:2a 60144831583                /home/baker02/miniconda3/envs/perturbverse/lib/R/library/readr/libs/readr.so
7ff5e33f4000-7ff5e3451000 r-xp 00017000 00:2a 60144831583                /home/baker02/miniconda3/envs/perturbverse/lib/R/library/readr/libs/readr.so
7ff5e3451000-7ff5e3460000 r--p 00074000 00:2a 60144831583                /home/baker02/miniconda3/envs/perturbverse/lib/R/library/readr/libs/readr.so
7ff5e3460000-7ff5e3463000 r--p 00082000 00:2a 60144831583                /home/baker02/miniconda3/envs/perturbverse/lib/R/library/readr/libs/readr.so
7ff5e3463000-7ff5e3464000 rw-p 00085000 00:2a 60144831583                /home/baker02/miniconda3/envs/perturbverse/lib/R/library/readr/libs/readr.so
7ff5e3464000-7ff5e346f000 r--p 00000000 00:2a 17262508568                /home/baker02/miniconda3/envs/perturbverse/lib/R/library/proxyC/libs/proxyC.so
7ff5e346f000-7ff5e34a1000 r-xp 0000b000 00:2a 17262508568                /home/baker02/miniconda3/envs/perturbverse/lib/R/library/proxyC/libs/proxyC.so
7ff5e34a1000-7ff5e34a9000 r--p 0003d000 00:2a 17262508568                /home/baker02/miniconda3/envs/perturbverse/lib/R/library/proxyC/libs/proxyC.so
7ff5e34a9000-7ff5e34aa000 ---p 00045000 00:2a 17262508568                /home/baker02/miniconda3/envs/perturbverse/lib/R/library/proxyC/libs/proxyC.so
7ff5e34aa000-7ff5e34ac000 r--p 00045000 00:2a 17262508568                /home/baker02/miniconda3/envs/perturbverse/lib/R/library/proxyC/libs/proxyC.so
7ff5e34ac000-7ff5e34ad000 rw-p 00047000 00:2a 17262508568                /home/baker02/miniconda3/envs/perturbverse/lib/R/library/proxyC/libs/proxyC.so
7ff5e34ad000-7ff5e375c000 rw-p 00000000 00:00 0 
7ff5e375c000-7ff5e37ca000 r--p 00000000 00:2a 43148559752                /home/baker02/miniconda3/envs/perturbverse/lib/R/library/igraph/libs/igraph.so
7ff5e37ca000-7ff5e3a03000 r-xp 0006e000 00:2a 43148559752                /home/baker02/miniconda3/envs/perturbverse/lib/R/library/igraph/libs/igraph.so
7ff5e3a03000-7ff5e3ab1000 r--p 002a7000 00:2a 43148559752                /home/baker02/miniconda3/envs/perturbverse/lib/R/library/igraph/libs/igraph.so
7ff5e3ab1000-7ff5e3ab2000 ---p 00355000 00:2a 43148559752                /home/baker02/miniconda3/envs/perturbverse/lib/R/library/igraph/libs/igraph.so
7ff5e3ab2000-7ff5e3abc000 r--p 00355000 00:2a 43148559752                /home/baker02/miniconda3/envs/perturbverse/lib/R/library/igraph/libs/igraph.so
7ff5e3abc000-7ff5e3abd000 rw-p 0035f000 00:2a 43148559752                /home/baker02/miniconda3/envs/perturbverse/lib/R/library/igraph/libs/igraph.so
7ff5e3abd000-7ff5e3ac2000 rw-p 00000000 00:00 0 
7ff5e3ac2000-7ff5ebac2000 rw-p 00000000 00:00 0 
7ff5ebac7000-7ff5ebacb000 r--p 00000000 09:02 4325400                    /tmp/RtmpoKRG2a/file9612408e4f/gillespie/sourceCpp-x86_64-conda-linux-gnu-1.0.7/sourcecpp_96126d801073/sourceCpp_6.so (deleted)
7ff5ebacb000-7ff5ebad8000 r-xp 00004000 09:02 4325400                    /tmp/RtmpoKRG2a/file9612408e4f/gillespie/sourceCpp-x86_64-conda-linux-gnu-1.0.7/sourcecpp_96126d801073/sourceCpp_6.so (deleted)
7ff5ebad8000-7ff5ebada000 r--p 00011000 09:02 4325400                    /tmp/RtmpoKRG2a/file9612408e4f/gillespie/sourceCpp-x86_64-conda-linux-gnu-1.0.7/sourcecpp_96126d801073/sourceCpp_6.so (deleted)
7ff5ebada000-7ff5ebadb000 ---p 00013000 09:02 4325400                    /tmp/RtmpoKRG2a/file9612408e4f/gillespie/sourceCpp-x86_64-conda-linux-gnu-1.0.7/sourcecpp_96126d801073/sourceCpp_6.so (deleted)
7ff5ebadb000-7ff5ebadc000 r--p 00013000 09:02 4325400                    /tmp/RtmpoKRG2a/file9612408e4f/gillespie/sourceCpp-x86_64-conda-linux-gnu-1.0.7/sourcecpp_96126d801073/sourceCpp_6.so (deleted)
7ff5ebadc000-7ff5ebadd000 rw-p 00014000 09:02 4325400                    /tmp/RtmpoKRG2a/file9612408e4f/gillespie/sourceCpp-x86_64-conda-linux-gnu-1.0.7/sourcecpp_96126d801073/sourceCpp_6.so (deleted)
7ff5ebadd000-7ff5ebae3000 r--p 00000000 00:2a 4673170563                 /home/baker02/miniconda3/envs/perturbverse/lib/R/library/RcppParallel/lib/libtbbmalloc.so.2
7ff5ebae3000-7ff5ebaf1000 r-xp 00006000 00:2a 4673170563                 /home/baker02/miniconda3/envs/perturbverse/lib/R/library/RcppParallel/lib/libtbbmalloc.so.2
7ff5ebaf1000-7ff5ebaf8000 r--p 00014000 00:2a 4673170563                 /home/baker02/miniconda3/envs/perturbverse/lib/R/library/RcppParallel/lib/libtbbmalloc.so.2
7ff5ebaf8000-7ff5ebaf9000 r--p 0001a000 00:2a 4673170563                 /home/baker02/miniconda3/envs/perturbverse/lib/R/library/RcppParallel/lib/libtbbmalloc.so.2
7ff5ebaf9000-7ff5ebafc000 rw-p 0001b000 00:2a 4673170563                 /home/baker02/miniconda3/envs/perturbverse/lib/R/library/RcppParallel/lib/libtbbmalloc.so.2
7ff5ebafc000-7ff5ebb1c000 rw-p 00000000 00:00 0 
7ff5ebb1c000-7ff5ebb2b000 r--p 00000000 00:2a 4673170561                 /home/baker02/miniconda3/envs/perturbverse/lib/R/library/RcppParallel/lib/libtbb.so.2
7ff5ebb2b000-7ff5ebb47000 r-xp 0000f000 00:2a 4673170561                 /home/baker02/miniconda3/envs/perturbverse/lib/R/library/RcppParallel/lib/libtbb.so.2
7ff5ebb47000-7ff5ebb54000 r--p 0002b000 00:2a 4673170561                 /home/baker02/miniconda3/envs/perturbverse/lib/R/library/RcppParallel/lib/libtbb.so.2
7ff5ebb54000-7ff5ebb55000 ---p 00038000 00:2a 4673170561                 /home/baker02/miniconda3/envs/perturbverse/lib/R/library/RcppParallel/lib/libtbb.so.2
7ff5ebb55000-7ff5ebb57000 r--p 00038000 00:2a 4673170561                 /home/baker02/miniconda3/envs/perturbverse/lib/R/library/RcppParallel/lib/libtbb.so.2
7ff5ebb57000-7ff5ebb59000 rw-p 0003a000 00:2a 4673170561                 /home/baker02/miniconda3/envs/perturbverse/lib/R/library/RcppParallel/lib/libtbb.so.2
7ff5ebb59000-7ff5ebb5c000 rw-p 00000000 00:00 0 
7ff5ebb5c000-7ff5ebb6f000 r--p 00000000 00:2a 73111242919                /home/baker02/miniconda3/envs/perturbverse/lib/R/library/Rcpp/libs/Rcpp.so
7ff5ebb6f000-7ff5ebbb1000 r-xp 00013000 00:2a 73111242919                /home/baker02/miniconda3/envs/perturbverse/lib/R/library/Rcpp/libs/Rcpp.so
7ff5ebbb1000-7ff5ebbc2000 r--p 00055000 00:2a 73111242919                /home/baker02/miniconda3/envs/perturbverse/lib/R/library/Rcpp/libs/Rcpp.so
7ff5ebbc2000-7ff5ebbc4000 r--p 00065000 00:2a 73111242919                /home/baker02/miniconda3/envs/perturbverse/lib/R/library/Rcpp/libs/Rcpp.so
7ff5ebbc4000-7ff5ebbc5000 rw-p 00067000 00:2a 73111242919                /home/baker02/miniconda3/envs/perturbverse/lib/R/library/Rcpp/libs/Rcpp.so
7ff5ebbc5000-7ff5ebbcc000 rw-p 00000000 00:00 0 
7ff5ebbcc000-7ff5ebbdf000 r--p 00000000 00:2a 55926621035                /home/baker02/miniconda3/envs/perturbverse/lib/R/library/Matrix/libs/Matrix.so
7ff5ebbdf000-7ff5ebc8b000 r-xp 00013000 00:2a 55926621035                /home/baker02/miniconda3/envs/perturbverse/lib/R/library/Matrix/libs/Matrix.so
7ff5ebc8b000-7ff5ebc9f000 r--p 000bf000 00:2a 55926621035                /home/baker02/miniconda3/envs/perturbverse/lib/R/library/Matrix/libs/Matrix.so
7ff5ebc9f000-7ff5ebca0000 ---p 000d3000 00:2a 55926621035                /home/baker02/miniconda3/envs/perturbverse/lib/R/library/Matrix/libs/Matrix.so
7ff5ebca0000-7ff5ebca2000 r--p 000d3000 00:2a 55926621035                /home/baker02/miniconda3/envs/perturbverse/lib/R/library/Matrix/libs/Matrix.so
7ff5ebca2000-7ff5ebca4000 rw-p 000d5000 00:2a 55926621035                /home/baker02/miniconda3/envs/perturbverse/lib/R/library/Matrix/libs/Matrix.so
7ff5ebca4000-7ff5ebca6000 rw-p 00000000 00:00 0 
7ff5ebca6000-7ff5ec2c3000 r--s 00000000 fd:02 262173                     /var/lib/sss/mc/group
7ff5ec2c3000-7ff5f42c3000 rw-p 00000000 00:00 0 
7ff5f42c8000-7ff5f42ce000 r--p 00000000 00:2a 77366499026                /home/baker02/miniconda3/envs/perturbverse/lib/R/library/dynutils/libs/dynutils.so
7ff5f42ce000-7ff5f42dd000 r-xp 00006000 00:2a 77366499026                /home/baker02/miniconda3/envs/perturbverse/lib/R/library/dynutils/libs/dynutils.so
7ff5f42dd000-7ff5f42e1000 r--p 00015000 00:2a 77366499026                /home/baker02/miniconda3/envs/perturbverse/lib/R/library/dynutils/libs/dynutils.so
7ff5f42e1000-7ff5f42e2000 r--p 00018000 00:2a 77366499026                /home/baker02/miniconda3/envs/perturbverse/lib/R/library/dynutils/libs/dynutils.so
7ff5f42e2000-7ff5f42e3000 rw-p 00019000 00:2a 77366499026                /home/baker02/miniconda3/envs/perturbverse/lib/R/library/dynutils/libs/dynutils.so
7ff5f42e3000-7ff5f42e5000 r--p 00000000 00:2a 38892986622                /home/baker02/miniconda3/envs/perturbverse/lib/R/library/RcppParallel/libs/RcppParallel.so
7ff5f42e5000-7ff5f42e6000 r-xp 00002000 00:2a 38892986622                /home/baker02/miniconda3/envs/perturbverse/lib/R/library/RcppParallel/libs/RcppParallel.so
7ff5f42e6000-7ff5f42e7000 r--p 00003000 00:2a 38892986622                /home/baker02/miniconda3/envs/perturbverse/lib/R/library/RcppParallel/libs/RcppParallel.so
7ff5f42e7000-7ff5f42e8000 r--p 00003000 00:2a 38892986622                /home/baker02/miniconda3/envs/perturbverse/lib/R/library/RcppParallel/libs/RcppParallel.so
7ff5f42e8000-7ff5f42e9000 rw-p 00004000 00:2a 38892986622                /home/baker02/miniconda3/envs/perturbverse/lib/R/library/RcppParallel/libs/RcppParallel.so
7ff5f42e9000-7ff5f42ea000 r--p 00000000 00:2a 43047248444                /home/baker02/miniconda3/envs/perturbverse/lib/R/library/lattice/libs/lattice.so
7ff5f42ea000-7ff5f42ec000 r-xp 00001000 00:2a 43047248444                /home/baker02/miniconda3/envs/perturbverse/lib/R/library/lattice/libs/lattice.so
7ff5f42ec000-7ff5f42ed000 r--p 00003000 00:2a 43047248444                /home/baker02/miniconda3/envs/perturbverse/lib/R/library/lattice/libs/lattice.so
7ff5f42ed000-7ff5f42ee000 r--p 00003000 00:2a 43047248444                /home/baker02/miniconda3/envs/perturbverse/lib/R/library/lattice/libs/lattice.so
7ff5f42ee000-7ff5f42ef000 rw-p 00004000 00:2a 43047248444                /home/baker02/miniconda3/envs/perturbverse/lib/R/library/lattice/libs/lattice.so
7ff5f42ef000-7ff5f42f3000 r--p 00000000 00:2a 609428521                  /home/baker02/miniconda3/envs/perturbverse/lib/R/library/grid/libs/grid.so
7ff5f42f3000-7ff5f430b000 r-xp 00004000 00:2a 609428521                  /home/baker02/miniconda3/envs/perturbverse/lib/R/library/grid/libs/grid.so
7ff5f430b000-7ff5f4311000 r--p 0001c000 00:2a 609428521                  /home/baker02/miniconda3/envs/perturbverse/lib/R/library/grid/libs/grid.so
7ff5f4311000-7ff5f4312000 ---p 00022000 00:2a 609428521                  /home/baker02/miniconda3/envs/perturbverse/lib/R/library/grid/libs/grid.so
7ff5f4312000-7ff5f4313000 r--p 00022000 00:2a 609428521                  /home/baker02/miniconda3/envs/perturbverse/lib/R/library/grid/libs/grid.so
7ff5f4313000-7ff5f4314000 rw-p 00023000 00:2a 609428521                  /home/baker02/miniconda3/envs/perturbverse/lib/R/library/grid/libs/grid.so
7ff5f4314000-7ff5f4346000 r--p 00000000 00:2a 47736686071                /home/baker02/miniconda3/envs/perturbverse/lib/libxml2.so.2.9.12
7ff5f4346000-7ff5f4427000 r-xp 00032000 00:2a 47736686071                /home/baker02/miniconda3/envs/perturbverse/lib/libxml2.so.2.9.12
7ff5f4427000-7ff5f4471000 r--p 00113000 00:2a 47736686071                /home/baker02/miniconda3/envs/perturbverse/lib/libxml2.so.2.9.12
7ff5f4471000-7ff5f447a000 r--p 0015c000 00:2a 47736686071                /home/baker02/miniconda3/envs/perturbverse/lib/libxml2.so.2.9.12
7ff5f447a000-7ff5f447b000 rw-p 00165000 00:2a 47736686071                /home/baker02/miniconda3/envs/perturbverse/lib/libxml2.so.2.9.12
7ff5f447b000-7ff5f447c000 rw-p 00000000 00:00 0 
7ff5f447c000-7ff5f4482000 r--p 00000000 00:2a 68874282353                /home/baker02/miniconda3/envs/perturbverse/lib/R/library/tidyr/libs/tidyr.so
7ff5f4482000-7ff5f448e000 r-xp 00006000 00:2a 68874282353                /home/baker02/miniconda3/envs/perturbverse/lib/R/library/tidyr/libs/tidyr.so
7ff5f448e000-7ff5f4491000 r--p 00012000 00:2a 68874282353                /home/baker02/miniconda3/envs/perturbverse/lib/R/library/tidyr/libs/tidyr.so
7ff5f4491000-7ff5f4492000 r--p 00014000 00:2a 68874282353                /home/baker02/miniconda3/envs/perturbverse/lib/R/library/tidyr/libs/tidyr.so
7ff5f4492000-7ff5f4493000 rw-p 00015000 00:2a 68874282353                /home/baker02/miniconda3/envs/perturbverse/lib/R/library/tidyr/libs/tidyr.so
7ff5f4493000-7ff5f4498000 r--p 00000000 00:2a 68791539025                /home/baker02/miniconda3/envs/perturbverse/lib/R/library/dplyr/libs/dplyr.so
7ff5f4498000-7ff5f449e000 r-xp 00005000 00:2a 68791539025                /home/baker02/miniconda3/envs/perturbverse/lib/R/library/dplyr/libs/dplyr.so
7ff5f449e000-7ff5f44a0000 r--p 0000b000 00:2a 68791539025                /home/baker02/miniconda3/envs/perturbverse/lib/R/library/dplyr/libs/dplyr.so
7ff5f44a0000-7ff5f44a1000 ---p 0000d000 00:2a 68791539025                /home/baker02/miniconda3/envs/perturbverse/lib/R/library/dplyr/libs/dplyr.so
7ff5f44a1000-7ff5f44a2000 r--p 0000d000 00:2a 68791539025                /home/baker02/miniconda3/envs/perturbverse/lib/R/library/dplyr/libs/dplyr.so
7ff5f44a2000-7ff5f44a3000 rw-p 0000e000 00:2a 68791539025                /home/baker02/miniconda3/envs/perturbverse/lib/R/library/dplyr/libs/dplyr.so
7ff5f44a3000-7ff5f44a6000 r--p 00000000 00:2a 68874287211                /home/baker02/miniconda3/envs/perturbverse/lib/R/library/purrr/libs/purrr.so
7ff5f44a6000-7ff5f44aa000 r-xp 00003000 00:2a 68874287211                /home/baker02/miniconda3/envs/perturbverse/lib/R/library/purrr/libs/purrr.so
7ff5f44aa000-7ff5f44ac000 r--p 00007000 00:2a 68874287211                /home/baker02/miniconda3/envs/perturbverse/lib/R/library/purrr/libs/purrr.so
7ff5f44ac000-7ff5f44ad000 r--p 00008000 00:2a 68874287211                /home/baker02/miniconda3/envs/perturbverse/lib/R/library/purrr/libs/purrr.so
7ff5f44ad000-7ff5f44ae000 rw-p 00009000 00:2a 68874287211                /home/baker02/miniconda3/envs/perturbverse/lib/R/library/purrr/libs/purrr.so
7ff5f44ae000-7ff5f44af000 r--p 00000000 00:2a 548054224                  /home/baker02/miniconda3/envs/perturbverse/lib/R/library/glue/libs/glue.so
7ff5f44af000-7ff5f44b0000 r-xp 00001000 00:2a 548054224                  /home/baker02/miniconda3/envs/perturbverse/lib/R/library/glue/libs/glue.so
7ff5f44b0000-7ff5f44b1000 r--p 00002000 00:2a 548054224                  /home/baker02/miniconda3/envs/perturbverse/lib/R/library/glue/libs/glue.so
7ff5f44b1000-7ff5f44b2000 r--p 00002000 00:2a 548054224                  /home/baker02/miniconda3/envs/perturbverse/lib/R/library/glue/libs/glue.so
7ff5f44b2000-7ff5f44b3000 rw-p 00003000 00:2a 548054224                  /home/baker02/miniconda3/envs/perturbverse/lib/R/library/glue/libs/glue.so
7ff5f44b3000-7ff5f44c3000 rwxp 00000000 00:00 0 
7ff5f44c3000-7ff5f44c5000 r--p 00000000 00:2a 23531014123                /home/baker02/miniconda3/envs/perturbverse/lib/R/library/tibble/libs/tibble.so
7ff5f44c5000-7ff5f44c6000 r-xp 00002000 00:2a 23531014123                /home/baker02/miniconda3/envs/perturbverse/lib/R/library/tibble/libs/tibble.so
7ff5f44c6000-7ff5f44c7000 r--p 00003000 00:2a 23531014123                /home/baker02/miniconda3/envs/perturbverse/lib/R/library/tibble/libs/tibble.so
7ff5f44c7000-7ff5f44c8000 r--p 00003000 00:2a 23531014123                /home/baker02/miniconda3/envs/perturbverse/lib/R/library/tibble/libs/tibble.so
7ff5f44c8000-7ff5f44c9000 rw-p 00004000 00:2a 23531014123                /home/baker02/miniconda3/envs/perturbverse/lib/R/library/tibble/libs/tibble.so
7ff5f44c9000-7ff5f44cd000 r--p 00000000 00:2a 68786439349                /home/baker02/miniconda3/envs/perturbverse/lib/R/library/utf8/libs/utf8.so
7ff5f44cd000-7ff5f44d6000 r-xp 00004000 00:2a 68786439349                /home/baker02/miniconda3/envs/perturbverse/lib/R/library/utf8/libs/utf8.so
7ff5f44d6000-7ff5f4515000 r--p 0000d000 00:2a 68786439349                /home/baker02/miniconda3/envs/perturbverse/lib/R/library/utf8/libs/utf8.so
7ff5f4515000-7ff5f4516000 r--p 0004b000 00:2a 68786439349                /home/baker02/miniconda3/envs/perturbverse/lib/R/library/utf8/libs/utf8.so
7ff5f4516000-7ff5f4517000 rw-p 0004c000 00:2a 68786439349                /home/baker02/miniconda3/envs/perturbverse/lib/R/library/utf8/libs/utf8.so
7ff5f4517000-7ff5f451a000 r--p 00000000 00:2a 68780550255                /home/baker02/miniconda3/envs/perturbverse/lib/R/library/fansi/libs/fansi.so
7ff5f451a000-7ff5f452a000 r-xp 00003000 00:2a 68780550255                /home/baker02/miniconda3/envs/perturbverse/lib/R/library/fansi/libs/fansi.so
7ff5f452a000-7ff5f452f000 r--p 00013000 00:2a 68780550255                /home/baker02/miniconda3/envs/perturbverse/lib/R/library/fansi/libs/fansi.so
7ff5f452f000-7ff5f4530000 r--p 00017000 00:2a 68780550255                /home/baker02/miniconda3/envs/perturbverse/lib/R/library/fansi/libs/fansi.so
7ff5f4530000-7ff5f4531000 rw-p 00018000 00:2a 68780550255                /home/baker02/miniconda3/envs/perturbverse/lib/R/library/fansi/libs/fansi.so
7ff5f4531000-7ff5f453c000 r--p 00000000 00:2a 64828905930                /home/baker02/miniconda3/envs/perturbverse/lib/R/library/fs/libs/fs.so
7ff5f453c000-7ff5f4558000 r-xp 0000b000 00:2a 64828905930                /home/baker02/miniconda3/envs/perturbverse/lib/R/library/fs/libs/fs.so
7ff5f4558000-7ff5f4561000 r--p 00027000 00:2a 64828905930                /home/baker02/miniconda3/envs/perturbverse/lib/R/library/fs/libs/fs.so
7ff5f4561000-7ff5f4563000 r--p 0002f000 00:2a 64828905930                /home/baker02/miniconda3/envs/perturbverse/lib/R/library/fs/libs/fs.so
7ff5f4563000-7ff5f4564000 rw-p 00031000 00:2a 64828905930                /home/baker02/miniconda3/envs/perturbverse/lib/R/library/fs/libs/fs.so
7ff5f4564000-7ff5f4569000 r--p 00000000 00:2a 25842880170                /home/baker02/miniconda3/envs/perturbverse/lib/R/library/vctrs/libs/vctrs.so
7ff5f4569000-7ff5f459e000 r-xp 00005000 00:2a 25842880170                /home/baker02/miniconda3/envs/perturbverse/lib/R/library/vctrs/libs/vctrs.so
7ff5f459e000-7ff5f45ae000 r--p 0003a000 00:2a 25842880170                /home/baker02/miniconda3/envs/perturbverse/lib/R/library/vctrs/libs/vctrs.so
7ff5f45ae000-7ff5f45b0000 r--p 00049000 00:2a 25842880170                /home/baker02/miniconda3/envs/perturbverse/lib/R/library/vctrs/libs/vctrs.so
7ff5f45b0000-7ff5f45b1000 rw-p 0004b000 00:2a 25842880170                /home/baker02/miniconda3/envs/perturbverse/lib/R/library/vctrs/libs/vctrs.so
7ff5f45b1000-7ff5f4675000 rw-p 00000000 00:00 0 
7ff5f4675000-7ff5f467a000 r--p 00000000 00:2a 610375614                  /home/baker02/miniconda3/envs/perturbverse/lib/R/library/rlang/libs/rlang.so
7ff5f467a000-7ff5f468d000 r-xp 00005000 00:2a 610375614                  /home/baker02/miniconda3/envs/perturbverse/lib/R/library/rlang/libs/rlang.so
7ff5f468d000-7ff5f4697000 r--p 00018000 00:2a 610375614                  /home/baker02/miniconda3/envs/perturbverse/lib/R/library/rlang/libs/rlang.so
7ff5f4697000-7ff5f4699000 r--p 00021000 00:2a 610375614                  /home/baker02/miniconda3/envs/perturbverse/lib/R/library/rlang/libs/rlang.so
7ff5f4699000-7ff5f469a000 rw-p 00023000 00:2a 610375614                  /home/baker02/miniconda3/envs/perturbverse/lib/R/library/rlang/libs/rlang.so
7ff5f469a000-7ff5f46a2000 r-xp 00000000 fd:00 1209420                    /usr/lib64/libnss_sss.so.2
7ff5f46a2000-7ff5f48a1000 ---p 00008000 fd:00 1209420                    /usr/lib64/libnss_sss.so.2
7ff5f48a1000-7ff5f48a2000 r--p 00007000 fd:00 1209420                    /usr/lib64/libnss_sss.so.2
7ff5f48a2000-7ff5f48a3000 rw-p 00008000 fd:00 1209420                    /usr/lib64/libnss_sss.so.2
7ff5f48a3000-7ff5f48af000 r-xp 00000000 fd:00 1201636                    /usr/lib64/libnss_files-2.17.so
7ff5f48af000-7ff5f4aae000 ---p 0000c000 fd:00 1201636                    /usr/lib64/libnss_files-2.17.so
7ff5f4aae000-7ff5f4aaf000 r--p 0000b000 fd:00 1201636                    /usr/lib64/libnss_files-2.17.so
7ff5f4aaf000-7ff5f4ab0000 rw-p 0000c000 fd:00 1201636                    /usr/lib64/libnss_files-2.17.so
7ff5f4ab0000-7ff5f4ab6000 rw-p 00000000 00:00 0 
7ff5f4ab7000-7ff5f4ab9000 r--p 00000000 00:2a 9026324291                 /home/baker02/miniconda3/envs/perturbverse/lib/R/library/magrittr/libs/magrittr.so
7ff5f4ab9000-7ff5f4abb000 r-xp 00002000 00:2a 9026324291                 /home/baker02/miniconda3/envs/perturbverse/lib/R/library/magrittr/libs/magrittr.so
7ff5f4abb000-7ff5f4abc000 r--p 00004000 00:2a 9026324291                 /home/baker02/miniconda3/envs/perturbverse/lib/R/library/magrittr/libs/magrittr.so
7ff5f4abc000-7ff5f4abd000 r--p 00004000 00:2a 9026324291                 /home/baker02/miniconda3/envs/perturbverse/lib/R/library/magrittr/libs/magrittr.so
7ff5f4abd000-7ff5f4abe000 rw-p 00005000 00:2a 9026324291                 /home/baker02/miniconda3/envs/perturbverse/lib/R/library/magrittr/libs/magrittr.so
7ff5f4abe000-7ff5f4ac0000 r--p 00000000 00:2a 51783852194                /home/baker02/miniconda3/envs/perturbverse/lib/R/library/parallel/libs/parallel.so
7ff5f4ac0000-7ff5f4ac3000 r-xp 00002000 00:2a 51783852194                /home/baker02/miniconda3/envs/perturbverse/lib/R/library/parallel/libs/parallel.so
7ff5f4ac3000-7ff5f4ac4000 r--p 00005000 00:2a 51783852194                /home/baker02/miniconda3/envs/perturbverse/lib/R/library/parallel/libs/parallel.so
7ff5f4ac4000-7ff5f4ac5000 ---p 00006000 00:2a 51783852194                /home/baker02/miniconda3/envs/perturbverse/lib/R/library/parallel/libs/parallel.so
7ff5f4ac5000-7ff5f4ac6000 r--p 00006000 00:2a 51783852194                /home/baker02/miniconda3/envs/perturbverse/lib/R/library/parallel/libs/parallel.so
7ff5f4ac6000-7ff5f4ac7000 rw-p 00007000 00:2a 51783852194                /home/baker02/miniconda3/envs/perturbverse/lib/R/library/parallel/libs/parallel.so
7ff5f4ac7000-7ff5f4ac8000 r--p 00000000 00:2a 43126552945                /home/baker02/miniconda3/envs/perturbverse/lib/R/library/batchtools/libs/batchtools.so
7ff5f4ac8000-7ff5f4ac9000 r-xp 00001000 00:2a 43126552945                /home/baker02/miniconda3/envs/perturbverse/lib/R/library/batchtools/libs/batchtools.so
7ff5f4ac9000-7ff5f4aca000 r--p 00002000 00:2a 43126552945                /home/baker02/miniconda3/envs/perturbverse/lib/R/library/batchtools/libs/batchtools.so
7ff5f4aca000-7ff5f4acb000 r--p 00002000 00:2a 43126552945                /home/baker02/miniconda3/envs/perturbverse/lib/R/library/batchtools/libs/batchtools.so
7ff5f4acb000-7ff5f4acc000 rw-p 00003000 00:2a 43126552945                /home/baker02/miniconda3/envs/perturbverse/lib/R/library/batchtools/libs/batchtools.so
7ff5f4acc000-7ff5f4acf000 r--p 00000000 00:2a 60143778385                /home/baker02/miniconda3/envs/perturbverse/lib/R/library/digest/libs/digest.so
7ff5f4acf000-7ff5f4ae3000 r-xp 00003000 00:2a 60143778385                /home/baker02/miniconda3/envs/perturbverse/lib/R/library/digest/libs/digest.so
7ff5f4ae3000-7ff5f4aee000 r--p 00017000 00:2a 60143778385                /home/baker02/miniconda3/envs/perturbverse/lib/R/library/digest/libs/digest.so
7ff5f4aee000-7ff5f4aef000 ---p 00022000 00:2a 60143778385                /home/baker02/miniconda3/envs/perturbverse/lib/R/library/digest/libs/digest.so
7ff5f4aef000-7ff5f4af0000 r--p 00022000 00:2a 60143778385                /home/baker02/miniconda3/envs/perturbverse/lib/R/library/digest/libs/digest.so
7ff5f4af0000-7ff5f4af1000 rw-p 00023000 00:2a 60143778385                /home/baker02/miniconda3/envs/perturbverse/lib/R/library/digest/libs/digest.so
7ff5f4af1000-7ff5f4af3000 rw-p 00000000 00:00 0 
7ff5f4af3000-7ff5f4c84000 r--p 00000000 00:2a 73111242959                /home/baker02/miniconda3/envs/perturbverse/lib/R/library/stringi/libs/stringi.so
7ff5f4c84000-7ff5f4f61000 r-xp 00191000 00:2a 73111242959                /home/baker02/miniconda3/envs/perturbverse/lib/R/library/stringi/libs/stringi.so
7ff5f4f61000-7ff5f508b000 r--p 0046e000 00:2a 73111242959                /home/baker02/miniconda3/envs/perturbverse/lib/R/library/stringi/libs/stringi.so
7ff5f508b000-7ff5f50ba000 r--p 00597000 00:2a 73111242959                /home/baker02/miniconda3/envs/perturbverse/lib/R/library/stringi/libs/stringi.so
7ff5f50ba000-7ff5f50bb000 rw-p 005c6000 00:2a 73111242959                /home/baker02/miniconda3/envs/perturbverse/lib/R/library/stringi/libs/stringi.so
7ff5f50bb000-7ff5f50be000 rw-p 00000000 00:00 0 
7ff5f50be000-7ff5f50c3000 r--p 00000000 00:2a 609428519                  /home/baker02/miniconda3/envs/perturbverse/lib/R/library/tools/libs/tools.so
7ff5f50c3000-7ff5f50d1000 r-xp 00005000 00:2a 609428519                  /home/baker02/miniconda3/envs/perturbverse/lib/R/library/tools/libs/tools.so
7ff5f50d1000-7ff5f50d5000 r--p 00013000 00:2a 609428519                  /home/baker02/miniconda3/envs/perturbverse/lib/R/library/tools/libs/tools.so
7ff5f50d5000-7ff5f50d7000 r--p 00017000 00:2a 609428519                  /home/baker02/miniconda3/envs/perturbverse/lib/R/library/tools/libs/tools.so
7ff5f50d7000-7ff5f50d8000 rw-p 00019000 00:2a 609428519                  /home/baker02/miniconda3/envs/perturbverse/lib/R/library/tools/libs/tools.so
7ff5f50d8000-7ff5f50e3000 r--p 00000000 00:2a 51783891742                /home/baker02/miniconda3/envs/perturbverse/lib/R/library/data.table/libs/datatable.so
7ff5f50e3000-7ff5f513a000 r-xp 0000b000 00:2a 51783891742                /home/baker02/miniconda3/envs/perturbverse/lib/R/library/data.table/libs/datatable.so
7ff5f513a000-7ff5f515b000 r--p 00062000 00:2a 51783891742                /home/baker02/miniconda3/envs/perturbverse/lib/R/library/data.table/libs/datatable.so
7ff5f515b000-7ff5f515d000 r--p 00082000 00:2a 51783891742                /home/baker02/miniconda3/envs/perturbverse/lib/R/library/data.table/libs/datatable.so
7ff5f515d000-7ff5f515e000 rw-p 00084000 00:2a 51783891742                /home/baker02/miniconda3/envs/perturbverse/lib/R/library/data.table/libs/datatable.so
7ff5f515e000-7ff5f515f000 rw-p 00000000 00:00 0 
7ff5f515f000-7ff5f5163000 r--p 00000000 00:2a 4314621050                 /home/baker02/miniconda3/envs/perturbverse/lib/R/library/checkmate/libs/checkmate.so
7ff5f5163000-7ff5f516c000 r-xp 00004000 00:2a 4314621050                 /home/baker02/miniconda3/envs/perturbverse/lib/R/library/checkmate/libs/checkmate.so
7ff5f516c000-7ff5f5170000 r--p 0000d000 00:2a 4314621050                 /home/baker02/miniconda3/envs/perturbverse/lib/R/library/checkmate/libs/checkmate.so
7ff5f5170000-7ff5f5171000 ---p 00011000 00:2a 4314621050                 /home/baker02/miniconda3/envs/perturbverse/lib/R/library/checkmate/libs/checkmate.so
7ff5f5171000-7ff5f5172000 r--p 00011000 00:2a 4314621050                 /home/baker02/miniconda3/envs/perturbverse/lib/R/library/checkmate/libs/checkmate.so
7ff5f5172000-7ff5f5173000 rw-p 00012000 00:2a 4314621050                 /home/baker02/miniconda3/envs/perturbverse/lib/R/library/checkmate/libs/checkmate.so
7ff5f5173000-7ff5f517f000 r--p 00000000 00:2a 9026193642                 /home/baker02/miniconda3/envs/perturbverse/lib/R/library/stats/libs/stats.so
7ff5f517f000-7ff5f5215000 r-xp 0000c000 00:2a 9026193642                 /home/baker02/miniconda3/envs/perturbverse/lib/R/library/stats/libs/stats.so
7ff5f5215000-7ff5f522b000 r--p 000a2000 00:2a 9026193642                 /home/baker02/miniconda3/envs/perturbverse/lib/R/library/stats/libs/stats.so
7ff5f522b000-7ff5f522c000 ---p 000b8000 00:2a 9026193642                 /home/baker02/miniconda3/envs/perturbverse/lib/R/library/stats/libs/stats.so
7ff5f522c000-7ff5f522f000 r--p 000b8000 00:2a 9026193642                 /home/baker02/miniconda3/envs/perturbverse/lib/R/library/stats/libs/stats.so
7ff5f522f000-7ff5f5230000 rw-p 000bb000 00:2a 9026193642                 /home/baker02/miniconda3/envs/perturbverse/lib/R/library/stats/libs/stats.so
7ff5f5230000-7ff5f5234000 r--p 00000000 00:2a 4705026539                 /home/baker02/miniconda3/envs/perturbverse/lib/R/library/graphics/libs/graphics.so
7ff5f5234000-7ff5f5272000 r-xp 00004000 00:2a 4705026539                 /home/baker02/miniconda3/envs/perturbverse/lib/R/library/graphics/libs/graphics.so
7ff5f5272000-7ff5f527b000 r--p 00042000 00:2a 4705026539                 /home/baker02/miniconda3/envs/perturbverse/lib/R/library/graphics/libs/graphics.so
7ff5f527b000-7ff5f527c000 ---p 0004b000 00:2a 4705026539                 /home/baker02/miniconda3/envs/perturbverse/lib/R/library/graphics/libs/graphics.so
7ff5f527c000-7ff5f527d000 r--p 0004b000 00:2a 4705026539                 /home/baker02/miniconda3/envs/perturbverse/lib/R/library/graphics/libs/graphics.so
7ff5f527d000-7ff5f527e000 rw-p 0004c000 00:2a 4705026539                 /home/baker02/miniconda3/envs/perturbverse/lib/R/library/graphics/libs/graphics.so
7ff5f527e000-7ff5f528c000 r--p 00000000 00:2a 73334286249                /home/baker02/miniconda3/envs/perturbverse/lib/R/library/grDevices/libs/grDevices.so
7ff5f528c000-7ff5f52af000 r-xp 0000e000 00:2a 73334286249                /home/baker02/miniconda3/envs/perturbverse/lib/R/library/grDevices/libs/grDevices.so
7ff5f52af000-7ff5f52bc000 r--p 00031000 00:2a 73334286249                /home/baker02/miniconda3/envs/perturbverse/lib/R/library/grDevices/libs/grDevices.so
7ff5f52bc000-7ff5f52bd000 ---p 0003e000 00:2a 73334286249                /home/baker02/miniconda3/envs/perturbverse/lib/R/library/grDevices/libs/grDevices.so
7ff5f52bd000-7ff5f52c2000 r--p 0003e000 00:2a 73334286249                /home/baker02/miniconda3/envs/perturbverse/lib/R/library/grDevices/libs/grDevices.so
7ff5f52c2000-7ff5f52c4000 rw-p 00043000 00:2a 73334286249                /home/baker02/miniconda3/envs/perturbverse/lib/R/library/grDevices/libs/grDevices.so
7ff5f52c4000-7ff5f52d6000 rw-p 00000000 00:00 0 
7ff5f52d6000-7ff5f52d9000 r--p 00000000 00:2a 15357544171                /home/baker02/miniconda3/envs/perturbverse/lib/libquadmath.so.0.0.0
7ff5f52d9000-7ff5f52f7000 r-xp 00003000 00:2a 15357544171                /home/baker02/miniconda3/envs/perturbverse/lib/libquadmath.so.0.0.0
7ff5f52f7000-7ff5f530d000 r--p 00021000 00:2a 15357544171                /home/baker02/miniconda3/envs/perturbverse/lib/libquadmath.so.0.0.0
7ff5f530d000-7ff5f530e000 ---p 00037000 00:2a 15357544171                /home/baker02/miniconda3/envs/perturbverse/lib/libquadmath.so.0.0.0
7ff5f530e000-7ff5f530f000 r--p 00037000 00:2a 15357544171                /home/baker02/miniconda3/envs/perturbverse/lib/libquadmath.so.0.0.0
7ff5f530f000-7ff5f5310000 rw-p 00038000 00:2a 15357544171                /home/baker02/miniconda3/envs/perturbverse/lib/libquadmath.so.0.0.0
7ff5f5310000-7ff5f53b3000 r--p 00000000 00:2a 15357515708                /home/baker02/miniconda3/envs/perturbverse/lib/libstdc++.so.6.0.28
7ff5f53b3000-7ff5f5432000 r-xp 000a3000 00:2a 15357515708                /home/baker02/miniconda3/envs/perturbverse/lib/libstdc++.so.6.0.28
7ff5f5432000-7ff5f5473000 r--p 00122000 00:2a 15357515708                /home/baker02/miniconda3/envs/perturbverse/lib/libstdc++.so.6.0.28
7ff5f5473000-7ff5f547e000 r--p 00162000 00:2a 15357515708                /home/baker02/miniconda3/envs/perturbverse/lib/libstdc++.so.6.0.28
7ff5f547e000-7ff5f5482000 rw-p 0016d000 00:2a 15357515708                /home/baker02/miniconda3/envs/perturbverse/lib/libstdc++.so.6.0.28
7ff5f5482000-7ff5f5485000 rw-p 00000000 00:00 0 
7ff5f5485000-7ff5f6fc4000 r--p 00000000 00:2a 43115211992                /home/baker02/miniconda3/envs/perturbverse/lib/libicudata.so.68.1
7ff5f6fc4000-7ff5f6fc5000 ---p 01b3f000 00:2a 43115211992                /home/baker02/miniconda3/envs/perturbverse/lib/libicudata.so.68.1
7ff5f6fc5000-7ff5f6fc6000 r--p 01b3f000 00:2a 43115211992                /home/baker02/miniconda3/envs/perturbverse/lib/libicudata.so.68.1
7ff5f6fc6000-7ff5f6fe5000 r--p 00000000 00:2a 17852451150                /home/baker02/miniconda3/envs/perturbverse/lib/libgfortran.so.5.0.0
7ff5f6fe5000-7ff5f7136000 r-xp 0001f000 00:2a 17852451150                /home/baker02/miniconda3/envs/perturbverse/lib/libgfortran.so.5.0.0
7ff5f7136000-7ff5f7162000 r--p 00170000 00:2a 17852451150                /home/baker02/miniconda3/envs/perturbverse/lib/libgfortran.so.5.0.0
7ff5f7162000-7ff5f7163000 ---p 0019c000 00:2a 17852451150                /home/baker02/miniconda3/envs/perturbverse/lib/libgfortran.so.5.0.0
7ff5f7163000-7ff5f7164000 r--p 0019c000 00:2a 17852451150                /home/baker02/miniconda3/envs/perturbverse/lib/libgfortran.so.5.0.0
7ff5f7164000-7ff5f7166000 rw-p 0019d000 00:2a 17852451150                /home/baker02/miniconda3/envs/perturbverse/lib/libgfortran.so.5.0.0
7ff5f7166000-7ff5f7253000 r--p 00000000 00:2a 43115211991                /home/baker02/miniconda3/envs/perturbverse/lib/libicui18n.so.68.1
7ff5f7253000-7ff5f73dd000 r-xp 000ed000 00:2a 43115211991                /home/baker02/miniconda3/envs/perturbverse/lib/libicui18n.so.68.1
7ff5f73dd000-7ff5f7457000 r--p 00277000 00:2a 43115211991                /home/baker02/miniconda3/envs/perturbverse/lib/libicui18n.so.68.1
7ff5f7457000-7ff5f7458000 ---p 002f1000 00:2a 43115211991                /home/baker02/miniconda3/envs/perturbverse/lib/libicui18n.so.68.1
7ff5f7458000-7ff5f7468000 r--p 002f1000 00:2a 43115211991                /home/baker02/miniconda3/envs/perturbverse/lib/libicui18n.so.68.1
7ff5f7468000-7ff5f7469000 rw-p 00301000 00:2a 43115211991                /home/baker02/miniconda3/envs/perturbverse/lib/libicui18n.so.68.1
7ff5f7469000-7ff5f746a000 rw-p 00000000 00:00 0 
7ff5f746a000-7ff5f74d1000 r--p 00000000 00:2a 43115211990                /home/baker02/miniconda3/envs/perturbverse/lib/libicuuc.so.68.1
7ff5f74d1000-7ff5f75bd000 r-xp 00067000 00:2a 43115211990                /home/baker02/miniconda3/envs/perturbverse/lib/libicuuc.so.68.1
7ff5f75bd000-7ff5f763e000 r--p 00153000 00:2a 43115211990                /home/baker02/miniconda3/envs/perturbverse/lib/libicuuc.so.68.1
7ff5f763e000-7ff5f7651000 r--p 001d3000 00:2a 43115211990                /home/baker02/miniconda3/envs/perturbverse/lib/libicuuc.so.68.1
7ff5f7651000-7ff5f7652000 rw-p 001e6000 00:2a 43115211990                /home/baker02/miniconda3/envs/perturbverse/lib/libicuuc.so.68.1
7ff5f7652000-7ff5f7654000 rw-p 00000000 00:00 0 
7ff5f7654000-7ff5f7657000 r--p 00000000 00:2a 13429457989                /home/baker02/miniconda3/envs/perturbverse/lib/libiconv.so.2.6.1
7ff5f7657000-7ff5f766b000 r-xp 00003000 00:2a 13429457989                /home/baker02/miniconda3/envs/perturbverse/lib/libiconv.so.2.6.1
7ff5f766b000-7ff5f7737000 r--p 00017000 00:2a 13429457989                /home/baker02/miniconda3/envs/perturbverse/lib/libiconv.so.2.6.1
7ff5f7737000-7ff5f7739000 r--p 000e2000 00:2a 13429457989                /home/baker02/miniconda3/envs/perturbverse/lib/libiconv.so.2.6.1
7ff5f7739000-7ff5f773a000 rw-p 000e4000 00:2a 13429457989                /home/baker02/miniconda3/envs/perturbverse/lib/libiconv.so.2.6.1
7ff5f773a000-7ff5f773c000 r-xp 00000000 fd:00 1201632                    /usr/lib64/libdl-2.17.so
7ff5f773c000-7ff5f793c000 ---p 00002000 fd:00 1201632                    /usr/lib64/libdl-2.17.so
7ff5f793c000-7ff5f793d000 r--p 00002000 fd:00 1201632                    /usr/lib64/libdl-2.17.so
7ff5f793d000-7ff5f793e000 rw-p 00003000 fd:00 1201632                    /usr/lib64/libdl-2.17.so
7ff5f793e000-7ff5f7945000 r-xp 00000000 fd:00 1201639                    /usr/lib64/librt-2.17.so
7ff5f7945000-7ff5f7b44000 ---p 00007000 fd:00 1201639                    /usr/lib64/librt-2.17.so
7ff5f7b44000-7ff5f7b45000 r--p 00006000 fd:00 1201639                    /usr/lib64/librt-2.17.so
7ff5f7b45000-7ff5f7b46000 rw-p 00007000 fd:00 1201639                    /usr/lib64/librt-2.17.so
7ff5f7b46000-7ff5f7b5d000 r-xp 00000000 fd:00 1178545                    /usr/lib64/libpthread-2.17.so
7ff5f7b5d000-7ff5f7d5c000 ---p 00017000 fd:00 1178545                    /usr/lib64/libpthread-2.17.so
7ff5f7d5c000-7ff5f7d5d000 r--p 00016000 fd:00 1178545                    /usr/lib64/libpthread-2.17.so
7ff5f7d5d000-7ff5f7d5e000 rw-p 00017000 fd:00 1178545                    /usr/lib64/libpthread-2.17.so
7ff5f7d5e000-7ff5f7d62000 rw-p 00000000 00:00 0 
7ff5f7d62000-7ff5f7e63000 r-xp 00000000 fd:00 1201633                    /usr/lib64/libm-2.17.so
7ff5f7e63000-7ff5f8062000 ---p 00101000 fd:00 1201633                    /usr/lib64/libm-2.17.so
7ff5f8062000-7ff5f8063000 r--p 00100000 fd:00 1201633                    /usr/lib64/libm-2.17.so
7ff5f8063000-7ff5f8064000 rw-p 00101000 fd:00 1201633                    /usr/lib64/libm-2.17.so
7ff5f8064000-7ff5f815d000 r--p 00000000 00:2a 17852668589                /home/baker02/miniconda3/envs/perturbverse/lib/libopenblasp-r0.3.15.so
7ff5f815d000-7ff5f815e000 r-xp 000f9000 00:2a 17852668589                /home/baker02/miniconda3/envs/perturbverse/lib/libopenblasp-r0.3.15.so
7ff5f815e000-7ff5f8164000 ---p 000fa000 00:2a 17852668589                /home/baker02/miniconda3/envs/perturbverse/lib/libopenblasp-r0.3.15.so
7ff5f8164000-7ff5f9e95000 r-xp 00100000 00:2a 17852668589                /home/baker02/miniconda3/envs/perturbverse/lib/libopenblasp-r0.3.15.so
7ff5f9e95000-7ff5fa05b000 r--p 01e31000 00:2a 17852668589                /home/baker02/miniconda3/envs/perturbverse/lib/libopenblasp-r0.3.15.so
7ff5fa05b000-7ff5fa069000 r--p 01ff6000 00:2a 17852668589                /home/baker02/miniconda3/envs/perturbverse/lib/libopenblasp-r0.3.15.so
7ff5fa069000-7ff5fa077000 rw-p 02004000 00:2a 17852668589                /home/baker02/miniconda3/envs/perturbverse/lib/libopenblasp-r0.3.15.so
7ff5fa077000-7ff5fa088000 rw-p 00000000 00:00 0 
7ff5fa088000-7ff5fa24b000 r-xp 00000000 fd:00 1178519                    /usr/lib64/libc-2.17.so
7ff5fa24b000-7ff5fa44b000 ---p 001c3000 fd:00 1178519                    /usr/lib64/libc-2.17.so
7ff5fa44b000-7ff5fa44f000 r--p 001c3000 fd:00 1178519                    /usr/lib64/libc-2.17.so
7ff5fa44f000-7ff5fa451000 rw-p 001c7000 fd:00 1178519                    /usr/lib64/libc-2.17.so
7ff5fa451000-7ff5fa456000 rw-p 00000000 00:00 0 
7ff5fa456000-7ff5fa4c3000 r--p 00000000 00:2a 15371835926                /home/baker02/miniconda3/envs/perturbverse/lib/R/lib/libR.so
7ff5fa4c3000-7ff5fa6f8000 r-xp 0006d000 00:2a 15371835926                /home/baker02/miniconda3/envs/perturbverse/lib/R/lib/libR.so
7ff5fa6f8000-7ff5fa7a0000 r--p 002a2000 00:2a 15371835926                /home/baker02/miniconda3/envs/perturbverse/lib/R/lib/libR.so
7ff5fa7a0000-7ff5fa7a1000 ---p 0034a000 00:2a 15371835926                /home/baker02/miniconda3/envs/perturbverse/lib/R/lib/libR.so
7ff5fa7a1000-7ff5fa7c1000 r--p 0034a000 00:2a 15371835926                /home/baker02/miniconda3/envs/perturbverse/lib/R/lib/libR.so
7ff5fa7c1000-7ff5fa7ce000 rw-p 0036a000 00:2a 15371835926                /home/baker02/miniconda3/envs/perturbverse/lib/R/lib/libR.so
7ff5fa7ce000-7ff5fa933000 rw-p 00000000 00:00 0 
7ff5fa933000-7ff5fa955000 r-xp 00000000 fd:00 1178946                    /usr/lib64/ld-2.17.so
7ff5fa955000-7ff5fa956000 r--p 00000000 00:2a 34626369124                /home/baker02/miniconda3/envs/perturbverse/lib/R/library/rappdirs/libs/rappdirs.so
7ff5fa956000-7ff5fa957000 r-xp 00001000 00:2a 34626369124                /home/baker02/miniconda3/envs/perturbverse/lib/R/library/rappdirs/libs/rappdirs.so
7ff5fa957000-7ff5fa958000 r--p 00002000 00:2a 34626369124                /home/baker02/miniconda3/envs/perturbverse/lib/R/library/rappdirs/libs/rappdirs.so
7ff5fa958000-7ff5fa959000 r--p 00002000 00:2a 34626369124                /home/baker02/miniconda3/envs/perturbverse/lib/R/library/rappdirs/libs/rappdirs.so
7ff5fa959000-7ff5fa95a000 rw-p 00003000 00:2a 34626369124                /home/baker02/miniconda3/envs/perturbverse/lib/R/library/rappdirs/libs/rappdirs.so
7ff5fa95a000-7ff5fa95c000 r--p 00000000 00:2a 25845527779                /home/baker02/miniconda3/envs/perturbverse/lib/R/library/ellipsis/libs/ellipsis.so
7ff5fa95c000-7ff5fa95d000 r-xp 00002000 00:2a 25845527779                /home/baker02/miniconda3/envs/perturbverse/lib/R/library/ellipsis/libs/ellipsis.so
7ff5fa95d000-7ff5fa95e000 r--p 00003000 00:2a 25845527779                /home/baker02/miniconda3/envs/perturbverse/lib/R/library/ellipsis/libs/ellipsis.so
7ff5fa95e000-7ff5fa95f000 r--p 00003000 00:2a 25845527779                /home/baker02/miniconda3/envs/perturbverse/lib/R/library/ellipsis/libs/ellipsis.so
7ff5fa95f000-7ff5fa960000 rw-p 00004000 00:2a 25845527779                /home/baker02/miniconda3/envs/perturbverse/lib/R/library/ellipsis/libs/ellipsis.so
7ff5fa960000-7ff5fa964000 rw-p 00000000 00:00 0 
7ff5fa964000-7ff5fa967000 r--p 00000000 00:2a 15357544179                /home/baker02/miniconda3/envs/perturbverse/lib/libgcc_s.so.1
7ff5fa967000-7ff5fa973000 r-xp 00003000 00:2a 15357544179                /home/baker02/miniconda3/envs/perturbverse/lib/libgcc_s.so.1
7ff5fa973000-7ff5fa976000 r--p 0000f000 00:2a 15357544179                /home/baker02/miniconda3/envs/perturbverse/lib/libgcc_s.so.1
7ff5fa976000-7ff5fa977000 r--p 00011000 00:2a 15357544179                /home/baker02/miniconda3/envs/perturbverse/lib/libgcc_s.so.1
7ff5fa977000-7ff5fa978000 rw-p 00012000 00:2a 15357544179                /home/baker02/miniconda3/envs/perturbverse/lib/libgcc_s.so.1
7ff5fa978000-7ff5fa979000 rw-p 00000000 00:00 0 
7ff5fa979000-7ff5fa989000 r--p 00000000 00:2a 30565387481                /home/baker02/miniconda3/envs/perturbverse/lib/libtinfo.so.6.2
7ff5fa989000-7ff5fa9a1000 r-xp 00010000 00:2a 30565387481                /home/baker02/miniconda3/envs/perturbverse/lib/libtinfo.so.6.2
7ff5fa9a1000-7ff5fa9b2000 r--p 00028000 00:2a 30565387481                /home/baker02/miniconda3/envs/perturbverse/lib/libtinfo.so.6.2
7ff5fa9b2000-7ff5fa9b6000 r--p 00038000 00:2a 30565387481                /home/baker02/miniconda3/envs/perturbverse/lib/libtinfo.so.6.2
7ff5fa9b6000-7ff5fa9b7000 rw-p 0003c000 00:2a 30565387481                /home/baker02/miniconda3/envs/perturbverse/lib/libtinfo.so.6.2
7ff5fa9b7000-7ff5fa9ba000 rw-p 00000000 00:00 0 
7ff5fa9ba000-7ff5fa9bd000 r--p 00000000 00:2a 21517539077                /home/baker02/miniconda3/envs/perturbverse/lib/libz.so.1.2.11
7ff5fa9bd000-7ff5fa9cb000 r-xp 00003000 00:2a 21517539077                /home/baker02/miniconda3/envs/perturbverse/lib/libz.so.1.2.11
7ff5fa9cb000-7ff5fa9d1000 r--p 00011000 00:2a 21517539077                /home/baker02/miniconda3/envs/perturbverse/lib/libz.so.1.2.11
7ff5fa9d1000-7ff5fa9d2000 ---p 00017000 00:2a 21517539077                /home/baker02/miniconda3/envs/perturbverse/lib/libz.so.1.2.11
7ff5fa9d2000-7ff5fa9d3000 r--p 00017000 00:2a 21517539077                /home/baker02/miniconda3/envs/perturbverse/lib/libz.so.1.2.11
7ff5fa9d3000-7ff5fa9d4000 rw-p 00018000 00:2a 21517539077                /home/baker02/miniconda3/envs/perturbverse/lib/libz.so.1.2.11
7ff5fa9d4000-7ff5fa9d6000 r--p 00000000 00:2a 39022991806                /home/baker02/miniconda3/envs/perturbverse/lib/libbz2.so.1.0.8
7ff5fa9d6000-7ff5fa9e4000 r-xp 00002000 00:2a 39022991806                /home/baker02/miniconda3/envs/perturbverse/lib/libbz2.so.1.0.8
7ff5fa9e4000-7ff5fa9e6000 r--p 00010000 00:2a 39022991806                /home/baker02/miniconda3/envs/perturbverse/lib/libbz2.so.1.0.8
7ff5fa9e6000-7ff5fa9e7000 r--p 00011000 00:2a 39022991806                /home/baker02/miniconda3/envs/perturbverse/lib/libbz2.so.1.0.8
7ff5fa9e7000-7ff5fa9e8000 rw-p 00012000 00:2a 39022991806                /home/baker02/miniconda3/envs/perturbverse/lib/libbz2.so.1.0.8
7ff5fa9e8000-7ff5fa9e9000 rw-p 00000000 00:00 0 
7ff5fa9e9000-7ff5fa9ed000 r--p 00000000 00:2a 26057311789                /home/baker02/miniconda3/envs/perturbverse/lib/liblzma.so.5.2.5
7ff5fa9ed000-7ff5faa04000 r-xp 00004000 00:2a 26057311789                /home/baker02/miniconda3/envs/perturbverse/lib/liblzma.so.5.2.5
7ff5faa04000-7ff5faa0f000 r--p 0001b000 00:2a 26057311789                /home/baker02/miniconda3/envs/perturbverse/lib/liblzma.so.5.2.5
7ff5faa0f000-7ff5faa10000 ---p 00026000 00:2a 26057311789                /home/baker02/miniconda3/envs/perturbverse/lib/liblzma.so.5.2.5
7ff5faa10000-7ff5faa11000 r--p 00026000 00:2a 26057311789                /home/baker02/miniconda3/envs/perturbverse/lib/liblzma.so.5.2.5
7ff5faa11000-7ff5faa12000 rw-p 00027000 00:2a 26057311789                /home/baker02/miniconda3/envs/perturbverse/lib/liblzma.so.5.2.5
7ff5faa12000-7ff5faa16000 r--p 00000000 00:2a 17852451162                /home/baker02/miniconda3/envs/perturbverse/lib/libpcre2-8.so.0.10.1
7ff5faa16000-7ff5faa8b000 r-xp 00004000 00:2a 17852451162                /home/baker02/miniconda3/envs/perturbverse/lib/libpcre2-8.so.0.10.1
7ff5faa8b000-7ff5faab4000 r--p 00079000 00:2a 17852451162                /home/baker02/miniconda3/envs/perturbverse/lib/libpcre2-8.so.0.10.1
7ff5faab4000-7ff5faab5000 ---p 000a2000 00:2a 17852451162                /home/baker02/miniconda3/envs/perturbverse/lib/libpcre2-8.so.0.10.1
7ff5faab5000-7ff5faab6000 r--p 000a2000 00:2a 17852451162                /home/baker02/miniconda3/envs/perturbverse/lib/libpcre2-8.so.0.10.1
7ff5faab6000-7ff5faab7000 rw-p 000a3000 00:2a 17852451162                /home/baker02/miniconda3/envs/perturbverse/lib/libpcre2-8.so.0.10.1
7ff5faab7000-7ff5faacf000 r--p 00000000 00:2a 15359229530                /home/baker02/miniconda3/envs/perturbverse/lib/libreadline.so.8.1
7ff5faacf000-7ff5faaf9000 r-xp 00018000 00:2a 15359229530                /home/baker02/miniconda3/envs/perturbverse/lib/libreadline.so.8.1
7ff5faaf9000-7ff5fab03000 r--p 00042000 00:2a 15359229530                /home/baker02/miniconda3/envs/perturbverse/lib/libreadline.so.8.1
7ff5fab03000-7ff5fab06000 r--p 0004b000 00:2a 15359229530                /home/baker02/miniconda3/envs/perturbverse/lib/libreadline.so.8.1
7ff5fab06000-7ff5fab0c000 rw-p 0004e000 00:2a 15359229530                /home/baker02/miniconda3/envs/perturbverse/lib/libreadline.so.8.1
7ff5fab0c000-7ff5fab0e000 rw-p 00000000 00:00 0 
7ff5fab0e000-7ff5fab18000 r--p 00000000 00:2a 844179697                  /home/baker02/miniconda3/envs/perturbverse/lib/libgomp.so.1.0.0
7ff5fab18000-7ff5fab2f000 r-xp 0000a000 00:2a 844179697                  /home/baker02/miniconda3/envs/perturbverse/lib/libgomp.so.1.0.0
7ff5fab2f000-7ff5fab38000 r--p 00021000 00:2a 844179697                  /home/baker02/miniconda3/envs/perturbverse/lib/libgomp.so.1.0.0
7ff5fab38000-7ff5fab39000 ---p 0002a000 00:2a 844179697                  /home/baker02/miniconda3/envs/perturbverse/lib/libgomp.so.1.0.0
7ff5fab39000-7ff5fab3a000 r--p 0002a000 00:2a 844179697                  /home/baker02/miniconda3/envs/perturbverse/lib/libgomp.so.1.0.0
7ff5fab3a000-7ff5fab3b000 rw-p 0002b000 00:2a 844179697                  /home/baker02/miniconda3/envs/perturbverse/lib/libgomp.so.1.0.0
7ff5fab3b000-7ff5fab3d000 rw-p 00000000 00:00 0 
7ff5fab3d000-7ff5fab3e000 r--p 00000000 00:2a 266102369                  /home/baker02/miniconda3/envs/perturbverse/lib/R/library/base64url/libs/base64url.so
7ff5fab3e000-7ff5fab3f000 r-xp 00001000 00:2a 266102369                  /home/baker02/miniconda3/envs/perturbverse/lib/R/library/base64url/libs/base64url.so
7ff5fab3f000-7ff5fab40000 r--p 00002000 00:2a 266102369                  /home/baker02/miniconda3/envs/perturbverse/lib/R/library/base64url/libs/base64url.so
7ff5fab40000-7ff5fab41000 r--p 00002000 00:2a 266102369                  /home/baker02/miniconda3/envs/perturbverse/lib/R/library/base64url/libs/base64url.so
7ff5fab41000-7ff5fab42000 rw-p 00003000 00:2a 266102369                  /home/baker02/miniconda3/envs/perturbverse/lib/R/library/base64url/libs/base64url.so
7ff5fab42000-7ff5fab43000 r--p 00000000 00:2a 9026163026                 /home/baker02/miniconda3/envs/perturbverse/lib/R/library/backports/libs/backports.so
7ff5fab43000-7ff5fab44000 r-xp 00001000 00:2a 9026163026                 /home/baker02/miniconda3/envs/perturbverse/lib/R/library/backports/libs/backports.so
7ff5fab44000-7ff5fab45000 r--p 00002000 00:2a 9026163026                 /home/baker02/miniconda3/envs/perturbverse/lib/R/library/backports/libs/backports.so
7ff5fab45000-7ff5fab46000 r--p 00002000 00:2a 9026163026                 /home/baker02/miniconda3/envs/perturbverse/lib/R/library/backports/libs/backports.so
7ff5fab46000-7ff5fab47000 rw-p 00003000 00:2a 9026163026                 /home/baker02/miniconda3/envs/perturbverse/lib/R/library/backports/libs/backports.so
7ff5fab47000-7ff5fab4e000 r--s 00000000 fd:00 1178823                    /usr/lib64/gconv/gconv-modules.cache
7ff5fab4f000-7ff5fab54000 rw-p 00000000 00:00 0 
7ff5fab54000-7ff5fab55000 r--p 00021000 fd:00 1178946                    /usr/lib64/ld-2.17.so
7ff5fab55000-7ff5fab56000 rw-p 00022000 fd:00 1178946                    /usr/lib64/ld-2.17.so
7ff5fab56000-7ff5fab57000 rw-p 00000000 00:00 0 
7ffc0f5b4000-7ffc0f6e3000 rw-p 00000000 00:00 0                          [stack]
7ffc0f779000-7ffc0f77b000 r-xp 00000000 00:00 0                          [vdso]
ffffffffff600000-ffffffffff601000 r-xp 00000000 00:00 0                  [vsyscall]
/var/tmp/slurmd.spool/job14373924/slurm_script: line 11: 38418 Aborted                 "/home/baker02/miniconda3/envs/perturbverse/bin/Rscript" -e 'batchtools::doJobCollection("/mnt/scratcha/fmlab/baker02/crigen/notebooks/.future/20210809_134404-tiKLSW/batchtools_462606067/jobs/jobb434cf507f5e80bf70163039a607230d.rds")'
